/*C10*/SET SCHEMA PUBLIC
CONNECT USER HIBUSER
DISCONNECT
/*C11*/SET SCHEMA PUBLIC
CONNECT USER HIBUSER
DISCONNECT
/*C12*/SET SCHEMA PUBLIC
CONNECT USER HIBUSER
DISCONNECT
/*C13*/SET SCHEMA PUBLIC
CONNECT USER HIBUSER
SET AUTOCOMMIT FALSE
SET AUTOCOMMIT TRUE
SET AUTOCOMMIT FALSE
/*C14*/SET SCHEMA PUBLIC
CONNECT USER HIBUSER
SET AUTOCOMMIT FALSE
SET AUTOCOMMIT TRUE
SET AUTOCOMMIT FALSE
/*C15*/SET SCHEMA PUBLIC
CONNECT USER HIBUSER
DISCONNECT
/*C16*/SET SCHEMA PUBLIC
CONNECT USER HIBUSER
SET AUTOCOMMIT FALSE
/*C17*/SET SCHEMA PUBLIC
CONNECT USER HIBUSER
DISCONNECT
/*C18*/SET SCHEMA PUBLIC
CONNECT USER HIBUSER
SET AUTOCOMMIT FALSE
/*C19*/SET SCHEMA PUBLIC
CONNECT USER HIBUSER
DISCONNECT
/*C20*/SET SCHEMA PUBLIC
CONNECT USER HIBUSER
DISCONNECT
