七月 31, 2017 9:24:04 上午 org.apache.catalina.core.AprLifecycleListener init
信息: The APR based Apache Tomcat Native library which allows optimal performance in production environments was not found on the java.library.path: C:\Java\jdk1.7.0_80\bin;C:\WINDOWS\Sun\Java\bin;C:\WINDOWS\system32;C:\WINDOWS;C:\Users\zll\bin;C:\Program Files\Git\mingw64\bin;C:\Program Files\Git\usr\local\bin;C:\Program Files\Git\usr\bin;C:\Program Files\Git\usr\bin;C:\Program Files\Git\mingw64\bin;C:\Program Files\Git\usr\bin;C:\Users\zll\bin;C:\Program Files (x86)\Intel\iCLS Client;C:\Program Files\Intel\iCLS Client;C:\Windows\system32;C:\Windows;C:\Windows\System32\Wbem;C:\Windows\System32\WindowsPowerShell\v1.0;C:\Program Files (x86)\Intel\Intel(R) Management Engine Components\DAL;C:\Program Files\Intel\Intel(R) Management Engine Components\DAL;C:\Program Files (x86)\Intel\Intel(R) Management Engine Components\IPT;C:\Program Files\Intel\Intel(R) Management Engine Components\IPT;C:\Program Files\Intel\WiFi\bin;C:\Program Files\Common Files\Intel\WirelessCommon;C:\Program Files (x86)\NVIDIA Corporation\PhysX\Common;C:\Program Files\Acer ProShield;C:\Program Files\Acer ProShield\x86;C:\WINDOWS\system32;C:\WINDOWS;C:\WINDOWS\System32\Wbem;C:\WINDOWS\System32\WindowsPowerShell\v1.0;C:\Java\jdk1.7.0_80\bin;C:\Java\jdk1.7.0_80\jre\bin;%MySQL_HOME%\bin;C:\Program Files\Git\cmd;C:\Users\zll\AppData\Local\Microsoft\WindowsApps;C:\Program Files\Git\usr\bin\vendor_perl;C:\Program Files\Git\usr\bin\core_perl;.
七月 31, 2017 9:24:04 上午 org.apache.coyote.http11.Http11Protocol init
信息: Initializing Coyote HTTP/1.1 on http-8080
七月 31, 2017 9:24:04 上午 org.apache.catalina.startup.Catalina load
信息: Initialization processed in 441 ms
七月 31, 2017 9:24:04 上午 org.apache.catalina.core.StandardService start
信息: Starting service Catalina
七月 31, 2017 9:24:04 上午 org.apache.catalina.core.StandardEngine start
信息: Starting Servlet Engine: Apache Tomcat/6.0.29
七月 31, 2017 9:24:04 上午 org.apache.catalina.startup.HostConfig deployDescriptor
信息: Deploying configuration descriptor pentaho.xml
七月 31, 2017 9:24:05 上午 org.apache.catalina.startup.ContextConfig validateSecurityRoles
信息: WARNING: Security role name PENTAHO_ADMIN used in an <auth-constraint> without being defined in a <security-role>
[Server@3844dd8c]: [Thread[main,5,main]]: checkRunning(false) entered
[Server@3844dd8c]: [Thread[main,5,main]]: checkRunning(false) exited
[Server@3844dd8c]: Initiating startup sequence...
[Server@3844dd8c]: Server socket opened successfully in 1 ms.
[Server@3844dd8c]: Database [index=0, id=0, db=file:../../data/hsqldb/sampledata, alias=sampledata] opened sucessfully in 994 ms.
[Server@3844dd8c]: Database [index=1, id=1, db=file:../../data/hsqldb/hibernate, alias=hibernate] opened sucessfully in 264 ms.
[Server@3844dd8c]: Database [index=2, id=2, db=file:../../data/hsqldb/quartz, alias=quartz] opened sucessfully in 28 ms.
[Server@3844dd8c]: Startup sequence completed in 1288 ms.
[Server@3844dd8c]: 2017-07-31 09:24:07.053 HSQLDB server 1.8.0 is online
[Server@3844dd8c]: To close normally, connect and execute SHUTDOWN SQL
[Server@3844dd8c]: From command line, use [Ctrl]+[C] to abort abruptly
09:24:11,129 WARN  [HadoopConfigurationLocator] Unable to load Hadoop Configuration from "file:///C:/Users/zll/Desktop/4.8/biserver-ce/pentaho-solutions/system/kettle/plugins/pentaho-big-data-plugin/hadoop-configurations/mapr". For more information enable debug logging.
09:24:12,709 WARN  [PackageManager] Unresolved dependency for package: org.pentaho.reporting.engine.classic.extensions.datasources.cda.CdaModule
09:24:12,772 WARN  [PackageSorter] A dependent module was not found in the list of known modules.
Mon Jul 31 09:24:16 CST 2017 WARN: Establishing SSL connection without server's identity verification is not recommended. According to MySQL 5.5.45+, 5.6.26+ and 5.7.6+ requirements SSL connection must be established by default if explicit option isn't set. For compliance with existing applications not using SSL the verifyServerCertificate property is set to 'false'. You need either to explicitly disable SSL by setting useSSL=false, or set useSSL=true and provide truststore for server certificate verification.
Mon Jul 31 09:24:16 CST 2017 WARN: Establishing SSL connection without server's identity verification is not recommended. According to MySQL 5.5.45+, 5.6.26+ and 5.7.6+ requirements SSL connection must be established by default if explicit option isn't set. For compliance with existing applications not using SSL the verifyServerCertificate property is set to 'false'. You need either to explicitly disable SSL by setting useSSL=false, or set useSSL=true and provide truststore for server certificate verification.
Mon Jul 31 09:24:16 CST 2017 WARN: Establishing SSL connection without server's identity verification is not recommended. According to MySQL 5.5.45+, 5.6.26+ and 5.7.6+ requirements SSL connection must be established by default if explicit option isn't set. For compliance with existing applications not using SSL the verifyServerCertificate property is set to 'false'. You need either to explicitly disable SSL by setting useSSL=false, or set useSSL=true and provide truststore for server certificate verification.
Mon Jul 31 09:24:16 CST 2017 WARN: Establishing SSL connection without server's identity verification is not recommended. According to MySQL 5.5.45+, 5.6.26+ and 5.7.6+ requirements SSL connection must be established by default if explicit option isn't set. For compliance with existing applications not using SSL the verifyServerCertificate property is set to 'false'. You need either to explicitly disable SSL by setting useSSL=false, or set useSSL=true and provide truststore for server certificate verification.
09:24:16,341 ERROR [ErrorLogger] An error occured while scanning for the next trigger to fire.
org.quartz.JobPersistenceException: Couldn't acquire next trigger: Field 'PRIORITY' doesn't have a default value [See nested exception: java.sql.SQLException: Field 'PRIORITY' doesn't have a default value]
	at org.quartz.impl.jdbcjobstore.JobStoreSupport.acquireNextTrigger(JobStoreSupport.java:1778)
	at org.quartz.impl.jdbcjobstore.JobStoreTX.acquireNextTrigger(JobStoreTX.java:1218)
	at org.quartz.core.QuartzSchedulerThread.run(QuartzSchedulerThread.java:233)
* Nested Exception (Underlying Cause) ---------------
java.sql.SQLException: Field 'PRIORITY' doesn't have a default value
	at com.mysql.jdbc.SQLError.createSQLException(SQLError.java:964)
	at com.mysql.jdbc.MysqlIO.checkErrorPacket(MysqlIO.java:3973)
	at com.mysql.jdbc.MysqlIO.checkErrorPacket(MysqlIO.java:3909)
	at com.mysql.jdbc.MysqlIO.sendCommand(MysqlIO.java:2527)
	at com.mysql.jdbc.MysqlIO.sqlQueryDirect(MysqlIO.java:2680)
	at com.mysql.jdbc.ConnectionImpl.execSQL(ConnectionImpl.java:2490)
	at com.mysql.jdbc.PreparedStatement.executeInternal(PreparedStatement.java:1858)
	at com.mysql.jdbc.PreparedStatement.executeUpdateInternal(PreparedStatement.java:2079)
	at com.mysql.jdbc.PreparedStatement.executeUpdateInternal(PreparedStatement.java:2013)
	at com.mysql.jdbc.PreparedStatement.executeLargeUpdate(PreparedStatement.java:5104)
	at com.mysql.jdbc.PreparedStatement.executeUpdate(PreparedStatement.java:1998)
	at org.apache.commons.dbcp.DelegatingPreparedStatement.executeUpdate(DelegatingPreparedStatement.java:105)
	at org.apache.commons.dbcp.DelegatingPreparedStatement.executeUpdate(DelegatingPreparedStatement.java:105)
	at org.quartz.impl.jdbcjobstore.StdJDBCDelegate.insertFiredTrigger(StdJDBCDelegate.java:3360)
	at org.quartz.impl.jdbcjobstore.JobStoreSupport.acquireNextTrigger(JobStoreSupport.java:1771)
	at org.quartz.impl.jdbcjobstore.JobStoreTX.acquireNextTrigger(JobStoreTX.java:1218)
	at org.quartz.core.QuartzSchedulerThread.run(QuartzSchedulerThread.java:233)
09:24:17,537 WARN  [DefaultSchemaGenerator] We don't support method overloading. Ignoring [public java.lang.String serializeModels(org.pentaho.metadata.model.Domain,java.lang.String,boolean) throws java.lang.Exception]
Pentaho BI平台服务器就绪.
七月 31, 2017 9:24:18 上午 org.apache.catalina.startup.HostConfig deployDirectory
信息: Deploying web application directory pentaho-style
七月 31, 2017 9:24:18 上午 org.apache.catalina.startup.HostConfig deployDirectory
信息: Deploying web application directory ROOT
七月 31, 2017 9:24:18 上午 org.apache.catalina.startup.HostConfig deployDirectory
信息: Deploying web application directory sw-style
七月 31, 2017 9:24:18 上午 org.apache.coyote.http11.Http11Protocol start
信息: Starting Coyote HTTP/1.1 on http-8080
七月 31, 2017 9:24:18 上午 org.apache.jk.common.ChannelSocket init
信息: JK: ajp13 listening on /0.0.0.0:8009
七月 31, 2017 9:24:18 上午 org.apache.jk.server.JkMain start
信息: Jk running ID=0 time=0/19  config=null
七月 31, 2017 9:24:18 上午 org.apache.catalina.startup.Catalina start
信息: Server startup in 13891 ms
七月 31, 2017 9:25:47 上午 org.apache.coyote.http11.Http11Protocol pause
信息: Pausing Coyote HTTP/1.1 on http-8080
七月 31, 2017 9:25:48 上午 org.apache.catalina.core.StandardService stop
信息: Stopping service Catalina
[Server@3844dd8c]: Initiating shutdown sequence...
[Server@3844dd8c]: Shutdown sequence completed in 0 ms.
[Server@3844dd8c]: 2017-07-31 09:25:48.859 SHUTDOWN : System.exit() was not called
七月 31, 2017 9:25:48 上午 org.apache.catalina.loader.WebappClassLoader clearReferencesJdbc
严重: The web application [/pentaho] registered the JBDC driver [mondrian.olap4j.MondrianOlap4jDriver] but failed to unregister it when the web application was stopped. To prevent a memory leak, the JDBC Driver has been forcibly unregistered.
七月 31, 2017 9:25:48 上午 org.apache.catalina.loader.WebappClassLoader clearReferencesThreads
严重: The web application [/pentaho] appears to have started a thread named [HSQLDB Timer @25a32b76] but has failed to stop it. This is very likely to create a memory leak.
七月 31, 2017 9:25:48 上午 org.apache.catalina.loader.WebappClassLoader clearReferencesThreads
严重: The web application [/pentaho] appears to have started a thread named [Timer-0] but has failed to stop it. This is very likely to create a memory leak.
七月 31, 2017 9:25:48 上午 org.apache.catalina.loader.WebappClassLoader clearReferencesThreads
严重: The web application [/pentaho] appears to have started a thread named [org.apache.commons.vfs.cache.SoftRefFilesCache$SoftRefReleaseThread] but has failed to stop it. This is very likely to create a memory leak.
七月 31, 2017 9:25:48 上午 org.apache.catalina.loader.WebappClassLoader clearReferencesThreads
严重: The web application [/pentaho] appears to have started a thread named [net.sf.ehcache.CacheManager@25c7555d] but has failed to stop it. This is very likely to create a memory leak.
七月 31, 2017 9:25:48 上午 org.apache.catalina.loader.WebappClassLoader clearReferencesThreads
严重: The web application [/pentaho] appears to have started a thread named [Store org.pentaho.platform.repository.solution.dbbased.RepositoryFile.accessControls Spool Thread] but has failed to stop it. This is very likely to create a memory leak.
七月 31, 2017 9:25:48 上午 org.apache.catalina.loader.WebappClassLoader clearReferencesThreads
严重: The web application [/pentaho] appears to have started a thread named [Store org.pentaho.platform.repository.solution.dbbased.RepositoryFile Spool Thread] but has failed to stop it. This is very likely to create a memory leak.
七月 31, 2017 9:25:48 上午 org.apache.catalina.loader.WebappClassLoader clearReferencesThreads
严重: The web application [/pentaho] appears to have started a thread named [Store mondrian-catalog-cache Spool Thread] but has failed to stop it. This is very likely to create a memory leak.
七月 31, 2017 9:25:48 上午 org.apache.catalina.loader.WebappClassLoader clearReferencesThreads
严重: The web application [/pentaho] appears to have started a thread named [Store pentaho-geo-countrycode Spool Thread] but has failed to stop it. This is very likely to create a memory leak.
七月 31, 2017 9:25:48 上午 org.apache.catalina.loader.WebappClassLoader clearReferencesThreads
严重: The web application [/pentaho] appears to have started a thread named [Store pentaho-geo-postalcode Spool Thread] but has failed to stop it. This is very likely to create a memory leak.
七月 31, 2017 9:25:48 上午 org.apache.catalina.loader.WebappClassLoader clearReferencesThreads
严重: The web application [/pentaho] appears to have started a thread named [Store pentaho-geo-countrysubdivision Spool Thread] but has failed to stop it. This is very likely to create a memory leak.
七月 31, 2017 9:25:48 上午 org.apache.catalina.loader.WebappClassLoader clearReferencesThreads
严重: The web application [/pentaho] appears to have started a thread named [Store pentaho-geo-country Spool Thread] but has failed to stop it. This is very likely to create a memory leak.
七月 31, 2017 9:25:48 上午 org.apache.catalina.loader.WebappClassLoader clearReferencesThreads
严重: The web application [/pentaho] appears to have started a thread named [Store pentahoCache Spool Thread] but has failed to stop it. This is very likely to create a memory leak.
七月 31, 2017 9:25:48 上午 org.apache.catalina.loader.WebappClassLoader clearReferencesThreads
严重: The web application [/pentaho] appears to have started a thread named [Store pentaho-geo-countrysecondarysubdivision Spool Thread] but has failed to stop it. This is very likely to create a memory leak.
七月 31, 2017 9:25:48 上午 org.apache.catalina.loader.WebappClassLoader clearReferencesThreads
严重: The web application [/pentaho] appears to have started a thread named [Store org.pentaho.platform.repository.solution.dbbased.RepositoryFile.childrenFiles Spool Thread] but has failed to stop it. This is very likely to create a memory leak.
七月 31, 2017 9:25:49 上午 org.apache.catalina.loader.WebappClassLoader clearReferencesThreads
严重: The web application [/pentaho] appears to have started a thread named [Store pentaho-geo-countrycode3 Spool Thread] but has failed to stop it. This is very likely to create a memory leak.
七月 31, 2017 9:25:49 上午 org.apache.catalina.loader.WebappClassLoader clearReferencesThreads
严重: The web application [/pentaho] appears to have started a thread named [Store pentaho-geo-municipality Spool Thread] but has failed to stop it. This is very likely to create a memory leak.
七月 31, 2017 9:25:49 上午 org.apache.catalina.loader.WebappClassLoader clearReferencesThreads
严重: The web application [/pentaho] appears to have started a thread named [Store pentaho-geo-countrysubdivisioncode Spool Thread] but has failed to stop it. This is very likely to create a memory leak.
七月 31, 2017 9:25:49 上午 org.apache.catalina.loader.WebappClassLoader clearReferencesThreads
严重: The web application [/pentaho] appears to have started a thread named [Store libloader-data Spool Thread] but has failed to stop it. This is very likely to create a memory leak.
七月 31, 2017 9:25:49 上午 org.apache.catalina.loader.WebappClassLoader clearReferencesThreads
严重: The web application [/pentaho] appears to have started a thread named [net.sf.ehcache.CacheManager@2906a2bf] but has failed to stop it. This is very likely to create a memory leak.
七月 31, 2017 9:25:49 上午 org.apache.catalina.loader.WebappClassLoader clearReferencesThreads
严重: The web application [/pentaho] appears to have started a thread named [Store pentaho-geo-countrysecondarysubdivision Spool Thread] but has failed to stop it. This is very likely to create a memory leak.
七月 31, 2017 9:25:49 上午 org.apache.catalina.loader.WebappClassLoader clearReferencesThreads
严重: The web application [/pentaho] appears to have started a thread named [Store libloader-data Spool Thread] but has failed to stop it. This is very likely to create a memory leak.
七月 31, 2017 9:25:49 上午 org.apache.catalina.loader.WebappClassLoader clearReferencesThreads
严重: The web application [/pentaho] appears to have started a thread named [Store pentaho-geo-municipality Spool Thread] but has failed to stop it. This is very likely to create a memory leak.
七月 31, 2017 9:25:49 上午 org.apache.catalina.loader.WebappClassLoader clearReferencesThreads
严重: The web application [/pentaho] appears to have started a thread named [Store pentaho-geo-country Spool Thread] but has failed to stop it. This is very likely to create a memory leak.
七月 31, 2017 9:25:49 上午 org.apache.catalina.loader.WebappClassLoader clearReferencesThreads
严重: The web application [/pentaho] appears to have started a thread named [Store mondrian-catalog-cache Spool Thread] but has failed to stop it. This is very likely to create a memory leak.
七月 31, 2017 9:25:49 上午 org.apache.catalina.loader.WebappClassLoader clearReferencesThreads
严重: The web application [/pentaho] appears to have started a thread named [Store pentaho-geo-countrycode3 Spool Thread] but has failed to stop it. This is very likely to create a memory leak.
七月 31, 2017 9:25:49 上午 org.apache.catalina.loader.WebappClassLoader clearReferencesThreads
严重: The web application [/pentaho] appears to have started a thread named [Store pentaho-geo-countrycode Spool Thread] but has failed to stop it. This is very likely to create a memory leak.
七月 31, 2017 9:25:49 上午 org.apache.catalina.loader.WebappClassLoader clearReferencesThreads
严重: The web application [/pentaho] appears to have started a thread named [Store org.pentaho.platform.repository.solution.dbbased.RepositoryFile Spool Thread] but has failed to stop it. This is very likely to create a memory leak.
七月 31, 2017 9:25:49 上午 org.apache.catalina.loader.WebappClassLoader clearReferencesThreads
严重: The web application [/pentaho] appears to have started a thread named [Store pentaho-geo-countrysubdivisioncode Spool Thread] but has failed to stop it. This is very likely to create a memory leak.
七月 31, 2017 9:25:49 上午 org.apache.catalina.loader.WebappClassLoader clearReferencesThreads
严重: The web application [/pentaho] appears to have started a thread named [Store org.pentaho.platform.repository.solution.dbbased.RepositoryFile.accessControls Spool Thread] but has failed to stop it. This is very likely to create a memory leak.
七月 31, 2017 9:25:49 上午 org.apache.catalina.loader.WebappClassLoader clearReferencesThreads
严重: The web application [/pentaho] appears to have started a thread named [Store pentahoCache Spool Thread] but has failed to stop it. This is very likely to create a memory leak.
七月 31, 2017 9:25:49 上午 org.apache.catalina.loader.WebappClassLoader clearReferencesThreads
严重: The web application [/pentaho] appears to have started a thread named [Store org.pentaho.platform.repository.solution.dbbased.RepositoryFile.childrenFiles Spool Thread] but has failed to stop it. This is very likely to create a memory leak.
七月 31, 2017 9:25:49 上午 org.apache.catalina.loader.WebappClassLoader clearReferencesThreads
严重: The web application [/pentaho] appears to have started a thread named [Store pentaho-geo-postalcode Spool Thread] but has failed to stop it. This is very likely to create a memory leak.
七月 31, 2017 9:25:49 上午 org.apache.catalina.loader.WebappClassLoader clearReferencesThreads
严重: The web application [/pentaho] appears to have started a thread named [Store pentaho-geo-countrysubdivision Spool Thread] but has failed to stop it. This is very likely to create a memory leak.
七月 31, 2017 9:25:49 上午 org.apache.catalina.loader.WebappClassLoader clearReferencesThreads
严重: The web application [/pentaho] appears to have started a thread named [Telemetry Event Sender Thread] but has failed to stop it. This is very likely to create a memory leak.
七月 31, 2017 9:25:49 上午 org.apache.catalina.loader.WebappClassLoader clearReferencesThreads
严重: The web application [/pentaho] appears to have started a thread named [Telemetry Event keeper Thread] but has failed to stop it. This is very likely to create a memory leak.
七月 31, 2017 9:25:49 上午 org.apache.catalina.loader.WebappClassLoader clearReferencesThreads
严重: The web application [/pentaho] appears to have started a thread named [net.sf.ehcache.CacheManager@7331085b] but has failed to stop it. This is very likely to create a memory leak.
七月 31, 2017 9:25:49 上午 org.apache.catalina.loader.WebappClassLoader clearReferencesThreads
严重: The web application [/pentaho] appears to have started a thread named [Store pentahoCache Spool Thread] but has failed to stop it. This is very likely to create a memory leak.
七月 31, 2017 9:25:49 上午 org.apache.catalina.loader.WebappClassLoader clearReferencesThreads
严重: The web application [/pentaho] appears to have started a thread named [Store org.pentaho.platform.repository.solution.dbbased.RepositoryFile.accessControls Spool Thread] but has failed to stop it. This is very likely to create a memory leak.
七月 31, 2017 9:25:49 上午 org.apache.catalina.loader.WebappClassLoader clearReferencesThreads
严重: The web application [/pentaho] appears to have started a thread named [Store pentaho-geo-countrycode3 Spool Thread] but has failed to stop it. This is very likely to create a memory leak.
七月 31, 2017 9:25:49 上午 org.apache.catalina.loader.WebappClassLoader clearReferencesThreads
严重: The web application [/pentaho] appears to have started a thread named [Store pentaho-geo-countrycode Spool Thread] but has failed to stop it. This is very likely to create a memory leak.
七月 31, 2017 9:25:49 上午 org.apache.catalina.loader.WebappClassLoader clearReferencesThreads
严重: The web application [/pentaho] appears to have started a thread named [Store libloader-data Spool Thread] but has failed to stop it. This is very likely to create a memory leak.
七月 31, 2017 9:25:49 上午 org.apache.catalina.loader.WebappClassLoader clearReferencesThreads
严重: The web application [/pentaho] appears to have started a thread named [Store org.pentaho.platform.repository.solution.dbbased.RepositoryFile Spool Thread] but has failed to stop it. This is very likely to create a memory leak.
七月 31, 2017 9:25:49 上午 org.apache.catalina.loader.WebappClassLoader clearReferencesThreads
严重: The web application [/pentaho] appears to have started a thread named [Store pentaho-geo-country Spool Thread] but has failed to stop it. This is very likely to create a memory leak.
七月 31, 2017 9:25:49 上午 org.apache.catalina.loader.WebappClassLoader clearReferencesThreads
严重: The web application [/pentaho] appears to have started a thread named [Store pentaho-geo-postalcode Spool Thread] but has failed to stop it. This is very likely to create a memory leak.
七月 31, 2017 9:25:49 上午 org.apache.catalina.loader.WebappClassLoader clearReferencesThreads
严重: The web application [/pentaho] appears to have started a thread named [Store pentaho-geo-countrysubdivision Spool Thread] but has failed to stop it. This is very likely to create a memory leak.
七月 31, 2017 9:25:49 上午 org.apache.catalina.loader.WebappClassLoader clearReferencesThreads
严重: The web application [/pentaho] appears to have started a thread named [Store mondrian-catalog-cache Spool Thread] but has failed to stop it. This is very likely to create a memory leak.
七月 31, 2017 9:25:49 上午 org.apache.catalina.loader.WebappClassLoader clearReferencesThreads
严重: The web application [/pentaho] appears to have started a thread named [Store org.pentaho.platform.repository.solution.dbbased.RepositoryFile.childrenFiles Spool Thread] but has failed to stop it. This is very likely to create a memory leak.
七月 31, 2017 9:25:49 上午 org.apache.catalina.loader.WebappClassLoader clearReferencesThreads
严重: The web application [/pentaho] appears to have started a thread named [Store pentaho-geo-municipality Spool Thread] but has failed to stop it. This is very likely to create a memory leak.
七月 31, 2017 9:25:49 上午 org.apache.catalina.loader.WebappClassLoader clearReferencesThreads
严重: The web application [/pentaho] appears to have started a thread named [Store pentaho-geo-countrysubdivisioncode Spool Thread] but has failed to stop it. This is very likely to create a memory leak.
七月 31, 2017 9:25:49 上午 org.apache.catalina.loader.WebappClassLoader clearReferencesThreads
严重: The web application [/pentaho] appears to have started a thread named [Store pentaho-geo-countrysecondarysubdivision Spool Thread] but has failed to stop it. This is very likely to create a memory leak.
七月 31, 2017 9:25:49 上午 org.apache.catalina.loader.WebappClassLoader clearThreadLocalMap
严重: The web application [/pentaho] created a ThreadLocal with key of type [java.lang.ThreadLocal] (value [java.lang.ThreadLocal@9a73b08]) and a value of type [org.pentaho.platform.engine.core.system.StandaloneSession] (value [org.pentaho.platform.engine.core.system.StandaloneSession@772168cc]) but failed to remove it when the web application was stopped. This is very likely to create a memory leak.
七月 31, 2017 9:25:49 上午 org.apache.catalina.loader.WebappClassLoader clearThreadLocalMap
严重: The web application [/pentaho] created a ThreadLocal with key of type [java.lang.ThreadLocal] (value [java.lang.ThreadLocal@42148f2b]) and a value of type [org.pentaho.platform.engine.security.session.TrustedSystemStartupSession] (value [org.pentaho.platform.engine.security.session.TrustedSystemStartupSession@461d4103]) but failed to remove it when the web application was stopped. This is very likely to create a memory leak.
七月 31, 2017 9:25:49 上午 org.apache.catalina.loader.WebappClassLoader clearThreadLocalMap
严重: The web application [/pentaho] created a ThreadLocal with key of type [null] (value [org.pentaho.platform.plugin.services.pluginmgr.PluginMessageLogger$1@53c371f1]) and a value of type [java.util.ArrayList] (value [[Discovered plugin cgg in cgg, This plugin provides: 0 menu customizations, 0 content types, 1 content generators, 0 overlays, and 0 lifecycle listeners, Discovered plugin common-ui in common-ui, This plugin provides: 0 menu customizations, 0 content types, 2 content generators, 0 overlays, and 0 lifecycle listeners, Discovered plugin data-access in data-access, This plugin provides: 0 menu customizations, 0 content types, 0 content generators, 0 overlays, and 0 lifecycle listeners, Discovered plugin BI Server default plugin in default-plugin, This plugin provides: 0 menu customizations, 0 content types, 3 content generators, 0 overlays, and 0 lifecycle listeners, Discovered plugin marketplace in marketplace, Menu addition: cda_refresh - Marketplace, This plugin provides: 1 menu customizations, 0 content types, 1 content generators, 1 overlays, and 1 lifecycle listeners, Discovered plugin pentaho-cdf in pentaho-cdf, Content type registered: xcdf - Dashboard, This plugin provides: 0 menu customizations, 1 content types, 1 content generators, 0 overlays, and 1 lifecycle listeners, Discovered plugin reporting in reporting, Content type registered: prpt - Pentaho Report, This plugin provides: 0 menu customizations, 1 content types, 1 content generators, 0 overlays, and 1 lifecycle listeners, Content generator registered: cgg for plugin cgg, Plugin cgg has registered successfully, Content generator registered: reposvc for plugin common-ui, Content generator registered: MetadataModelsSvc for plugin common-ui, Plugin common-ui has registered successfully, Plugin data-access has registered successfully, Content generator registered: ws-services for plugin BI Server default plugin, Content generator registered: ws-run for plugin BI Server default plugin, Content generator registered: ws-wsdl for plugin BI Server default plugin, Plugin BI Server default plugin has registered successfully, Content generator registered: marketplace for plugin marketplace, Plugin marketplace has registered successfully, Content generator registered: pentaho-cdf for plugin pentaho-cdf, Plugin pentaho-cdf has registered successfully, Content generator registered: reporting for plugin reporting, Plugin reporting has registered successfully]]) but failed to remove it when the web application was stopped. This is very likely to create a memory leak.
七月 31, 2017 9:25:49 上午 org.apache.catalina.loader.WebappClassLoader clearThreadLocalMap
严重: The web application [/pentaho] created a ThreadLocal with key of type [java.lang.ThreadLocal] (value [java.lang.ThreadLocal@7d497d73]) and a value of type [org.pentaho.platform.repository.solution.dbbased.DbBasedSolutionRepository] (value [org.pentaho.platform.repository.solution.dbbased.DbBasedSolutionRepository@5d2dc31]) but failed to remove it when the web application was stopped. This is very likely to create a memory leak.
七月 31, 2017 9:25:49 上午 org.apache.catalina.loader.WebappClassLoader clearThreadLocalMap
严重: The web application [/pentaho] created a ThreadLocal with key of type [java.lang.ThreadLocal] (value [java.lang.ThreadLocal@63cb4947]) and a value of type [org.hibernate.impl.SessionImpl] (value [SessionImpl(PersistenceContext[entityKeys=[EntityKey[org.pentaho.platform.repository.solution.dbbased.RepositoryFile#de2237c6-393a-11e7-804b-a7bef64dd85e], EntityKey[org.pentaho.platform.repository.solution.dbbased.RepositoryFile#de2237b5-393a-11e7-804b-a7bef64dd85e], EntityKey[org.pentaho.platform.repository.solution.dbbased.RepositoryFile#de2237c2-393a-11e7-804b-a7bef64dd85e], EntityKey[org.pentaho.platform.repository.solution.dbbased.RepositoryFile#de2237c3-393a-11e7-804b-a7bef64dd85e], EntityKey[org.pentaho.platform.repository.solution.dbbased.RepositoryFile#de2237af-393a-11e7-804b-a7bef64dd85e], EntityKey[org.pentaho.platform.repository.solution.dbbased.RepositoryFile#de2237b8-393a-11e7-804b-a7bef64dd85e], EntityKey[org.pentaho.platform.repository.solution.dbbased.RepositoryFile#de18c0dd-393a-11e7-804b-a7bef64dd85e], EntityKey[org.pentaho.platform.repository.solution.dbbased.RepositoryFile#de2237c9-393a-11e7-804b-a7bef64dd85e], EntityKey[org.pentaho.platform.repository.solution.dbbased.RepositoryFile#de2237b2-393a-11e7-804b-a7bef64dd85e], EntityKey[org.pentaho.platform.repository.solution.dbbased.RepositoryFile#de2237b3-393a-11e7-804b-a7bef64dd85e], EntityKey[org.pentaho.platform.repository.solution.dbbased.RepositoryFile#de2237bb-393a-11e7-804b-a7bef64dd85e], EntityKey[org.pentaho.platform.repository.solution.dbbased.RepositoryFile#de2237cc-393a-11e7-804b-a7bef64dd85e], EntityKey[org.pentaho.platform.repository.solution.dbbased.RepositoryFile#de2237b1-393a-11e7-804b-a7bef64dd85e], EntityKey[org.pentaho.platform.repository.solution.dbbased.RepositoryFile#de2237c0-393a-11e7-804b-a7bef64dd85e], EntityKey[org.pentaho.platform.repository.solution.dbbased.RepositoryFile#de2237b9-393a-11e7-804b-a7bef64dd85e], EntityKey[org.pentaho.platform.repository.solution.dbbased.RepositoryFile#de2237be-393a-11e7-804b-a7bef64dd85e], EntityKey[org.pentaho.platform.repository.solution.dbbased.RepositoryFile#de2237b6-393a-11e7-804b-a7bef64dd85e], EntityKey[org.pentaho.platform.repository.solution.dbbased.RepositoryFile#de2237c8-393a-11e7-804b-a7bef64dd85e], EntityKey[org.pentaho.platform.repository.solution.dbbased.RepositoryFile#de2237c4-393a-11e7-804b-a7bef64dd85e], EntityKey[org.pentaho.platform.repository.solution.dbbased.RepositoryFile#de2237bd-393a-11e7-804b-a7bef64dd85e], EntityKey[org.pentaho.platform.repository.solution.dbbased.RepositoryFile#de2237c1-393a-11e7-804b-a7bef64dd85e], EntityKey[org.pentaho.platform.repository.solution.dbbased.RepositoryFile#de18c0ef-393a-11e7-804b-a7bef64dd85e], EntityKey[org.pentaho.platform.repository.solution.dbbased.RepositoryFile#de2237c5-393a-11e7-804b-a7bef64dd85e], EntityKey[org.pentaho.platform.repository.solution.dbbased.RepositoryFile#de2237ba-393a-11e7-804b-a7bef64dd85e], EntityKey[org.pentaho.platform.repository.solution.dbbased.RepositoryFile#de2237ca-393a-11e7-804b-a7bef64dd85e], EntityKey[org.pentaho.platform.repository.solution.dbbased.RepositoryFile#de2237c7-393a-11e7-804b-a7bef64dd85e], EntityKey[org.pentaho.platform.repository.solution.dbbased.RepositoryFile#de2237b7-393a-11e7-804b-a7bef64dd85e], EntityKey[org.pentaho.platform.repository.solution.dbbased.RepositoryFile#de2237bf-393a-11e7-804b-a7bef64dd85e], EntityKey[org.pentaho.platform.repository.solution.dbbased.RepositoryFile#de2237b0-393a-11e7-804b-a7bef64dd85e], EntityKey[org.pentaho.platform.repository.solution.dbbased.RepositoryFile#de2237b4-393a-11e7-804b-a7bef64dd85e], EntityKey[org.pentaho.platform.repository.solution.dbbased.RepositoryFile#de2237bc-393a-11e7-804b-a7bef64dd85e], EntityKey[org.pentaho.platform.repository.solution.dbbased.RepositoryFile#de2237cb-393a-11e7-804b-a7bef64dd85e], EntityKey[org.pentaho.platform.repository.solution.dbbased.RepositoryFile#de13ded8-393a-11e7-804b-a7bef64dd85e]],collectionKeys=[CollectionKey[org.pentaho.platform.repository.solution.dbbased.RepositoryFile.accessControls#de2237b6-393a-11e7-804b-a7bef64dd85e], CollectionKey[org.pentaho.platform.repository.solution.dbbased.RepositoryFile.childrenFiles#de2237b1-393a-11e7-804b-a7bef64dd85e], CollectionKey[org.pentaho.platform.repository.solution.dbbased.RepositoryFile.accessControls#de2237af-393a-11e7-804b-a7bef64dd85e], CollectionKey[org.pentaho.platform.repository.solution.dbbased.RepositoryFile.accessControls#de2237bd-393a-11e7-804b-a7bef64dd85e], CollectionKey[org.pentaho.platform.repository.solution.dbbased.RepositoryFile.accessControls#de2237cc-393a-11e7-804b-a7bef64dd85e], CollectionKey[org.pentaho.platform.repository.solution.dbbased.RepositoryFile.accessControls#de2237c7-393a-11e7-804b-a7bef64dd85e], CollectionKey[org.pentaho.platform.repository.solution.dbbased.RepositoryFile.childrenFiles#de2237b6-393a-11e7-804b-a7bef64dd85e], CollectionKey[org.pentaho.platform.repository.solution.dbbased.RepositoryFile.accessControls#de2237bf-393a-11e7-804b-a7bef64dd85e], CollectionKey[org.pentaho.platform.repository.solution.dbbased.RepositoryFile.accessControls#de2237c4-393a-11e7-804b-a7bef64dd85e], CollectionKey[org.pentaho.platform.repository.solution.dbbased.RepositoryFile.childrenFiles#de2237c4-393a-11e7-804b-a7bef64dd85e], CollectionKey[org.pentaho.platform.repository.solution.dbbased.RepositoryFile.accessControls#de2237c9-393a-11e7-804b-a7bef64dd85e], CollectionKey[org.pentaho.platform.repository.solution.dbbased.RepositoryFile.accessControls#de2237b7-393a-11e7-804b-a7bef64dd85e], CollectionKey[org.pentaho.platform.repository.solution.dbbased.RepositoryFile.accessControls#de2237c3-393a-11e7-804b-a7bef64dd85e], CollectionKey[org.pentaho.platform.repository.solution.dbbased.RepositoryFile.childrenFiles#de2237cc-393a-11e7-804b-a7bef64dd85e], CollectionKey[org.pentaho.platform.repository.solution.dbbased.RepositoryFile.accessControls#de2237be-393a-11e7-804b-a7bef64dd85e], CollectionKey[org.pentaho.platform.repository.solution.dbbased.RepositoryFile.childrenFiles#de2237c1-393a-11e7-804b-a7bef64dd85e], CollectionKey[org.pentaho.platform.repository.solution.dbbased.RepositoryFile.childrenFiles#de2237b5-393a-11e7-804b-a7bef64dd85e], CollectionKey[org.pentaho.platform.repository.solution.dbbased.RepositoryFile.childrenFiles#de18c0ef-393a-11e7-804b-a7bef64dd85e], CollectionKey[org.pentaho.platform.repository.solution.dbbased.RepositoryFile.accessControls#de2237c2-393a-11e7-804b-a7bef64dd85e], CollectionKey[org.pentaho.platform.repository.solution.dbbased.RepositoryFile.childrenFiles#de2237c9-393a-11e7-804b-a7bef64dd85e], CollectionKey[org.pentaho.platform.repository.solution.dbbased.RepositoryFile.childrenFiles#de2237b0-393a-11e7-804b-a7bef64dd85e], CollectionKey[org.pentaho.platform.repository.solution.dbbased.RepositoryFile.accessControls#de2237b9-393a-11e7-804b-a7bef64dd85e], CollectionKey[org.pentaho.platform.repository.solution.dbbased.RepositoryFile.accessControls#de2237b2-393a-11e7-804b-a7bef64dd85e], CollectionKey[org.pentaho.platform.repository.solution.dbbased.RepositoryFile.accessControls#de2237c8-393a-11e7-804b-a7bef64dd85e], CollectionKey[org.pentaho.platform.repository.solution.dbbased.RepositoryFile.accessControls#de2237b0-393a-11e7-804b-a7bef64dd85e], CollectionKey[org.pentaho.platform.repository.solution.dbbased.RepositoryFile.accessControls#de13ded8-393a-11e7-804b-a7bef64dd85e], CollectionKey[org.pentaho.platform.repository.solution.dbbased.RepositoryFile.childrenFiles#de2237bb-393a-11e7-804b-a7bef64dd85e], CollectionKey[org.pentaho.platform.repository.solution.dbbased.RepositoryFile.childrenFiles#de2237c8-393a-11e7-804b-a7bef64dd85e], CollectionKey[org.pentaho.platform.repository.solution.dbbased.RepositoryFile.childrenFiles#de2237c5-393a-11e7-804b-a7bef64dd85e], CollectionKey[org.pentaho.platform.repository.solution.dbbased.RepositoryFile.childrenFiles#de2237c0-393a-11e7-804b-a7bef64dd85e], CollectionKey[org.pentaho.platform.repository.solution.dbbased.RepositoryFile.accessControls#de2237ca-393a-11e7-804b-a7bef64dd85e], CollectionKey[org.pentaho.platform.repository.solution.dbbased.RepositoryFile.childrenFiles#de2237be-393a-11e7-804b-a7bef64dd85e], CollectionKey[org.pentaho.platform.repository.solution.dbbased.RepositoryFile.accessControls#de2237cb-393a-11e7-804b-a7bef64dd85e], CollectionKey[org.pentaho.platform.repository.solution.dbbased.RepositoryFile.childrenFiles#de2237b7-393a-11e7-804b-a7bef64dd85e], CollectionKey[org.pentaho.platform.repository.solution.dbbased.RepositoryFile.childrenFiles#de2237b2-393a-11e7-804b-a7bef64dd85e], CollectionKey[org.pentaho.platform.repository.solution.dbbased.RepositoryFile.accessControls#de2237b5-393a-11e7-804b-a7bef64dd85e], CollectionKey[org.pentaho.platform.repository.solution.dbbased.RepositoryFile.accessControls#de2237b3-393a-11e7-804b-a7bef64dd85e], CollectionKey[org.pentaho.platform.repository.solution.dbbased.RepositoryFile.childrenFiles#de2237b8-393a-11e7-804b-a7bef64dd85e], CollectionKey[org.pentaho.platform.repository.solution.dbbased.RepositoryFile.childrenFiles#de2237c7-393a-11e7-804b-a7bef64dd85e], CollectionKey[org.pentaho.platform.repository.solution.dbbased.RepositoryFile.childrenFiles#de2237b4-393a-11e7-804b-a7bef64dd85e], CollectionKey[org.pentaho.platform.repository.solution.dbbased.RepositoryFile.accessControls#de2237c0-393a-11e7-804b-a7bef64dd85e], CollectionKey[org.pentaho.platform.repository.solution.dbbased.RepositoryFile.accessControls#de18c0ef-393a-11e7-804b-a7bef64dd85e], CollectionKey[org.pentaho.platform.repository.solution.dbbased.RepositoryFile.accessControls#de2237c5-393a-11e7-804b-a7bef64dd85e], CollectionKey[org.pentaho.platform.repository.solution.dbbased.RepositoryFile.childrenFiles#de2237ba-393a-11e7-804b-a7bef64dd85e], CollectionKey[org.pentaho.platform.repository.solution.dbbased.RepositoryFile.childrenFiles#de2237c3-393a-11e7-804b-a7bef64dd85e], CollectionKey[org.pentaho.platform.repository.solution.dbbased.RepositoryFile.accessControls#de2237b4-393a-11e7-804b-a7bef64dd85e], CollectionKey[org.pentaho.platform.repository.solution.dbbased.RepositoryFile.accessControls#de2237bb-393a-11e7-804b-a7bef64dd85e], CollectionKey[org.pentaho.platform.repository.solution.dbbased.RepositoryFile.accessControls#de2237b8-393a-11e7-804b-a7bef64dd85e], CollectionKey[org.pentaho.platform.repository.solution.dbbased.RepositoryFile.accessControls#de18c0dd-393a-11e7-804b-a7bef64dd85e], CollectionKey[org.pentaho.platform.repository.solution.dbbased.RepositoryFile.childrenFiles#de13ded8-393a-11e7-804b-a7bef64dd85e], CollectionKey[org.pentaho.platform.repository.solution.dbbased.RepositoryFile.childrenFiles#de2237bd-393a-11e7-804b-a7bef64dd85e], CollectionKey[org.pentaho.platform.repository.solution.dbbased.RepositoryFile.childrenFiles#de2237b3-393a-11e7-804b-a7bef64dd85e], CollectionKey[org.pentaho.platform.repository.solution.dbbased.RepositoryFile.accessControls#de2237bc-393a-11e7-804b-a7bef64dd85e], CollectionKey[org.pentaho.platform.repository.solution.dbbased.RepositoryFile.childrenFiles#de2237cb-393a-11e7-804b-a7bef64dd85e], CollectionKey[org.pentaho.platform.repository.solution.dbbased.RepositoryFile.childrenFiles#de2237ca-393a-11e7-804b-a7bef64dd85e], CollectionKey[org.pentaho.platform.repository.solution.dbbased.RepositoryFile.accessControls#de2237c6-393a-11e7-804b-a7bef64dd85e], CollectionKey[org.pentaho.platform.repository.solution.dbbased.RepositoryFile.childrenFiles#de2237b9-393a-11e7-804b-a7bef64dd85e], CollectionKey[org.pentaho.platform.repository.solution.dbbased.RepositoryFile.childrenFiles#de2237bc-393a-11e7-804b-a7bef64dd85e], CollectionKey[org.pentaho.platform.repository.solution.dbbased.RepositoryFile.accessControls#de2237ba-393a-11e7-804b-a7bef64dd85e], CollectionKey[org.pentaho.platform.repository.solution.dbbased.RepositoryFile.childrenFiles#de2237c2-393a-11e7-804b-a7bef64dd85e], CollectionKey[org.pentaho.platform.repository.solution.dbbased.RepositoryFile.childrenFiles#de2237bf-393a-11e7-804b-a7bef64dd85e], CollectionKey[org.pentaho.platform.repository.solution.dbbased.RepositoryFile.accessControls#de2237b1-393a-11e7-804b-a7bef64dd85e], CollectionKey[org.pentaho.platform.repository.solution.dbbased.RepositoryFile.childrenFiles#de2237af-393a-11e7-804b-a7bef64dd85e], CollectionKey[org.pentaho.platform.repository.solution.dbbased.RepositoryFile.childrenFiles#de2237c6-393a-11e7-804b-a7bef64dd85e], CollectionKey[org.pentaho.platform.repository.solution.dbbased.RepositoryFile.childrenFiles#de18c0dd-393a-11e7-804b-a7bef64dd85e], CollectionKey[org.pentaho.platform.repository.solution.dbbased.RepositoryFile.accessControls#de2237c1-393a-11e7-804b-a7bef64dd85e]]];ActionQueue[insertions=[] updates=[] deletions=[] collectionCreations=[] collectionRemovals=[] collectionUpdates=[]])]) but failed to remove it when the web application was stopped. This is very likely to create a memory leak.
七月 31, 2017 9:25:49 上午 org.apache.catalina.loader.WebappClassLoader clearThreadLocalMap
严重: The web application [/pentaho] created a ThreadLocal with key of type [java.lang.InheritableThreadLocal] (value [java.lang.InheritableThreadLocal@360af9ac]) and a value of type [org.pentaho.platform.engine.security.session.TrustedSystemStartupSession] (value [org.pentaho.platform.engine.security.session.TrustedSystemStartupSession@46603295]) but failed to remove it when the web application was stopped. This is very likely to create a memory leak.
七月 31, 2017 9:25:49 上午 org.apache.catalina.loader.WebappClassLoader clearThreadLocalMap
严重: The web application [/pentaho] created a ThreadLocal with key of type [java.lang.InheritableThreadLocal] (value [java.lang.InheritableThreadLocal@360af9ac]) and a value of type [org.pentaho.platform.engine.security.session.TrustedSystemStartupSession] (value [org.pentaho.platform.engine.security.session.TrustedSystemStartupSession@46603295]) but failed to remove it when the web application was stopped. This is very likely to create a memory leak.
七月 31, 2017 9:25:49 上午 org.apache.catalina.loader.WebappClassLoader clearThreadLocalMap
严重: The web application [/pentaho] created a ThreadLocal with key of type [java.lang.InheritableThreadLocal] (value [java.lang.InheritableThreadLocal@360af9ac]) and a value of type [org.pentaho.platform.engine.security.session.TrustedSystemStartupSession] (value [org.pentaho.platform.engine.security.session.TrustedSystemStartupSession@46603295]) but failed to remove it when the web application was stopped. This is very likely to create a memory leak.
七月 31, 2017 9:25:49 上午 org.apache.catalina.loader.WebappClassLoader clearThreadLocalMap
严重: The web application [/pentaho] created a ThreadLocal with key of type [java.lang.InheritableThreadLocal] (value [java.lang.InheritableThreadLocal@360af9ac]) and a value of type [org.pentaho.platform.engine.security.session.TrustedSystemStartupSession] (value [org.pentaho.platform.engine.security.session.TrustedSystemStartupSession@46603295]) but failed to remove it when the web application was stopped. This is very likely to create a memory leak.
七月 31, 2017 9:25:49 上午 org.apache.catalina.loader.WebappClassLoader clearThreadLocalMap
严重: The web application [/pentaho] created a ThreadLocal with key of type [java.lang.InheritableThreadLocal] (value [java.lang.InheritableThreadLocal@360af9ac]) and a value of type [org.pentaho.platform.engine.security.session.TrustedSystemStartupSession] (value [org.pentaho.platform.engine.security.session.TrustedSystemStartupSession@46603295]) but failed to remove it when the web application was stopped. This is very likely to create a memory leak.
七月 31, 2017 9:25:49 上午 org.apache.catalina.loader.WebappClassLoader clearThreadLocalMap
严重: The web application [/pentaho] created a ThreadLocal with key of type [java.lang.InheritableThreadLocal] (value [java.lang.InheritableThreadLocal@360af9ac]) and a value of type [org.pentaho.platform.engine.security.session.TrustedSystemStartupSession] (value [org.pentaho.platform.engine.security.session.TrustedSystemStartupSession@46603295]) but failed to remove it when the web application was stopped. This is very likely to create a memory leak.
七月 31, 2017 9:25:49 上午 org.apache.catalina.loader.WebappClassLoader clearThreadLocalMap
严重: The web application [/pentaho] created a ThreadLocal with key of type [java.lang.InheritableThreadLocal] (value [java.lang.InheritableThreadLocal@360af9ac]) and a value of type [org.pentaho.platform.engine.security.session.TrustedSystemStartupSession] (value [org.pentaho.platform.engine.security.session.TrustedSystemStartupSession@46603295]) but failed to remove it when the web application was stopped. This is very likely to create a memory leak.
七月 31, 2017 9:25:49 上午 org.apache.catalina.loader.WebappClassLoader clearThreadLocalMap
严重: The web application [/pentaho] created a ThreadLocal with key of type [java.lang.InheritableThreadLocal] (value [java.lang.InheritableThreadLocal@360af9ac]) and a value of type [org.pentaho.platform.engine.security.session.TrustedSystemStartupSession] (value [org.pentaho.platform.engine.security.session.TrustedSystemStartupSession@46603295]) but failed to remove it when the web application was stopped. This is very likely to create a memory leak.
七月 31, 2017 9:25:49 上午 org.apache.catalina.loader.WebappClassLoader clearThreadLocalMap
严重: The web application [/pentaho] created a ThreadLocal with key of type [java.lang.InheritableThreadLocal] (value [java.lang.InheritableThreadLocal@360af9ac]) and a value of type [org.pentaho.platform.engine.security.session.TrustedSystemStartupSession] (value [org.pentaho.platform.engine.security.session.TrustedSystemStartupSession@46603295]) but failed to remove it when the web application was stopped. This is very likely to create a memory leak.
七月 31, 2017 9:25:49 上午 org.apache.catalina.loader.WebappClassLoader clearThreadLocalMap
严重: The web application [/pentaho] created a ThreadLocal with key of type [java.lang.InheritableThreadLocal] (value [java.lang.InheritableThreadLocal@360af9ac]) and a value of type [org.pentaho.platform.engine.security.session.TrustedSystemStartupSession] (value [org.pentaho.platform.engine.security.session.TrustedSystemStartupSession@46603295]) but failed to remove it when the web application was stopped. This is very likely to create a memory leak.
七月 31, 2017 9:25:49 上午 org.apache.catalina.loader.WebappClassLoader clearThreadLocalMap
严重: The web application [/pentaho] created a ThreadLocal with key of type [java.lang.InheritableThreadLocal] (value [java.lang.InheritableThreadLocal@360af9ac]) and a value of type [org.pentaho.platform.engine.security.session.TrustedSystemStartupSession] (value [org.pentaho.platform.engine.security.session.TrustedSystemStartupSession@46603295]) but failed to remove it when the web application was stopped. This is very likely to create a memory leak.
七月 31, 2017 9:25:49 上午 org.apache.catalina.loader.WebappClassLoader clearThreadLocalMap
严重: The web application [/pentaho] created a ThreadLocal with key of type [java.lang.InheritableThreadLocal] (value [java.lang.InheritableThreadLocal@360af9ac]) and a value of type [org.pentaho.platform.engine.security.session.TrustedSystemStartupSession] (value [org.pentaho.platform.engine.security.session.TrustedSystemStartupSession@46603295]) but failed to remove it when the web application was stopped. This is very likely to create a memory leak.
七月 31, 2017 9:25:49 上午 org.apache.catalina.loader.WebappClassLoader clearThreadLocalMap
严重: The web application [/pentaho] created a ThreadLocal with key of type [java.lang.InheritableThreadLocal] (value [java.lang.InheritableThreadLocal@360af9ac]) and a value of type [org.pentaho.platform.engine.security.session.TrustedSystemStartupSession] (value [org.pentaho.platform.engine.security.session.TrustedSystemStartupSession@46603295]) but failed to remove it when the web application was stopped. This is very likely to create a memory leak.
七月 31, 2017 9:25:49 上午 org.apache.catalina.loader.WebappClassLoader clearThreadLocalMap
严重: The web application [/pentaho] created a ThreadLocal with key of type [java.lang.InheritableThreadLocal] (value [java.lang.InheritableThreadLocal@360af9ac]) and a value of type [org.pentaho.platform.engine.security.session.TrustedSystemStartupSession] (value [org.pentaho.platform.engine.security.session.TrustedSystemStartupSession@46603295]) but failed to remove it when the web application was stopped. This is very likely to create a memory leak.
七月 31, 2017 9:25:49 上午 org.apache.catalina.loader.WebappClassLoader clearThreadLocalMap
严重: The web application [/pentaho] created a ThreadLocal with key of type [java.lang.InheritableThreadLocal] (value [java.lang.InheritableThreadLocal@360af9ac]) and a value of type [org.pentaho.platform.engine.security.session.TrustedSystemStartupSession] (value [org.pentaho.platform.engine.security.session.TrustedSystemStartupSession@46603295]) but failed to remove it when the web application was stopped. This is very likely to create a memory leak.
七月 31, 2017 9:25:49 上午 org.apache.catalina.loader.WebappClassLoader clearThreadLocalMap
严重: The web application [/pentaho] created a ThreadLocal with key of type [java.lang.InheritableThreadLocal] (value [java.lang.InheritableThreadLocal@360af9ac]) and a value of type [org.pentaho.platform.engine.security.session.TrustedSystemStartupSession] (value [org.pentaho.platform.engine.security.session.TrustedSystemStartupSession@46603295]) but failed to remove it when the web application was stopped. This is very likely to create a memory leak.
七月 31, 2017 9:25:49 上午 org.apache.catalina.loader.WebappClassLoader clearThreadLocalMap
严重: The web application [/pentaho] created a ThreadLocal with key of type [java.lang.InheritableThreadLocal] (value [java.lang.InheritableThreadLocal@360af9ac]) and a value of type [org.pentaho.platform.engine.security.session.TrustedSystemStartupSession] (value [org.pentaho.platform.engine.security.session.TrustedSystemStartupSession@46603295]) but failed to remove it when the web application was stopped. This is very likely to create a memory leak.
七月 31, 2017 9:25:49 上午 org.apache.catalina.loader.WebappClassLoader clearThreadLocalMap
严重: The web application [/pentaho] created a ThreadLocal with key of type [java.lang.InheritableThreadLocal] (value [java.lang.InheritableThreadLocal@360af9ac]) and a value of type [org.pentaho.platform.engine.security.session.TrustedSystemStartupSession] (value [org.pentaho.platform.engine.security.session.TrustedSystemStartupSession@46603295]) but failed to remove it when the web application was stopped. This is very likely to create a memory leak.
七月 31, 2017 9:25:49 上午 org.apache.catalina.loader.WebappClassLoader clearThreadLocalMap
严重: The web application [/pentaho] created a ThreadLocal with key of type [java.lang.InheritableThreadLocal] (value [java.lang.InheritableThreadLocal@360af9ac]) and a value of type [org.pentaho.platform.engine.security.session.TrustedSystemStartupSession] (value [org.pentaho.platform.engine.security.session.TrustedSystemStartupSession@46603295]) but failed to remove it when the web application was stopped. This is very likely to create a memory leak.
七月 31, 2017 9:25:49 上午 org.apache.catalina.loader.WebappClassLoader clearThreadLocalMap
严重: The web application [/pentaho] created a ThreadLocal with key of type [java.lang.InheritableThreadLocal] (value [java.lang.InheritableThreadLocal@360af9ac]) and a value of type [org.pentaho.platform.engine.security.session.TrustedSystemStartupSession] (value [org.pentaho.platform.engine.security.session.TrustedSystemStartupSession@46603295]) but failed to remove it when the web application was stopped. This is very likely to create a memory leak.
七月 31, 2017 9:25:49 上午 org.apache.catalina.loader.WebappClassLoader clearThreadLocalMap
严重: The web application [/pentaho] created a ThreadLocal with key of type [java.lang.InheritableThreadLocal] (value [java.lang.InheritableThreadLocal@360af9ac]) and a value of type [org.pentaho.platform.engine.security.session.TrustedSystemStartupSession] (value [org.pentaho.platform.engine.security.session.TrustedSystemStartupSession@46603295]) but failed to remove it when the web application was stopped. This is very likely to create a memory leak.
七月 31, 2017 9:25:49 上午 org.apache.catalina.loader.WebappClassLoader clearThreadLocalMap
严重: The web application [/pentaho] created a ThreadLocal with key of type [java.lang.InheritableThreadLocal] (value [java.lang.InheritableThreadLocal@360af9ac]) and a value of type [org.pentaho.platform.engine.security.session.TrustedSystemStartupSession] (value [org.pentaho.platform.engine.security.session.TrustedSystemStartupSession@46603295]) but failed to remove it when the web application was stopped. This is very likely to create a memory leak.
七月 31, 2017 9:25:49 上午 org.apache.catalina.loader.WebappClassLoader clearThreadLocalMap
严重: The web application [/pentaho] created a ThreadLocal with key of type [java.lang.InheritableThreadLocal] (value [java.lang.InheritableThreadLocal@360af9ac]) and a value of type [org.pentaho.platform.engine.security.session.TrustedSystemStartupSession] (value [org.pentaho.platform.engine.security.session.TrustedSystemStartupSession@46603295]) but failed to remove it when the web application was stopped. This is very likely to create a memory leak.
七月 31, 2017 9:25:49 上午 org.apache.catalina.loader.WebappClassLoader clearThreadLocalMap
严重: The web application [/pentaho] created a ThreadLocal with key of type [java.lang.InheritableThreadLocal] (value [java.lang.InheritableThreadLocal@360af9ac]) and a value of type [org.pentaho.platform.engine.security.session.TrustedSystemStartupSession] (value [org.pentaho.platform.engine.security.session.TrustedSystemStartupSession@46603295]) but failed to remove it when the web application was stopped. This is very likely to create a memory leak.
七月 31, 2017 9:25:49 上午 org.apache.catalina.loader.WebappClassLoader clearThreadLocalMap
严重: The web application [/pentaho] created a ThreadLocal with key of type [java.lang.InheritableThreadLocal] (value [java.lang.InheritableThreadLocal@360af9ac]) and a value of type [org.pentaho.platform.engine.security.session.TrustedSystemStartupSession] (value [org.pentaho.platform.engine.security.session.TrustedSystemStartupSession@46603295]) but failed to remove it when the web application was stopped. This is very likely to create a memory leak.
七月 31, 2017 9:25:49 上午 org.apache.catalina.loader.WebappClassLoader clearThreadLocalMap
严重: The web application [/pentaho] created a ThreadLocal with key of type [java.lang.InheritableThreadLocal] (value [java.lang.InheritableThreadLocal@360af9ac]) and a value of type [org.pentaho.platform.engine.security.session.TrustedSystemStartupSession] (value [org.pentaho.platform.engine.security.session.TrustedSystemStartupSession@46603295]) but failed to remove it when the web application was stopped. This is very likely to create a memory leak.
七月 31, 2017 9:25:49 上午 org.apache.catalina.loader.WebappClassLoader clearThreadLocalMap
严重: The web application [/pentaho] created a ThreadLocal with key of type [java.lang.InheritableThreadLocal] (value [java.lang.InheritableThreadLocal@360af9ac]) and a value of type [org.pentaho.platform.engine.security.session.TrustedSystemStartupSession] (value [org.pentaho.platform.engine.security.session.TrustedSystemStartupSession@46603295]) but failed to remove it when the web application was stopped. This is very likely to create a memory leak.
七月 31, 2017 9:25:49 上午 org.apache.catalina.loader.WebappClassLoader clearThreadLocalMap
严重: The web application [/pentaho] created a ThreadLocal with key of type [java.lang.InheritableThreadLocal] (value [java.lang.InheritableThreadLocal@360af9ac]) and a value of type [org.pentaho.platform.engine.security.session.TrustedSystemStartupSession] (value [org.pentaho.platform.engine.security.session.TrustedSystemStartupSession@46603295]) but failed to remove it when the web application was stopped. This is very likely to create a memory leak.
七月 31, 2017 9:25:49 上午 org.apache.catalina.loader.WebappClassLoader clearThreadLocalMap
严重: The web application [/pentaho] created a ThreadLocal with key of type [java.lang.InheritableThreadLocal] (value [java.lang.InheritableThreadLocal@360af9ac]) and a value of type [org.pentaho.platform.engine.security.session.TrustedSystemStartupSession] (value [org.pentaho.platform.engine.security.session.TrustedSystemStartupSession@46603295]) but failed to remove it when the web application was stopped. This is very likely to create a memory leak.
七月 31, 2017 9:25:49 上午 org.apache.catalina.loader.WebappClassLoader clearThreadLocalMap
严重: The web application [/pentaho] created a ThreadLocal with key of type [java.lang.InheritableThreadLocal] (value [java.lang.InheritableThreadLocal@360af9ac]) and a value of type [org.pentaho.platform.engine.security.session.TrustedSystemStartupSession] (value [org.pentaho.platform.engine.security.session.TrustedSystemStartupSession@46603295]) but failed to remove it when the web application was stopped. This is very likely to create a memory leak.
七月 31, 2017 9:25:49 上午 org.apache.catalina.loader.WebappClassLoader clearThreadLocalMap
严重: The web application [/pentaho] created a ThreadLocal with key of type [java.lang.InheritableThreadLocal] (value [java.lang.InheritableThreadLocal@360af9ac]) and a value of type [org.pentaho.platform.engine.security.session.TrustedSystemStartupSession] (value [org.pentaho.platform.engine.security.session.TrustedSystemStartupSession@46603295]) but failed to remove it when the web application was stopped. This is very likely to create a memory leak.
七月 31, 2017 9:25:49 上午 org.apache.catalina.loader.WebappClassLoader clearThreadLocalMap
严重: The web application [/pentaho] created a ThreadLocal with key of type [java.lang.InheritableThreadLocal] (value [java.lang.InheritableThreadLocal@360af9ac]) and a value of type [org.pentaho.platform.engine.security.session.TrustedSystemStartupSession] (value [org.pentaho.platform.engine.security.session.TrustedSystemStartupSession@46603295]) but failed to remove it when the web application was stopped. This is very likely to create a memory leak.
七月 31, 2017 9:25:49 上午 org.apache.catalina.loader.WebappClassLoader clearThreadLocalMap
严重: The web application [/pentaho] created a ThreadLocal with key of type [java.lang.InheritableThreadLocal] (value [java.lang.InheritableThreadLocal@360af9ac]) and a value of type [org.pentaho.platform.engine.security.session.TrustedSystemStartupSession] (value [org.pentaho.platform.engine.security.session.TrustedSystemStartupSession@46603295]) but failed to remove it when the web application was stopped. This is very likely to create a memory leak.
七月 31, 2017 9:25:49 上午 org.apache.catalina.loader.WebappClassLoader clearThreadLocalMap
严重: The web application [/pentaho] created a ThreadLocal with key of type [java.lang.InheritableThreadLocal] (value [java.lang.InheritableThreadLocal@360af9ac]) and a value of type [org.pentaho.platform.engine.security.session.TrustedSystemStartupSession] (value [org.pentaho.platform.engine.security.session.TrustedSystemStartupSession@46603295]) but failed to remove it when the web application was stopped. This is very likely to create a memory leak.
七月 31, 2017 9:25:49 上午 org.apache.catalina.loader.WebappClassLoader clearThreadLocalMap
严重: The web application [/pentaho] created a ThreadLocal with key of type [java.lang.InheritableThreadLocal] (value [java.lang.InheritableThreadLocal@360af9ac]) and a value of type [org.pentaho.platform.engine.security.session.TrustedSystemStartupSession] (value [org.pentaho.platform.engine.security.session.TrustedSystemStartupSession@46603295]) but failed to remove it when the web application was stopped. This is very likely to create a memory leak.
七月 31, 2017 9:25:49 上午 org.apache.catalina.loader.WebappClassLoader clearThreadLocalMap
严重: The web application [/pentaho] created a ThreadLocal with key of type [java.lang.InheritableThreadLocal] (value [java.lang.InheritableThreadLocal@360af9ac]) and a value of type [org.pentaho.platform.engine.security.session.TrustedSystemStartupSession] (value [org.pentaho.platform.engine.security.session.TrustedSystemStartupSession@46603295]) but failed to remove it when the web application was stopped. This is very likely to create a memory leak.
七月 31, 2017 9:25:49 上午 org.apache.catalina.loader.WebappClassLoader clearThreadLocalMap
严重: The web application [/pentaho] created a ThreadLocal with key of type [java.lang.InheritableThreadLocal] (value [java.lang.InheritableThreadLocal@360af9ac]) and a value of type [org.pentaho.platform.engine.security.session.TrustedSystemStartupSession] (value [org.pentaho.platform.engine.security.session.TrustedSystemStartupSession@46603295]) but failed to remove it when the web application was stopped. This is very likely to create a memory leak.
七月 31, 2017 9:25:49 上午 org.apache.catalina.loader.WebappClassLoader clearThreadLocalMap
严重: The web application [/pentaho] created a ThreadLocal with key of type [java.lang.InheritableThreadLocal] (value [java.lang.InheritableThreadLocal@360af9ac]) and a value of type [org.pentaho.platform.engine.security.session.TrustedSystemStartupSession] (value [org.pentaho.platform.engine.security.session.TrustedSystemStartupSession@46603295]) but failed to remove it when the web application was stopped. This is very likely to create a memory leak.
七月 31, 2017 9:25:49 上午 org.apache.catalina.loader.WebappClassLoader clearThreadLocalMap
严重: The web application [/pentaho] created a ThreadLocal with key of type [java.lang.InheritableThreadLocal] (value [java.lang.InheritableThreadLocal@360af9ac]) and a value of type [org.pentaho.platform.engine.security.session.TrustedSystemStartupSession] (value [org.pentaho.platform.engine.security.session.TrustedSystemStartupSession@46603295]) but failed to remove it when the web application was stopped. This is very likely to create a memory leak.
七月 31, 2017 9:25:49 上午 org.apache.catalina.loader.WebappClassLoader clearThreadLocalMap
严重: The web application [/pentaho] created a ThreadLocal with key of type [java.lang.InheritableThreadLocal] (value [java.lang.InheritableThreadLocal@360af9ac]) and a value of type [org.pentaho.platform.engine.security.session.TrustedSystemStartupSession] (value [org.pentaho.platform.engine.security.session.TrustedSystemStartupSession@46603295]) but failed to remove it when the web application was stopped. This is very likely to create a memory leak.
七月 31, 2017 9:25:49 上午 org.apache.catalina.loader.WebappClassLoader clearThreadLocalMap
严重: The web application [/pentaho] created a ThreadLocal with key of type [java.lang.InheritableThreadLocal] (value [java.lang.InheritableThreadLocal@360af9ac]) and a value of type [org.pentaho.platform.engine.security.session.TrustedSystemStartupSession] (value [org.pentaho.platform.engine.security.session.TrustedSystemStartupSession@46603295]) but failed to remove it when the web application was stopped. This is very likely to create a memory leak.
七月 31, 2017 9:25:49 上午 org.apache.catalina.loader.WebappClassLoader clearThreadLocalMap
严重: The web application [/pentaho] created a ThreadLocal with key of type [java.lang.InheritableThreadLocal] (value [java.lang.InheritableThreadLocal@360af9ac]) and a value of type [org.pentaho.platform.engine.security.session.TrustedSystemStartupSession] (value [org.pentaho.platform.engine.security.session.TrustedSystemStartupSession@46603295]) but failed to remove it when the web application was stopped. This is very likely to create a memory leak.
七月 31, 2017 9:25:49 上午 org.apache.catalina.loader.WebappClassLoader clearThreadLocalMap
严重: The web application [/pentaho] created a ThreadLocal with key of type [java.lang.InheritableThreadLocal] (value [java.lang.InheritableThreadLocal@360af9ac]) and a value of type [org.pentaho.platform.engine.security.session.TrustedSystemStartupSession] (value [org.pentaho.platform.engine.security.session.TrustedSystemStartupSession@46603295]) but failed to remove it when the web application was stopped. This is very likely to create a memory leak.
七月 31, 2017 9:25:49 上午 org.apache.catalina.loader.WebappClassLoader clearThreadLocalMap
严重: The web application [/pentaho] created a ThreadLocal with key of type [java.lang.InheritableThreadLocal] (value [java.lang.InheritableThreadLocal@360af9ac]) and a value of type [org.pentaho.platform.engine.security.session.TrustedSystemStartupSession] (value [org.pentaho.platform.engine.security.session.TrustedSystemStartupSession@46603295]) but failed to remove it when the web application was stopped. This is very likely to create a memory leak.
七月 31, 2017 9:25:49 上午 org.apache.catalina.loader.WebappClassLoader clearThreadLocalMap
严重: The web application [/pentaho] created a ThreadLocal with key of type [java.lang.InheritableThreadLocal] (value [java.lang.InheritableThreadLocal@360af9ac]) and a value of type [org.pentaho.platform.engine.security.session.TrustedSystemStartupSession] (value [org.pentaho.platform.engine.security.session.TrustedSystemStartupSession@46603295]) but failed to remove it when the web application was stopped. This is very likely to create a memory leak.
七月 31, 2017 9:25:49 上午 org.apache.catalina.loader.WebappClassLoader clearThreadLocalMap
严重: The web application [/pentaho] created a ThreadLocal with key of type [java.lang.InheritableThreadLocal] (value [java.lang.InheritableThreadLocal@360af9ac]) and a value of type [org.pentaho.platform.engine.security.session.TrustedSystemStartupSession] (value [org.pentaho.platform.engine.security.session.TrustedSystemStartupSession@46603295]) but failed to remove it when the web application was stopped. This is very likely to create a memory leak.
七月 31, 2017 9:25:49 上午 org.apache.catalina.loader.WebappClassLoader clearThreadLocalMap
严重: The web application [/pentaho] created a ThreadLocal with key of type [java.lang.InheritableThreadLocal] (value [java.lang.InheritableThreadLocal@360af9ac]) and a value of type [org.pentaho.platform.engine.security.session.TrustedSystemStartupSession] (value [org.pentaho.platform.engine.security.session.TrustedSystemStartupSession@46603295]) but failed to remove it when the web application was stopped. This is very likely to create a memory leak.
七月 31, 2017 9:25:49 上午 org.apache.catalina.loader.WebappClassLoader clearThreadLocalMap
严重: The web application [/pentaho] created a ThreadLocal with key of type [java.lang.InheritableThreadLocal] (value [java.lang.InheritableThreadLocal@360af9ac]) and a value of type [org.pentaho.platform.engine.security.session.TrustedSystemStartupSession] (value [org.pentaho.platform.engine.security.session.TrustedSystemStartupSession@46603295]) but failed to remove it when the web application was stopped. This is very likely to create a memory leak.
七月 31, 2017 9:25:49 上午 org.apache.catalina.loader.WebappClassLoader clearThreadLocalMap
严重: The web application [/pentaho] created a ThreadLocal with key of type [java.lang.InheritableThreadLocal] (value [java.lang.InheritableThreadLocal@360af9ac]) and a value of type [org.pentaho.platform.engine.security.session.TrustedSystemStartupSession] (value [org.pentaho.platform.engine.security.session.TrustedSystemStartupSession@46603295]) but failed to remove it when the web application was stopped. This is very likely to create a memory leak.
七月 31, 2017 9:25:49 上午 org.apache.coyote.http11.Http11Protocol destroy
信息: Stopping Coyote HTTP/1.1 on http-8080
