七月 21, 2017 11:23:33 下午 org.apache.catalina.core.AprLifecycleListener init
信息: The APR based Apache Tomcat Native library which allows optimal performance in production environments was not found on the java.library.path: C:\Java\jdk1.8.0_121\bin;C:\Windows\Sun\Java\bin;C:\Windows\system32;C:\Windows;C:\ProgramData\Oracle\Java\javapath;C:\Windows\system32;C:\Windows;C:\Windows\System32\Wbem;C:\Windows\System32\WindowsPowerShell\v1.0\;C:\Java\jdk1.8.0_121\bin;C:\Java\jdk1.8.0_121\jre\bin;%MySQL_HOME%\bin;;.
七月 21, 2017 11:23:34 下午 org.apache.coyote.http11.Http11Protocol init
信息: Initializing Coyote HTTP/1.1 on http-8080
七月 21, 2017 11:23:34 下午 org.apache.catalina.startup.Catalina load
信息: Initialization processed in 1861 ms
七月 21, 2017 11:23:34 下午 org.apache.catalina.core.StandardService start
信息: Starting service Catalina
七月 21, 2017 11:23:34 下午 org.apache.catalina.core.StandardEngine start
信息: Starting Servlet Engine: Apache Tomcat/6.0.29
七月 21, 2017 11:23:34 下午 org.apache.catalina.startup.HostConfig deployDescriptor
信息: Deploying configuration descriptor pentaho.xml
七月 21, 2017 11:23:37 下午 org.apache.catalina.startup.ContextConfig validateSecurityRoles
信息: WARNING: Security role name PENTAHO_ADMIN used in an <auth-constraint> without being defined in a <security-role>
七月 21, 2017 11:23:48 下午 org.apache.catalina.core.StandardContext start
严重: Error listenerStart
七月 21, 2017 11:23:48 下午 org.apache.catalina.core.StandardContext start
严重: Context [/pentaho] startup failed due to previous errors
七月 21, 2017 11:23:48 下午 org.apache.catalina.loader.WebappClassLoader clearReferencesJdbc
严重: The web application [/pentaho] registered the JBDC driver [mondrian.olap4j.MondrianOlap4jDriver] but failed to unregister it when the web application was stopped. To prevent a memory leak, the JDBC Driver has been forcibly unregistered.
七月 21, 2017 11:23:48 下午 org.apache.catalina.loader.WebappClassLoader clearReferencesThreads
严重: The web application [/pentaho] appears to have started a thread named [HSQLDB Timer @4ee77a49] but has failed to stop it. This is very likely to create a memory leak.
七月 21, 2017 11:23:49 下午 org.apache.catalina.startup.HostConfig deployDirectory
信息: Deploying web application directory pentaho-style
七月 21, 2017 11:23:50 下午 org.apache.catalina.startup.HostConfig deployDirectory
信息: Deploying web application directory ROOT
七月 21, 2017 11:23:50 下午 org.apache.catalina.startup.HostConfig deployDirectory
信息: Deploying web application directory sw-style
七月 21, 2017 11:23:50 下午 org.apache.coyote.http11.Http11Protocol start
信息: Starting Coyote HTTP/1.1 on http-8080
七月 21, 2017 11:23:50 下午 org.apache.jk.common.ChannelSocket init
信息: JK: ajp13 listening on /0.0.0.0:8009
七月 21, 2017 11:23:50 下午 org.apache.jk.server.JkMain start
信息: Jk running ID=0 time=0/32  config=null
七月 21, 2017 11:23:50 下午 org.apache.catalina.startup.Catalina start
信息: Server startup in 15426 ms
七月 21, 2017 11:28:40 下午 org.apache.coyote.http11.Http11Protocol pause
信息: Pausing Coyote HTTP/1.1 on http-8080
七月 21, 2017 11:28:41 下午 org.apache.catalina.core.StandardService stop
信息: Stopping service Catalina
七月 21, 2017 11:28:41 下午 org.apache.coyote.http11.Http11Protocol destroy
信息: Stopping Coyote HTTP/1.1 on http-8080
七月 21, 2017 11:28:44 下午 org.apache.catalina.core.AprLifecycleListener init
信息: The APR based Apache Tomcat Native library which allows optimal performance in production environments was not found on the java.library.path: C:\Java\jdk1.8.0_121\bin;C:\Windows\Sun\Java\bin;C:\Windows\system32;C:\Windows;C:\ProgramData\Oracle\Java\javapath;C:\Windows\system32;C:\Windows;C:\Windows\System32\Wbem;C:\Windows\System32\WindowsPowerShell\v1.0\;C:\Java\jdk1.8.0_121\bin;C:\Java\jdk1.8.0_121\jre\bin;%MySQL_HOME%\bin;;.
七月 21, 2017 11:28:45 下午 org.apache.coyote.http11.Http11Protocol init
信息: Initializing Coyote HTTP/1.1 on http-8080
七月 21, 2017 11:28:45 下午 org.apache.catalina.startup.Catalina load
信息: Initialization processed in 1225 ms
七月 21, 2017 11:28:45 下午 org.apache.catalina.core.StandardService start
信息: Starting service Catalina
七月 21, 2017 11:28:45 下午 org.apache.catalina.core.StandardEngine start
信息: Starting Servlet Engine: Apache Tomcat/6.0.29
七月 21, 2017 11:28:45 下午 org.apache.catalina.startup.HostConfig deployDescriptor
信息: Deploying configuration descriptor pentaho.xml
七月 21, 2017 11:28:47 下午 org.apache.catalina.startup.ContextConfig validateSecurityRoles
信息: WARNING: Security role name PENTAHO_ADMIN used in an <auth-constraint> without being defined in a <security-role>
七月 21, 2017 11:28:56 下午 org.apache.catalina.core.StandardContext start
严重: Error listenerStart
七月 21, 2017 11:28:56 下午 org.apache.catalina.core.StandardContext start
严重: Context [/pentaho] startup failed due to previous errors
七月 21, 2017 11:28:56 下午 org.apache.catalina.loader.WebappClassLoader clearReferencesJdbc
严重: The web application [/pentaho] registered the JBDC driver [mondrian.olap4j.MondrianOlap4jDriver] but failed to unregister it when the web application was stopped. To prevent a memory leak, the JDBC Driver has been forcibly unregistered.
七月 21, 2017 11:28:56 下午 org.apache.catalina.loader.WebappClassLoader clearReferencesThreads
严重: The web application [/pentaho] appears to have started a thread named [HSQLDB Timer @48f95768] but has failed to stop it. This is very likely to create a memory leak.
七月 21, 2017 11:28:57 下午 org.apache.catalina.startup.HostConfig deployDirectory
信息: Deploying web application directory pentaho-style
七月 21, 2017 11:28:57 下午 org.apache.catalina.startup.HostConfig deployDirectory
信息: Deploying web application directory ROOT
七月 21, 2017 11:28:57 下午 org.apache.catalina.startup.HostConfig deployDirectory
信息: Deploying web application directory sw-style
七月 21, 2017 11:28:57 下午 org.apache.coyote.http11.Http11Protocol start
信息: Starting Coyote HTTP/1.1 on http-8080
七月 21, 2017 11:28:57 下午 org.apache.jk.common.ChannelSocket init
信息: JK: ajp13 listening on /0.0.0.0:8009
七月 21, 2017 11:28:57 下午 org.apache.jk.server.JkMain start
信息: Jk running ID=0 time=0/15  config=null
七月 21, 2017 11:28:57 下午 org.apache.catalina.startup.Catalina start
信息: Server startup in 12796 ms
七月 21, 2017 11:30:30 下午 org.apache.coyote.http11.Http11Protocol pause
信息: Pausing Coyote HTTP/1.1 on http-8080
七月 21, 2017 11:34:27 下午 org.apache.catalina.core.AprLifecycleListener init
信息: The APR based Apache Tomcat Native library which allows optimal performance in production environments was not found on the java.library.path: C:\Java\jdk1.8.0_121\bin;C:\Windows\Sun\Java\bin;C:\Windows\system32;C:\Windows;C:\ProgramData\Oracle\Java\javapath;C:\Windows\system32;C:\Windows;C:\Windows\System32\Wbem;C:\Windows\System32\WindowsPowerShell\v1.0\;C:\Java\jdk1.8.0_121\bin;C:\Java\jdk1.8.0_121\jre\bin;%MySQL_HOME%\bin;;.
七月 21, 2017 11:34:27 下午 org.apache.coyote.http11.Http11Protocol init
信息: Initializing Coyote HTTP/1.1 on http-8080
七月 21, 2017 11:34:27 下午 org.apache.catalina.startup.Catalina load
信息: Initialization processed in 789 ms
七月 21, 2017 11:34:27 下午 org.apache.catalina.core.StandardService start
信息: Starting service Catalina
七月 21, 2017 11:34:27 下午 org.apache.catalina.core.StandardEngine start
信息: Starting Servlet Engine: Apache Tomcat/6.0.29
七月 21, 2017 11:34:27 下午 org.apache.catalina.startup.HostConfig deployDescriptor
信息: Deploying configuration descriptor pentaho.xml
七月 21, 2017 11:34:28 下午 org.apache.catalina.startup.ContextConfig validateSecurityRoles
信息: WARNING: Security role name PENTAHO_ADMIN used in an <auth-constraint> without being defined in a <security-role>
七月 21, 2017 11:34:57 下午 org.apache.catalina.startup.HostConfig deployDirectory
信息: Deploying web application directory pentaho-style
七月 21, 2017 11:34:57 下午 org.apache.catalina.startup.HostConfig deployDirectory
信息: Deploying web application directory ROOT
七月 21, 2017 11:34:58 下午 org.apache.catalina.startup.HostConfig deployDirectory
信息: Deploying web application directory sw-style
七月 21, 2017 11:34:58 下午 org.apache.coyote.http11.Http11Protocol start
信息: Starting Coyote HTTP/1.1 on http-8080
七月 21, 2017 11:34:58 下午 org.apache.jk.common.ChannelSocket init
信息: JK: ajp13 listening on /0.0.0.0:8009
七月 21, 2017 11:34:58 下午 org.apache.jk.server.JkMain start
信息: Jk running ID=0 time=0/14  config=null
七月 21, 2017 11:34:58 下午 org.apache.catalina.startup.Catalina start
信息: Server startup in 30622 ms
七月 21, 2017 11:41:42 下午 org.apache.catalina.startup.Catalina stopServer
严重: Catalina.stop: 
java.net.ConnectException: Connection refused: connect
	at java.net.DualStackPlainSocketImpl.connect0(Native Method)
	at java.net.DualStackPlainSocketImpl.socketConnect(DualStackPlainSocketImpl.java:79)
	at java.net.AbstractPlainSocketImpl.doConnect(AbstractPlainSocketImpl.java:350)
	at java.net.AbstractPlainSocketImpl.connectToAddress(AbstractPlainSocketImpl.java:206)
	at java.net.AbstractPlainSocketImpl.connect(AbstractPlainSocketImpl.java:188)
	at java.net.PlainSocketImpl.connect(PlainSocketImpl.java:172)
	at java.net.SocksSocketImpl.connect(SocksSocketImpl.java:392)
	at java.net.Socket.connect(Socket.java:589)
	at java.net.Socket.connect(Socket.java:538)
	at java.net.Socket.<init>(Socket.java:434)
	at java.net.Socket.<init>(Socket.java:211)
	at org.apache.catalina.startup.Catalina.stopServer(Catalina.java:408)
	at sun.reflect.NativeMethodAccessorImpl.invoke0(Native Method)
	at sun.reflect.NativeMethodAccessorImpl.invoke(NativeMethodAccessorImpl.java:62)
	at sun.reflect.DelegatingMethodAccessorImpl.invoke(DelegatingMethodAccessorImpl.java:43)
	at java.lang.reflect.Method.invoke(Method.java:498)
	at org.apache.catalina.startup.Bootstrap.stopServer(Bootstrap.java:338)
	at org.apache.catalina.startup.Bootstrap.main(Bootstrap.java:416)

七月 21, 2017 11:41:46 下午 org.apache.catalina.core.AprLifecycleListener init
信息: The APR based Apache Tomcat Native library which allows optimal performance in production environments was not found on the java.library.path: C:\Java\jdk1.8.0_121\bin;C:\Windows\Sun\Java\bin;C:\Windows\system32;C:\Windows;C:\ProgramData\Oracle\Java\javapath;C:\Windows\system32;C:\Windows;C:\Windows\System32\Wbem;C:\Windows\System32\WindowsPowerShell\v1.0\;C:\Java\jdk1.8.0_121\bin;C:\Java\jdk1.8.0_121\jre\bin;%MySQL_HOME%\bin;;.
七月 21, 2017 11:41:47 下午 org.apache.coyote.http11.Http11Protocol init
信息: Initializing Coyote HTTP/1.1 on http-8080
七月 21, 2017 11:41:47 下午 org.apache.catalina.startup.Catalina load
信息: Initialization processed in 1367 ms
七月 21, 2017 11:41:47 下午 org.apache.catalina.core.StandardService start
信息: Starting service Catalina
七月 21, 2017 11:41:47 下午 org.apache.catalina.core.StandardEngine start
信息: Starting Servlet Engine: Apache Tomcat/6.0.29
七月 21, 2017 11:41:47 下午 org.apache.catalina.startup.HostConfig deployDescriptor
信息: Deploying configuration descriptor pentaho.xml
七月 21, 2017 11:41:50 下午 org.apache.catalina.startup.ContextConfig validateSecurityRoles
信息: WARNING: Security role name PENTAHO_ADMIN used in an <auth-constraint> without being defined in a <security-role>
七月 21, 2017 11:42:17 下午 org.apache.catalina.startup.HostConfig deployDirectory
信息: Deploying web application directory pentaho-style
七月 21, 2017 11:42:17 下午 org.apache.catalina.startup.HostConfig deployDirectory
信息: Deploying web application directory ROOT
七月 21, 2017 11:42:17 下午 org.apache.catalina.startup.HostConfig deployDirectory
信息: Deploying web application directory sw-style
七月 21, 2017 11:42:18 下午 org.apache.coyote.http11.Http11Protocol start
信息: Starting Coyote HTTP/1.1 on http-8080
七月 21, 2017 11:42:19 下午 org.apache.jk.common.ChannelSocket init
信息: JK: ajp13 listening on /0.0.0.0:8009
七月 21, 2017 11:42:19 下午 org.apache.jk.server.JkMain start
信息: Jk running ID=0 time=0/47  config=null
七月 21, 2017 11:42:19 下午 org.apache.catalina.startup.Catalina start
信息: Server startup in 31457 ms
七月 21, 2017 11:55:38 下午 org.apache.tomcat.util.http.Parameters processParameters
警告: Parameters: Invalid chunk '=' ignored.
七月 21, 2017 11:55:38 下午 org.apache.tomcat.util.http.Parameters processParameters
警告: Parameters: Invalid chunk '=' ignored.
