五月 27, 2017 10:50:59 上午 org.apache.catalina.core.AprLifecycleListener init
信息: The APR based Apache Tomcat Native library which allows optimal performance in production environments was not found on the java.library.path: D:\JAVA\JDK\bin;C:\Windows\Sun\Java\bin;C:\Windows\system32;C:\Windows;D:\JAVA\JDK\bin;D:\JAVA\JDK\jre\bin;;C:\Windows\system32;C:\Windows;C:\Windows\system32\wbem;C:\Program Files (x86)\StormII\Codec;C:\Program Files (x86)\StormII;.
五月 27, 2017 10:50:59 上午 org.apache.coyote.http11.Http11Protocol init
信息: Initializing Coyote HTTP/1.1 on http-8080
五月 27, 2017 10:50:59 上午 org.apache.catalina.startup.Catalina load
信息: Initialization processed in 1037 ms
五月 27, 2017 10:50:59 上午 org.apache.catalina.core.StandardService start
信息: Starting service Catalina
五月 27, 2017 10:50:59 上午 org.apache.catalina.core.StandardEngine start
信息: Starting Servlet Engine: Apache Tomcat/6.0.29
五月 27, 2017 10:50:59 上午 org.apache.catalina.startup.HostConfig deployDescriptor
信息: Deploying configuration descriptor pentaho.xml
五月 27, 2017 10:51:02 上午 org.apache.catalina.startup.ContextConfig validateSecurityRoles
信息: WARNING: Security role name PENTAHO_ADMIN used in an <auth-constraint> without being defined in a <security-role>
五月 27, 2017 10:51:22 上午 org.apache.catalina.startup.HostConfig deployDirectory
信息: Deploying web application directory ChartBase
五月 27, 2017 10:51:23 上午 org.apache.catalina.startup.HostConfig deployDirectory
信息: Deploying web application directory pentaho-style
五月 27, 2017 10:51:23 上午 org.apache.catalina.startup.HostConfig deployDirectory
信息: Deploying web application directory ROOT
五月 27, 2017 10:51:23 上午 org.apache.catalina.startup.HostConfig deployDirectory
信息: Deploying web application directory sw-style
五月 27, 2017 10:51:23 上午 org.apache.coyote.http11.Http11Protocol start
信息: Starting Coyote HTTP/1.1 on http-8080
五月 27, 2017 10:51:23 上午 org.apache.jk.common.ChannelSocket init
信息: JK: ajp13 listening on /0.0.0.0:8009
五月 27, 2017 10:51:23 上午 org.apache.jk.server.JkMain start
信息: Jk running ID=0 time=0/41  config=null
五月 27, 2017 10:51:23 上午 org.apache.catalina.startup.Catalina start
信息: Server startup in 23362 ms
