七月 14, 2017 9:57:20 上午 org.apache.coyote.http11.Http11Protocol pause
信息: Pausing Coyote HTTP/1.1 on http-8080
七月 14, 2017 9:57:21 上午 org.apache.catalina.core.StandardService stop
信息: Stopping service Catalina
七月 14, 2017 9:57:21 上午 org.apache.catalina.loader.WebappClassLoader clearReferencesJdbc
严重: The web application [/pentaho] registered the JBDC driver [mondrian.olap4j.MondrianOlap4jDriver] but failed to unregister it when the web application was stopped. To prevent a memory leak, the JDBC Driver has been forcibly unregistered.
七月 14, 2017 9:57:21 上午 org.apache.catalina.loader.WebappClassLoader clearReferencesThreads
严重: The web application [/pentaho] appears to have started a thread named [Timer-0] but has failed to stop it. This is very likely to create a memory leak.
七月 14, 2017 9:57:21 上午 org.apache.catalina.loader.WebappClassLoader clearReferencesThreads
严重: The web application [/pentaho] appears to have started a thread named [net.sf.ehcache.CacheManager@7af7176b] but has failed to stop it. This is very likely to create a memory leak.
七月 14, 2017 9:57:21 上午 org.apache.catalina.loader.WebappClassLoader clearReferencesThreads
严重: The web application [/pentaho] appears to have started a thread named [Store org.pentaho.platform.repository.solution.dbbased.RepositoryFile.childrenFiles Spool Thread] but has failed to stop it. This is very likely to create a memory leak.
七月 14, 2017 9:57:21 上午 org.apache.catalina.loader.WebappClassLoader clearReferencesThreads
严重: The web application [/pentaho] appears to have started a thread named [Store pentaho-geo-postalcode Spool Thread] but has failed to stop it. This is very likely to create a memory leak.
七月 14, 2017 9:57:21 上午 org.apache.catalina.loader.WebappClassLoader clearReferencesThreads
严重: The web application [/pentaho] appears to have started a thread named [Store pentaho-geo-countrysecondarysubdivision Spool Thread] but has failed to stop it. This is very likely to create a memory leak.
七月 14, 2017 9:57:21 上午 org.apache.catalina.loader.WebappClassLoader clearReferencesThreads
严重: The web application [/pentaho] appears to have started a thread named [Store pentahoCache Spool Thread] but has failed to stop it. This is very likely to create a memory leak.
七月 14, 2017 9:57:21 上午 org.apache.catalina.loader.WebappClassLoader clearReferencesThreads
严重: The web application [/pentaho] appears to have started a thread named [Store pentaho-geo-countrycode Spool Thread] but has failed to stop it. This is very likely to create a memory leak.
七月 14, 2017 9:57:21 上午 org.apache.catalina.loader.WebappClassLoader clearReferencesThreads
严重: The web application [/pentaho] appears to have started a thread named [Store org.pentaho.platform.repository.solution.dbbased.RepositoryFile Spool Thread] but has failed to stop it. This is very likely to create a memory leak.
七月 14, 2017 9:57:21 上午 org.apache.catalina.loader.WebappClassLoader clearReferencesThreads
严重: The web application [/pentaho] appears to have started a thread named [Store libloader-data Spool Thread] but has failed to stop it. This is very likely to create a memory leak.
七月 14, 2017 9:57:21 上午 org.apache.catalina.loader.WebappClassLoader clearReferencesThreads
严重: The web application [/pentaho] appears to have started a thread named [Store pentaho-geo-municipality Spool Thread] but has failed to stop it. This is very likely to create a memory leak.
七月 14, 2017 9:57:21 上午 org.apache.catalina.loader.WebappClassLoader clearReferencesThreads
严重: The web application [/pentaho] appears to have started a thread named [Store pentaho-geo-country Spool Thread] but has failed to stop it. This is very likely to create a memory leak.
七月 14, 2017 9:57:21 上午 org.apache.catalina.loader.WebappClassLoader clearReferencesThreads
严重: The web application [/pentaho] appears to have started a thread named [Store pentaho-geo-countrysubdivisioncode Spool Thread] but has failed to stop it. This is very likely to create a memory leak.
七月 14, 2017 9:57:21 上午 org.apache.catalina.loader.WebappClassLoader clearReferencesThreads
严重: The web application [/pentaho] appears to have started a thread named [Store mondrian-catalog-cache Spool Thread] but has failed to stop it. This is very likely to create a memory leak.
七月 14, 2017 9:57:21 上午 org.apache.catalina.loader.WebappClassLoader clearReferencesThreads
严重: The web application [/pentaho] appears to have started a thread named [Store pentaho-geo-countrysubdivision Spool Thread] but has failed to stop it. This is very likely to create a memory leak.
七月 14, 2017 9:57:21 上午 org.apache.catalina.loader.WebappClassLoader clearReferencesThreads
严重: The web application [/pentaho] appears to have started a thread named [Store org.pentaho.platform.repository.solution.dbbased.RepositoryFile.accessControls Spool Thread] but has failed to stop it. This is very likely to create a memory leak.
七月 14, 2017 9:57:21 上午 org.apache.catalina.loader.WebappClassLoader clearReferencesThreads
严重: The web application [/pentaho] appears to have started a thread named [Store pentaho-geo-countrycode3 Spool Thread] but has failed to stop it. This is very likely to create a memory leak.
七月 14, 2017 9:57:21 上午 org.apache.catalina.loader.WebappClassLoader clearReferencesThreads
严重: The web application [/pentaho] appears to have started a thread named [net.sf.ehcache.CacheManager@62dc9319] but has failed to stop it. This is very likely to create a memory leak.
七月 14, 2017 9:57:21 上午 org.apache.catalina.loader.WebappClassLoader clearReferencesThreads
严重: The web application [/pentaho] appears to have started a thread named [Store pentaho-geo-countrycode Spool Thread] but has failed to stop it. This is very likely to create a memory leak.
七月 14, 2017 9:57:21 上午 org.apache.catalina.loader.WebappClassLoader clearReferencesThreads
严重: The web application [/pentaho] appears to have started a thread named [Store pentaho-geo-municipality Spool Thread] but has failed to stop it. This is very likely to create a memory leak.
七月 14, 2017 9:57:21 上午 org.apache.catalina.loader.WebappClassLoader clearReferencesThreads
严重: The web application [/pentaho] appears to have started a thread named [Store mondrian-catalog-cache Spool Thread] but has failed to stop it. This is very likely to create a memory leak.
七月 14, 2017 9:57:21 上午 org.apache.catalina.loader.WebappClassLoader clearReferencesThreads
严重: The web application [/pentaho] appears to have started a thread named [Store pentaho-geo-postalcode Spool Thread] but has failed to stop it. This is very likely to create a memory leak.
七月 14, 2017 9:57:21 上午 org.apache.catalina.loader.WebappClassLoader clearReferencesThreads
严重: The web application [/pentaho] appears to have started a thread named [Store pentaho-geo-countrysecondarysubdivision Spool Thread] but has failed to stop it. This is very likely to create a memory leak.
七月 14, 2017 9:57:21 上午 org.apache.catalina.loader.WebappClassLoader clearReferencesThreads
严重: The web application [/pentaho] appears to have started a thread named [Store org.pentaho.platform.repository.solution.dbbased.RepositoryFile.childrenFiles Spool Thread] but has failed to stop it. This is very likely to create a memory leak.
七月 14, 2017 9:57:21 上午 org.apache.catalina.loader.WebappClassLoader clearReferencesThreads
严重: The web application [/pentaho] appears to have started a thread named [Store pentaho-geo-countrycode3 Spool Thread] but has failed to stop it. This is very likely to create a memory leak.
七月 14, 2017 9:57:21 上午 org.apache.catalina.loader.WebappClassLoader clearReferencesThreads
严重: The web application [/pentaho] appears to have started a thread named [Store pentahoCache Spool Thread] but has failed to stop it. This is very likely to create a memory leak.
七月 14, 2017 9:57:21 上午 org.apache.catalina.loader.WebappClassLoader clearReferencesThreads
严重: The web application [/pentaho] appears to have started a thread named [Store org.pentaho.platform.repository.solution.dbbased.RepositoryFile.accessControls Spool Thread] but has failed to stop it. This is very likely to create a memory leak.
七月 14, 2017 9:57:21 上午 org.apache.catalina.loader.WebappClassLoader clearReferencesThreads
严重: The web application [/pentaho] appears to have started a thread named [Store org.pentaho.platform.repository.solution.dbbased.RepositoryFile Spool Thread] but has failed to stop it. This is very likely to create a memory leak.
七月 14, 2017 9:57:21 上午 org.apache.catalina.loader.WebappClassLoader clearReferencesThreads
严重: The web application [/pentaho] appears to have started a thread named [Store pentaho-geo-countrysubdivisioncode Spool Thread] but has failed to stop it. This is very likely to create a memory leak.
七月 14, 2017 9:57:21 上午 org.apache.catalina.loader.WebappClassLoader clearReferencesThreads
严重: The web application [/pentaho] appears to have started a thread named [Store libloader-data Spool Thread] but has failed to stop it. This is very likely to create a memory leak.
七月 14, 2017 9:57:21 上午 org.apache.catalina.loader.WebappClassLoader clearReferencesThreads
严重: The web application [/pentaho] appears to have started a thread named [Store pentaho-geo-country Spool Thread] but has failed to stop it. This is very likely to create a memory leak.
七月 14, 2017 9:57:21 上午 org.apache.catalina.loader.WebappClassLoader clearReferencesThreads
严重: The web application [/pentaho] appears to have started a thread named [Store pentaho-geo-countrysubdivision Spool Thread] but has failed to stop it. This is very likely to create a memory leak.
七月 14, 2017 9:57:21 上午 org.apache.catalina.loader.WebappClassLoader clearReferencesThreads
严重: The web application [/pentaho] appears to have started a thread named [net.sf.ehcache.CacheManager@40c4a0c4] but has failed to stop it. This is very likely to create a memory leak.
七月 14, 2017 9:57:21 上午 org.apache.catalina.loader.WebappClassLoader clearReferencesThreads
严重: The web application [/pentaho] appears to have started a thread named [Store pentaho-geo-countrysubdivision Spool Thread] but has failed to stop it. This is very likely to create a memory leak.
七月 14, 2017 9:57:21 上午 org.apache.catalina.loader.WebappClassLoader clearReferencesThreads
严重: The web application [/pentaho] appears to have started a thread named [Store pentaho-geo-country Spool Thread] but has failed to stop it. This is very likely to create a memory leak.
七月 14, 2017 9:57:21 上午 org.apache.catalina.loader.WebappClassLoader clearReferencesThreads
严重: The web application [/pentaho] appears to have started a thread named [Store libloader-data Spool Thread] but has failed to stop it. This is very likely to create a memory leak.
七月 14, 2017 9:57:21 上午 org.apache.catalina.loader.WebappClassLoader clearReferencesThreads
严重: The web application [/pentaho] appears to have started a thread named [Store pentahoCache Spool Thread] but has failed to stop it. This is very likely to create a memory leak.
七月 14, 2017 9:57:21 上午 org.apache.catalina.loader.WebappClassLoader clearReferencesThreads
严重: The web application [/pentaho] appears to have started a thread named [Store org.pentaho.platform.repository.solution.dbbased.RepositoryFile.accessControls Spool Thread] but has failed to stop it. This is very likely to create a memory leak.
七月 14, 2017 9:57:21 上午 org.apache.catalina.loader.WebappClassLoader clearReferencesThreads
严重: The web application [/pentaho] appears to have started a thread named [Store pentaho-geo-countrysubdivisioncode Spool Thread] but has failed to stop it. This is very likely to create a memory leak.
七月 14, 2017 9:57:21 上午 org.apache.catalina.loader.WebappClassLoader clearReferencesThreads
严重: The web application [/pentaho] appears to have started a thread named [Store pentaho-geo-countrycode3 Spool Thread] but has failed to stop it. This is very likely to create a memory leak.
七月 14, 2017 9:57:21 上午 org.apache.catalina.loader.WebappClassLoader clearReferencesThreads
严重: The web application [/pentaho] appears to have started a thread named [Store mondrian-catalog-cache Spool Thread] but has failed to stop it. This is very likely to create a memory leak.
七月 14, 2017 9:57:21 上午 org.apache.catalina.loader.WebappClassLoader clearReferencesThreads
严重: The web application [/pentaho] appears to have started a thread named [Store pentaho-geo-countrycode Spool Thread] but has failed to stop it. This is very likely to create a memory leak.
七月 14, 2017 9:57:21 上午 org.apache.catalina.loader.WebappClassLoader clearReferencesThreads
严重: The web application [/pentaho] appears to have started a thread named [Store org.pentaho.platform.repository.solution.dbbased.RepositoryFile Spool Thread] but has failed to stop it. This is very likely to create a memory leak.
七月 14, 2017 9:57:21 上午 org.apache.catalina.loader.WebappClassLoader clearReferencesThreads
严重: The web application [/pentaho] appears to have started a thread named [Store pentaho-geo-countrysecondarysubdivision Spool Thread] but has failed to stop it. This is very likely to create a memory leak.
七月 14, 2017 9:57:21 上午 org.apache.catalina.loader.WebappClassLoader clearReferencesThreads
严重: The web application [/pentaho] appears to have started a thread named [Store pentaho-geo-postalcode Spool Thread] but has failed to stop it. This is very likely to create a memory leak.
七月 14, 2017 9:57:21 上午 org.apache.catalina.loader.WebappClassLoader clearReferencesThreads
严重: The web application [/pentaho] appears to have started a thread named [Store org.pentaho.platform.repository.solution.dbbased.RepositoryFile.childrenFiles Spool Thread] but has failed to stop it. This is very likely to create a memory leak.
七月 14, 2017 9:57:21 上午 org.apache.catalina.loader.WebappClassLoader clearReferencesThreads
严重: The web application [/pentaho] appears to have started a thread named [Store pentaho-geo-municipality Spool Thread] but has failed to stop it. This is very likely to create a memory leak.
七月 14, 2017 9:57:21 上午 org.apache.catalina.loader.WebappClassLoader clearReferencesThreads
严重: The web application [/pentaho] appears to have started a thread named [Telemetry Event Sender Thread] but has failed to stop it. This is very likely to create a memory leak.
七月 14, 2017 9:57:21 上午 org.apache.catalina.loader.WebappClassLoader clearReferencesThreads
严重: The web application [/pentaho] appears to have started a thread named [Telemetry Event keeper Thread] but has failed to stop it. This is very likely to create a memory leak.
七月 14, 2017 9:57:21 上午 org.apache.catalina.loader.WebappClassLoader clearThreadLocalMap
严重: The web application [/pentaho] created a ThreadLocal with key of type [null] (value [org.pentaho.platform.plugin.services.pluginmgr.PluginMessageLogger$1@7ab697c8]) and a value of type [java.util.ArrayList] (value [[Discovered plugin cda in cda, Menu addition: cda_refresh - CDA Cache, Menu addition: cda_cacheman - CDA Cache Manager, Content type registered: cda - Data Access, This plugin provides: 2 menu customizations, 1 content types, 1 content generators, 0 overlays, and 1 lifecycle listeners, Discovered plugin cgg in cgg, This plugin provides: 0 menu customizations, 0 content types, 1 content generators, 0 overlays, and 0 lifecycle listeners, Discovered plugin common-ui in common-ui, This plugin provides: 0 menu customizations, 0 content types, 2 content generators, 0 overlays, and 0 lifecycle listeners, Discovered plugin data-access in data-access, This plugin provides: 0 menu customizations, 0 content types, 0 content generators, 0 overlays, and 0 lifecycle listeners, Discovered plugin BI Server default plugin in default-plugin, This plugin provides: 0 menu customizations, 0 content types, 3 content generators, 0 overlays, and 0 lifecycle listeners, Discovered plugin marketplace in marketplace, Menu addition: cda_refresh - Marketplace, This plugin provides: 1 menu customizations, 0 content types, 1 content generators, 1 overlays, and 1 lifecycle listeners, Discovered plugin pentaho-cdf in pentaho-cdf, Content type registered: xcdf - Dashboard, This plugin provides: 0 menu customizations, 1 content types, 1 content generators, 0 overlays, and 1 lifecycle listeners, Discovered plugin pentaho-cdf-dd in pentaho-cdf-dd, Menu addition: wcdf - CDE Dashboard, Content type registered: wcdf - Dashboard Designer, This plugin provides: 1 menu customizations, 1 content types, 1 content generators, 2 overlays, and 1 lifecycle listeners, Discovered plugin reporting in reporting, Content type registered: prpt - Pentaho Report, This plugin provides: 0 menu customizations, 1 content types, 1 content generators, 0 overlays, and 1 lifecycle listeners, Content generator registered: cda for plugin cda, Plugin cda has registered successfully, Content generator registered: cgg for plugin cgg, Plugin cgg has registered successfully, Content generator registered: reposvc for plugin common-ui, Content generator registered: MetadataModelsSvc for plugin common-ui, Plugin common-ui has registered successfully, Plugin data-access has registered successfully, Content generator registered: ws-services for plugin BI Server default plugin, Content generator registered: ws-run for plugin BI Server default plugin, Content generator registered: ws-wsdl for plugin BI Server default plugin, Plugin BI Server default plugin has registered successfully, Content generator registered: marketplace for plugin marketplace, Plugin marketplace has registered successfully, Content generator registered: pentaho-cdf for plugin pentaho-cdf, Plugin pentaho-cdf has registered successfully, Content generator registered: pentaho-cdf-dd for plugin pentaho-cdf-dd, Plugin pentaho-cdf-dd has registered successfully, Content generator registered: reporting for plugin reporting, Plugin reporting has registered successfully, PluginManager.ERROR_0014 - Plugin pentaho-cdf failed to properly unload]]) but failed to remove it when the web application was stopped. This is very likely to create a memory leak.
七月 14, 2017 9:57:21 上午 org.apache.catalina.loader.WebappClassLoader clearThreadLocalMap
严重: The web application [/pentaho] created a ThreadLocal with key of type [java.lang.ThreadLocal] (value [java.lang.ThreadLocal@69a70a68]) and a value of type [org.pentaho.platform.engine.core.system.StandaloneSession] (value [org.pentaho.platform.engine.core.system.StandaloneSession@386cf87d]) but failed to remove it when the web application was stopped. This is very likely to create a memory leak.
七月 14, 2017 9:57:21 上午 org.apache.catalina.loader.WebappClassLoader clearThreadLocalMap
严重: The web application [/pentaho] created a ThreadLocal with key of type [java.lang.ThreadLocal] (value [java.lang.ThreadLocal@559c6808]) and a value of type [org.hibernate.impl.SessionImpl] (value [SessionImpl(<closed>)]) but failed to remove it when the web application was stopped. This is very likely to create a memory leak.
七月 14, 2017 9:57:21 上午 org.apache.catalina.loader.WebappClassLoader clearThreadLocalMap
严重: The web application [/pentaho] created a ThreadLocal with key of type [java.lang.ThreadLocal] (value [java.lang.ThreadLocal@f721121]) and a value of type [org.pentaho.platform.engine.core.system.UserSession] (value [org.pentaho.platform.engine.core.system.UserSession@4d32e2fd]) but failed to remove it when the web application was stopped. This is very likely to create a memory leak.
七月 14, 2017 9:57:21 上午 org.apache.catalina.loader.WebappClassLoader clearThreadLocalMap
严重: The web application [/pentaho] created a ThreadLocal with key of type [java.lang.ThreadLocal] (value [java.lang.ThreadLocal@9c29573]) and a value of type [org.pentaho.platform.engine.security.session.TrustedSystemStartupSession] (value [org.pentaho.platform.engine.security.session.TrustedSystemStartupSession@632ae8e6]) but failed to remove it when the web application was stopped. This is very likely to create a memory leak.
七月 14, 2017 9:57:21 上午 org.apache.catalina.loader.WebappClassLoader clearThreadLocalMap
严重: The web application [/pentaho] created a ThreadLocal with key of type [java.lang.ThreadLocal] (value [java.lang.ThreadLocal@657567c1]) and a value of type [org.hibernate.impl.SessionImpl] (value [SessionImpl(PersistenceContext[entityKeys=[EntityKey[org.pentaho.platform.repository.solution.dbbased.RepositoryFile#3d7ebe36-6125-11e7-bd93-5dbea226cdc0]],collectionKeys=[CollectionKey[org.pentaho.platform.repository.solution.dbbased.RepositoryFile.childrenFiles#3d7ebe36-6125-11e7-bd93-5dbea226cdc0], CollectionKey[org.pentaho.platform.repository.solution.dbbased.RepositoryFile.accessControls#3d7ebe36-6125-11e7-bd93-5dbea226cdc0]]];ActionQueue[insertions=[] updates=[] deletions=[] collectionCreations=[] collectionRemovals=[] collectionUpdates=[]])]) but failed to remove it when the web application was stopped. This is very likely to create a memory leak.
七月 14, 2017 9:57:21 上午 org.apache.catalina.loader.WebappClassLoader clearThreadLocalMap
严重: The web application [/pentaho] created a ThreadLocal with key of type [java.lang.InheritableThreadLocal] (value [java.lang.InheritableThreadLocal@67686158]) and a value of type [org.pentaho.platform.engine.security.session.TrustedSystemStartupSession] (value [org.pentaho.platform.engine.security.session.TrustedSystemStartupSession@6ae84cfa]) but failed to remove it when the web application was stopped. This is very likely to create a memory leak.
七月 14, 2017 9:57:21 上午 org.apache.catalina.loader.WebappClassLoader clearThreadLocalMap
严重: The web application [/pentaho] created a ThreadLocal with key of type [java.lang.InheritableThreadLocal] (value [java.lang.InheritableThreadLocal@67686158]) and a value of type [org.pentaho.platform.engine.security.session.TrustedSystemStartupSession] (value [org.pentaho.platform.engine.security.session.TrustedSystemStartupSession@6ae84cfa]) but failed to remove it when the web application was stopped. This is very likely to create a memory leak.
七月 14, 2017 9:57:21 上午 org.apache.catalina.loader.WebappClassLoader clearThreadLocalMap
严重: The web application [/pentaho] created a ThreadLocal with key of type [java.lang.InheritableThreadLocal] (value [java.lang.InheritableThreadLocal@67686158]) and a value of type [org.pentaho.platform.engine.security.session.TrustedSystemStartupSession] (value [org.pentaho.platform.engine.security.session.TrustedSystemStartupSession@6ae84cfa]) but failed to remove it when the web application was stopped. This is very likely to create a memory leak.
七月 14, 2017 9:57:21 上午 org.apache.catalina.loader.WebappClassLoader clearThreadLocalMap
严重: The web application [/pentaho] created a ThreadLocal with key of type [java.lang.InheritableThreadLocal] (value [java.lang.InheritableThreadLocal@67686158]) and a value of type [org.pentaho.platform.engine.security.session.TrustedSystemStartupSession] (value [org.pentaho.platform.engine.security.session.TrustedSystemStartupSession@6ae84cfa]) but failed to remove it when the web application was stopped. This is very likely to create a memory leak.
七月 14, 2017 9:57:21 上午 org.apache.catalina.loader.WebappClassLoader clearThreadLocalMap
严重: The web application [/pentaho] created a ThreadLocal with key of type [java.lang.InheritableThreadLocal] (value [java.lang.InheritableThreadLocal@67686158]) and a value of type [org.pentaho.platform.engine.security.session.TrustedSystemStartupSession] (value [org.pentaho.platform.engine.security.session.TrustedSystemStartupSession@6ae84cfa]) but failed to remove it when the web application was stopped. This is very likely to create a memory leak.
七月 14, 2017 9:57:21 上午 org.apache.catalina.loader.WebappClassLoader clearThreadLocalMap
严重: The web application [/pentaho] created a ThreadLocal with key of type [java.lang.InheritableThreadLocal] (value [java.lang.InheritableThreadLocal@67686158]) and a value of type [org.pentaho.platform.engine.security.session.TrustedSystemStartupSession] (value [org.pentaho.platform.engine.security.session.TrustedSystemStartupSession@6ae84cfa]) but failed to remove it when the web application was stopped. This is very likely to create a memory leak.
七月 14, 2017 9:57:21 上午 org.apache.catalina.loader.WebappClassLoader clearThreadLocalMap
严重: The web application [/pentaho] created a ThreadLocal with key of type [java.lang.InheritableThreadLocal] (value [java.lang.InheritableThreadLocal@67686158]) and a value of type [org.pentaho.platform.engine.security.session.TrustedSystemStartupSession] (value [org.pentaho.platform.engine.security.session.TrustedSystemStartupSession@6ae84cfa]) but failed to remove it when the web application was stopped. This is very likely to create a memory leak.
七月 14, 2017 9:57:21 上午 org.apache.catalina.loader.WebappClassLoader clearThreadLocalMap
严重: The web application [/pentaho] created a ThreadLocal with key of type [java.lang.InheritableThreadLocal] (value [java.lang.InheritableThreadLocal@67686158]) and a value of type [org.pentaho.platform.engine.security.session.TrustedSystemStartupSession] (value [org.pentaho.platform.engine.security.session.TrustedSystemStartupSession@6ae84cfa]) but failed to remove it when the web application was stopped. This is very likely to create a memory leak.
七月 14, 2017 9:57:21 上午 org.apache.catalina.loader.WebappClassLoader clearThreadLocalMap
严重: The web application [/pentaho] created a ThreadLocal with key of type [java.lang.InheritableThreadLocal] (value [java.lang.InheritableThreadLocal@67686158]) and a value of type [org.pentaho.platform.engine.security.session.TrustedSystemStartupSession] (value [org.pentaho.platform.engine.security.session.TrustedSystemStartupSession@6ae84cfa]) but failed to remove it when the web application was stopped. This is very likely to create a memory leak.
七月 14, 2017 9:57:21 上午 org.apache.catalina.loader.WebappClassLoader clearThreadLocalMap
严重: The web application [/pentaho] created a ThreadLocal with key of type [java.lang.InheritableThreadLocal] (value [java.lang.InheritableThreadLocal@67686158]) and a value of type [org.pentaho.platform.engine.security.session.TrustedSystemStartupSession] (value [org.pentaho.platform.engine.security.session.TrustedSystemStartupSession@6ae84cfa]) but failed to remove it when the web application was stopped. This is very likely to create a memory leak.
七月 14, 2017 9:57:21 上午 org.apache.catalina.loader.WebappClassLoader clearThreadLocalMap
严重: The web application [/pentaho] created a ThreadLocal with key of type [java.lang.InheritableThreadLocal] (value [java.lang.InheritableThreadLocal@67686158]) and a value of type [org.pentaho.platform.engine.security.session.TrustedSystemStartupSession] (value [org.pentaho.platform.engine.security.session.TrustedSystemStartupSession@6ae84cfa]) but failed to remove it when the web application was stopped. This is very likely to create a memory leak.
七月 14, 2017 9:57:21 上午 org.apache.catalina.loader.WebappClassLoader clearThreadLocalMap
严重: The web application [/pentaho] created a ThreadLocal with key of type [java.lang.InheritableThreadLocal] (value [java.lang.InheritableThreadLocal@67686158]) and a value of type [org.pentaho.platform.engine.security.session.TrustedSystemStartupSession] (value [org.pentaho.platform.engine.security.session.TrustedSystemStartupSession@6ae84cfa]) but failed to remove it when the web application was stopped. This is very likely to create a memory leak.
七月 14, 2017 9:57:21 上午 org.apache.catalina.loader.WebappClassLoader clearThreadLocalMap
严重: The web application [/pentaho] created a ThreadLocal with key of type [java.lang.InheritableThreadLocal] (value [java.lang.InheritableThreadLocal@67686158]) and a value of type [org.pentaho.platform.engine.security.session.TrustedSystemStartupSession] (value [org.pentaho.platform.engine.security.session.TrustedSystemStartupSession@6ae84cfa]) but failed to remove it when the web application was stopped. This is very likely to create a memory leak.
七月 14, 2017 9:57:21 上午 org.apache.catalina.loader.WebappClassLoader clearThreadLocalMap
严重: The web application [/pentaho] created a ThreadLocal with key of type [java.lang.InheritableThreadLocal] (value [java.lang.InheritableThreadLocal@67686158]) and a value of type [org.pentaho.platform.engine.security.session.TrustedSystemStartupSession] (value [org.pentaho.platform.engine.security.session.TrustedSystemStartupSession@6ae84cfa]) but failed to remove it when the web application was stopped. This is very likely to create a memory leak.
七月 14, 2017 9:57:21 上午 org.apache.catalina.loader.WebappClassLoader clearThreadLocalMap
严重: The web application [/pentaho] created a ThreadLocal with key of type [java.lang.InheritableThreadLocal] (value [java.lang.InheritableThreadLocal@67686158]) and a value of type [org.pentaho.platform.engine.security.session.TrustedSystemStartupSession] (value [org.pentaho.platform.engine.security.session.TrustedSystemStartupSession@6ae84cfa]) but failed to remove it when the web application was stopped. This is very likely to create a memory leak.
七月 14, 2017 9:57:21 上午 org.apache.catalina.loader.WebappClassLoader clearThreadLocalMap
严重: The web application [/pentaho] created a ThreadLocal with key of type [java.lang.InheritableThreadLocal] (value [java.lang.InheritableThreadLocal@67686158]) and a value of type [org.pentaho.platform.engine.security.session.TrustedSystemStartupSession] (value [org.pentaho.platform.engine.security.session.TrustedSystemStartupSession@6ae84cfa]) but failed to remove it when the web application was stopped. This is very likely to create a memory leak.
七月 14, 2017 9:57:21 上午 org.apache.catalina.loader.WebappClassLoader clearThreadLocalMap
严重: The web application [/pentaho] created a ThreadLocal with key of type [java.lang.InheritableThreadLocal] (value [java.lang.InheritableThreadLocal@67686158]) and a value of type [org.pentaho.platform.engine.security.session.TrustedSystemStartupSession] (value [org.pentaho.platform.engine.security.session.TrustedSystemStartupSession@6ae84cfa]) but failed to remove it when the web application was stopped. This is very likely to create a memory leak.
七月 14, 2017 9:57:21 上午 org.apache.catalina.loader.WebappClassLoader clearThreadLocalMap
严重: The web application [/pentaho] created a ThreadLocal with key of type [java.lang.InheritableThreadLocal] (value [java.lang.InheritableThreadLocal@67686158]) and a value of type [org.pentaho.platform.engine.security.session.TrustedSystemStartupSession] (value [org.pentaho.platform.engine.security.session.TrustedSystemStartupSession@6ae84cfa]) but failed to remove it when the web application was stopped. This is very likely to create a memory leak.
七月 14, 2017 9:57:21 上午 org.apache.catalina.loader.WebappClassLoader clearThreadLocalMap
严重: The web application [/pentaho] created a ThreadLocal with key of type [java.lang.InheritableThreadLocal] (value [java.lang.InheritableThreadLocal@67686158]) and a value of type [org.pentaho.platform.engine.security.session.TrustedSystemStartupSession] (value [org.pentaho.platform.engine.security.session.TrustedSystemStartupSession@6ae84cfa]) but failed to remove it when the web application was stopped. This is very likely to create a memory leak.
七月 14, 2017 9:57:21 上午 org.apache.catalina.loader.WebappClassLoader clearThreadLocalMap
严重: The web application [/pentaho] created a ThreadLocal with key of type [java.lang.InheritableThreadLocal] (value [java.lang.InheritableThreadLocal@67686158]) and a value of type [org.pentaho.platform.engine.security.session.TrustedSystemStartupSession] (value [org.pentaho.platform.engine.security.session.TrustedSystemStartupSession@6ae84cfa]) but failed to remove it when the web application was stopped. This is very likely to create a memory leak.
七月 14, 2017 9:57:21 上午 org.apache.catalina.loader.WebappClassLoader clearThreadLocalMap
严重: The web application [/pentaho] created a ThreadLocal with key of type [java.lang.InheritableThreadLocal] (value [java.lang.InheritableThreadLocal@67686158]) and a value of type [org.pentaho.platform.engine.security.session.TrustedSystemStartupSession] (value [org.pentaho.platform.engine.security.session.TrustedSystemStartupSession@6ae84cfa]) but failed to remove it when the web application was stopped. This is very likely to create a memory leak.
七月 14, 2017 9:57:21 上午 org.apache.catalina.loader.WebappClassLoader clearThreadLocalMap
严重: The web application [/pentaho] created a ThreadLocal with key of type [java.lang.InheritableThreadLocal] (value [java.lang.InheritableThreadLocal@67686158]) and a value of type [org.pentaho.platform.engine.security.session.TrustedSystemStartupSession] (value [org.pentaho.platform.engine.security.session.TrustedSystemStartupSession@6ae84cfa]) but failed to remove it when the web application was stopped. This is very likely to create a memory leak.
七月 14, 2017 9:57:21 上午 org.apache.catalina.loader.WebappClassLoader clearThreadLocalMap
严重: The web application [/pentaho] created a ThreadLocal with key of type [java.lang.InheritableThreadLocal] (value [java.lang.InheritableThreadLocal@67686158]) and a value of type [org.pentaho.platform.engine.security.session.TrustedSystemStartupSession] (value [org.pentaho.platform.engine.security.session.TrustedSystemStartupSession@6ae84cfa]) but failed to remove it when the web application was stopped. This is very likely to create a memory leak.
七月 14, 2017 9:57:21 上午 org.apache.catalina.loader.WebappClassLoader clearThreadLocalMap
严重: The web application [/pentaho] created a ThreadLocal with key of type [java.lang.InheritableThreadLocal] (value [java.lang.InheritableThreadLocal@67686158]) and a value of type [org.pentaho.platform.engine.security.session.TrustedSystemStartupSession] (value [org.pentaho.platform.engine.security.session.TrustedSystemStartupSession@6ae84cfa]) but failed to remove it when the web application was stopped. This is very likely to create a memory leak.
七月 14, 2017 9:57:21 上午 org.apache.catalina.loader.WebappClassLoader clearThreadLocalMap
严重: The web application [/pentaho] created a ThreadLocal with key of type [java.lang.InheritableThreadLocal] (value [java.lang.InheritableThreadLocal@67686158]) and a value of type [org.pentaho.platform.engine.security.session.TrustedSystemStartupSession] (value [org.pentaho.platform.engine.security.session.TrustedSystemStartupSession@6ae84cfa]) but failed to remove it when the web application was stopped. This is very likely to create a memory leak.
七月 14, 2017 9:57:21 上午 org.apache.catalina.loader.WebappClassLoader clearThreadLocalMap
严重: The web application [/pentaho] created a ThreadLocal with key of type [java.lang.InheritableThreadLocal] (value [java.lang.InheritableThreadLocal@67686158]) and a value of type [org.pentaho.platform.engine.security.session.TrustedSystemStartupSession] (value [org.pentaho.platform.engine.security.session.TrustedSystemStartupSession@6ae84cfa]) but failed to remove it when the web application was stopped. This is very likely to create a memory leak.
七月 14, 2017 9:57:21 上午 org.apache.catalina.loader.WebappClassLoader clearThreadLocalMap
严重: The web application [/pentaho] created a ThreadLocal with key of type [java.lang.InheritableThreadLocal] (value [java.lang.InheritableThreadLocal@67686158]) and a value of type [org.pentaho.platform.engine.security.session.TrustedSystemStartupSession] (value [org.pentaho.platform.engine.security.session.TrustedSystemStartupSession@6ae84cfa]) but failed to remove it when the web application was stopped. This is very likely to create a memory leak.
七月 14, 2017 9:57:21 上午 org.apache.catalina.loader.WebappClassLoader clearThreadLocalMap
严重: The web application [/pentaho] created a ThreadLocal with key of type [java.lang.InheritableThreadLocal] (value [java.lang.InheritableThreadLocal@67686158]) and a value of type [org.pentaho.platform.engine.security.session.TrustedSystemStartupSession] (value [org.pentaho.platform.engine.security.session.TrustedSystemStartupSession@6ae84cfa]) but failed to remove it when the web application was stopped. This is very likely to create a memory leak.
七月 14, 2017 9:57:21 上午 org.apache.catalina.loader.WebappClassLoader clearThreadLocalMap
严重: The web application [/pentaho] created a ThreadLocal with key of type [java.lang.InheritableThreadLocal] (value [java.lang.InheritableThreadLocal@67686158]) and a value of type [org.pentaho.platform.engine.security.session.TrustedSystemStartupSession] (value [org.pentaho.platform.engine.security.session.TrustedSystemStartupSession@6ae84cfa]) but failed to remove it when the web application was stopped. This is very likely to create a memory leak.
七月 14, 2017 9:57:21 上午 org.apache.catalina.loader.WebappClassLoader clearThreadLocalMap
严重: The web application [/pentaho] created a ThreadLocal with key of type [java.lang.InheritableThreadLocal] (value [java.lang.InheritableThreadLocal@67686158]) and a value of type [org.pentaho.platform.engine.security.session.TrustedSystemStartupSession] (value [org.pentaho.platform.engine.security.session.TrustedSystemStartupSession@6ae84cfa]) but failed to remove it when the web application was stopped. This is very likely to create a memory leak.
七月 14, 2017 9:57:21 上午 org.apache.catalina.loader.WebappClassLoader clearThreadLocalMap
严重: The web application [/pentaho] created a ThreadLocal with key of type [java.lang.InheritableThreadLocal] (value [java.lang.InheritableThreadLocal@67686158]) and a value of type [org.pentaho.platform.engine.security.session.TrustedSystemStartupSession] (value [org.pentaho.platform.engine.security.session.TrustedSystemStartupSession@6ae84cfa]) but failed to remove it when the web application was stopped. This is very likely to create a memory leak.
七月 14, 2017 9:57:21 上午 org.apache.catalina.loader.WebappClassLoader clearThreadLocalMap
严重: The web application [/pentaho] created a ThreadLocal with key of type [java.lang.InheritableThreadLocal] (value [java.lang.InheritableThreadLocal@67686158]) and a value of type [org.pentaho.platform.engine.security.session.TrustedSystemStartupSession] (value [org.pentaho.platform.engine.security.session.TrustedSystemStartupSession@6ae84cfa]) but failed to remove it when the web application was stopped. This is very likely to create a memory leak.
七月 14, 2017 9:57:21 上午 org.apache.catalina.loader.WebappClassLoader clearThreadLocalMap
严重: The web application [/pentaho] created a ThreadLocal with key of type [java.lang.InheritableThreadLocal] (value [java.lang.InheritableThreadLocal@67686158]) and a value of type [org.pentaho.platform.engine.security.session.TrustedSystemStartupSession] (value [org.pentaho.platform.engine.security.session.TrustedSystemStartupSession@6ae84cfa]) but failed to remove it when the web application was stopped. This is very likely to create a memory leak.
七月 14, 2017 9:57:21 上午 org.apache.catalina.loader.WebappClassLoader clearThreadLocalMap
严重: The web application [/pentaho] created a ThreadLocal with key of type [java.lang.InheritableThreadLocal] (value [java.lang.InheritableThreadLocal@67686158]) and a value of type [org.pentaho.platform.engine.security.session.TrustedSystemStartupSession] (value [org.pentaho.platform.engine.security.session.TrustedSystemStartupSession@6ae84cfa]) but failed to remove it when the web application was stopped. This is very likely to create a memory leak.
七月 14, 2017 9:57:21 上午 org.apache.catalina.loader.WebappClassLoader clearThreadLocalMap
严重: The web application [/pentaho] created a ThreadLocal with key of type [java.lang.InheritableThreadLocal] (value [java.lang.InheritableThreadLocal@67686158]) and a value of type [org.pentaho.platform.engine.security.session.TrustedSystemStartupSession] (value [org.pentaho.platform.engine.security.session.TrustedSystemStartupSession@6ae84cfa]) but failed to remove it when the web application was stopped. This is very likely to create a memory leak.
七月 14, 2017 9:57:21 上午 org.apache.catalina.loader.WebappClassLoader clearThreadLocalMap
严重: The web application [/pentaho] created a ThreadLocal with key of type [java.lang.InheritableThreadLocal] (value [java.lang.InheritableThreadLocal@67686158]) and a value of type [org.pentaho.platform.engine.security.session.TrustedSystemStartupSession] (value [org.pentaho.platform.engine.security.session.TrustedSystemStartupSession@6ae84cfa]) but failed to remove it when the web application was stopped. This is very likely to create a memory leak.
七月 14, 2017 9:57:21 上午 org.apache.catalina.loader.WebappClassLoader clearThreadLocalMap
严重: The web application [/pentaho] created a ThreadLocal with key of type [java.lang.InheritableThreadLocal] (value [java.lang.InheritableThreadLocal@67686158]) and a value of type [org.pentaho.platform.engine.security.session.TrustedSystemStartupSession] (value [org.pentaho.platform.engine.security.session.TrustedSystemStartupSession@6ae84cfa]) but failed to remove it when the web application was stopped. This is very likely to create a memory leak.
七月 14, 2017 9:57:21 上午 org.apache.catalina.loader.WebappClassLoader clearThreadLocalMap
严重: The web application [/pentaho] created a ThreadLocal with key of type [java.lang.InheritableThreadLocal] (value [java.lang.InheritableThreadLocal@67686158]) and a value of type [org.pentaho.platform.engine.security.session.TrustedSystemStartupSession] (value [org.pentaho.platform.engine.security.session.TrustedSystemStartupSession@6ae84cfa]) but failed to remove it when the web application was stopped. This is very likely to create a memory leak.
七月 14, 2017 9:57:21 上午 org.apache.catalina.loader.WebappClassLoader clearThreadLocalMap
严重: The web application [/pentaho] created a ThreadLocal with key of type [java.lang.InheritableThreadLocal] (value [java.lang.InheritableThreadLocal@67686158]) and a value of type [org.pentaho.platform.engine.security.session.TrustedSystemStartupSession] (value [org.pentaho.platform.engine.security.session.TrustedSystemStartupSession@6ae84cfa]) but failed to remove it when the web application was stopped. This is very likely to create a memory leak.
七月 14, 2017 9:57:21 上午 org.apache.catalina.loader.WebappClassLoader clearThreadLocalMap
严重: The web application [/pentaho] created a ThreadLocal with key of type [java.lang.InheritableThreadLocal] (value [java.lang.InheritableThreadLocal@67686158]) and a value of type [org.pentaho.platform.engine.security.session.TrustedSystemStartupSession] (value [org.pentaho.platform.engine.security.session.TrustedSystemStartupSession@6ae84cfa]) but failed to remove it when the web application was stopped. This is very likely to create a memory leak.
七月 14, 2017 9:57:21 上午 org.apache.catalina.loader.WebappClassLoader clearThreadLocalMap
严重: The web application [/pentaho] created a ThreadLocal with key of type [java.lang.InheritableThreadLocal] (value [java.lang.InheritableThreadLocal@67686158]) and a value of type [org.pentaho.platform.engine.security.session.TrustedSystemStartupSession] (value [org.pentaho.platform.engine.security.session.TrustedSystemStartupSession@6ae84cfa]) but failed to remove it when the web application was stopped. This is very likely to create a memory leak.
七月 14, 2017 9:57:21 上午 org.apache.catalina.loader.WebappClassLoader clearThreadLocalMap
严重: The web application [/pentaho] created a ThreadLocal with key of type [java.lang.InheritableThreadLocal] (value [java.lang.InheritableThreadLocal@67686158]) and a value of type [org.pentaho.platform.engine.security.session.TrustedSystemStartupSession] (value [org.pentaho.platform.engine.security.session.TrustedSystemStartupSession@6ae84cfa]) but failed to remove it when the web application was stopped. This is very likely to create a memory leak.
七月 14, 2017 9:57:21 上午 org.apache.catalina.loader.WebappClassLoader clearThreadLocalMap
严重: The web application [/pentaho] created a ThreadLocal with key of type [java.lang.InheritableThreadLocal] (value [java.lang.InheritableThreadLocal@67686158]) and a value of type [org.pentaho.platform.engine.security.session.TrustedSystemStartupSession] (value [org.pentaho.platform.engine.security.session.TrustedSystemStartupSession@6ae84cfa]) but failed to remove it when the web application was stopped. This is very likely to create a memory leak.
七月 14, 2017 9:57:21 上午 org.apache.catalina.loader.WebappClassLoader clearThreadLocalMap
严重: The web application [/pentaho] created a ThreadLocal with key of type [java.lang.InheritableThreadLocal] (value [java.lang.InheritableThreadLocal@67686158]) and a value of type [org.pentaho.platform.engine.security.session.TrustedSystemStartupSession] (value [org.pentaho.platform.engine.security.session.TrustedSystemStartupSession@6ae84cfa]) but failed to remove it when the web application was stopped. This is very likely to create a memory leak.
七月 14, 2017 9:57:21 上午 org.apache.catalina.loader.WebappClassLoader clearThreadLocalMap
严重: The web application [/pentaho] created a ThreadLocal with key of type [java.lang.InheritableThreadLocal] (value [java.lang.InheritableThreadLocal@67686158]) and a value of type [org.pentaho.platform.engine.security.session.TrustedSystemStartupSession] (value [org.pentaho.platform.engine.security.session.TrustedSystemStartupSession@6ae84cfa]) but failed to remove it when the web application was stopped. This is very likely to create a memory leak.
七月 14, 2017 9:57:21 上午 org.apache.catalina.loader.WebappClassLoader clearThreadLocalMap
严重: The web application [/pentaho] created a ThreadLocal with key of type [java.lang.InheritableThreadLocal] (value [java.lang.InheritableThreadLocal@67686158]) and a value of type [org.pentaho.platform.engine.security.session.TrustedSystemStartupSession] (value [org.pentaho.platform.engine.security.session.TrustedSystemStartupSession@6ae84cfa]) but failed to remove it when the web application was stopped. This is very likely to create a memory leak.
七月 14, 2017 9:57:21 上午 org.apache.catalina.loader.WebappClassLoader clearThreadLocalMap
严重: The web application [/pentaho] created a ThreadLocal with key of type [java.lang.InheritableThreadLocal] (value [java.lang.InheritableThreadLocal@67686158]) and a value of type [org.pentaho.platform.engine.security.session.TrustedSystemStartupSession] (value [org.pentaho.platform.engine.security.session.TrustedSystemStartupSession@6ae84cfa]) but failed to remove it when the web application was stopped. This is very likely to create a memory leak.
七月 14, 2017 9:57:21 上午 org.apache.catalina.loader.WebappClassLoader clearThreadLocalMap
严重: The web application [/pentaho] created a ThreadLocal with key of type [java.lang.InheritableThreadLocal] (value [java.lang.InheritableThreadLocal@67686158]) and a value of type [org.pentaho.platform.engine.security.session.TrustedSystemStartupSession] (value [org.pentaho.platform.engine.security.session.TrustedSystemStartupSession@6ae84cfa]) but failed to remove it when the web application was stopped. This is very likely to create a memory leak.
七月 14, 2017 9:57:21 上午 org.apache.catalina.loader.WebappClassLoader clearThreadLocalMap
严重: The web application [/pentaho] created a ThreadLocal with key of type [java.lang.InheritableThreadLocal] (value [java.lang.InheritableThreadLocal@67686158]) and a value of type [org.pentaho.platform.engine.security.session.TrustedSystemStartupSession] (value [org.pentaho.platform.engine.security.session.TrustedSystemStartupSession@6ae84cfa]) but failed to remove it when the web application was stopped. This is very likely to create a memory leak.
七月 14, 2017 9:57:21 上午 org.apache.catalina.loader.WebappClassLoader clearThreadLocalMap
严重: The web application [/pentaho] created a ThreadLocal with key of type [java.lang.InheritableThreadLocal] (value [java.lang.InheritableThreadLocal@67686158]) and a value of type [org.pentaho.platform.engine.security.session.TrustedSystemStartupSession] (value [org.pentaho.platform.engine.security.session.TrustedSystemStartupSession@6ae84cfa]) but failed to remove it when the web application was stopped. This is very likely to create a memory leak.
七月 14, 2017 9:57:21 上午 org.apache.catalina.loader.WebappClassLoader clearThreadLocalMap
严重: The web application [/pentaho] created a ThreadLocal with key of type [java.lang.InheritableThreadLocal] (value [java.lang.InheritableThreadLocal@67686158]) and a value of type [org.pentaho.platform.engine.security.session.TrustedSystemStartupSession] (value [org.pentaho.platform.engine.security.session.TrustedSystemStartupSession@6ae84cfa]) but failed to remove it when the web application was stopped. This is very likely to create a memory leak.
七月 14, 2017 9:57:21 上午 org.apache.catalina.loader.WebappClassLoader clearThreadLocalMap
严重: The web application [/pentaho] created a ThreadLocal with key of type [java.lang.InheritableThreadLocal] (value [java.lang.InheritableThreadLocal@67686158]) and a value of type [org.pentaho.platform.engine.security.session.TrustedSystemStartupSession] (value [org.pentaho.platform.engine.security.session.TrustedSystemStartupSession@6ae84cfa]) but failed to remove it when the web application was stopped. This is very likely to create a memory leak.
七月 14, 2017 9:57:21 上午 org.apache.catalina.loader.WebappClassLoader clearThreadLocalMap
严重: The web application [/pentaho] created a ThreadLocal with key of type [java.lang.InheritableThreadLocal] (value [java.lang.InheritableThreadLocal@67686158]) and a value of type [org.pentaho.platform.engine.security.session.TrustedSystemStartupSession] (value [org.pentaho.platform.engine.security.session.TrustedSystemStartupSession@6ae84cfa]) but failed to remove it when the web application was stopped. This is very likely to create a memory leak.
七月 14, 2017 9:57:21 上午 org.apache.catalina.loader.WebappClassLoader clearThreadLocalMap
严重: The web application [/pentaho] created a ThreadLocal with key of type [java.lang.InheritableThreadLocal] (value [java.lang.InheritableThreadLocal@67686158]) and a value of type [org.pentaho.platform.engine.security.session.TrustedSystemStartupSession] (value [org.pentaho.platform.engine.security.session.TrustedSystemStartupSession@6ae84cfa]) but failed to remove it when the web application was stopped. This is very likely to create a memory leak.
七月 14, 2017 9:57:21 上午 org.apache.catalina.loader.WebappClassLoader clearThreadLocalMap
严重: The web application [/pentaho] created a ThreadLocal with key of type [java.lang.InheritableThreadLocal] (value [java.lang.InheritableThreadLocal@67686158]) and a value of type [org.pentaho.platform.engine.security.session.TrustedSystemStartupSession] (value [org.pentaho.platform.engine.security.session.TrustedSystemStartupSession@6ae84cfa]) but failed to remove it when the web application was stopped. This is very likely to create a memory leak.
七月 14, 2017 9:57:21 上午 org.apache.catalina.loader.WebappClassLoader clearThreadLocalMap
严重: The web application [/pentaho] created a ThreadLocal with key of type [java.lang.InheritableThreadLocal] (value [java.lang.InheritableThreadLocal@67686158]) and a value of type [org.pentaho.platform.engine.security.session.TrustedSystemStartupSession] (value [org.pentaho.platform.engine.security.session.TrustedSystemStartupSession@6ae84cfa]) but failed to remove it when the web application was stopped. This is very likely to create a memory leak.
七月 14, 2017 9:57:21 上午 org.apache.catalina.loader.WebappClassLoader clearThreadLocalMap
严重: The web application [/pentaho] created a ThreadLocal with key of type [java.lang.InheritableThreadLocal] (value [java.lang.InheritableThreadLocal@67686158]) and a value of type [org.pentaho.platform.engine.security.session.TrustedSystemStartupSession] (value [org.pentaho.platform.engine.security.session.TrustedSystemStartupSession@6ae84cfa]) but failed to remove it when the web application was stopped. This is very likely to create a memory leak.
七月 14, 2017 9:57:21 上午 org.apache.catalina.loader.WebappClassLoader clearThreadLocalMap
严重: The web application [/pentaho] created a ThreadLocal with key of type [java.lang.InheritableThreadLocal] (value [java.lang.InheritableThreadLocal@67686158]) and a value of type [org.pentaho.platform.engine.security.session.TrustedSystemStartupSession] (value [org.pentaho.platform.engine.security.session.TrustedSystemStartupSession@6ae84cfa]) but failed to remove it when the web application was stopped. This is very likely to create a memory leak.
七月 14, 2017 9:57:21 上午 org.apache.catalina.loader.WebappClassLoader clearThreadLocalMap
严重: The web application [/pentaho] created a ThreadLocal with key of type [java.lang.InheritableThreadLocal] (value [java.lang.InheritableThreadLocal@67686158]) and a value of type [org.pentaho.platform.engine.security.session.TrustedSystemStartupSession] (value [org.pentaho.platform.engine.security.session.TrustedSystemStartupSession@6ae84cfa]) but failed to remove it when the web application was stopped. This is very likely to create a memory leak.
七月 14, 2017 9:57:21 上午 org.apache.catalina.loader.WebappClassLoader clearThreadLocalMap
严重: The web application [/pentaho] created a ThreadLocal with key of type [java.lang.InheritableThreadLocal] (value [java.lang.InheritableThreadLocal@67686158]) and a value of type [org.pentaho.platform.engine.security.session.TrustedSystemStartupSession] (value [org.pentaho.platform.engine.security.session.TrustedSystemStartupSession@6ae84cfa]) but failed to remove it when the web application was stopped. This is very likely to create a memory leak.
七月 14, 2017 9:57:21 上午 org.apache.catalina.loader.WebappClassLoader clearThreadLocalMap
严重: The web application [/pentaho] created a ThreadLocal with key of type [java.lang.InheritableThreadLocal] (value [java.lang.InheritableThreadLocal@67686158]) and a value of type [org.pentaho.platform.engine.security.session.TrustedSystemStartupSession] (value [org.pentaho.platform.engine.security.session.TrustedSystemStartupSession@6ae84cfa]) but failed to remove it when the web application was stopped. This is very likely to create a memory leak.
七月 14, 2017 9:57:21 上午 org.apache.catalina.loader.WebappClassLoader clearThreadLocalMap
严重: The web application [/pentaho] created a ThreadLocal with key of type [java.lang.InheritableThreadLocal] (value [java.lang.InheritableThreadLocal@67686158]) and a value of type [org.pentaho.platform.engine.security.session.TrustedSystemStartupSession] (value [org.pentaho.platform.engine.security.session.TrustedSystemStartupSession@6ae84cfa]) but failed to remove it when the web application was stopped. This is very likely to create a memory leak.
七月 14, 2017 9:57:21 上午 org.apache.catalina.loader.WebappClassLoader clearThreadLocalMap
严重: The web application [/pentaho] created a ThreadLocal with key of type [java.lang.InheritableThreadLocal] (value [java.lang.InheritableThreadLocal@67686158]) and a value of type [org.pentaho.platform.engine.security.session.TrustedSystemStartupSession] (value [org.pentaho.platform.engine.security.session.TrustedSystemStartupSession@6ae84cfa]) but failed to remove it when the web application was stopped. This is very likely to create a memory leak.
七月 14, 2017 9:57:21 上午 org.apache.catalina.loader.WebappClassLoader clearThreadLocalMap
严重: The web application [/pentaho] created a ThreadLocal with key of type [null] (value [null]) and a value of type [org.pentaho.platform.web.http.session.PentahoHttpSession] (value [org.pentaho.platform.web.http.session.PentahoHttpSession@1f6e0477]) but failed to remove it when the web application was stopped. This is very likely to create a memory leak.
七月 14, 2017 9:57:21 上午 org.apache.catalina.loader.WebappClassLoader clearThreadLocalMap
严重: The web application [/pentaho] created a ThreadLocal with key of type [null] (value [null]) and a value of type [org.pentaho.platform.web.http.session.PentahoHttpSession] (value [org.pentaho.platform.web.http.session.PentahoHttpSession@3f52f7b7]) but failed to remove it when the web application was stopped. This is very likely to create a memory leak.
七月 14, 2017 9:57:21 上午 org.apache.catalina.loader.WebappClassLoader clearThreadLocalMap
严重: The web application [/pentaho] created a ThreadLocal with key of type [null] (value [null]) and a value of type [org.pentaho.platform.engine.core.system.StandaloneSession] (value [org.pentaho.platform.engine.core.system.StandaloneSession@5a4af915]) but failed to remove it when the web application was stopped. This is very likely to create a memory leak.
七月 14, 2017 9:57:21 上午 org.apache.catalina.loader.WebappClassLoader clearThreadLocalMap
严重: The web application [/pentaho] created a ThreadLocal with key of type [null] (value [null]) and a value of type [org.pentaho.platform.web.http.session.PentahoHttpSession] (value [org.pentaho.platform.web.http.session.PentahoHttpSession@3f52f7b7]) but failed to remove it when the web application was stopped. This is very likely to create a memory leak.
七月 14, 2017 9:57:21 上午 org.apache.catalina.loader.WebappClassLoader clearThreadLocalMap
严重: The web application [/pentaho] created a ThreadLocal with key of type [null] (value [null]) and a value of type [org.pentaho.platform.engine.core.system.StandaloneSession] (value [org.pentaho.platform.engine.core.system.StandaloneSession@1374a9a5]) but failed to remove it when the web application was stopped. This is very likely to create a memory leak.
七月 14, 2017 9:57:21 上午 org.apache.catalina.loader.WebappClassLoader clearThreadLocalMap
严重: The web application [/pentaho] created a ThreadLocal with key of type [null] (value [null]) and a value of type [org.pentaho.platform.web.http.session.PentahoHttpSession] (value [org.pentaho.platform.web.http.session.PentahoHttpSession@1f6e0477]) but failed to remove it when the web application was stopped. This is very likely to create a memory leak.
七月 14, 2017 9:57:21 上午 org.apache.catalina.loader.WebappClassLoader clearThreadLocalMap
严重: The web application [/pentaho] created a ThreadLocal with key of type [null] (value [null]) and a value of type [org.pentaho.platform.web.http.session.PentahoHttpSession] (value [org.pentaho.platform.web.http.session.PentahoHttpSession@32ca1919]) but failed to remove it when the web application was stopped. This is very likely to create a memory leak.
七月 14, 2017 9:57:21 上午 org.apache.catalina.loader.WebappClassLoader clearThreadLocalMap
严重: The web application [/pentaho] created a ThreadLocal with key of type [null] (value [null]) and a value of type [org.pentaho.platform.web.http.session.PentahoHttpSession] (value [org.pentaho.platform.web.http.session.PentahoHttpSession@44ce42ab]) but failed to remove it when the web application was stopped. This is very likely to create a memory leak.
七月 14, 2017 9:57:21 上午 org.apache.catalina.loader.WebappClassLoader clearThreadLocalMap
严重: The web application [/pentaho] created a ThreadLocal with key of type [null] (value [null]) and a value of type [org.pentaho.platform.engine.core.system.StandaloneSession] (value [org.pentaho.platform.engine.core.system.StandaloneSession@38071e62]) but failed to remove it when the web application was stopped. This is very likely to create a memory leak.
七月 14, 2017 9:57:21 上午 org.apache.catalina.loader.WebappClassLoader clearThreadLocalMap
严重: The web application [/pentaho] created a ThreadLocal with key of type [null] (value [null]) and a value of type [org.pentaho.platform.web.http.session.PentahoHttpSession] (value [org.pentaho.platform.web.http.session.PentahoHttpSession@44ce42ab]) but failed to remove it when the web application was stopped. This is very likely to create a memory leak.
七月 14, 2017 9:57:21 上午 org.apache.catalina.loader.WebappClassLoader clearThreadLocalMap
严重: The web application [/pentaho] created a ThreadLocal with key of type [null] (value [null]) and a value of type [org.pentaho.platform.web.http.session.PentahoHttpSession] (value [org.pentaho.platform.web.http.session.PentahoHttpSession@3a5c243d]) but failed to remove it when the web application was stopped. This is very likely to create a memory leak.
七月 14, 2017 9:57:23 上午 org.apache.coyote.http11.Http11Protocol destroy
信息: Stopping Coyote HTTP/1.1 on http-8080
七月 14, 2017 9:57:30 上午 org.apache.catalina.core.AprLifecycleListener init
信息: The APR based Apache Tomcat Native library which allows optimal performance in production environments was not found on the java.library.path: D:\JAVA\JDK\bin;C:\Windows\Sun\Java\bin;C:\Windows\system32;C:\Windows;D:\JAVA\JDK\bin;D:\JAVA\JDK\jre\bin;;C:\Windows\system32;C:\Windows;C:\Windows\system32\wbem;C:\Program Files\MySQL\MySQL Utilities 1.6\;C:\Program Files\MySQL\MySQL Server 5.7\bin;C:\Program Files (x86)\StormII\Codec;C:\Program Files (x86)\StormII;.
七月 14, 2017 9:57:30 上午 org.apache.coyote.http11.Http11Protocol init
信息: Initializing Coyote HTTP/1.1 on http-8080
七月 14, 2017 9:57:30 上午 org.apache.catalina.startup.Catalina load
信息: Initialization processed in 562 ms
七月 14, 2017 9:57:31 上午 org.apache.catalina.core.StandardService start
信息: Starting service Catalina
七月 14, 2017 9:57:31 上午 org.apache.catalina.core.StandardEngine start
信息: Starting Servlet Engine: Apache Tomcat/6.0.29
七月 14, 2017 9:57:31 上午 org.apache.catalina.startup.HostConfig deployDescriptor
信息: Deploying configuration descriptor pentaho.xml
七月 14, 2017 9:57:31 上午 org.apache.catalina.startup.ContextConfig validateSecurityRoles
信息: WARNING: Security role name PENTAHO_ADMIN used in an <auth-constraint> without being defined in a <security-role>
七月 14, 2017 9:57:44 上午 org.apache.catalina.startup.HostConfig deployDirectory
信息: Deploying web application directory pentaho-style
七月 14, 2017 9:57:44 上午 org.apache.catalina.startup.HostConfig deployDirectory
信息: Deploying web application directory ROOT
七月 14, 2017 9:57:44 上午 org.apache.catalina.startup.HostConfig deployDirectory
信息: Deploying web application directory sw-style
七月 14, 2017 9:57:44 上午 org.apache.coyote.http11.Http11Protocol start
信息: Starting Coyote HTTP/1.1 on http-8080
七月 14, 2017 9:57:44 上午 org.apache.jk.common.ChannelSocket init
信息: JK: ajp13 listening on /0.0.0.0:8009
七月 14, 2017 9:57:44 上午 org.apache.jk.server.JkMain start
信息: Jk running ID=0 time=0/18  config=null
七月 14, 2017 9:57:44 上午 org.apache.catalina.startup.Catalina start
信息: Server startup in 13378 ms
