五月 16, 2017 10:29:16 上午 org.apache.catalina.core.AprLifecycleListener init
信息: The APR based Apache Tomcat Native library which allows optimal performance in production environments was not found on the java.library.path: C:\Java\jdk1.7.0_40\bin;C:\WINDOWS\Sun\Java\bin;C:\WINDOWS\system32;C:\WINDOWS;C:\Program Files (x86)\Intel\iCLS Client\;C:\Program Files\Intel\iCLS Client\;C:\Windows\system32;C:\Windows;C:\Windows\System32\Wbem;C:\Windows\System32\WindowsPowerShell\v1.0\;C:\Program Files (x86)\Intel\Intel(R) Management Engine Components\DAL;C:\Program Files\Intel\Intel(R) Management Engine Components\DAL;C:\Program Files (x86)\Intel\Intel(R) Management Engine Components\IPT;C:\Program Files\Intel\Intel(R) Management Engine Components\IPT;C:\Program Files\Intel\WiFi\bin\;C:\Program Files\Common Files\Intel\WirelessCommon\;C:\Program Files (x86)\NVIDIA Corporation\PhysX\Common;C:\Program Files\Acer ProShield\;C:\Program Files\Acer ProShield\x86;C:\WINDOWS\system32;C:\WINDOWS;C:\WINDOWS\System32\Wbem;C:\WINDOWS\System32\WindowsPowerShell\v1.0\;C:\Java\jdk1.7.0_40\bin;C:\Java\jdk1.7.0_40\jre\bin;%MySQL_HOME%\bin;C:\Users\zll\AppData\Local\Microsoft\WindowsApps;;.
五月 16, 2017 10:29:16 上午 org.apache.coyote.http11.Http11Protocol init
信息: Initializing Coyote HTTP/1.1 on http-8080
五月 16, 2017 10:29:16 上午 org.apache.catalina.startup.Catalina load
信息: Initialization processed in 380 ms
五月 16, 2017 10:29:16 上午 org.apache.catalina.core.StandardService start
信息: Starting service Catalina
五月 16, 2017 10:29:16 上午 org.apache.catalina.core.StandardEngine start
信息: Starting Servlet Engine: Apache Tomcat/6.0.29
五月 16, 2017 10:29:16 上午 org.apache.catalina.startup.HostConfig deployDescriptor
信息: Deploying configuration descriptor pentaho.xml
五月 16, 2017 10:29:17 上午 org.apache.catalina.startup.ContextConfig validateSecurityRoles
信息: WARNING: Security role name PENTAHO_ADMIN used in an <auth-constraint> without being defined in a <security-role>
五月 16, 2017 10:29:31 上午 org.apache.catalina.core.AprLifecycleListener init
信息: The APR based Apache Tomcat Native library which allows optimal performance in production environments was not found on the java.library.path: C:\Java\jdk1.7.0_40\bin;C:\WINDOWS\Sun\Java\bin;C:\WINDOWS\system32;C:\WINDOWS;C:\Program Files (x86)\Intel\iCLS Client\;C:\Program Files\Intel\iCLS Client\;C:\Windows\system32;C:\Windows;C:\Windows\System32\Wbem;C:\Windows\System32\WindowsPowerShell\v1.0\;C:\Program Files (x86)\Intel\Intel(R) Management Engine Components\DAL;C:\Program Files\Intel\Intel(R) Management Engine Components\DAL;C:\Program Files (x86)\Intel\Intel(R) Management Engine Components\IPT;C:\Program Files\Intel\Intel(R) Management Engine Components\IPT;C:\Program Files\Intel\WiFi\bin\;C:\Program Files\Common Files\Intel\WirelessCommon\;C:\Program Files (x86)\NVIDIA Corporation\PhysX\Common;C:\Program Files\Acer ProShield\;C:\Program Files\Acer ProShield\x86;C:\WINDOWS\system32;C:\WINDOWS;C:\WINDOWS\System32\Wbem;C:\WINDOWS\System32\WindowsPowerShell\v1.0\;C:\Java\jdk1.7.0_40\bin;C:\Java\jdk1.7.0_40\jre\bin;%MySQL_HOME%\bin;C:\Users\zll\AppData\Local\Microsoft\WindowsApps;;.
五月 16, 2017 10:29:31 上午 org.apache.coyote.http11.Http11Protocol init
信息: Initializing Coyote HTTP/1.1 on http-8080
五月 16, 2017 10:29:31 上午 org.apache.catalina.startup.Catalina load
信息: Initialization processed in 414 ms
五月 16, 2017 10:29:31 上午 org.apache.catalina.core.StandardService start
信息: Starting service Catalina
五月 16, 2017 10:29:31 上午 org.apache.catalina.core.StandardEngine start
信息: Starting Servlet Engine: Apache Tomcat/6.0.29
五月 16, 2017 10:29:31 上午 org.apache.catalina.startup.HostConfig deployDescriptor
信息: Deploying configuration descriptor pentaho.xml
五月 16, 2017 10:29:32 上午 org.apache.catalina.startup.ContextConfig validateSecurityRoles
信息: WARNING: Security role name PENTAHO_ADMIN used in an <auth-constraint> without being defined in a <security-role>
五月 16, 2017 10:29:44 上午 org.apache.catalina.startup.HostConfig deployDirectory
信息: Deploying web application directory ChartBase
五月 16, 2017 10:29:44 上午 org.apache.catalina.startup.HostConfig deployDirectory
信息: Deploying web application directory pentaho-style
五月 16, 2017 10:29:44 上午 org.apache.catalina.startup.HostConfig deployDirectory
信息: Deploying web application directory ROOT
五月 16, 2017 10:29:44 上午 org.apache.catalina.startup.HostConfig deployDirectory
信息: Deploying web application directory sw-style
五月 16, 2017 10:29:44 上午 org.apache.coyote.http11.Http11Protocol start
信息: Starting Coyote HTTP/1.1 on http-8080
五月 16, 2017 10:29:44 上午 org.apache.jk.common.ChannelSocket init
信息: JK: ajp13 listening on /0.0.0.0:8009
五月 16, 2017 10:29:44 上午 org.apache.jk.server.JkMain start
信息: Jk running ID=0 time=0/17  config=null
五月 16, 2017 10:29:44 上午 org.apache.catalina.startup.Catalina start
信息: Server startup in 12791 ms
五月 16, 2017 6:43:42 下午 org.apache.catalina.core.AprLifecycleListener init
信息: The APR based Apache Tomcat Native library which allows optimal performance in production environments was not found on the java.library.path: D:\JAVA\JDK\bin;C:\Windows\Sun\Java\bin;C:\Windows\system32;C:\Windows;D:\JAVA\JDK\bin;D:\JAVA\JDK\jre\bin;;C:\Windows\system32;C:\Windows;C:\Windows\system32\wbem;C:\Program Files (x86)\StormII\Codec;C:\Program Files (x86)\StormII;.
五月 16, 2017 6:43:42 下午 org.apache.coyote.http11.Http11Protocol init
信息: Initializing Coyote HTTP/1.1 on http-8080
五月 16, 2017 6:43:42 下午 org.apache.catalina.startup.Catalina load
信息: Initialization processed in 804 ms
五月 16, 2017 6:43:42 下午 org.apache.catalina.core.StandardService start
信息: Starting service Catalina
五月 16, 2017 6:43:42 下午 org.apache.catalina.core.StandardEngine start
信息: Starting Servlet Engine: Apache Tomcat/6.0.29
五月 16, 2017 6:43:42 下午 org.apache.catalina.startup.HostConfig deployDescriptor
信息: Deploying configuration descriptor pentaho.xml
五月 16, 2017 6:43:43 下午 org.apache.catalina.startup.ContextConfig validateSecurityRoles
信息: WARNING: Security role name PENTAHO_ADMIN used in an <auth-constraint> without being defined in a <security-role>
五月 16, 2017 6:46:06 下午 org.apache.catalina.core.AprLifecycleListener init
信息: The APR based Apache Tomcat Native library which allows optimal performance in production environments was not found on the java.library.path: D:\JAVA\JDK\bin;C:\Windows\Sun\Java\bin;C:\Windows\system32;C:\Windows;D:\JAVA\JDK\bin;D:\JAVA\JDK\jre\bin;;C:\Windows\system32;C:\Windows;C:\Windows\system32\wbem;C:\Program Files (x86)\StormII\Codec;C:\Program Files (x86)\StormII;.
五月 16, 2017 6:46:06 下午 org.apache.coyote.http11.Http11Protocol init
信息: Initializing Coyote HTTP/1.1 on http-8080
五月 16, 2017 6:46:06 下午 org.apache.catalina.startup.Catalina load
信息: Initialization processed in 538 ms
五月 16, 2017 6:46:06 下午 org.apache.catalina.core.StandardService start
信息: Starting service Catalina
五月 16, 2017 6:46:06 下午 org.apache.catalina.core.StandardEngine start
信息: Starting Servlet Engine: Apache Tomcat/6.0.29
五月 16, 2017 6:46:06 下午 org.apache.catalina.startup.HostConfig deployDescriptor
信息: Deploying configuration descriptor pentaho.xml
五月 16, 2017 6:46:07 下午 org.apache.catalina.startup.ContextConfig validateSecurityRoles
信息: WARNING: Security role name PENTAHO_ADMIN used in an <auth-constraint> without being defined in a <security-role>
五月 16, 2017 6:46:21 下午 org.apache.catalina.startup.HostConfig deployDirectory
信息: Deploying web application directory ChartBase
五月 16, 2017 6:46:21 下午 org.apache.catalina.startup.HostConfig deployDirectory
信息: Deploying web application directory pentaho-style
五月 16, 2017 6:46:21 下午 org.apache.catalina.startup.HostConfig deployDirectory
信息: Deploying web application directory ROOT
五月 16, 2017 6:46:21 下午 org.apache.catalina.startup.HostConfig deployDirectory
信息: Deploying web application directory sw-style
五月 16, 2017 6:46:21 下午 org.apache.coyote.http11.Http11Protocol start
信息: Starting Coyote HTTP/1.1 on http-8080
五月 16, 2017 6:46:21 下午 org.apache.jk.common.ChannelSocket init
信息: JK: ajp13 listening on /0.0.0.0:8009
五月 16, 2017 6:46:21 下午 org.apache.jk.server.JkMain start
信息: Jk running ID=0 time=0/25  config=null
五月 16, 2017 6:46:21 下午 org.apache.catalina.startup.Catalina start
信息: Server startup in 15223 ms
五月 16, 2017 7:29:02 下午 org.apache.catalina.core.AprLifecycleListener init
信息: The APR based Apache Tomcat Native library which allows optimal performance in production environments was not found on the java.library.path: D:\JAVA\JDK\bin;C:\Windows\Sun\Java\bin;C:\Windows\system32;C:\Windows;D:\JAVA\JDK\bin;D:\JAVA\JDK\jre\bin;;C:\Windows\system32;C:\Windows;C:\Windows\system32\wbem;C:\Program Files (x86)\StormII\Codec;C:\Program Files (x86)\StormII;.
五月 16, 2017 7:29:03 下午 org.apache.coyote.http11.Http11Protocol init
信息: Initializing Coyote HTTP/1.1 on http-8080
五月 16, 2017 7:29:03 下午 org.apache.catalina.startup.Catalina load
信息: Initialization processed in 650 ms
五月 16, 2017 7:29:03 下午 org.apache.catalina.core.StandardService start
信息: Starting service Catalina
五月 16, 2017 7:29:03 下午 org.apache.catalina.core.StandardEngine start
信息: Starting Servlet Engine: Apache Tomcat/6.0.29
五月 16, 2017 7:29:03 下午 org.apache.catalina.startup.HostConfig deployDescriptor
信息: Deploying configuration descriptor pentaho.xml
五月 16, 2017 7:29:04 下午 org.apache.catalina.startup.ContextConfig validateSecurityRoles
信息: WARNING: Security role name PENTAHO_ADMIN used in an <auth-constraint> without being defined in a <security-role>
五月 16, 2017 7:29:17 下午 org.apache.catalina.startup.HostConfig deployDirectory
信息: Deploying web application directory ChartBase
五月 16, 2017 7:29:17 下午 org.apache.catalina.startup.HostConfig deployDirectory
信息: Deploying web application directory pentaho-style
五月 16, 2017 7:29:17 下午 org.apache.catalina.startup.HostConfig deployDirectory
信息: Deploying web application directory ROOT
五月 16, 2017 7:29:17 下午 org.apache.catalina.startup.HostConfig deployDirectory
信息: Deploying web application directory sw-style
五月 16, 2017 7:29:17 下午 org.apache.coyote.http11.Http11Protocol start
信息: Starting Coyote HTTP/1.1 on http-8080
五月 16, 2017 7:29:18 下午 org.apache.jk.common.ChannelSocket init
信息: JK: ajp13 listening on /0.0.0.0:8009
五月 16, 2017 7:29:18 下午 org.apache.jk.server.JkMain start
信息: Jk running ID=0 time=0/23  config=null
五月 16, 2017 7:29:18 下午 org.apache.catalina.startup.Catalina start
信息: Server startup in 14909 ms
五月 16, 2017 7:34:01 下午 org.apache.catalina.startup.Catalina stopServer
严重: Catalina.stop: 
java.net.ConnectException: Connection refused: connect
	at java.net.DualStackPlainSocketImpl.connect0(Native Method)
	at java.net.DualStackPlainSocketImpl.socketConnect(DualStackPlainSocketImpl.java:79)
	at java.net.AbstractPlainSocketImpl.doConnect(AbstractPlainSocketImpl.java:339)
	at java.net.AbstractPlainSocketImpl.connectToAddress(AbstractPlainSocketImpl.java:200)
	at java.net.AbstractPlainSocketImpl.connect(AbstractPlainSocketImpl.java:182)
	at java.net.PlainSocketImpl.connect(PlainSocketImpl.java:172)
	at java.net.SocksSocketImpl.connect(SocksSocketImpl.java:392)
	at java.net.Socket.connect(Socket.java:579)
	at java.net.Socket.connect(Socket.java:528)
	at java.net.Socket.<init>(Socket.java:425)
	at java.net.Socket.<init>(Socket.java:208)
	at org.apache.catalina.startup.Catalina.stopServer(Catalina.java:408)
	at sun.reflect.NativeMethodAccessorImpl.invoke0(Native Method)
	at sun.reflect.NativeMethodAccessorImpl.invoke(NativeMethodAccessorImpl.java:57)
	at sun.reflect.DelegatingMethodAccessorImpl.invoke(DelegatingMethodAccessorImpl.java:43)
	at java.lang.reflect.Method.invoke(Method.java:606)
	at org.apache.catalina.startup.Bootstrap.stopServer(Bootstrap.java:338)
	at org.apache.catalina.startup.Bootstrap.main(Bootstrap.java:416)

五月 16, 2017 7:34:04 下午 org.apache.catalina.core.AprLifecycleListener init
信息: The APR based Apache Tomcat Native library which allows optimal performance in production environments was not found on the java.library.path: D:\JAVA\JDK\bin;C:\Windows\Sun\Java\bin;C:\Windows\system32;C:\Windows;D:\JAVA\JDK\bin;D:\JAVA\JDK\jre\bin;;C:\Windows\system32;C:\Windows;C:\Windows\system32\wbem;C:\Program Files (x86)\StormII\Codec;C:\Program Files (x86)\StormII;.
五月 16, 2017 7:34:04 下午 org.apache.coyote.http11.Http11Protocol init
信息: Initializing Coyote HTTP/1.1 on http-8080
五月 16, 2017 7:34:04 下午 org.apache.catalina.startup.Catalina load
信息: Initialization processed in 723 ms
五月 16, 2017 7:34:04 下午 org.apache.catalina.core.StandardService start
信息: Starting service Catalina
五月 16, 2017 7:34:04 下午 org.apache.catalina.core.StandardEngine start
信息: Starting Servlet Engine: Apache Tomcat/6.0.29
五月 16, 2017 7:34:04 下午 org.apache.catalina.startup.HostConfig deployDescriptor
信息: Deploying configuration descriptor pentaho.xml
五月 16, 2017 7:34:05 下午 org.apache.catalina.startup.ContextConfig validateSecurityRoles
信息: WARNING: Security role name PENTAHO_ADMIN used in an <auth-constraint> without being defined in a <security-role>
五月 16, 2017 7:34:19 下午 org.apache.catalina.startup.HostConfig deployDirectory
信息: Deploying web application directory ChartBase
五月 16, 2017 7:34:19 下午 org.apache.catalina.startup.HostConfig deployDirectory
信息: Deploying web application directory pentaho-style
五月 16, 2017 7:34:19 下午 org.apache.catalina.startup.HostConfig deployDirectory
信息: Deploying web application directory ROOT
五月 16, 2017 7:34:19 下午 org.apache.catalina.startup.HostConfig deployDirectory
信息: Deploying web application directory sw-style
五月 16, 2017 7:34:19 下午 org.apache.coyote.http11.Http11Protocol start
信息: Starting Coyote HTTP/1.1 on http-8080
五月 16, 2017 7:34:19 下午 org.apache.jk.common.ChannelSocket init
信息: JK: ajp13 listening on /0.0.0.0:8009
五月 16, 2017 7:34:19 下午 org.apache.jk.server.JkMain start
信息: Jk running ID=0 time=1/18  config=null
五月 16, 2017 7:34:19 下午 org.apache.catalina.startup.Catalina start
信息: Server startup in 14868 ms
五月 16, 2017 7:46:49 下午 org.apache.catalina.core.AprLifecycleListener init
信息: The APR based Apache Tomcat Native library which allows optimal performance in production environments was not found on the java.library.path: D:\JAVA\JDK\bin;C:\Windows\Sun\Java\bin;C:\Windows\system32;C:\Windows;D:\JAVA\JDK\bin;D:\JAVA\JDK\jre\bin;;C:\Windows\system32;C:\Windows;C:\Windows\system32\wbem;C:\Program Files (x86)\StormII\Codec;C:\Program Files (x86)\StormII;.
五月 16, 2017 7:46:49 下午 org.apache.coyote.http11.Http11Protocol init
信息: Initializing Coyote HTTP/1.1 on http-8080
五月 16, 2017 7:46:49 下午 org.apache.catalina.startup.Catalina load
信息: Initialization processed in 650 ms
五月 16, 2017 7:46:50 下午 org.apache.catalina.core.StandardService start
信息: Starting service Catalina
五月 16, 2017 7:46:50 下午 org.apache.catalina.core.StandardEngine start
信息: Starting Servlet Engine: Apache Tomcat/6.0.29
五月 16, 2017 7:46:50 下午 org.apache.catalina.startup.HostConfig deployDescriptor
信息: Deploying configuration descriptor pentaho.xml
五月 16, 2017 7:46:50 下午 org.apache.catalina.startup.ContextConfig validateSecurityRoles
信息: WARNING: Security role name PENTAHO_ADMIN used in an <auth-constraint> without being defined in a <security-role>
五月 16, 2017 7:47:04 下午 org.apache.catalina.startup.HostConfig deployDirectory
信息: Deploying web application directory ChartBase
五月 16, 2017 7:47:05 下午 org.apache.catalina.startup.HostConfig deployDirectory
信息: Deploying web application directory pentaho-style
五月 16, 2017 7:47:05 下午 org.apache.catalina.startup.HostConfig deployDirectory
信息: Deploying web application directory ROOT
五月 16, 2017 7:47:05 下午 org.apache.catalina.startup.HostConfig deployDirectory
信息: Deploying web application directory sw-style
五月 16, 2017 7:47:05 下午 org.apache.coyote.http11.Http11Protocol start
信息: Starting Coyote HTTP/1.1 on http-8080
五月 16, 2017 7:47:05 下午 org.apache.jk.common.ChannelSocket init
信息: JK: ajp13 listening on /0.0.0.0:8009
五月 16, 2017 7:47:05 下午 org.apache.jk.server.JkMain start
信息: Jk running ID=0 time=0/24  config=null
五月 16, 2017 7:47:05 下午 org.apache.catalina.startup.Catalina start
信息: Server startup in 15549 ms
