七月 04, 2017 9:51:58 上午 org.apache.catalina.core.AprLifecycleListener init
信息: The APR based Apache Tomcat Native library which allows optimal performance in production environments was not found on the java.library.path: D:\JAVA\JDK\bin;C:\Windows\Sun\Java\bin;C:\Windows\system32;C:\Windows;D:\JAVA\JDK\bin;D:\JAVA\JDK\jre\bin;;C:\Windows\system32;C:\Windows;C:\Windows\system32\wbem;C:\Program Files (x86)\StormII\Codec;C:\Program Files (x86)\StormII;.
七月 04, 2017 9:51:58 上午 org.apache.coyote.http11.Http11Protocol init
信息: Initializing Coyote HTTP/1.1 on http-8080
七月 04, 2017 9:51:58 上午 org.apache.catalina.startup.Catalina load
信息: Initialization processed in 1227 ms
七月 04, 2017 9:51:58 上午 org.apache.catalina.core.StandardService start
信息: Starting service Catalina
七月 04, 2017 9:51:58 上午 org.apache.catalina.core.StandardEngine start
信息: Starting Servlet Engine: Apache Tomcat/6.0.29
七月 04, 2017 9:51:59 上午 org.apache.catalina.startup.HostConfig deployDescriptor
信息: Deploying configuration descriptor pentaho.xml
七月 04, 2017 9:52:01 上午 org.apache.catalina.startup.ContextConfig validateSecurityRoles
信息: WARNING: Security role name PENTAHO_ADMIN used in an <auth-constraint> without being defined in a <security-role>
七月 04, 2017 9:52:25 上午 com.sun.jersey.api.core.PackagesResourceConfig init
信息: Scanning for root resource and provider classes in the packages:
  org.saiku.web
七月 04, 2017 9:52:25 上午 com.sun.jersey.api.core.ScanningResourceConfig logClasses
信息: Root resource classes found:
  class org.saiku.web.rest.resources.BasicRepositoryResource
  class org.saiku.web.rest.resources.InfoResource
  class org.saiku.web.rest.resources.ExporterResource
  class org.saiku.web.rest.resources.BasicTagRepositoryResource
  class org.saiku.web.rest.resources.BasicRepositoryResource2
  class org.saiku.web.rest.resources.SessionResource
  class org.saiku.web.rest.resources.FilterRepositoryResource
  class org.saiku.web.rest.resources.QueryResource
  class org.saiku.web.rest.resources.DataSourceResource
  class org.saiku.web.rest.resources.OlapDiscoverResource
  class org.saiku.web.rest.resources.StatisticsResource
七月 04, 2017 9:52:25 上午 com.sun.jersey.api.core.ScanningResourceConfig init
信息: No provider classes found.
七月 04, 2017 9:52:25 上午 org.codehaus.enunciate.modules.jersey.EnunciateJerseyServletContainer configure
信息: org.codehaus.enunciate.modules.amf.JAXRSProvider not found.
七月 04, 2017 9:52:25 上午 com.sun.jersey.spi.spring.container.SpringComponentProviderFactory registerSpringBeans
信息: Registering Spring bean, datasourceResourceBean, of type org.saiku.web.rest.resources.DataSourceResource as a root resource class
七月 04, 2017 9:52:25 上午 com.sun.jersey.spi.spring.container.SpringComponentProviderFactory registerSpringBeans
信息: Registering Spring bean, olapDiscoverBean, of type org.saiku.web.rest.resources.OlapDiscoverResource as a root resource class
七月 04, 2017 9:52:25 上午 com.sun.jersey.spi.spring.container.SpringComponentProviderFactory registerSpringBeans
信息: Registering Spring bean, queryResource, of type org.saiku.web.rest.resources.QueryResource as a root resource class
七月 04, 2017 9:52:25 上午 com.sun.jersey.spi.spring.container.SpringComponentProviderFactory registerSpringBeans
信息: Registering Spring bean, sessionResource, of type org.saiku.web.rest.resources.SessionResource as a root resource class
七月 04, 2017 9:52:25 上午 com.sun.jersey.spi.spring.container.SpringComponentProviderFactory registerSpringBeans
信息: Registering Spring bean, repositoryBean, of type org.saiku.plugin.resources.PentahoRepositoryResource as a root resource class
七月 04, 2017 9:52:25 上午 com.sun.jersey.spi.spring.container.SpringComponentProviderFactory registerSpringBeans
信息: Registering Spring bean, repositoryBean2, of type org.saiku.plugin.resources.PentahoRepositoryResource2 as a root resource class
七月 04, 2017 9:52:25 上午 com.sun.jersey.spi.spring.container.SpringComponentProviderFactory registerSpringBeans
信息: Registering Spring bean, pluginResource, of type org.saiku.plugin.resources.PluginResource as a root resource class
七月 04, 2017 9:52:25 上午 com.sun.jersey.spi.spring.container.SpringComponentProviderFactory registerSpringBeans
信息: Registering Spring bean, exporterBean, of type org.saiku.web.rest.resources.ExporterResource as a root resource class
七月 04, 2017 9:52:25 上午 com.sun.jersey.server.impl.application.WebApplicationImpl _initiate
信息: Initiating Jersey application, version 'Jersey: 1.11 12/09/2011 10:27 AM'
七月 04, 2017 9:52:28 上午 org.apache.catalina.startup.HostConfig deployDirectory
信息: Deploying web application directory ChartBase
七月 04, 2017 9:52:29 上午 org.apache.catalina.startup.HostConfig deployDirectory
信息: Deploying web application directory pentaho-style
七月 04, 2017 9:52:29 上午 org.apache.catalina.startup.HostConfig deployDirectory
信息: Deploying web application directory ROOT
七月 04, 2017 9:52:29 上午 org.apache.catalina.startup.HostConfig deployDirectory
信息: Deploying web application directory sw-style
七月 04, 2017 9:52:29 上午 org.apache.coyote.http11.Http11Protocol start
信息: Starting Coyote HTTP/1.1 on http-8080
七月 04, 2017 9:52:29 上午 org.apache.jk.common.ChannelSocket init
信息: JK: ajp13 listening on /0.0.0.0:8009
七月 04, 2017 9:52:29 上午 org.apache.jk.server.JkMain start
信息: Jk running ID=0 time=0/62  config=null
七月 04, 2017 9:52:29 上午 org.apache.catalina.startup.Catalina start
信息: Server startup in 30719 ms
七月 04, 2017 10:08:21 上午 org.apache.tomcat.util.http.Parameters processParameters
警告: Parameters: Character decoding failed. Parameter 'j_username' with value '1%'and'%'='' has been ignored. Note that the name and value quoted here may corrupted due to the failed decoding. Use debug level logging to see the original, non-corrupted values.
七月 04, 2017 10:08:21 上午 org.apache.tomcat.util.http.Parameters processParameters
警告: Parameters: Character decoding failed. Parameter 'j_username' with value '1%'and'1'='' has been ignored. Note that the name and value quoted here may corrupted due to the failed decoding. Use debug level logging to see the original, non-corrupted values.
七月 04, 2017 10:08:21 上午 org.apache.tomcat.util.http.Parameters processParameters
警告: Parameters: Character decoding failed. Parameter 'j_password' with value '1%'and'%'='' has been ignored. Note that the name and value quoted here may corrupted due to the failed decoding. Use debug level logging to see the original, non-corrupted values.
七月 04, 2017 10:08:21 上午 org.apache.tomcat.util.http.Parameters processParameters
警告: Parameters: Character decoding failed. Parameter 'j_password' with value '1%'and'1'='' has been ignored. Note that the name and value quoted here may corrupted due to the failed decoding. Use debug level logging to see the original, non-corrupted values.
七月 04, 2017 10:08:22 上午 org.apache.tomcat.util.http.Parameters processParameters
警告: Parameters: Character decoding failed. Parameter 'locale' with value '1%'and'%'='' has been ignored. Note that the name and value quoted here may corrupted due to the failed decoding. Use debug level logging to see the original, non-corrupted values.
七月 04, 2017 10:08:22 上午 org.apache.tomcat.util.http.Parameters processParameters
警告: Parameters: Character decoding failed. Parameter 'locale' with value '1%'and'1'='' has been ignored. Note that the name and value quoted here may corrupted due to the failed decoding. Use debug level logging to see the original, non-corrupted values.
七月 04, 2017 10:08:25 上午 org.apache.tomcat.util.http.Parameters processParameters
警告: Parameters: Invalid chunk '' ignored.
七月 04, 2017 10:08:25 上午 org.apache.tomcat.util.http.Parameters processParameters
警告: Parameters: Invalid chunk '' ignored.
七月 04, 2017 10:08:25 上午 org.apache.tomcat.util.http.Parameters processParameters
警告: Parameters: Invalid chunk '' ignored.
七月 04, 2017 10:08:25 上午 org.apache.tomcat.util.http.Parameters processParameters
警告: Parameters: Invalid chunk '' ignored.
七月 04, 2017 10:08:25 上午 org.apache.tomcat.util.http.Parameters processParameters
警告: Parameters: Invalid chunk '' ignored.
七月 04, 2017 10:08:25 上午 org.apache.tomcat.util.http.Parameters processParameters
警告: Parameters: Invalid chunk '' ignored.
七月 04, 2017 10:08:25 上午 org.apache.tomcat.util.http.Parameters processParameters
警告: Parameters: Invalid chunk '' ignored.
七月 04, 2017 10:08:25 上午 org.apache.tomcat.util.http.Parameters processParameters
警告: Parameters: Invalid chunk '' ignored.
七月 04, 2017 10:08:25 上午 org.apache.tomcat.util.http.Parameters processParameters
警告: Parameters: Invalid chunk '' ignored.
七月 04, 2017 10:08:25 上午 org.apache.tomcat.util.http.Parameters processParameters
警告: Parameters: Invalid chunk '' ignored.
七月 04, 2017 10:08:25 上午 org.apache.tomcat.util.http.Parameters processParameters
警告: Parameters: Invalid chunk '' ignored.
七月 04, 2017 10:08:25 上午 org.apache.tomcat.util.http.Parameters processParameters
警告: Parameters: Invalid chunk '' ignored.
七月 04, 2017 10:08:25 上午 org.apache.tomcat.util.http.Parameters processParameters
警告: Parameters: Invalid chunk '' ignored.
七月 04, 2017 10:08:30 上午 org.apache.jk.common.MsgAjp processHeader
严重: BAD packet signature 18245
七月 04, 2017 10:08:30 上午 org.apache.jk.common.ChannelSocket processConnection
严重: Error, processing connection
java.lang.IndexOutOfBoundsException
	at java.io.BufferedInputStream.read(BufferedInputStream.java:327)
	at org.apache.jk.common.ChannelSocket.read(ChannelSocket.java:626)
	at org.apache.jk.common.ChannelSocket.receive(ChannelSocket.java:583)
	at org.apache.jk.common.ChannelSocket.processConnection(ChannelSocket.java:691)
	at org.apache.jk.common.ChannelSocket$SocketConnection.runIt(ChannelSocket.java:896)
	at org.apache.tomcat.util.threads.ThreadPool$ControlRunnable.run(ThreadPool.java:690)
	at java.lang.Thread.run(Thread.java:745)

七月 04, 2017 10:08:59 上午 org.apache.jk.common.MsgAjp processHeader
严重: BAD packet signature 18245
七月 04, 2017 10:08:59 上午 org.apache.jk.common.ChannelSocket processConnection
严重: Error, processing connection
java.lang.IndexOutOfBoundsException
	at java.io.BufferedInputStream.read(BufferedInputStream.java:327)
	at org.apache.jk.common.ChannelSocket.read(ChannelSocket.java:626)
	at org.apache.jk.common.ChannelSocket.receive(ChannelSocket.java:583)
	at org.apache.jk.common.ChannelSocket.processConnection(ChannelSocket.java:691)
	at org.apache.jk.common.ChannelSocket$SocketConnection.runIt(ChannelSocket.java:896)
	at org.apache.tomcat.util.threads.ThreadPool$ControlRunnable.run(ThreadPool.java:690)
	at java.lang.Thread.run(Thread.java:745)

七月 04, 2017 10:11:26 上午 org.apache.jk.common.MsgAjp processHeader
严重: BAD packet signature 18245
七月 04, 2017 10:11:26 上午 org.apache.jk.common.ChannelSocket processConnection
严重: Error, processing connection
java.lang.IndexOutOfBoundsException
	at java.io.BufferedInputStream.read(BufferedInputStream.java:327)
	at org.apache.jk.common.ChannelSocket.read(ChannelSocket.java:626)
	at org.apache.jk.common.ChannelSocket.receive(ChannelSocket.java:583)
	at org.apache.jk.common.ChannelSocket.processConnection(ChannelSocket.java:691)
	at org.apache.jk.common.ChannelSocket$SocketConnection.runIt(ChannelSocket.java:896)
	at org.apache.tomcat.util.threads.ThreadPool$ControlRunnable.run(ThreadPool.java:690)
	at java.lang.Thread.run(Thread.java:745)

七月 04, 2017 10:12:17 上午 org.apache.jk.common.MsgAjp processHeader
严重: BAD packet signature 18501
七月 04, 2017 10:12:17 上午 org.apache.jk.common.ChannelSocket processConnection
严重: Error, processing connection
java.lang.IndexOutOfBoundsException
	at java.io.BufferedInputStream.read(BufferedInputStream.java:327)
	at org.apache.jk.common.ChannelSocket.read(ChannelSocket.java:626)
	at org.apache.jk.common.ChannelSocket.receive(ChannelSocket.java:583)
	at org.apache.jk.common.ChannelSocket.processConnection(ChannelSocket.java:691)
	at org.apache.jk.common.ChannelSocket$SocketConnection.runIt(ChannelSocket.java:896)
	at org.apache.tomcat.util.threads.ThreadPool$ControlRunnable.run(ThreadPool.java:690)
	at java.lang.Thread.run(Thread.java:745)

七月 04, 2017 1:49:34 下午 org.apache.catalina.core.AprLifecycleListener init
信息: The APR based Apache Tomcat Native library which allows optimal performance in production environments was not found on the java.library.path: D:\JAVA\JDK\bin;C:\Windows\Sun\Java\bin;C:\Windows\system32;C:\Windows;D:\JAVA\JDK\bin;D:\JAVA\JDK\jre\bin;;C:\Windows\system32;C:\Windows;C:\Windows\system32\wbem;C:\Program Files (x86)\StormII\Codec;C:\Program Files (x86)\StormII;.
七月 04, 2017 1:49:35 下午 org.apache.coyote.http11.Http11Protocol init
信息: Initializing Coyote HTTP/1.1 on http-8080
七月 04, 2017 1:49:35 下午 org.apache.catalina.startup.Catalina load
信息: Initialization processed in 749 ms
七月 04, 2017 1:49:35 下午 org.apache.catalina.core.StandardService start
信息: Starting service Catalina
七月 04, 2017 1:49:35 下午 org.apache.catalina.core.StandardEngine start
信息: Starting Servlet Engine: Apache Tomcat/6.0.29
七月 04, 2017 1:49:35 下午 org.apache.catalina.startup.HostConfig deployDescriptor
信息: Deploying configuration descriptor pentaho.xml
七月 04, 2017 1:49:35 下午 org.apache.catalina.startup.ContextConfig validateSecurityRoles
信息: WARNING: Security role name PENTAHO_ADMIN used in an <auth-constraint> without being defined in a <security-role>
七月 04, 2017 1:49:43 下午 org.apache.catalina.core.StandardContext start
严重: Error listenerStart
七月 04, 2017 1:49:43 下午 org.apache.catalina.core.StandardContext start
严重: Context [/pentaho] startup failed due to previous errors
七月 04, 2017 1:49:43 下午 org.apache.catalina.loader.WebappClassLoader clearReferencesJdbc
严重: The web application [/pentaho] registered the JBDC driver [com.mysql.jdbc.Driver] but failed to unregister it when the web application was stopped. To prevent a memory leak, the JDBC Driver has been forcibly unregistered.
七月 04, 2017 1:49:43 下午 org.apache.catalina.loader.WebappClassLoader clearReferencesJdbc
严重: The web application [/pentaho] registered the JBDC driver [mondrian.olap4j.MondrianOlap4jDriver] but failed to unregister it when the web application was stopped. To prevent a memory leak, the JDBC Driver has been forcibly unregistered.
七月 04, 2017 1:49:44 下午 org.apache.catalina.startup.HostConfig deployDirectory
信息: Deploying web application directory ChartBase
七月 04, 2017 1:49:44 下午 org.apache.catalina.startup.HostConfig deployDirectory
信息: Deploying web application directory pentaho-style
七月 04, 2017 1:49:44 下午 org.apache.catalina.startup.HostConfig deployDirectory
信息: Deploying web application directory ROOT
七月 04, 2017 1:49:44 下午 org.apache.catalina.startup.HostConfig deployDirectory
信息: Deploying web application directory sw-style
七月 04, 2017 1:49:45 下午 org.apache.coyote.http11.Http11Protocol start
信息: Starting Coyote HTTP/1.1 on http-8080
七月 04, 2017 1:49:45 下午 org.apache.jk.common.ChannelSocket init
信息: JK: ajp13 listening on /0.0.0.0:8009
七月 04, 2017 1:49:45 下午 org.apache.jk.server.JkMain start
信息: Jk running ID=0 time=0/16  config=null
七月 04, 2017 1:49:45 下午 org.apache.catalina.startup.Catalina start
信息: Server startup in 9969 ms
七月 04, 2017 1:50:41 下午 org.apache.coyote.http11.Http11Protocol pause
信息: Pausing Coyote HTTP/1.1 on http-8080
七月 04, 2017 1:50:42 下午 org.apache.catalina.core.StandardService stop
信息: Stopping service Catalina
七月 04, 2017 1:50:42 下午 org.apache.coyote.http11.Http11Protocol destroy
信息: Stopping Coyote HTTP/1.1 on http-8080
七月 04, 2017 1:56:27 下午 org.apache.catalina.core.AprLifecycleListener init
信息: The APR based Apache Tomcat Native library which allows optimal performance in production environments was not found on the java.library.path: D:\JAVA\JDK\bin;C:\Windows\Sun\Java\bin;C:\Windows\system32;C:\Windows;D:\JAVA\JDK\bin;D:\JAVA\JDK\jre\bin;;C:\Windows\system32;C:\Windows;C:\Windows\system32\wbem;C:\Program Files (x86)\StormII\Codec;C:\Program Files (x86)\StormII;.
七月 04, 2017 1:56:27 下午 org.apache.coyote.http11.Http11Protocol init
信息: Initializing Coyote HTTP/1.1 on http-8080
七月 04, 2017 1:56:27 下午 org.apache.catalina.startup.Catalina load
信息: Initialization processed in 692 ms
七月 04, 2017 1:56:27 下午 org.apache.catalina.core.StandardService start
信息: Starting service Catalina
七月 04, 2017 1:56:27 下午 org.apache.catalina.core.StandardEngine start
信息: Starting Servlet Engine: Apache Tomcat/6.0.29
七月 04, 2017 1:56:27 下午 org.apache.catalina.startup.HostConfig deployDescriptor
信息: Deploying configuration descriptor pentaho.xml
七月 04, 2017 1:56:28 下午 org.apache.catalina.startup.ContextConfig validateSecurityRoles
信息: WARNING: Security role name PENTAHO_ADMIN used in an <auth-constraint> without being defined in a <security-role>
七月 04, 2017 1:56:43 下午 org.apache.catalina.startup.HostConfig deployDirectory
信息: Deploying web application directory ChartBase
七月 04, 2017 1:56:43 下午 org.apache.catalina.startup.HostConfig deployDirectory
信息: Deploying web application directory pentaho-style
七月 04, 2017 1:56:43 下午 org.apache.catalina.startup.HostConfig deployDirectory
信息: Deploying web application directory ROOT
七月 04, 2017 1:56:43 下午 org.apache.catalina.startup.HostConfig deployDirectory
信息: Deploying web application directory sw-style
七月 04, 2017 1:56:43 下午 org.apache.coyote.http11.Http11Protocol start
信息: Starting Coyote HTTP/1.1 on http-8080
七月 04, 2017 1:56:43 下午 org.apache.jk.common.ChannelSocket init
信息: JK: ajp13 listening on /0.0.0.0:8009
七月 04, 2017 1:56:43 下午 org.apache.jk.server.JkMain start
信息: Jk running ID=0 time=0/23  config=null
七月 04, 2017 1:56:43 下午 org.apache.catalina.startup.Catalina start
信息: Server startup in 16168 ms
七月 04, 2017 6:59:15 下午 org.apache.coyote.http11.Http11Protocol pause
信息: Pausing Coyote HTTP/1.1 on http-8080
