六月 13, 2017 8:19:09 上午 org.apache.catalina.core.AprLifecycleListener init
信息: The APR based Apache Tomcat Native library which allows optimal performance in production environments was not found on the java.library.path: D:\JAVA\JDK\bin;C:\Windows\Sun\Java\bin;C:\Windows\system32;C:\Windows;D:\JAVA\JDK\bin;D:\JAVA\JDK\jre\bin;;C:\Windows\system32;C:\Windows;C:\Windows\system32\wbem;C:\Program Files (x86)\StormII\Codec;C:\Program Files (x86)\StormII;.
六月 13, 2017 8:19:09 上午 org.apache.coyote.http11.Http11Protocol init
信息: Initializing Coyote HTTP/1.1 on http-8080
六月 13, 2017 8:19:09 上午 org.apache.catalina.startup.Catalina load
信息: Initialization processed in 922 ms
六月 13, 2017 8:19:09 上午 org.apache.catalina.core.StandardService start
信息: Starting service Catalina
六月 13, 2017 8:19:09 上午 org.apache.catalina.core.StandardEngine start
信息: Starting Servlet Engine: Apache Tomcat/6.0.29
六月 13, 2017 8:19:09 上午 org.apache.catalina.startup.HostConfig deployDescriptor
信息: Deploying configuration descriptor pentaho.xml
六月 13, 2017 8:19:11 上午 org.apache.catalina.startup.ContextConfig validateSecurityRoles
信息: WARNING: Security role name PENTAHO_ADMIN used in an <auth-constraint> without being defined in a <security-role>
六月 13, 2017 8:19:40 上午 com.sun.jersey.api.core.PackagesResourceConfig init
信息: Scanning for root resource and provider classes in the packages:
  org.saiku.web
六月 13, 2017 8:19:40 上午 com.sun.jersey.api.core.ScanningResourceConfig logClasses
信息: Root resource classes found:
  class org.saiku.web.rest.resources.BasicTagRepositoryResource
  class org.saiku.web.rest.resources.InfoResource
  class org.saiku.web.rest.resources.OlapDiscoverResource
  class org.saiku.web.rest.resources.QueryResource
  class org.saiku.web.rest.resources.SessionResource
  class org.saiku.web.rest.resources.StatisticsResource
  class org.saiku.web.rest.resources.FilterRepositoryResource
  class org.saiku.web.rest.resources.BasicRepositoryResource2
  class org.saiku.web.rest.resources.DataSourceResource
  class org.saiku.web.rest.resources.BasicRepositoryResource
  class org.saiku.web.rest.resources.ExporterResource
六月 13, 2017 8:19:40 上午 com.sun.jersey.api.core.ScanningResourceConfig init
信息: No provider classes found.
六月 13, 2017 8:19:41 上午 org.codehaus.enunciate.modules.jersey.EnunciateJerseyServletContainer configure
信息: org.codehaus.enunciate.modules.amf.JAXRSProvider not found.
六月 13, 2017 8:19:41 上午 com.sun.jersey.spi.spring.container.SpringComponentProviderFactory registerSpringBeans
信息: Registering Spring bean, datasourceResourceBean, of type org.saiku.web.rest.resources.DataSourceResource as a root resource class
六月 13, 2017 8:19:41 上午 com.sun.jersey.spi.spring.container.SpringComponentProviderFactory registerSpringBeans
信息: Registering Spring bean, olapDiscoverBean, of type org.saiku.web.rest.resources.OlapDiscoverResource as a root resource class
六月 13, 2017 8:19:41 上午 com.sun.jersey.spi.spring.container.SpringComponentProviderFactory registerSpringBeans
信息: Registering Spring bean, queryResource, of type org.saiku.web.rest.resources.QueryResource as a root resource class
六月 13, 2017 8:19:41 上午 com.sun.jersey.spi.spring.container.SpringComponentProviderFactory registerSpringBeans
信息: Registering Spring bean, sessionResource, of type org.saiku.web.rest.resources.SessionResource as a root resource class
六月 13, 2017 8:19:41 上午 com.sun.jersey.spi.spring.container.SpringComponentProviderFactory registerSpringBeans
信息: Registering Spring bean, repositoryBean, of type org.saiku.plugin.resources.PentahoRepositoryResource as a root resource class
六月 13, 2017 8:19:41 上午 com.sun.jersey.spi.spring.container.SpringComponentProviderFactory registerSpringBeans
信息: Registering Spring bean, repositoryBean2, of type org.saiku.plugin.resources.PentahoRepositoryResource2 as a root resource class
六月 13, 2017 8:19:41 上午 com.sun.jersey.spi.spring.container.SpringComponentProviderFactory registerSpringBeans
信息: Registering Spring bean, pluginResource, of type org.saiku.plugin.resources.PluginResource as a root resource class
六月 13, 2017 8:19:41 上午 com.sun.jersey.spi.spring.container.SpringComponentProviderFactory registerSpringBeans
信息: Registering Spring bean, exporterBean, of type org.saiku.web.rest.resources.ExporterResource as a root resource class
六月 13, 2017 8:19:41 上午 com.sun.jersey.server.impl.application.WebApplicationImpl _initiate
信息: Initiating Jersey application, version 'Jersey: 1.11 12/09/2011 10:27 AM'
六月 13, 2017 8:19:47 上午 org.apache.catalina.startup.HostConfig deployDirectory
信息: Deploying web application directory ChartBase
六月 13, 2017 8:19:50 上午 org.apache.catalina.startup.HostConfig deployDirectory
信息: Deploying web application directory pentaho-style
六月 13, 2017 8:19:51 上午 org.apache.catalina.startup.HostConfig deployDirectory
信息: Deploying web application directory ROOT
六月 13, 2017 8:19:51 上午 org.apache.catalina.startup.HostConfig deployDirectory
信息: Deploying web application directory sw-style
六月 13, 2017 8:19:51 上午 org.apache.coyote.http11.Http11Protocol start
信息: Starting Coyote HTTP/1.1 on http-8080
六月 13, 2017 8:19:51 上午 org.apache.jk.common.ChannelSocket init
信息: JK: ajp13 listening on /0.0.0.0:8009
六月 13, 2017 8:19:51 上午 org.apache.jk.server.JkMain start
信息: Jk running ID=0 time=0/174  config=null
六月 13, 2017 8:19:51 上午 org.apache.catalina.startup.Catalina start
信息: Server startup in 42113 ms
六月 13, 2017 8:20:41 上午 org.apache.catalina.startup.Catalina stopServer
严重: Catalina.stop: 
java.net.ConnectException: Connection refused: connect
	at java.net.DualStackPlainSocketImpl.connect0(Native Method)
	at java.net.DualStackPlainSocketImpl.socketConnect(DualStackPlainSocketImpl.java:79)
	at java.net.AbstractPlainSocketImpl.doConnect(AbstractPlainSocketImpl.java:339)
	at java.net.AbstractPlainSocketImpl.connectToAddress(AbstractPlainSocketImpl.java:200)
	at java.net.AbstractPlainSocketImpl.connect(AbstractPlainSocketImpl.java:182)
	at java.net.PlainSocketImpl.connect(PlainSocketImpl.java:172)
	at java.net.SocksSocketImpl.connect(SocksSocketImpl.java:392)
	at java.net.Socket.connect(Socket.java:579)
	at java.net.Socket.connect(Socket.java:528)
	at java.net.Socket.<init>(Socket.java:425)
	at java.net.Socket.<init>(Socket.java:208)
	at org.apache.catalina.startup.Catalina.stopServer(Catalina.java:408)
	at sun.reflect.NativeMethodAccessorImpl.invoke0(Native Method)
	at sun.reflect.NativeMethodAccessorImpl.invoke(NativeMethodAccessorImpl.java:57)
	at sun.reflect.DelegatingMethodAccessorImpl.invoke(DelegatingMethodAccessorImpl.java:43)
	at java.lang.reflect.Method.invoke(Method.java:606)
	at org.apache.catalina.startup.Bootstrap.stopServer(Bootstrap.java:338)
	at org.apache.catalina.startup.Bootstrap.main(Bootstrap.java:416)

六月 13, 2017 8:20:44 上午 org.apache.catalina.core.AprLifecycleListener init
信息: The APR based Apache Tomcat Native library which allows optimal performance in production environments was not found on the java.library.path: D:\JAVA\JDK\bin;C:\Windows\Sun\Java\bin;C:\Windows\system32;C:\Windows;D:\JAVA\JDK\bin;D:\JAVA\JDK\jre\bin;;C:\Windows\system32;C:\Windows;C:\Windows\system32\wbem;C:\Program Files (x86)\StormII\Codec;C:\Program Files (x86)\StormII;.
六月 13, 2017 8:20:45 上午 org.apache.coyote.http11.Http11Protocol init
信息: Initializing Coyote HTTP/1.1 on http-8080
六月 13, 2017 8:20:45 上午 org.apache.catalina.startup.Catalina load
信息: Initialization processed in 495 ms
六月 13, 2017 8:20:45 上午 org.apache.catalina.core.StandardService start
信息: Starting service Catalina
六月 13, 2017 8:20:45 上午 org.apache.catalina.core.StandardEngine start
信息: Starting Servlet Engine: Apache Tomcat/6.0.29
六月 13, 2017 8:20:45 上午 org.apache.catalina.startup.HostConfig deployDescriptor
信息: Deploying configuration descriptor pentaho.xml
六月 13, 2017 8:20:45 上午 org.apache.catalina.startup.ContextConfig validateSecurityRoles
信息: WARNING: Security role name PENTAHO_ADMIN used in an <auth-constraint> without being defined in a <security-role>
六月 13, 2017 8:20:56 上午 com.sun.jersey.api.core.PackagesResourceConfig init
信息: Scanning for root resource and provider classes in the packages:
  org.saiku.web
六月 13, 2017 8:20:56 上午 com.sun.jersey.api.core.ScanningResourceConfig logClasses
信息: Root resource classes found:
  class org.saiku.web.rest.resources.StatisticsResource
  class org.saiku.web.rest.resources.BasicRepositoryResource2
  class org.saiku.web.rest.resources.InfoResource
  class org.saiku.web.rest.resources.BasicRepositoryResource
  class org.saiku.web.rest.resources.BasicTagRepositoryResource
  class org.saiku.web.rest.resources.ExporterResource
  class org.saiku.web.rest.resources.FilterRepositoryResource
  class org.saiku.web.rest.resources.QueryResource
  class org.saiku.web.rest.resources.SessionResource
  class org.saiku.web.rest.resources.DataSourceResource
  class org.saiku.web.rest.resources.OlapDiscoverResource
六月 13, 2017 8:20:56 上午 com.sun.jersey.api.core.ScanningResourceConfig init
信息: No provider classes found.
六月 13, 2017 8:20:56 上午 org.codehaus.enunciate.modules.jersey.EnunciateJerseyServletContainer configure
信息: org.codehaus.enunciate.modules.amf.JAXRSProvider not found.
六月 13, 2017 8:20:56 上午 com.sun.jersey.spi.spring.container.SpringComponentProviderFactory registerSpringBeans
信息: Registering Spring bean, datasourceResourceBean, of type org.saiku.web.rest.resources.DataSourceResource as a root resource class
六月 13, 2017 8:20:56 上午 com.sun.jersey.spi.spring.container.SpringComponentProviderFactory registerSpringBeans
信息: Registering Spring bean, olapDiscoverBean, of type org.saiku.web.rest.resources.OlapDiscoverResource as a root resource class
六月 13, 2017 8:20:56 上午 com.sun.jersey.spi.spring.container.SpringComponentProviderFactory registerSpringBeans
信息: Registering Spring bean, queryResource, of type org.saiku.web.rest.resources.QueryResource as a root resource class
六月 13, 2017 8:20:56 上午 com.sun.jersey.spi.spring.container.SpringComponentProviderFactory registerSpringBeans
信息: Registering Spring bean, sessionResource, of type org.saiku.web.rest.resources.SessionResource as a root resource class
六月 13, 2017 8:20:56 上午 com.sun.jersey.spi.spring.container.SpringComponentProviderFactory registerSpringBeans
信息: Registering Spring bean, repositoryBean, of type org.saiku.plugin.resources.PentahoRepositoryResource as a root resource class
六月 13, 2017 8:20:56 上午 com.sun.jersey.spi.spring.container.SpringComponentProviderFactory registerSpringBeans
信息: Registering Spring bean, repositoryBean2, of type org.saiku.plugin.resources.PentahoRepositoryResource2 as a root resource class
六月 13, 2017 8:20:56 上午 com.sun.jersey.spi.spring.container.SpringComponentProviderFactory registerSpringBeans
信息: Registering Spring bean, pluginResource, of type org.saiku.plugin.resources.PluginResource as a root resource class
六月 13, 2017 8:20:56 上午 com.sun.jersey.spi.spring.container.SpringComponentProviderFactory registerSpringBeans
信息: Registering Spring bean, exporterBean, of type org.saiku.web.rest.resources.ExporterResource as a root resource class
六月 13, 2017 8:20:56 上午 com.sun.jersey.server.impl.application.WebApplicationImpl _initiate
信息: Initiating Jersey application, version 'Jersey: 1.11 12/09/2011 10:27 AM'
六月 13, 2017 8:20:58 上午 org.apache.catalina.startup.HostConfig deployDirectory
信息: Deploying web application directory ChartBase
六月 13, 2017 8:20:58 上午 org.apache.catalina.startup.HostConfig deployDirectory
信息: Deploying web application directory pentaho-style
六月 13, 2017 8:20:58 上午 org.apache.catalina.startup.HostConfig deployDirectory
信息: Deploying web application directory ROOT
六月 13, 2017 8:20:58 上午 org.apache.catalina.startup.HostConfig deployDirectory
信息: Deploying web application directory sw-style
六月 13, 2017 8:20:58 上午 org.apache.coyote.http11.Http11Protocol start
信息: Starting Coyote HTTP/1.1 on http-8080
六月 13, 2017 8:20:58 上午 org.apache.jk.common.ChannelSocket init
信息: JK: ajp13 listening on /0.0.0.0:8009
六月 13, 2017 8:20:58 上午 org.apache.jk.server.JkMain start
信息: Jk running ID=0 time=0/16  config=null
六月 13, 2017 8:20:58 上午 org.apache.catalina.startup.Catalina start
信息: Server startup in 13707 ms
