八月 30, 2017 10:23:00 上午 org.apache.catalina.core.AprLifecycleListener init
信息: The APR based Apache Tomcat Native library which allows optimal performance in production environments was not found on the java.library.path: C:\Program Files\Java\jdk1.8.0_144\bin;C:\WINDOWS\Sun\Java\bin;C:\WINDOWS\system32;C:\WINDOWS;C:\ProgramData\Oracle\Java\javapath;C:\Program Files (x86)\Intel\iCLS Client\;C:\Program Files\Intel\iCLS Client\;C:\Windows\system32;C:\Windows;C:\Windows\System32\Wbem;C:\Windows\System32\WindowsPowerShell\v1.0\;C:\Program Files (x86)\Intel\Intel(R) Management Engine Components\DAL;C:\Program Files\Intel\Intel(R) Management Engine Components\DAL;C:\Program Files (x86)\Intel\Intel(R) Management Engine Components\IPT;C:\Program Files\Intel\Intel(R) Management Engine Components\IPT;C:\Program Files\Intel\WiFi\bin\;C:\Program Files\Common Files\Intel\WirelessCommon\;C:\Program Files (x86)\NVIDIA Corporation\PhysX\Common;C:\Program Files\Acer ProShield\;C:\Program Files\Acer ProShield\x86;C:\WINDOWS\system32;C:\WINDOWS;C:\WINDOWS\System32\Wbem;C:\WINDOWS\System32\WindowsPowerShell\v1.0\;C:\Program Files\Java\jdk1.8.0_144\bin;C:\Program Files\Java\jdk1.8.0_144\jre\bin;C:\Program Files\MySQL\MySQL Server 5.7\bin;C:\Program Files\Git\cmd;C:\Program Files\Git LFS;C:\Users\zll\AppData\Local\Microsoft\WindowsApps;.
八月 30, 2017 10:23:00 上午 org.apache.coyote.http11.Http11Protocol init
信息: Initializing Coyote HTTP/1.1 on http-8080
八月 30, 2017 10:23:00 上午 org.apache.catalina.startup.Catalina load
信息: Initialization processed in 619 ms
八月 30, 2017 10:23:00 上午 org.apache.catalina.core.StandardService start
信息: Starting service Catalina
八月 30, 2017 10:23:00 上午 org.apache.catalina.core.StandardEngine start
信息: Starting Servlet Engine: Apache Tomcat/6.0.29
八月 30, 2017 10:23:00 上午 org.apache.catalina.startup.HostConfig deployDescriptor
信息: Deploying configuration descriptor pentaho.xml
八月 30, 2017 10:23:06 上午 org.apache.catalina.startup.ContextConfig validateSecurityRoles
信息: WARNING: Security role name PENTAHO_ADMIN used in an <auth-constraint> without being defined in a <security-role>
八月 30, 2017 10:23:21 上午 org.apache.catalina.startup.HostConfig deployDirectory
信息: Deploying web application directory pentaho-style
八月 30, 2017 10:23:21 上午 org.apache.catalina.startup.HostConfig deployDirectory
信息: Deploying web application directory ROOT
八月 30, 2017 10:23:21 上午 org.apache.catalina.startup.HostConfig deployDirectory
信息: Deploying web application directory sw-style
八月 30, 2017 10:23:21 上午 org.apache.coyote.http11.Http11Protocol start
信息: Starting Coyote HTTP/1.1 on http-8080
八月 30, 2017 10:23:21 上午 org.apache.jk.common.ChannelSocket init
信息: JK: ajp13 listening on /0.0.0.0:8009
八月 30, 2017 10:23:21 上午 org.apache.jk.server.JkMain start
信息: Jk running ID=0 time=0/16  config=null
八月 30, 2017 10:23:21 上午 org.apache.catalina.startup.Catalina start
信息: Server startup in 20752 ms
