六月 02, 2017 1:07:44 下午 org.apache.catalina.core.AprLifecycleListener init
信息: The APR based Apache Tomcat Native library which allows optimal performance in production environments was not found on the java.library.path: D:\JAVA\JDK\bin;C:\Windows\Sun\Java\bin;C:\Windows\system32;C:\Windows;D:\JAVA\JDK\bin;D:\JAVA\JDK\jre\bin;;C:\Windows\system32;C:\Windows;C:\Windows\system32\wbem;C:\Program Files (x86)\StormII\Codec;C:\Program Files (x86)\StormII;.
六月 02, 2017 1:07:44 下午 org.apache.coyote.http11.Http11Protocol init
信息: Initializing Coyote HTTP/1.1 on http-8080
六月 02, 2017 1:07:44 下午 org.apache.catalina.startup.Catalina load
信息: Initialization processed in 1256 ms
六月 02, 2017 1:07:44 下午 org.apache.catalina.core.StandardService start
信息: Starting service Catalina
六月 02, 2017 1:07:44 下午 org.apache.catalina.core.StandardEngine start
信息: Starting Servlet Engine: Apache Tomcat/6.0.29
六月 02, 2017 1:07:44 下午 org.apache.catalina.startup.HostConfig deployDescriptor
信息: Deploying configuration descriptor pentaho.xml
六月 02, 2017 1:07:46 下午 org.apache.catalina.startup.ContextConfig validateSecurityRoles
信息: WARNING: Security role name PENTAHO_ADMIN used in an <auth-constraint> without being defined in a <security-role>
六月 02, 2017 1:08:10 下午 com.sun.jersey.api.core.PackagesResourceConfig init
信息: Scanning for root resource and provider classes in the packages:
  org.saiku.web
六月 02, 2017 1:08:10 下午 com.sun.jersey.api.core.ScanningResourceConfig logClasses
信息: Root resource classes found:
  class org.saiku.web.rest.resources.OlapDiscoverResource
  class org.saiku.web.rest.resources.StatisticsResource
  class org.saiku.web.rest.resources.SessionResource
  class org.saiku.web.rest.resources.FilterRepositoryResource
  class org.saiku.web.rest.resources.QueryResource
  class org.saiku.web.rest.resources.ExporterResource
  class org.saiku.web.rest.resources.DataSourceResource
  class org.saiku.web.rest.resources.InfoResource
  class org.saiku.web.rest.resources.BasicTagRepositoryResource
  class org.saiku.web.rest.resources.BasicRepositoryResource2
  class org.saiku.web.rest.resources.BasicRepositoryResource
六月 02, 2017 1:08:10 下午 com.sun.jersey.api.core.ScanningResourceConfig init
信息: No provider classes found.
六月 02, 2017 1:08:10 下午 org.codehaus.enunciate.modules.jersey.EnunciateJerseyServletContainer configure
信息: org.codehaus.enunciate.modules.amf.JAXRSProvider not found.
六月 02, 2017 1:08:10 下午 com.sun.jersey.spi.spring.container.SpringComponentProviderFactory registerSpringBeans
信息: Registering Spring bean, datasourceResourceBean, of type org.saiku.web.rest.resources.DataSourceResource as a root resource class
六月 02, 2017 1:08:10 下午 com.sun.jersey.spi.spring.container.SpringComponentProviderFactory registerSpringBeans
信息: Registering Spring bean, olapDiscoverBean, of type org.saiku.web.rest.resources.OlapDiscoverResource as a root resource class
六月 02, 2017 1:08:10 下午 com.sun.jersey.spi.spring.container.SpringComponentProviderFactory registerSpringBeans
信息: Registering Spring bean, queryResource, of type org.saiku.web.rest.resources.QueryResource as a root resource class
六月 02, 2017 1:08:10 下午 com.sun.jersey.spi.spring.container.SpringComponentProviderFactory registerSpringBeans
信息: Registering Spring bean, sessionResource, of type org.saiku.web.rest.resources.SessionResource as a root resource class
六月 02, 2017 1:08:10 下午 com.sun.jersey.spi.spring.container.SpringComponentProviderFactory registerSpringBeans
信息: Registering Spring bean, repositoryBean, of type org.saiku.plugin.resources.PentahoRepositoryResource as a root resource class
六月 02, 2017 1:08:10 下午 com.sun.jersey.spi.spring.container.SpringComponentProviderFactory registerSpringBeans
信息: Registering Spring bean, repositoryBean2, of type org.saiku.plugin.resources.PentahoRepositoryResource2 as a root resource class
六月 02, 2017 1:08:10 下午 com.sun.jersey.spi.spring.container.SpringComponentProviderFactory registerSpringBeans
信息: Registering Spring bean, pluginResource, of type org.saiku.plugin.resources.PluginResource as a root resource class
六月 02, 2017 1:08:10 下午 com.sun.jersey.spi.spring.container.SpringComponentProviderFactory registerSpringBeans
信息: Registering Spring bean, exporterBean, of type org.saiku.web.rest.resources.ExporterResource as a root resource class
六月 02, 2017 1:08:10 下午 com.sun.jersey.server.impl.application.WebApplicationImpl _initiate
信息: Initiating Jersey application, version 'Jersey: 1.11 12/09/2011 10:27 AM'
六月 02, 2017 1:08:14 下午 org.apache.catalina.startup.HostConfig deployDirectory
信息: Deploying web application directory ChartBase
六月 02, 2017 1:08:14 下午 org.apache.catalina.startup.HostConfig deployDirectory
信息: Deploying web application directory pentaho-style
六月 02, 2017 1:08:14 下午 org.apache.catalina.startup.HostConfig deployDirectory
信息: Deploying web application directory ROOT
六月 02, 2017 1:08:14 下午 org.apache.catalina.startup.HostConfig deployDirectory
信息: Deploying web application directory sw-style
六月 02, 2017 1:08:14 下午 org.apache.coyote.http11.Http11Protocol start
信息: Starting Coyote HTTP/1.1 on http-8080
六月 02, 2017 1:08:14 下午 org.apache.jk.common.ChannelSocket init
信息: JK: ajp13 listening on /0.0.0.0:8009
六月 02, 2017 1:08:14 下午 org.apache.jk.server.JkMain start
信息: Jk running ID=0 time=0/36  config=null
六月 02, 2017 1:08:14 下午 org.apache.catalina.startup.Catalina start
信息: Server startup in 30141 ms
