七月 22, 2017 12:03:56 上午 org.apache.catalina.startup.Catalina stopServer
严重: Catalina.stop: 
java.net.ConnectException: Connection refused: connect
	at java.net.DualStackPlainSocketImpl.connect0(Native Method)
	at java.net.DualStackPlainSocketImpl.socketConnect(DualStackPlainSocketImpl.java:79)
	at java.net.AbstractPlainSocketImpl.doConnect(AbstractPlainSocketImpl.java:350)
	at java.net.AbstractPlainSocketImpl.connectToAddress(AbstractPlainSocketImpl.java:206)
	at java.net.AbstractPlainSocketImpl.connect(AbstractPlainSocketImpl.java:188)
	at java.net.PlainSocketImpl.connect(PlainSocketImpl.java:172)
	at java.net.SocksSocketImpl.connect(SocksSocketImpl.java:392)
	at java.net.Socket.connect(Socket.java:589)
	at java.net.Socket.connect(Socket.java:538)
	at java.net.Socket.<init>(Socket.java:434)
	at java.net.Socket.<init>(Socket.java:211)
	at org.apache.catalina.startup.Catalina.stopServer(Catalina.java:408)
	at sun.reflect.NativeMethodAccessorImpl.invoke0(Native Method)
	at sun.reflect.NativeMethodAccessorImpl.invoke(NativeMethodAccessorImpl.java:62)
	at sun.reflect.DelegatingMethodAccessorImpl.invoke(DelegatingMethodAccessorImpl.java:43)
	at java.lang.reflect.Method.invoke(Method.java:498)
	at org.apache.catalina.startup.Bootstrap.stopServer(Bootstrap.java:338)
	at org.apache.catalina.startup.Bootstrap.main(Bootstrap.java:416)

七月 22, 2017 12:03:59 上午 org.apache.catalina.core.AprLifecycleListener init
信息: The APR based Apache Tomcat Native library which allows optimal performance in production environments was not found on the java.library.path: C:\Java\jdk1.8.0_121\bin;C:\Windows\Sun\Java\bin;C:\Windows\system32;C:\Windows;C:\ProgramData\Oracle\Java\javapath;C:\Windows\system32;C:\Windows;C:\Windows\System32\Wbem;C:\Windows\System32\WindowsPowerShell\v1.0\;C:\Java\jdk1.8.0_121\bin;C:\Java\jdk1.8.0_121\jre\bin;%MySQL_HOME%\bin;;.
七月 22, 2017 12:04:00 上午 org.apache.coyote.http11.Http11Protocol init
信息: Initializing Coyote HTTP/1.1 on http-8080
七月 22, 2017 12:04:00 上午 org.apache.catalina.startup.Catalina load
信息: Initialization processed in 1185 ms
七月 22, 2017 12:04:00 上午 org.apache.catalina.core.StandardService start
信息: Starting service Catalina
七月 22, 2017 12:04:00 上午 org.apache.catalina.core.StandardEngine start
信息: Starting Servlet Engine: Apache Tomcat/6.0.29
七月 22, 2017 12:04:00 上午 org.apache.catalina.startup.HostConfig deployDescriptor
信息: Deploying configuration descriptor pentaho.xml
七月 22, 2017 12:04:02 上午 org.apache.catalina.startup.ContextConfig validateSecurityRoles
信息: WARNING: Security role name PENTAHO_ADMIN used in an <auth-constraint> without being defined in a <security-role>
七月 22, 2017 12:04:28 上午 org.apache.catalina.startup.HostConfig deployDirectory
信息: Deploying web application directory pentaho-style
七月 22, 2017 12:04:28 上午 org.apache.catalina.startup.HostConfig deployDirectory
信息: Deploying web application directory ROOT
七月 22, 2017 12:04:28 上午 org.apache.catalina.startup.HostConfig deployDirectory
信息: Deploying web application directory sw-style
七月 22, 2017 12:04:28 上午 org.apache.coyote.http11.Http11Protocol start
信息: Starting Coyote HTTP/1.1 on http-8080
七月 22, 2017 12:04:28 上午 org.apache.jk.common.ChannelSocket init
信息: JK: ajp13 listening on /0.0.0.0:8009
七月 22, 2017 12:04:28 上午 org.apache.jk.server.JkMain start
信息: Jk running ID=0 time=0/23  config=null
七月 22, 2017 12:04:28 上午 org.apache.catalina.startup.Catalina start
信息: Server startup in 28571 ms
七月 22, 2017 8:27:48 上午 org.apache.coyote.http11.Http11Protocol pause
信息: Pausing Coyote HTTP/1.1 on http-8080
七月 22, 2017 8:27:49 上午 org.apache.catalina.core.StandardService stop
信息: Stopping service Catalina
七月 22, 2017 8:27:49 上午 org.apache.catalina.loader.WebappClassLoader clearReferencesJdbc
严重: The web application [/pentaho] registered the JBDC driver [mondrian.olap4j.MondrianOlap4jDriver] but failed to unregister it when the web application was stopped. To prevent a memory leak, the JDBC Driver has been forcibly unregistered.
七月 22, 2017 8:27:49 上午 org.apache.catalina.loader.WebappClassLoader clearReferencesThreads
严重: The web application [/pentaho] appears to have started a thread named [HSQLDB Timer @55834c88] but has failed to stop it. This is very likely to create a memory leak.
七月 22, 2017 8:27:49 上午 org.apache.catalina.loader.WebappClassLoader clearReferencesThreads
严重: The web application [/pentaho] appears to have started a thread named [Timer-0] but has failed to stop it. This is very likely to create a memory leak.
七月 22, 2017 8:27:49 上午 org.apache.catalina.loader.WebappClassLoader clearReferencesThreads
严重: The web application [/pentaho] appears to have started a thread named [org.apache.commons.vfs.cache.SoftRefFilesCache$SoftRefReleaseThread] but has failed to stop it. This is very likely to create a memory leak.
七月 22, 2017 8:27:49 上午 org.apache.catalina.loader.WebappClassLoader clearReferencesThreads
严重: The web application [/pentaho] appears to have started a thread named [net.sf.ehcache.CacheManager@68b9834c] but has failed to stop it. This is very likely to create a memory leak.
七月 22, 2017 8:27:49 上午 org.apache.catalina.loader.WebappClassLoader clearReferencesThreads
严重: The web application [/pentaho] appears to have started a thread named [Store pentaho-geo-countrysubdivision Spool Thread] but has failed to stop it. This is very likely to create a memory leak.
七月 22, 2017 8:27:49 上午 org.apache.catalina.loader.WebappClassLoader clearReferencesThreads
严重: The web application [/pentaho] appears to have started a thread named [Store pentaho-geo-municipality Spool Thread] but has failed to stop it. This is very likely to create a memory leak.
七月 22, 2017 8:27:49 上午 org.apache.catalina.loader.WebappClassLoader clearReferencesThreads
严重: The web application [/pentaho] appears to have started a thread named [Store pentaho-geo-country Spool Thread] but has failed to stop it. This is very likely to create a memory leak.
七月 22, 2017 8:27:49 上午 org.apache.catalina.loader.WebappClassLoader clearReferencesThreads
严重: The web application [/pentaho] appears to have started a thread named [Store libloader-data Spool Thread] but has failed to stop it. This is very likely to create a memory leak.
七月 22, 2017 8:27:49 上午 org.apache.catalina.loader.WebappClassLoader clearReferencesThreads
严重: The web application [/pentaho] appears to have started a thread named [Store pentaho-geo-postalcode Spool Thread] but has failed to stop it. This is very likely to create a memory leak.
七月 22, 2017 8:27:49 上午 org.apache.catalina.loader.WebappClassLoader clearReferencesThreads
严重: The web application [/pentaho] appears to have started a thread named [Store pentaho-geo-countrycode3 Spool Thread] but has failed to stop it. This is very likely to create a memory leak.
七月 22, 2017 8:27:49 上午 org.apache.catalina.loader.WebappClassLoader clearReferencesThreads
严重: The web application [/pentaho] appears to have started a thread named [Store pentaho-geo-countrysecondarysubdivision Spool Thread] but has failed to stop it. This is very likely to create a memory leak.
七月 22, 2017 8:27:49 上午 org.apache.catalina.loader.WebappClassLoader clearReferencesThreads
严重: The web application [/pentaho] appears to have started a thread named [Store pentahoCache Spool Thread] but has failed to stop it. This is very likely to create a memory leak.
七月 22, 2017 8:27:49 上午 org.apache.catalina.loader.WebappClassLoader clearReferencesThreads
严重: The web application [/pentaho] appears to have started a thread named [Store org.pentaho.platform.repository.solution.dbbased.RepositoryFile Spool Thread] but has failed to stop it. This is very likely to create a memory leak.
七月 22, 2017 8:27:49 上午 org.apache.catalina.loader.WebappClassLoader clearReferencesThreads
严重: The web application [/pentaho] appears to have started a thread named [Store mondrian-catalog-cache Spool Thread] but has failed to stop it. This is very likely to create a memory leak.
七月 22, 2017 8:27:49 上午 org.apache.catalina.loader.WebappClassLoader clearReferencesThreads
严重: The web application [/pentaho] appears to have started a thread named [Store org.pentaho.platform.repository.solution.dbbased.RepositoryFile.childrenFiles Spool Thread] but has failed to stop it. This is very likely to create a memory leak.
七月 22, 2017 8:27:49 上午 org.apache.catalina.loader.WebappClassLoader clearReferencesThreads
严重: The web application [/pentaho] appears to have started a thread named [Store pentaho-geo-countrycode Spool Thread] but has failed to stop it. This is very likely to create a memory leak.
七月 22, 2017 8:27:49 上午 org.apache.catalina.loader.WebappClassLoader clearReferencesThreads
严重: The web application [/pentaho] appears to have started a thread named [Store pentaho-geo-countrysubdivisioncode Spool Thread] but has failed to stop it. This is very likely to create a memory leak.
七月 22, 2017 8:27:49 上午 org.apache.catalina.loader.WebappClassLoader clearReferencesThreads
严重: The web application [/pentaho] appears to have started a thread named [Store org.pentaho.platform.repository.solution.dbbased.RepositoryFile.accessControls Spool Thread] but has failed to stop it. This is very likely to create a memory leak.
七月 22, 2017 8:27:49 上午 org.apache.catalina.loader.WebappClassLoader clearReferencesThreads
严重: The web application [/pentaho] appears to have started a thread named [net.sf.ehcache.CacheManager@2b80e5a9] but has failed to stop it. This is very likely to create a memory leak.
七月 22, 2017 8:27:49 上午 org.apache.catalina.loader.WebappClassLoader clearReferencesThreads
严重: The web application [/pentaho] appears to have started a thread named [Store pentaho-geo-municipality Spool Thread] but has failed to stop it. This is very likely to create a memory leak.
七月 22, 2017 8:27:49 上午 org.apache.catalina.loader.WebappClassLoader clearReferencesThreads
严重: The web application [/pentaho] appears to have started a thread named [Store pentaho-geo-country Spool Thread] but has failed to stop it. This is very likely to create a memory leak.
七月 22, 2017 8:27:49 上午 org.apache.catalina.loader.WebappClassLoader clearReferencesThreads
严重: The web application [/pentaho] appears to have started a thread named [Store org.pentaho.platform.repository.solution.dbbased.RepositoryFile.childrenFiles Spool Thread] but has failed to stop it. This is very likely to create a memory leak.
七月 22, 2017 8:27:49 上午 org.apache.catalina.loader.WebappClassLoader clearReferencesThreads
严重: The web application [/pentaho] appears to have started a thread named [Store pentahoCache Spool Thread] but has failed to stop it. This is very likely to create a memory leak.
七月 22, 2017 8:27:49 上午 org.apache.catalina.loader.WebappClassLoader clearReferencesThreads
严重: The web application [/pentaho] appears to have started a thread named [Store pentaho-geo-countrysubdivision Spool Thread] but has failed to stop it. This is very likely to create a memory leak.
七月 22, 2017 8:27:49 上午 org.apache.catalina.loader.WebappClassLoader clearReferencesThreads
严重: The web application [/pentaho] appears to have started a thread named [Store org.pentaho.platform.repository.solution.dbbased.RepositoryFile.accessControls Spool Thread] but has failed to stop it. This is very likely to create a memory leak.
七月 22, 2017 8:27:49 上午 org.apache.catalina.loader.WebappClassLoader clearReferencesThreads
严重: The web application [/pentaho] appears to have started a thread named [Store mondrian-catalog-cache Spool Thread] but has failed to stop it. This is very likely to create a memory leak.
七月 22, 2017 8:27:49 上午 org.apache.catalina.loader.WebappClassLoader clearReferencesThreads
严重: The web application [/pentaho] appears to have started a thread named [Store org.pentaho.platform.repository.solution.dbbased.RepositoryFile Spool Thread] but has failed to stop it. This is very likely to create a memory leak.
七月 22, 2017 8:27:49 上午 org.apache.catalina.loader.WebappClassLoader clearReferencesThreads
严重: The web application [/pentaho] appears to have started a thread named [Store pentaho-geo-postalcode Spool Thread] but has failed to stop it. This is very likely to create a memory leak.
七月 22, 2017 8:27:49 上午 org.apache.catalina.loader.WebappClassLoader clearReferencesThreads
严重: The web application [/pentaho] appears to have started a thread named [Store pentaho-geo-countrysecondarysubdivision Spool Thread] but has failed to stop it. This is very likely to create a memory leak.
七月 22, 2017 8:27:49 上午 org.apache.catalina.loader.WebappClassLoader clearReferencesThreads
严重: The web application [/pentaho] appears to have started a thread named [Store libloader-data Spool Thread] but has failed to stop it. This is very likely to create a memory leak.
七月 22, 2017 8:27:49 上午 org.apache.catalina.loader.WebappClassLoader clearReferencesThreads
严重: The web application [/pentaho] appears to have started a thread named [Store pentaho-geo-countrycode Spool Thread] but has failed to stop it. This is very likely to create a memory leak.
七月 22, 2017 8:27:49 上午 org.apache.catalina.loader.WebappClassLoader clearReferencesThreads
严重: The web application [/pentaho] appears to have started a thread named [Store pentaho-geo-countrycode3 Spool Thread] but has failed to stop it. This is very likely to create a memory leak.
七月 22, 2017 8:27:49 上午 org.apache.catalina.loader.WebappClassLoader clearReferencesThreads
严重: The web application [/pentaho] appears to have started a thread named [Store pentaho-geo-countrysubdivisioncode Spool Thread] but has failed to stop it. This is very likely to create a memory leak.
七月 22, 2017 8:27:49 上午 org.apache.catalina.loader.WebappClassLoader clearReferencesThreads
严重: The web application [/pentaho] appears to have started a thread named [Telemetry Event Sender Thread] but has failed to stop it. This is very likely to create a memory leak.
七月 22, 2017 8:27:49 上午 org.apache.catalina.loader.WebappClassLoader clearReferencesThreads
严重: The web application [/pentaho] appears to have started a thread named [Telemetry Event keeper Thread] but has failed to stop it. This is very likely to create a memory leak.
七月 22, 2017 8:27:49 上午 org.apache.catalina.loader.WebappClassLoader clearReferencesThreads
严重: The web application [/pentaho] appears to have started a thread named [net.sf.ehcache.CacheManager@4fe4503a] but has failed to stop it. This is very likely to create a memory leak.
七月 22, 2017 8:27:49 上午 org.apache.catalina.loader.WebappClassLoader clearReferencesThreads
严重: The web application [/pentaho] appears to have started a thread named [Store pentaho-geo-country Spool Thread] but has failed to stop it. This is very likely to create a memory leak.
七月 22, 2017 8:27:49 上午 org.apache.catalina.loader.WebappClassLoader clearReferencesThreads
严重: The web application [/pentaho] appears to have started a thread named [Store pentahoCache Spool Thread] but has failed to stop it. This is very likely to create a memory leak.
七月 22, 2017 8:27:49 上午 org.apache.catalina.loader.WebappClassLoader clearReferencesThreads
严重: The web application [/pentaho] appears to have started a thread named [Store libloader-data Spool Thread] but has failed to stop it. This is very likely to create a memory leak.
七月 22, 2017 8:27:49 上午 org.apache.catalina.loader.WebappClassLoader clearReferencesThreads
严重: The web application [/pentaho] appears to have started a thread named [Store org.pentaho.platform.repository.solution.dbbased.RepositoryFile.childrenFiles Spool Thread] but has failed to stop it. This is very likely to create a memory leak.
七月 22, 2017 8:27:49 上午 org.apache.catalina.loader.WebappClassLoader clearReferencesThreads
严重: The web application [/pentaho] appears to have started a thread named [Store pentaho-geo-countrysubdivision Spool Thread] but has failed to stop it. This is very likely to create a memory leak.
七月 22, 2017 8:27:49 上午 org.apache.catalina.loader.WebappClassLoader clearReferencesThreads
严重: The web application [/pentaho] appears to have started a thread named [Store pentaho-geo-countrycode3 Spool Thread] but has failed to stop it. This is very likely to create a memory leak.
七月 22, 2017 8:27:49 上午 org.apache.catalina.loader.WebappClassLoader clearReferencesThreads
严重: The web application [/pentaho] appears to have started a thread named [Store pentaho-geo-countrysecondarysubdivision Spool Thread] but has failed to stop it. This is very likely to create a memory leak.
七月 22, 2017 8:27:49 上午 org.apache.catalina.loader.WebappClassLoader clearReferencesThreads
严重: The web application [/pentaho] appears to have started a thread named [Store mondrian-catalog-cache Spool Thread] but has failed to stop it. This is very likely to create a memory leak.
七月 22, 2017 8:27:49 上午 org.apache.catalina.loader.WebappClassLoader clearReferencesThreads
严重: The web application [/pentaho] appears to have started a thread named [Store pentaho-geo-postalcode Spool Thread] but has failed to stop it. This is very likely to create a memory leak.
七月 22, 2017 8:27:49 上午 org.apache.catalina.loader.WebappClassLoader clearReferencesThreads
严重: The web application [/pentaho] appears to have started a thread named [Store pentaho-geo-countrysubdivisioncode Spool Thread] but has failed to stop it. This is very likely to create a memory leak.
七月 22, 2017 8:27:49 上午 org.apache.catalina.loader.WebappClassLoader clearReferencesThreads
严重: The web application [/pentaho] appears to have started a thread named [Store org.pentaho.platform.repository.solution.dbbased.RepositoryFile.accessControls Spool Thread] but has failed to stop it. This is very likely to create a memory leak.
七月 22, 2017 8:27:49 上午 org.apache.catalina.loader.WebappClassLoader clearReferencesThreads
严重: The web application [/pentaho] appears to have started a thread named [Store pentaho-geo-municipality Spool Thread] but has failed to stop it. This is very likely to create a memory leak.
七月 22, 2017 8:27:49 上午 org.apache.catalina.loader.WebappClassLoader clearReferencesThreads
严重: The web application [/pentaho] appears to have started a thread named [Store org.pentaho.platform.repository.solution.dbbased.RepositoryFile Spool Thread] but has failed to stop it. This is very likely to create a memory leak.
七月 22, 2017 8:27:49 上午 org.apache.catalina.loader.WebappClassLoader clearReferencesThreads
严重: The web application [/pentaho] appears to have started a thread named [Store pentaho-geo-countrycode Spool Thread] but has failed to stop it. This is very likely to create a memory leak.
七月 22, 2017 8:27:49 上午 org.apache.catalina.loader.WebappClassLoader clearThreadLocalMap
严重: The web application [/pentaho] created a ThreadLocal with key of type [java.lang.InheritableThreadLocal] (value [java.lang.InheritableThreadLocal@332fa1c]) and a value of type [org.pentaho.platform.engine.core.system.BasePentahoRequestContext] (value [org.pentaho.platform.engine.core.system.BasePentahoRequestContext@7c200e57]) but failed to remove it when the web application was stopped. This is very likely to create a memory leak.
七月 22, 2017 8:27:49 上午 org.apache.catalina.loader.WebappClassLoader clearThreadLocalMap
严重: The web application [/pentaho] created a ThreadLocal with key of type [java.lang.InheritableThreadLocal] (value [java.lang.InheritableThreadLocal@1d0f7bcf]) and a value of type [org.pentaho.platform.web.http.session.PentahoHttpSession] (value [org.pentaho.platform.web.http.session.PentahoHttpSession@37f66563]) but failed to remove it when the web application was stopped. This is very likely to create a memory leak.
七月 22, 2017 8:27:49 上午 org.apache.catalina.loader.WebappClassLoader clearThreadLocalMap
严重: The web application [/pentaho] created a ThreadLocal with key of type [java.lang.InheritableThreadLocal] (value [java.lang.InheritableThreadLocal@332fa1c]) and a value of type [org.pentaho.platform.engine.core.system.BasePentahoRequestContext] (value [org.pentaho.platform.engine.core.system.BasePentahoRequestContext@7c200e57]) but failed to remove it when the web application was stopped. This is very likely to create a memory leak.
七月 22, 2017 8:27:49 上午 org.apache.catalina.loader.WebappClassLoader clearThreadLocalMap
严重: The web application [/pentaho] created a ThreadLocal with key of type [java.lang.InheritableThreadLocal] (value [java.lang.InheritableThreadLocal@1d0f7bcf]) and a value of type [org.pentaho.platform.web.http.session.PentahoHttpSession] (value [org.pentaho.platform.web.http.session.PentahoHttpSession@37f66563]) but failed to remove it when the web application was stopped. This is very likely to create a memory leak.
七月 22, 2017 8:27:49 上午 org.apache.catalina.loader.WebappClassLoader clearThreadLocalMap
严重: The web application [/pentaho] created a ThreadLocal with key of type [java.lang.ThreadLocal] (value [java.lang.ThreadLocal@1978b0d5]) and a value of type [org.pentaho.platform.repository.solution.dbbased.DbBasedSolutionRepository] (value [org.pentaho.platform.repository.solution.dbbased.DbBasedSolutionRepository@5b0835cb]) but failed to remove it when the web application was stopped. This is very likely to create a memory leak.
七月 22, 2017 8:27:49 上午 org.apache.catalina.loader.WebappClassLoader clearThreadLocalMap
严重: The web application [/pentaho] created a ThreadLocal with key of type [java.lang.ThreadLocal] (value [java.lang.ThreadLocal@6556471b]) and a value of type [org.hibernate.impl.SessionImpl] (value [SessionImpl(PersistenceContext[entityKeys=[EntityKey[org.pentaho.platform.repository.solution.dbbased.RepositoryFile#de2237c9-393a-11e7-804b-a7bef64dd85e], EntityKey[org.pentaho.platform.repository.solution.dbbased.RepositoryFile#de18c0dd-393a-11e7-804b-a7bef64dd85e], EntityKey[org.pentaho.platform.repository.solution.dbbased.RepositoryFile#de2237af-393a-11e7-804b-a7bef64dd85e], EntityKey[org.pentaho.platform.repository.solution.dbbased.RepositoryFile#de2237ba-393a-11e7-804b-a7bef64dd85e], EntityKey[org.pentaho.platform.repository.solution.dbbased.RepositoryFile#de2237b6-393a-11e7-804b-a7bef64dd85e], EntityKey[org.pentaho.platform.repository.solution.dbbased.RepositoryFile#de2237c1-393a-11e7-804b-a7bef64dd85e], EntityKey[org.pentaho.platform.repository.solution.dbbased.RepositoryFile#de2237b2-393a-11e7-804b-a7bef64dd85e], EntityKey[org.pentaho.platform.repository.solution.dbbased.RepositoryFile#de2237c5-393a-11e7-804b-a7bef64dd85e], EntityKey[org.pentaho.platform.repository.solution.dbbased.RepositoryFile#de2237be-393a-11e7-804b-a7bef64dd85e], EntityKey[org.pentaho.platform.repository.solution.dbbased.RepositoryFile#de2237c8-393a-11e7-804b-a7bef64dd85e], EntityKey[org.pentaho.platform.repository.solution.dbbased.RepositoryFile#de2237b9-393a-11e7-804b-a7bef64dd85e], EntityKey[org.pentaho.platform.repository.solution.dbbased.RepositoryFile#de2237ca-393a-11e7-804b-a7bef64dd85e], EntityKey[org.pentaho.platform.repository.solution.dbbased.RepositoryFile#de2237b5-393a-11e7-804b-a7bef64dd85e], EntityKey[org.pentaho.platform.repository.solution.dbbased.RepositoryFile#de2237bb-393a-11e7-804b-a7bef64dd85e], EntityKey[org.pentaho.platform.repository.solution.dbbased.RepositoryFile#de2237c0-393a-11e7-804b-a7bef64dd85e], EntityKey[org.pentaho.platform.repository.solution.dbbased.RepositoryFile#de2237b1-393a-11e7-804b-a7bef64dd85e], EntityKey[org.pentaho.platform.repository.solution.dbbased.RepositoryFile#de2237bf-393a-11e7-804b-a7bef64dd85e], EntityKey[org.pentaho.platform.repository.solution.dbbased.RepositoryFile#de2237c4-393a-11e7-804b-a7bef64dd85e], EntityKey[org.pentaho.platform.repository.solution.dbbased.RepositoryFile#de2237cb-393a-11e7-804b-a7bef64dd85e], EntityKey[org.pentaho.platform.repository.solution.dbbased.RepositoryFile#de2237b8-393a-11e7-804b-a7bef64dd85e], EntityKey[org.pentaho.platform.repository.solution.dbbased.RepositoryFile#de18c0ef-393a-11e7-804b-a7bef64dd85e], EntityKey[org.pentaho.platform.repository.solution.dbbased.RepositoryFile#de2237c3-393a-11e7-804b-a7bef64dd85e], EntityKey[org.pentaho.platform.repository.solution.dbbased.RepositoryFile#de2237b4-393a-11e7-804b-a7bef64dd85e], EntityKey[org.pentaho.platform.repository.solution.dbbased.RepositoryFile#de2237c7-393a-11e7-804b-a7bef64dd85e], EntityKey[org.pentaho.platform.repository.solution.dbbased.RepositoryFile#de2237bc-393a-11e7-804b-a7bef64dd85e], EntityKey[org.pentaho.platform.repository.solution.dbbased.RepositoryFile#de2237b0-393a-11e7-804b-a7bef64dd85e], EntityKey[org.pentaho.platform.repository.solution.dbbased.RepositoryFile#de2237cc-393a-11e7-804b-a7bef64dd85e], EntityKey[org.pentaho.platform.repository.solution.dbbased.RepositoryFile#de13ded8-393a-11e7-804b-a7bef64dd85e], EntityKey[org.pentaho.platform.repository.solution.dbbased.RepositoryFile#de2237b7-393a-11e7-804b-a7bef64dd85e], EntityKey[org.pentaho.platform.repository.solution.dbbased.RepositoryFile#de2237c2-393a-11e7-804b-a7bef64dd85e], EntityKey[org.pentaho.platform.repository.solution.dbbased.RepositoryFile#de2237b3-393a-11e7-804b-a7bef64dd85e], EntityKey[org.pentaho.platform.repository.solution.dbbased.RepositoryFile#de2237bd-393a-11e7-804b-a7bef64dd85e], EntityKey[org.pentaho.platform.repository.solution.dbbased.RepositoryFile#de2237c6-393a-11e7-804b-a7bef64dd85e]],collectionKeys=[CollectionKey[org.pentaho.platform.repository.solution.dbbased.RepositoryFile.accessControls#de2237b2-393a-11e7-804b-a7bef64dd85e], CollectionKey[org.pentaho.platform.repository.solution.dbbased.RepositoryFile.accessControls#de13ded8-393a-11e7-804b-a7bef64dd85e], CollectionKey[org.pentaho.platform.repository.solution.dbbased.RepositoryFile.childrenFiles#de2237b4-393a-11e7-804b-a7bef64dd85e], CollectionKey[org.pentaho.platform.repository.solution.dbbased.RepositoryFile.accessControls#de2237b7-393a-11e7-804b-a7bef64dd85e], CollectionKey[org.pentaho.platform.repository.solution.dbbased.RepositoryFile.childrenFiles#de2237c4-393a-11e7-804b-a7bef64dd85e], CollectionKey[org.pentaho.platform.repository.solution.dbbased.RepositoryFile.accessControls#de2237c5-393a-11e7-804b-a7bef64dd85e], CollectionKey[org.pentaho.platform.repository.solution.dbbased.RepositoryFile.childrenFiles#de2237cc-393a-11e7-804b-a7bef64dd85e], CollectionKey[org.pentaho.platform.repository.solution.dbbased.RepositoryFile.accessControls#de2237ba-393a-11e7-804b-a7bef64dd85e], CollectionKey[org.pentaho.platform.repository.solution.dbbased.RepositoryFile.accessControls#de2237b5-393a-11e7-804b-a7bef64dd85e], CollectionKey[org.pentaho.platform.repository.solution.dbbased.RepositoryFile.childrenFiles#de2237b1-393a-11e7-804b-a7bef64dd85e], CollectionKey[org.pentaho.platform.repository.solution.dbbased.RepositoryFile.childrenFiles#de2237c9-393a-11e7-804b-a7bef64dd85e], CollectionKey[org.pentaho.platform.repository.solution.dbbased.RepositoryFile.childrenFiles#de18c0dd-393a-11e7-804b-a7bef64dd85e], CollectionKey[org.pentaho.platform.repository.solution.dbbased.RepositoryFile.accessControls#de2237af-393a-11e7-804b-a7bef64dd85e], CollectionKey[org.pentaho.platform.repository.solution.dbbased.RepositoryFile.childrenFiles#de2237bc-393a-11e7-804b-a7bef64dd85e], CollectionKey[org.pentaho.platform.repository.solution.dbbased.RepositoryFile.accessControls#de2237bf-393a-11e7-804b-a7bef64dd85e], CollectionKey[org.pentaho.platform.repository.solution.dbbased.RepositoryFile.accessControls#de2237ca-393a-11e7-804b-a7bef64dd85e], CollectionKey[org.pentaho.platform.repository.solution.dbbased.RepositoryFile.childrenFiles#de2237b9-393a-11e7-804b-a7bef64dd85e], CollectionKey[org.pentaho.platform.repository.solution.dbbased.RepositoryFile.childrenFiles#de2237c1-393a-11e7-804b-a7bef64dd85e], CollectionKey[org.pentaho.platform.repository.solution.dbbased.RepositoryFile.accessControls#de2237c0-393a-11e7-804b-a7bef64dd85e], CollectionKey[org.pentaho.platform.repository.solution.dbbased.RepositoryFile.accessControls#de2237b0-393a-11e7-804b-a7bef64dd85e], CollectionKey[org.pentaho.platform.repository.solution.dbbased.RepositoryFile.accessControls#de18c0ef-393a-11e7-804b-a7bef64dd85e], CollectionKey[org.pentaho.platform.repository.solution.dbbased.RepositoryFile.childrenFiles#de2237b2-393a-11e7-804b-a7bef64dd85e], CollectionKey[org.pentaho.platform.repository.solution.dbbased.RepositoryFile.childrenFiles#de2237c6-393a-11e7-804b-a7bef64dd85e], CollectionKey[org.pentaho.platform.repository.solution.dbbased.RepositoryFile.accessControls#de2237c8-393a-11e7-804b-a7bef64dd85e], CollectionKey[org.pentaho.platform.repository.solution.dbbased.RepositoryFile.childrenFiles#de2237bb-393a-11e7-804b-a7bef64dd85e], CollectionKey[org.pentaho.platform.repository.solution.dbbased.RepositoryFile.accessControls#de2237c7-393a-11e7-804b-a7bef64dd85e], CollectionKey[org.pentaho.platform.repository.solution.dbbased.RepositoryFile.childrenFiles#de13ded8-393a-11e7-804b-a7bef64dd85e], CollectionKey[org.pentaho.platform.repository.solution.dbbased.RepositoryFile.childrenFiles#de2237ca-393a-11e7-804b-a7bef64dd85e], CollectionKey[org.pentaho.platform.repository.solution.dbbased.RepositoryFile.accessControls#de2237b9-393a-11e7-804b-a7bef64dd85e], CollectionKey[org.pentaho.platform.repository.solution.dbbased.RepositoryFile.childrenFiles#de2237be-393a-11e7-804b-a7bef64dd85e], CollectionKey[org.pentaho.platform.repository.solution.dbbased.RepositoryFile.childrenFiles#de2237af-393a-11e7-804b-a7bef64dd85e], CollectionKey[org.pentaho.platform.repository.solution.dbbased.RepositoryFile.accessControls#de2237b3-393a-11e7-804b-a7bef64dd85e], CollectionKey[org.pentaho.platform.repository.solution.dbbased.RepositoryFile.accessControls#de2237bd-393a-11e7-804b-a7bef64dd85e], CollectionKey[org.pentaho.platform.repository.solution.dbbased.RepositoryFile.childrenFiles#de2237b7-393a-11e7-804b-a7bef64dd85e], CollectionKey[org.pentaho.platform.repository.solution.dbbased.RepositoryFile.accessControls#de2237cc-393a-11e7-804b-a7bef64dd85e], CollectionKey[org.pentaho.platform.repository.solution.dbbased.RepositoryFile.childrenFiles#de2237c3-393a-11e7-804b-a7bef64dd85e], CollectionKey[org.pentaho.platform.repository.solution.dbbased.RepositoryFile.accessControls#de2237c2-393a-11e7-804b-a7bef64dd85e], CollectionKey[org.pentaho.platform.repository.solution.dbbased.RepositoryFile.childrenFiles#de2237b0-393a-11e7-804b-a7bef64dd85e], CollectionKey[org.pentaho.platform.repository.solution.dbbased.RepositoryFile.accessControls#de2237b6-393a-11e7-804b-a7bef64dd85e], CollectionKey[org.pentaho.platform.repository.solution.dbbased.RepositoryFile.childrenFiles#de2237c8-393a-11e7-804b-a7bef64dd85e], CollectionKey[org.pentaho.platform.repository.solution.dbbased.RepositoryFile.accessControls#de2237be-393a-11e7-804b-a7bef64dd85e], CollectionKey[org.pentaho.platform.repository.solution.dbbased.RepositoryFile.childrenFiles#de2237b8-393a-11e7-804b-a7bef64dd85e], CollectionKey[org.pentaho.platform.repository.solution.dbbased.RepositoryFile.childrenFiles#de2237bd-393a-11e7-804b-a7bef64dd85e], CollectionKey[org.pentaho.platform.repository.solution.dbbased.RepositoryFile.childrenFiles#de2237c0-393a-11e7-804b-a7bef64dd85e], CollectionKey[org.pentaho.platform.repository.solution.dbbased.RepositoryFile.accessControls#de2237c1-393a-11e7-804b-a7bef64dd85e], CollectionKey[org.pentaho.platform.repository.solution.dbbased.RepositoryFile.accessControls#de18c0dd-393a-11e7-804b-a7bef64dd85e], CollectionKey[org.pentaho.platform.repository.solution.dbbased.RepositoryFile.accessControls#de2237b1-393a-11e7-804b-a7bef64dd85e], CollectionKey[org.pentaho.platform.repository.solution.dbbased.RepositoryFile.accessControls#de2237b8-393a-11e7-804b-a7bef64dd85e], CollectionKey[org.pentaho.platform.repository.solution.dbbased.RepositoryFile.childrenFiles#de2237b5-393a-11e7-804b-a7bef64dd85e], CollectionKey[org.pentaho.platform.repository.solution.dbbased.RepositoryFile.accessControls#de2237c4-393a-11e7-804b-a7bef64dd85e], CollectionKey[org.pentaho.platform.repository.solution.dbbased.RepositoryFile.childrenFiles#de2237c5-393a-11e7-804b-a7bef64dd85e], CollectionKey[org.pentaho.platform.repository.solution.dbbased.RepositoryFile.childrenFiles#de2237cb-393a-11e7-804b-a7bef64dd85e], CollectionKey[org.pentaho.platform.repository.solution.dbbased.RepositoryFile.accessControls#de2237bb-393a-11e7-804b-a7bef64dd85e], CollectionKey[org.pentaho.platform.repository.solution.dbbased.RepositoryFile.childrenFiles#de2237bf-393a-11e7-804b-a7bef64dd85e], CollectionKey[org.pentaho.platform.repository.solution.dbbased.RepositoryFile.accessControls#de2237b4-393a-11e7-804b-a7bef64dd85e], CollectionKey[org.pentaho.platform.repository.solution.dbbased.RepositoryFile.childrenFiles#de2237b6-393a-11e7-804b-a7bef64dd85e], CollectionKey[org.pentaho.platform.repository.solution.dbbased.RepositoryFile.accessControls#de2237bc-393a-11e7-804b-a7bef64dd85e], CollectionKey[org.pentaho.platform.repository.solution.dbbased.RepositoryFile.childrenFiles#de2237c2-393a-11e7-804b-a7bef64dd85e], CollectionKey[org.pentaho.platform.repository.solution.dbbased.RepositoryFile.accessControls#de2237cb-393a-11e7-804b-a7bef64dd85e], CollectionKey[org.pentaho.platform.repository.solution.dbbased.RepositoryFile.accessControls#de2237c3-393a-11e7-804b-a7bef64dd85e], CollectionKey[org.pentaho.platform.repository.solution.dbbased.RepositoryFile.childrenFiles#de2237c7-393a-11e7-804b-a7bef64dd85e], CollectionKey[org.pentaho.platform.repository.solution.dbbased.RepositoryFile.childrenFiles#de2237b3-393a-11e7-804b-a7bef64dd85e], CollectionKey[org.pentaho.platform.repository.solution.dbbased.RepositoryFile.accessControls#de2237c9-393a-11e7-804b-a7bef64dd85e], CollectionKey[org.pentaho.platform.repository.solution.dbbased.RepositoryFile.childrenFiles#de2237ba-393a-11e7-804b-a7bef64dd85e], CollectionKey[org.pentaho.platform.repository.solution.dbbased.RepositoryFile.accessControls#de2237c6-393a-11e7-804b-a7bef64dd85e], CollectionKey[org.pentaho.platform.repository.solution.dbbased.RepositoryFile.childrenFiles#de18c0ef-393a-11e7-804b-a7bef64dd85e]]];ActionQueue[insertions=[] updates=[] deletions=[] collectionCreations=[] collectionRemovals=[] collectionUpdates=[]])]) but failed to remove it when the web application was stopped. This is very likely to create a memory leak.
七月 22, 2017 8:27:49 上午 org.apache.catalina.loader.WebappClassLoader clearThreadLocalMap
严重: The web application [/pentaho] created a ThreadLocal with key of type [java.lang.ThreadLocal] (value [java.lang.ThreadLocal@3346e906]) and a value of type [org.pentaho.platform.engine.core.system.StandaloneSession] (value [org.pentaho.platform.engine.core.system.StandaloneSession@5e34a84b]) but failed to remove it when the web application was stopped. This is very likely to create a memory leak.
七月 22, 2017 8:27:49 上午 org.apache.catalina.loader.WebappClassLoader clearThreadLocalMap
严重: The web application [/pentaho] created a ThreadLocal with key of type [java.lang.ThreadLocal] (value [java.lang.ThreadLocal@443ac5b8]) and a value of type [org.pentaho.platform.engine.security.session.TrustedSystemStartupSession] (value [org.pentaho.platform.engine.security.session.TrustedSystemStartupSession@3f2ef402]) but failed to remove it when the web application was stopped. This is very likely to create a memory leak.
七月 22, 2017 8:27:49 上午 org.apache.catalina.loader.WebappClassLoader clearThreadLocalMap
严重: The web application [/pentaho] created a ThreadLocal with key of type [null] (value [org.pentaho.platform.plugin.services.pluginmgr.PluginMessageLogger$1@126d0868]) and a value of type [java.util.ArrayList] (value [[Discovered plugin cgg in cgg, This plugin provides: 0 menu customizations, 0 content types, 1 content generators, 0 overlays, and 0 lifecycle listeners, Discovered plugin common-ui in common-ui, This plugin provides: 0 menu customizations, 0 content types, 2 content generators, 0 overlays, and 0 lifecycle listeners, Discovered plugin data-access in data-access, This plugin provides: 0 menu customizations, 0 content types, 0 content generators, 0 overlays, and 0 lifecycle listeners, Discovered plugin BI Server default plugin in default-plugin, This plugin provides: 0 menu customizations, 0 content types, 3 content generators, 0 overlays, and 0 lifecycle listeners, Discovered plugin marketplace in marketplace, Menu addition: cda_refresh - Marketplace, This plugin provides: 1 menu customizations, 0 content types, 1 content generators, 1 overlays, and 1 lifecycle listeners, Discovered plugin pentaho-cdf in pentaho-cdf, Content type registered: xcdf - Dashboard, This plugin provides: 0 menu customizations, 1 content types, 1 content generators, 0 overlays, and 1 lifecycle listeners, Discovered plugin reporting in reporting, Content type registered: prpt - Pentaho Report, This plugin provides: 0 menu customizations, 1 content types, 1 content generators, 0 overlays, and 1 lifecycle listeners, Content generator registered: cgg for plugin cgg, Plugin cgg has registered successfully, Content generator registered: reposvc for plugin common-ui, Content generator registered: MetadataModelsSvc for plugin common-ui, Plugin common-ui has registered successfully, Plugin data-access has registered successfully, Content generator registered: ws-services for plugin BI Server default plugin, Content generator registered: ws-run for plugin BI Server default plugin, Content generator registered: ws-wsdl for plugin BI Server default plugin, Plugin BI Server default plugin has registered successfully, Content generator registered: marketplace for plugin marketplace, Plugin marketplace has registered successfully, Content generator registered: pentaho-cdf for plugin pentaho-cdf, Plugin pentaho-cdf has registered successfully, Content generator registered: reporting for plugin reporting, Plugin reporting has registered successfully]]) but failed to remove it when the web application was stopped. This is very likely to create a memory leak.
七月 22, 2017 8:27:49 上午 org.apache.catalina.loader.WebappClassLoader clearThreadLocalMap
严重: The web application [/pentaho] created a ThreadLocal with key of type [java.lang.InheritableThreadLocal] (value [java.lang.InheritableThreadLocal@1d0f7bcf]) and a value of type [org.pentaho.platform.engine.security.session.TrustedSystemStartupSession] (value [org.pentaho.platform.engine.security.session.TrustedSystemStartupSession@64d43929]) but failed to remove it when the web application was stopped. This is very likely to create a memory leak.
七月 22, 2017 8:27:49 上午 org.apache.catalina.loader.WebappClassLoader clearThreadLocalMap
严重: The web application [/pentaho] created a ThreadLocal with key of type [java.lang.InheritableThreadLocal] (value [java.lang.InheritableThreadLocal@1d0f7bcf]) and a value of type [org.pentaho.platform.engine.security.session.TrustedSystemStartupSession] (value [org.pentaho.platform.engine.security.session.TrustedSystemStartupSession@64d43929]) but failed to remove it when the web application was stopped. This is very likely to create a memory leak.
七月 22, 2017 8:27:49 上午 org.apache.catalina.loader.WebappClassLoader clearThreadLocalMap
严重: The web application [/pentaho] created a ThreadLocal with key of type [java.lang.InheritableThreadLocal] (value [java.lang.InheritableThreadLocal@1d0f7bcf]) and a value of type [org.pentaho.platform.engine.security.session.TrustedSystemStartupSession] (value [org.pentaho.platform.engine.security.session.TrustedSystemStartupSession@64d43929]) but failed to remove it when the web application was stopped. This is very likely to create a memory leak.
七月 22, 2017 8:27:49 上午 org.apache.catalina.loader.WebappClassLoader clearThreadLocalMap
严重: The web application [/pentaho] created a ThreadLocal with key of type [java.lang.InheritableThreadLocal] (value [java.lang.InheritableThreadLocal@1d0f7bcf]) and a value of type [org.pentaho.platform.engine.security.session.TrustedSystemStartupSession] (value [org.pentaho.platform.engine.security.session.TrustedSystemStartupSession@64d43929]) but failed to remove it when the web application was stopped. This is very likely to create a memory leak.
七月 22, 2017 8:27:49 上午 org.apache.catalina.loader.WebappClassLoader clearThreadLocalMap
严重: The web application [/pentaho] created a ThreadLocal with key of type [java.lang.InheritableThreadLocal] (value [java.lang.InheritableThreadLocal@1d0f7bcf]) and a value of type [org.pentaho.platform.engine.security.session.TrustedSystemStartupSession] (value [org.pentaho.platform.engine.security.session.TrustedSystemStartupSession@64d43929]) but failed to remove it when the web application was stopped. This is very likely to create a memory leak.
七月 22, 2017 8:27:49 上午 org.apache.catalina.loader.WebappClassLoader clearThreadLocalMap
严重: The web application [/pentaho] created a ThreadLocal with key of type [java.lang.InheritableThreadLocal] (value [java.lang.InheritableThreadLocal@1d0f7bcf]) and a value of type [org.pentaho.platform.engine.security.session.TrustedSystemStartupSession] (value [org.pentaho.platform.engine.security.session.TrustedSystemStartupSession@64d43929]) but failed to remove it when the web application was stopped. This is very likely to create a memory leak.
七月 22, 2017 8:27:49 上午 org.apache.catalina.loader.WebappClassLoader clearThreadLocalMap
严重: The web application [/pentaho] created a ThreadLocal with key of type [java.lang.InheritableThreadLocal] (value [java.lang.InheritableThreadLocal@1d0f7bcf]) and a value of type [org.pentaho.platform.engine.security.session.TrustedSystemStartupSession] (value [org.pentaho.platform.engine.security.session.TrustedSystemStartupSession@64d43929]) but failed to remove it when the web application was stopped. This is very likely to create a memory leak.
七月 22, 2017 8:27:49 上午 org.apache.catalina.loader.WebappClassLoader clearThreadLocalMap
严重: The web application [/pentaho] created a ThreadLocal with key of type [java.lang.InheritableThreadLocal] (value [java.lang.InheritableThreadLocal@1d0f7bcf]) and a value of type [org.pentaho.platform.engine.security.session.TrustedSystemStartupSession] (value [org.pentaho.platform.engine.security.session.TrustedSystemStartupSession@64d43929]) but failed to remove it when the web application was stopped. This is very likely to create a memory leak.
七月 22, 2017 8:27:49 上午 org.apache.catalina.loader.WebappClassLoader clearThreadLocalMap
严重: The web application [/pentaho] created a ThreadLocal with key of type [java.lang.InheritableThreadLocal] (value [java.lang.InheritableThreadLocal@1d0f7bcf]) and a value of type [org.pentaho.platform.engine.security.session.TrustedSystemStartupSession] (value [org.pentaho.platform.engine.security.session.TrustedSystemStartupSession@64d43929]) but failed to remove it when the web application was stopped. This is very likely to create a memory leak.
七月 22, 2017 8:27:49 上午 org.apache.catalina.loader.WebappClassLoader clearThreadLocalMap
严重: The web application [/pentaho] created a ThreadLocal with key of type [java.lang.InheritableThreadLocal] (value [java.lang.InheritableThreadLocal@1d0f7bcf]) and a value of type [org.pentaho.platform.engine.security.session.TrustedSystemStartupSession] (value [org.pentaho.platform.engine.security.session.TrustedSystemStartupSession@64d43929]) but failed to remove it when the web application was stopped. This is very likely to create a memory leak.
七月 22, 2017 8:27:49 上午 org.apache.catalina.loader.WebappClassLoader clearThreadLocalMap
严重: The web application [/pentaho] created a ThreadLocal with key of type [java.lang.InheritableThreadLocal] (value [java.lang.InheritableThreadLocal@1d0f7bcf]) and a value of type [org.pentaho.platform.engine.security.session.TrustedSystemStartupSession] (value [org.pentaho.platform.engine.security.session.TrustedSystemStartupSession@64d43929]) but failed to remove it when the web application was stopped. This is very likely to create a memory leak.
七月 22, 2017 8:27:49 上午 org.apache.catalina.loader.WebappClassLoader clearThreadLocalMap
严重: The web application [/pentaho] created a ThreadLocal with key of type [java.lang.InheritableThreadLocal] (value [java.lang.InheritableThreadLocal@1d0f7bcf]) and a value of type [org.pentaho.platform.engine.security.session.TrustedSystemStartupSession] (value [org.pentaho.platform.engine.security.session.TrustedSystemStartupSession@64d43929]) but failed to remove it when the web application was stopped. This is very likely to create a memory leak.
七月 22, 2017 8:27:49 上午 org.apache.catalina.loader.WebappClassLoader clearThreadLocalMap
严重: The web application [/pentaho] created a ThreadLocal with key of type [java.lang.InheritableThreadLocal] (value [java.lang.InheritableThreadLocal@1d0f7bcf]) and a value of type [org.pentaho.platform.engine.security.session.TrustedSystemStartupSession] (value [org.pentaho.platform.engine.security.session.TrustedSystemStartupSession@64d43929]) but failed to remove it when the web application was stopped. This is very likely to create a memory leak.
七月 22, 2017 8:27:49 上午 org.apache.catalina.loader.WebappClassLoader clearThreadLocalMap
严重: The web application [/pentaho] created a ThreadLocal with key of type [java.lang.InheritableThreadLocal] (value [java.lang.InheritableThreadLocal@1d0f7bcf]) and a value of type [org.pentaho.platform.engine.security.session.TrustedSystemStartupSession] (value [org.pentaho.platform.engine.security.session.TrustedSystemStartupSession@64d43929]) but failed to remove it when the web application was stopped. This is very likely to create a memory leak.
七月 22, 2017 8:27:49 上午 org.apache.catalina.loader.WebappClassLoader clearThreadLocalMap
严重: The web application [/pentaho] created a ThreadLocal with key of type [java.lang.InheritableThreadLocal] (value [java.lang.InheritableThreadLocal@1d0f7bcf]) and a value of type [org.pentaho.platform.engine.security.session.TrustedSystemStartupSession] (value [org.pentaho.platform.engine.security.session.TrustedSystemStartupSession@64d43929]) but failed to remove it when the web application was stopped. This is very likely to create a memory leak.
七月 22, 2017 8:27:49 上午 org.apache.catalina.loader.WebappClassLoader clearThreadLocalMap
严重: The web application [/pentaho] created a ThreadLocal with key of type [java.lang.InheritableThreadLocal] (value [java.lang.InheritableThreadLocal@1d0f7bcf]) and a value of type [org.pentaho.platform.engine.security.session.TrustedSystemStartupSession] (value [org.pentaho.platform.engine.security.session.TrustedSystemStartupSession@64d43929]) but failed to remove it when the web application was stopped. This is very likely to create a memory leak.
七月 22, 2017 8:27:49 上午 org.apache.catalina.loader.WebappClassLoader clearThreadLocalMap
严重: The web application [/pentaho] created a ThreadLocal with key of type [java.lang.InheritableThreadLocal] (value [java.lang.InheritableThreadLocal@1d0f7bcf]) and a value of type [org.pentaho.platform.engine.security.session.TrustedSystemStartupSession] (value [org.pentaho.platform.engine.security.session.TrustedSystemStartupSession@64d43929]) but failed to remove it when the web application was stopped. This is very likely to create a memory leak.
七月 22, 2017 8:27:49 上午 org.apache.catalina.loader.WebappClassLoader clearThreadLocalMap
严重: The web application [/pentaho] created a ThreadLocal with key of type [java.lang.InheritableThreadLocal] (value [java.lang.InheritableThreadLocal@1d0f7bcf]) and a value of type [org.pentaho.platform.engine.security.session.TrustedSystemStartupSession] (value [org.pentaho.platform.engine.security.session.TrustedSystemStartupSession@64d43929]) but failed to remove it when the web application was stopped. This is very likely to create a memory leak.
七月 22, 2017 8:27:49 上午 org.apache.catalina.loader.WebappClassLoader clearThreadLocalMap
严重: The web application [/pentaho] created a ThreadLocal with key of type [java.lang.InheritableThreadLocal] (value [java.lang.InheritableThreadLocal@1d0f7bcf]) and a value of type [org.pentaho.platform.engine.security.session.TrustedSystemStartupSession] (value [org.pentaho.platform.engine.security.session.TrustedSystemStartupSession@64d43929]) but failed to remove it when the web application was stopped. This is very likely to create a memory leak.
七月 22, 2017 8:27:49 上午 org.apache.catalina.loader.WebappClassLoader clearThreadLocalMap
严重: The web application [/pentaho] created a ThreadLocal with key of type [java.lang.InheritableThreadLocal] (value [java.lang.InheritableThreadLocal@1d0f7bcf]) and a value of type [org.pentaho.platform.engine.security.session.TrustedSystemStartupSession] (value [org.pentaho.platform.engine.security.session.TrustedSystemStartupSession@64d43929]) but failed to remove it when the web application was stopped. This is very likely to create a memory leak.
七月 22, 2017 8:27:49 上午 org.apache.catalina.loader.WebappClassLoader clearThreadLocalMap
严重: The web application [/pentaho] created a ThreadLocal with key of type [java.lang.InheritableThreadLocal] (value [java.lang.InheritableThreadLocal@1d0f7bcf]) and a value of type [org.pentaho.platform.engine.security.session.TrustedSystemStartupSession] (value [org.pentaho.platform.engine.security.session.TrustedSystemStartupSession@64d43929]) but failed to remove it when the web application was stopped. This is very likely to create a memory leak.
七月 22, 2017 8:27:49 上午 org.apache.catalina.loader.WebappClassLoader clearThreadLocalMap
严重: The web application [/pentaho] created a ThreadLocal with key of type [java.lang.InheritableThreadLocal] (value [java.lang.InheritableThreadLocal@1d0f7bcf]) and a value of type [org.pentaho.platform.engine.security.session.TrustedSystemStartupSession] (value [org.pentaho.platform.engine.security.session.TrustedSystemStartupSession@64d43929]) but failed to remove it when the web application was stopped. This is very likely to create a memory leak.
七月 22, 2017 8:27:49 上午 org.apache.catalina.loader.WebappClassLoader clearThreadLocalMap
严重: The web application [/pentaho] created a ThreadLocal with key of type [java.lang.InheritableThreadLocal] (value [java.lang.InheritableThreadLocal@1d0f7bcf]) and a value of type [org.pentaho.platform.engine.security.session.TrustedSystemStartupSession] (value [org.pentaho.platform.engine.security.session.TrustedSystemStartupSession@64d43929]) but failed to remove it when the web application was stopped. This is very likely to create a memory leak.
七月 22, 2017 8:27:49 上午 org.apache.catalina.loader.WebappClassLoader clearThreadLocalMap
严重: The web application [/pentaho] created a ThreadLocal with key of type [java.lang.InheritableThreadLocal] (value [java.lang.InheritableThreadLocal@1d0f7bcf]) and a value of type [org.pentaho.platform.engine.security.session.TrustedSystemStartupSession] (value [org.pentaho.platform.engine.security.session.TrustedSystemStartupSession@64d43929]) but failed to remove it when the web application was stopped. This is very likely to create a memory leak.
七月 22, 2017 8:27:49 上午 org.apache.catalina.loader.WebappClassLoader clearThreadLocalMap
严重: The web application [/pentaho] created a ThreadLocal with key of type [java.lang.InheritableThreadLocal] (value [java.lang.InheritableThreadLocal@1d0f7bcf]) and a value of type [org.pentaho.platform.engine.security.session.TrustedSystemStartupSession] (value [org.pentaho.platform.engine.security.session.TrustedSystemStartupSession@64d43929]) but failed to remove it when the web application was stopped. This is very likely to create a memory leak.
七月 22, 2017 8:27:49 上午 org.apache.catalina.loader.WebappClassLoader clearThreadLocalMap
严重: The web application [/pentaho] created a ThreadLocal with key of type [java.lang.InheritableThreadLocal] (value [java.lang.InheritableThreadLocal@1d0f7bcf]) and a value of type [org.pentaho.platform.engine.security.session.TrustedSystemStartupSession] (value [org.pentaho.platform.engine.security.session.TrustedSystemStartupSession@64d43929]) but failed to remove it when the web application was stopped. This is very likely to create a memory leak.
七月 22, 2017 8:27:49 上午 org.apache.catalina.loader.WebappClassLoader clearThreadLocalMap
严重: The web application [/pentaho] created a ThreadLocal with key of type [java.lang.InheritableThreadLocal] (value [java.lang.InheritableThreadLocal@1d0f7bcf]) and a value of type [org.pentaho.platform.engine.security.session.TrustedSystemStartupSession] (value [org.pentaho.platform.engine.security.session.TrustedSystemStartupSession@64d43929]) but failed to remove it when the web application was stopped. This is very likely to create a memory leak.
七月 22, 2017 8:27:49 上午 org.apache.catalina.loader.WebappClassLoader clearThreadLocalMap
严重: The web application [/pentaho] created a ThreadLocal with key of type [java.lang.InheritableThreadLocal] (value [java.lang.InheritableThreadLocal@1d0f7bcf]) and a value of type [org.pentaho.platform.engine.security.session.TrustedSystemStartupSession] (value [org.pentaho.platform.engine.security.session.TrustedSystemStartupSession@64d43929]) but failed to remove it when the web application was stopped. This is very likely to create a memory leak.
七月 22, 2017 8:27:49 上午 org.apache.catalina.loader.WebappClassLoader clearThreadLocalMap
严重: The web application [/pentaho] created a ThreadLocal with key of type [java.lang.InheritableThreadLocal] (value [java.lang.InheritableThreadLocal@1d0f7bcf]) and a value of type [org.pentaho.platform.engine.security.session.TrustedSystemStartupSession] (value [org.pentaho.platform.engine.security.session.TrustedSystemStartupSession@64d43929]) but failed to remove it when the web application was stopped. This is very likely to create a memory leak.
七月 22, 2017 8:27:49 上午 org.apache.catalina.loader.WebappClassLoader clearThreadLocalMap
严重: The web application [/pentaho] created a ThreadLocal with key of type [java.lang.InheritableThreadLocal] (value [java.lang.InheritableThreadLocal@1d0f7bcf]) and a value of type [org.pentaho.platform.engine.security.session.TrustedSystemStartupSession] (value [org.pentaho.platform.engine.security.session.TrustedSystemStartupSession@64d43929]) but failed to remove it when the web application was stopped. This is very likely to create a memory leak.
七月 22, 2017 8:27:49 上午 org.apache.catalina.loader.WebappClassLoader clearThreadLocalMap
严重: The web application [/pentaho] created a ThreadLocal with key of type [java.lang.InheritableThreadLocal] (value [java.lang.InheritableThreadLocal@1d0f7bcf]) and a value of type [org.pentaho.platform.engine.security.session.TrustedSystemStartupSession] (value [org.pentaho.platform.engine.security.session.TrustedSystemStartupSession@64d43929]) but failed to remove it when the web application was stopped. This is very likely to create a memory leak.
七月 22, 2017 8:27:49 上午 org.apache.catalina.loader.WebappClassLoader clearThreadLocalMap
严重: The web application [/pentaho] created a ThreadLocal with key of type [java.lang.InheritableThreadLocal] (value [java.lang.InheritableThreadLocal@1d0f7bcf]) and a value of type [org.pentaho.platform.engine.security.session.TrustedSystemStartupSession] (value [org.pentaho.platform.engine.security.session.TrustedSystemStartupSession@64d43929]) but failed to remove it when the web application was stopped. This is very likely to create a memory leak.
七月 22, 2017 8:27:49 上午 org.apache.catalina.loader.WebappClassLoader clearThreadLocalMap
严重: The web application [/pentaho] created a ThreadLocal with key of type [java.lang.InheritableThreadLocal] (value [java.lang.InheritableThreadLocal@1d0f7bcf]) and a value of type [org.pentaho.platform.engine.security.session.TrustedSystemStartupSession] (value [org.pentaho.platform.engine.security.session.TrustedSystemStartupSession@64d43929]) but failed to remove it when the web application was stopped. This is very likely to create a memory leak.
七月 22, 2017 8:27:49 上午 org.apache.catalina.loader.WebappClassLoader clearThreadLocalMap
严重: The web application [/pentaho] created a ThreadLocal with key of type [java.lang.InheritableThreadLocal] (value [java.lang.InheritableThreadLocal@1d0f7bcf]) and a value of type [org.pentaho.platform.engine.security.session.TrustedSystemStartupSession] (value [org.pentaho.platform.engine.security.session.TrustedSystemStartupSession@64d43929]) but failed to remove it when the web application was stopped. This is very likely to create a memory leak.
七月 22, 2017 8:27:49 上午 org.apache.catalina.loader.WebappClassLoader clearThreadLocalMap
严重: The web application [/pentaho] created a ThreadLocal with key of type [java.lang.InheritableThreadLocal] (value [java.lang.InheritableThreadLocal@1d0f7bcf]) and a value of type [org.pentaho.platform.engine.security.session.TrustedSystemStartupSession] (value [org.pentaho.platform.engine.security.session.TrustedSystemStartupSession@64d43929]) but failed to remove it when the web application was stopped. This is very likely to create a memory leak.
七月 22, 2017 8:27:49 上午 org.apache.catalina.loader.WebappClassLoader clearThreadLocalMap
严重: The web application [/pentaho] created a ThreadLocal with key of type [java.lang.InheritableThreadLocal] (value [java.lang.InheritableThreadLocal@1d0f7bcf]) and a value of type [org.pentaho.platform.engine.security.session.TrustedSystemStartupSession] (value [org.pentaho.platform.engine.security.session.TrustedSystemStartupSession@64d43929]) but failed to remove it when the web application was stopped. This is very likely to create a memory leak.
七月 22, 2017 8:27:49 上午 org.apache.catalina.loader.WebappClassLoader clearThreadLocalMap
严重: The web application [/pentaho] created a ThreadLocal with key of type [java.lang.InheritableThreadLocal] (value [java.lang.InheritableThreadLocal@1d0f7bcf]) and a value of type [org.pentaho.platform.engine.security.session.TrustedSystemStartupSession] (value [org.pentaho.platform.engine.security.session.TrustedSystemStartupSession@64d43929]) but failed to remove it when the web application was stopped. This is very likely to create a memory leak.
七月 22, 2017 8:27:49 上午 org.apache.catalina.loader.WebappClassLoader clearThreadLocalMap
严重: The web application [/pentaho] created a ThreadLocal with key of type [java.lang.InheritableThreadLocal] (value [java.lang.InheritableThreadLocal@1d0f7bcf]) and a value of type [org.pentaho.platform.engine.security.session.TrustedSystemStartupSession] (value [org.pentaho.platform.engine.security.session.TrustedSystemStartupSession@64d43929]) but failed to remove it when the web application was stopped. This is very likely to create a memory leak.
七月 22, 2017 8:27:49 上午 org.apache.catalina.loader.WebappClassLoader clearThreadLocalMap
严重: The web application [/pentaho] created a ThreadLocal with key of type [java.lang.InheritableThreadLocal] (value [java.lang.InheritableThreadLocal@1d0f7bcf]) and a value of type [org.pentaho.platform.engine.security.session.TrustedSystemStartupSession] (value [org.pentaho.platform.engine.security.session.TrustedSystemStartupSession@64d43929]) but failed to remove it when the web application was stopped. This is very likely to create a memory leak.
七月 22, 2017 8:27:49 上午 org.apache.catalina.loader.WebappClassLoader clearThreadLocalMap
严重: The web application [/pentaho] created a ThreadLocal with key of type [java.lang.InheritableThreadLocal] (value [java.lang.InheritableThreadLocal@1d0f7bcf]) and a value of type [org.pentaho.platform.engine.security.session.TrustedSystemStartupSession] (value [org.pentaho.platform.engine.security.session.TrustedSystemStartupSession@64d43929]) but failed to remove it when the web application was stopped. This is very likely to create a memory leak.
七月 22, 2017 8:27:49 上午 org.apache.catalina.loader.WebappClassLoader clearThreadLocalMap
严重: The web application [/pentaho] created a ThreadLocal with key of type [java.lang.InheritableThreadLocal] (value [java.lang.InheritableThreadLocal@1d0f7bcf]) and a value of type [org.pentaho.platform.engine.security.session.TrustedSystemStartupSession] (value [org.pentaho.platform.engine.security.session.TrustedSystemStartupSession@64d43929]) but failed to remove it when the web application was stopped. This is very likely to create a memory leak.
七月 22, 2017 8:27:49 上午 org.apache.catalina.loader.WebappClassLoader clearThreadLocalMap
严重: The web application [/pentaho] created a ThreadLocal with key of type [java.lang.InheritableThreadLocal] (value [java.lang.InheritableThreadLocal@1d0f7bcf]) and a value of type [org.pentaho.platform.engine.security.session.TrustedSystemStartupSession] (value [org.pentaho.platform.engine.security.session.TrustedSystemStartupSession@64d43929]) but failed to remove it when the web application was stopped. This is very likely to create a memory leak.
七月 22, 2017 8:27:49 上午 org.apache.catalina.loader.WebappClassLoader clearThreadLocalMap
严重: The web application [/pentaho] created a ThreadLocal with key of type [java.lang.InheritableThreadLocal] (value [java.lang.InheritableThreadLocal@1d0f7bcf]) and a value of type [org.pentaho.platform.engine.security.session.TrustedSystemStartupSession] (value [org.pentaho.platform.engine.security.session.TrustedSystemStartupSession@64d43929]) but failed to remove it when the web application was stopped. This is very likely to create a memory leak.
七月 22, 2017 8:27:49 上午 org.apache.catalina.loader.WebappClassLoader clearThreadLocalMap
严重: The web application [/pentaho] created a ThreadLocal with key of type [java.lang.InheritableThreadLocal] (value [java.lang.InheritableThreadLocal@1d0f7bcf]) and a value of type [org.pentaho.platform.engine.security.session.TrustedSystemStartupSession] (value [org.pentaho.platform.engine.security.session.TrustedSystemStartupSession@64d43929]) but failed to remove it when the web application was stopped. This is very likely to create a memory leak.
七月 22, 2017 8:27:49 上午 org.apache.catalina.loader.WebappClassLoader clearThreadLocalMap
严重: The web application [/pentaho] created a ThreadLocal with key of type [java.lang.InheritableThreadLocal] (value [java.lang.InheritableThreadLocal@1d0f7bcf]) and a value of type [org.pentaho.platform.engine.security.session.TrustedSystemStartupSession] (value [org.pentaho.platform.engine.security.session.TrustedSystemStartupSession@64d43929]) but failed to remove it when the web application was stopped. This is very likely to create a memory leak.
七月 22, 2017 8:27:49 上午 org.apache.catalina.loader.WebappClassLoader clearThreadLocalMap
严重: The web application [/pentaho] created a ThreadLocal with key of type [java.lang.InheritableThreadLocal] (value [java.lang.InheritableThreadLocal@1d0f7bcf]) and a value of type [org.pentaho.platform.engine.security.session.TrustedSystemStartupSession] (value [org.pentaho.platform.engine.security.session.TrustedSystemStartupSession@64d43929]) but failed to remove it when the web application was stopped. This is very likely to create a memory leak.
七月 22, 2017 8:27:49 上午 org.apache.catalina.loader.WebappClassLoader clearThreadLocalMap
严重: The web application [/pentaho] created a ThreadLocal with key of type [java.lang.InheritableThreadLocal] (value [java.lang.InheritableThreadLocal@1d0f7bcf]) and a value of type [org.pentaho.platform.engine.security.session.TrustedSystemStartupSession] (value [org.pentaho.platform.engine.security.session.TrustedSystemStartupSession@64d43929]) but failed to remove it when the web application was stopped. This is very likely to create a memory leak.
七月 22, 2017 8:27:49 上午 org.apache.catalina.loader.WebappClassLoader clearThreadLocalMap
严重: The web application [/pentaho] created a ThreadLocal with key of type [java.lang.InheritableThreadLocal] (value [java.lang.InheritableThreadLocal@1d0f7bcf]) and a value of type [org.pentaho.platform.engine.security.session.TrustedSystemStartupSession] (value [org.pentaho.platform.engine.security.session.TrustedSystemStartupSession@64d43929]) but failed to remove it when the web application was stopped. This is very likely to create a memory leak.
七月 22, 2017 8:27:49 上午 org.apache.catalina.loader.WebappClassLoader clearThreadLocalMap
严重: The web application [/pentaho] created a ThreadLocal with key of type [java.lang.InheritableThreadLocal] (value [java.lang.InheritableThreadLocal@1d0f7bcf]) and a value of type [org.pentaho.platform.engine.security.session.TrustedSystemStartupSession] (value [org.pentaho.platform.engine.security.session.TrustedSystemStartupSession@64d43929]) but failed to remove it when the web application was stopped. This is very likely to create a memory leak.
七月 22, 2017 8:27:49 上午 org.apache.catalina.loader.WebappClassLoader clearThreadLocalMap
严重: The web application [/pentaho] created a ThreadLocal with key of type [java.lang.ThreadLocal] (value [java.lang.ThreadLocal@1978b0d5]) and a value of type [org.pentaho.platform.repository.solution.dbbased.DbBasedSolutionRepository] (value [org.pentaho.platform.repository.solution.dbbased.DbBasedSolutionRepository@995866a]) but failed to remove it when the web application was stopped. This is very likely to create a memory leak.
七月 22, 2017 8:27:49 上午 org.apache.catalina.loader.WebappClassLoader clearThreadLocalMap
严重: The web application [/pentaho] created a ThreadLocal with key of type [java.lang.ThreadLocal] (value [java.lang.ThreadLocal@753e4eb5]) and a value of type [org.hibernate.impl.SessionImpl] (value [SessionImpl(<closed>)]) but failed to remove it when the web application was stopped. This is very likely to create a memory leak.
七月 22, 2017 8:27:49 上午 org.apache.catalina.loader.WebappClassLoader clearThreadLocalMap
严重: The web application [/pentaho] created a ThreadLocal with key of type [java.lang.ThreadLocal] (value [java.lang.ThreadLocal@713497cd]) and a value of type [org.pentaho.platform.web.http.session.PentahoHttpSession] (value [org.pentaho.platform.web.http.session.PentahoHttpSession@45c7a50a]) but failed to remove it when the web application was stopped. This is very likely to create a memory leak.
七月 22, 2017 8:27:49 上午 org.apache.catalina.loader.WebappClassLoader clearThreadLocalMap
严重: The web application [/pentaho] created a ThreadLocal with key of type [java.lang.ThreadLocal] (value [java.lang.ThreadLocal@63318b56]) and a value of type [org.pentaho.platform.web.http.session.PentahoHttpSession] (value [org.pentaho.platform.web.http.session.PentahoHttpSession@37f66563]) but failed to remove it when the web application was stopped. This is very likely to create a memory leak.
七月 22, 2017 8:27:49 上午 org.apache.catalina.loader.WebappClassLoader clearThreadLocalMap
严重: The web application [/pentaho] created a ThreadLocal with key of type [java.lang.ThreadLocal] (value [java.lang.ThreadLocal@63318b56]) and a value of type [org.pentaho.platform.web.http.session.PentahoHttpSession] (value [org.pentaho.platform.web.http.session.PentahoHttpSession@37f66563]) but failed to remove it when the web application was stopped. This is very likely to create a memory leak.
七月 22, 2017 8:27:49 上午 org.apache.catalina.loader.WebappClassLoader clearThreadLocalMap
严重: The web application [/pentaho] created a ThreadLocal with key of type [java.lang.ThreadLocal] (value [java.lang.ThreadLocal@63318b56]) and a value of type [org.pentaho.platform.web.http.session.PentahoHttpSession] (value [org.pentaho.platform.web.http.session.PentahoHttpSession@37f66563]) but failed to remove it when the web application was stopped. This is very likely to create a memory leak.
七月 22, 2017 8:27:49 上午 org.apache.catalina.loader.WebappClassLoader clearThreadLocalMap
严重: The web application [/pentaho] created a ThreadLocal with key of type [java.lang.ThreadLocal] (value [java.lang.ThreadLocal@1978b0d5]) and a value of type [org.pentaho.platform.repository.solution.dbbased.DbBasedSolutionRepository] (value [org.pentaho.platform.repository.solution.dbbased.DbBasedSolutionRepository@ffa3347]) but failed to remove it when the web application was stopped. This is very likely to create a memory leak.
七月 22, 2017 8:27:49 上午 org.apache.catalina.loader.WebappClassLoader clearThreadLocalMap
严重: The web application [/pentaho] created a ThreadLocal with key of type [java.lang.ThreadLocal] (value [java.lang.ThreadLocal@63318b56]) and a value of type [org.pentaho.platform.web.http.session.PentahoHttpSession] (value [org.pentaho.platform.web.http.session.PentahoHttpSession@37f66563]) but failed to remove it when the web application was stopped. This is very likely to create a memory leak.
七月 22, 2017 8:27:49 上午 org.apache.catalina.loader.WebappClassLoader clearThreadLocalMap
严重: The web application [/pentaho] created a ThreadLocal with key of type [java.lang.ThreadLocal] (value [java.lang.ThreadLocal@63318b56]) and a value of type [org.pentaho.platform.web.http.session.PentahoHttpSession] (value [org.pentaho.platform.web.http.session.PentahoHttpSession@37f66563]) but failed to remove it when the web application was stopped. This is very likely to create a memory leak.
七月 22, 2017 8:27:49 上午 org.apache.catalina.loader.WebappClassLoader clearThreadLocalMap
严重: The web application [/pentaho] created a ThreadLocal with key of type [java.lang.InheritableThreadLocal] (value [java.lang.InheritableThreadLocal@332fa1c]) and a value of type [org.pentaho.platform.engine.core.system.BasePentahoRequestContext] (value [org.pentaho.platform.engine.core.system.BasePentahoRequestContext@7c200e57]) but failed to remove it when the web application was stopped. This is very likely to create a memory leak.
七月 22, 2017 8:27:49 上午 org.apache.catalina.loader.WebappClassLoader clearThreadLocalMap
严重: The web application [/pentaho] created a ThreadLocal with key of type [java.lang.InheritableThreadLocal] (value [java.lang.InheritableThreadLocal@1d0f7bcf]) and a value of type [org.pentaho.platform.web.http.session.PentahoHttpSession] (value [org.pentaho.platform.web.http.session.PentahoHttpSession@37f66563]) but failed to remove it when the web application was stopped. This is very likely to create a memory leak.
七月 22, 2017 8:27:49 上午 org.apache.catalina.loader.WebappClassLoader clearThreadLocalMap
严重: The web application [/pentaho] created a ThreadLocal with key of type [java.lang.InheritableThreadLocal] (value [java.lang.InheritableThreadLocal@332fa1c]) and a value of type [org.pentaho.platform.engine.core.system.BasePentahoRequestContext] (value [org.pentaho.platform.engine.core.system.BasePentahoRequestContext@7c200e57]) but failed to remove it when the web application was stopped. This is very likely to create a memory leak.
七月 22, 2017 8:27:49 上午 org.apache.catalina.loader.WebappClassLoader clearThreadLocalMap
严重: The web application [/pentaho] created a ThreadLocal with key of type [java.lang.InheritableThreadLocal] (value [java.lang.InheritableThreadLocal@1d0f7bcf]) and a value of type [org.pentaho.platform.web.http.session.PentahoHttpSession] (value [org.pentaho.platform.web.http.session.PentahoHttpSession@37f66563]) but failed to remove it when the web application was stopped. This is very likely to create a memory leak.
七月 22, 2017 8:27:49 上午 org.apache.catalina.loader.WebappClassLoader clearThreadLocalMap
严重: The web application [/pentaho] created a ThreadLocal with key of type [java.lang.InheritableThreadLocal] (value [java.lang.InheritableThreadLocal@332fa1c]) and a value of type [org.pentaho.platform.engine.core.system.BasePentahoRequestContext] (value [org.pentaho.platform.engine.core.system.BasePentahoRequestContext@7c200e57]) but failed to remove it when the web application was stopped. This is very likely to create a memory leak.
七月 22, 2017 8:27:49 上午 org.apache.catalina.loader.WebappClassLoader clearThreadLocalMap
严重: The web application [/pentaho] created a ThreadLocal with key of type [java.lang.InheritableThreadLocal] (value [java.lang.InheritableThreadLocal@1d0f7bcf]) and a value of type [org.pentaho.platform.web.http.session.PentahoHttpSession] (value [org.pentaho.platform.web.http.session.PentahoHttpSession@37f66563]) but failed to remove it when the web application was stopped. This is very likely to create a memory leak.
七月 22, 2017 8:27:49 上午 org.apache.catalina.loader.WebappClassLoader clearThreadLocalMap
严重: The web application [/pentaho] created a ThreadLocal with key of type [java.lang.InheritableThreadLocal] (value [java.lang.InheritableThreadLocal@332fa1c]) and a value of type [org.pentaho.platform.engine.core.system.BasePentahoRequestContext] (value [org.pentaho.platform.engine.core.system.BasePentahoRequestContext@7c200e57]) but failed to remove it when the web application was stopped. This is very likely to create a memory leak.
七月 22, 2017 8:27:49 上午 org.apache.catalina.loader.WebappClassLoader clearThreadLocalMap
严重: The web application [/pentaho] created a ThreadLocal with key of type [java.lang.InheritableThreadLocal] (value [java.lang.InheritableThreadLocal@1d0f7bcf]) and a value of type [org.pentaho.platform.web.http.session.PentahoHttpSession] (value [org.pentaho.platform.web.http.session.PentahoHttpSession@37f66563]) but failed to remove it when the web application was stopped. This is very likely to create a memory leak.
七月 22, 2017 8:27:49 上午 org.apache.catalina.loader.WebappClassLoader clearThreadLocalMap
严重: The web application [/pentaho] created a ThreadLocal with key of type [java.lang.InheritableThreadLocal] (value [java.lang.InheritableThreadLocal@332fa1c]) and a value of type [org.pentaho.platform.engine.core.system.BasePentahoRequestContext] (value [org.pentaho.platform.engine.core.system.BasePentahoRequestContext@7c200e57]) but failed to remove it when the web application was stopped. This is very likely to create a memory leak.
七月 22, 2017 8:27:49 上午 org.apache.catalina.loader.WebappClassLoader clearThreadLocalMap
严重: The web application [/pentaho] created a ThreadLocal with key of type [java.lang.InheritableThreadLocal] (value [java.lang.InheritableThreadLocal@1d0f7bcf]) and a value of type [org.pentaho.platform.web.http.session.PentahoHttpSession] (value [org.pentaho.platform.web.http.session.PentahoHttpSession@37f66563]) but failed to remove it when the web application was stopped. This is very likely to create a memory leak.
七月 22, 2017 8:27:49 上午 org.apache.catalina.loader.WebappClassLoader clearThreadLocalMap
严重: The web application [/pentaho] created a ThreadLocal with key of type [java.lang.InheritableThreadLocal] (value [java.lang.InheritableThreadLocal@332fa1c]) and a value of type [org.pentaho.platform.engine.core.system.BasePentahoRequestContext] (value [org.pentaho.platform.engine.core.system.BasePentahoRequestContext@7c200e57]) but failed to remove it when the web application was stopped. This is very likely to create a memory leak.
七月 22, 2017 8:27:49 上午 org.apache.catalina.loader.WebappClassLoader clearThreadLocalMap
严重: The web application [/pentaho] created a ThreadLocal with key of type [java.lang.InheritableThreadLocal] (value [java.lang.InheritableThreadLocal@1d0f7bcf]) and a value of type [org.pentaho.platform.web.http.session.PentahoHttpSession] (value [org.pentaho.platform.web.http.session.PentahoHttpSession@37f66563]) but failed to remove it when the web application was stopped. This is very likely to create a memory leak.
七月 22, 2017 8:27:49 上午 org.apache.catalina.loader.WebappClassLoader clearThreadLocalMap
严重: The web application [/pentaho] created a ThreadLocal with key of type [java.lang.InheritableThreadLocal] (value [java.lang.InheritableThreadLocal@332fa1c]) and a value of type [org.pentaho.platform.engine.core.system.BasePentahoRequestContext] (value [org.pentaho.platform.engine.core.system.BasePentahoRequestContext@7c200e57]) but failed to remove it when the web application was stopped. This is very likely to create a memory leak.
七月 22, 2017 8:27:49 上午 org.apache.catalina.loader.WebappClassLoader clearThreadLocalMap
严重: The web application [/pentaho] created a ThreadLocal with key of type [java.lang.InheritableThreadLocal] (value [java.lang.InheritableThreadLocal@1d0f7bcf]) and a value of type [org.pentaho.platform.web.http.session.PentahoHttpSession] (value [org.pentaho.platform.web.http.session.PentahoHttpSession@37f66563]) but failed to remove it when the web application was stopped. This is very likely to create a memory leak.
七月 22, 2017 8:27:49 上午 org.apache.catalina.loader.WebappClassLoader clearThreadLocalMap
严重: The web application [/pentaho] created a ThreadLocal with key of type [java.lang.InheritableThreadLocal] (value [java.lang.InheritableThreadLocal@332fa1c]) and a value of type [org.pentaho.platform.engine.core.system.BasePentahoRequestContext] (value [org.pentaho.platform.engine.core.system.BasePentahoRequestContext@7c200e57]) but failed to remove it when the web application was stopped. This is very likely to create a memory leak.
七月 22, 2017 8:27:49 上午 org.apache.catalina.loader.WebappClassLoader clearThreadLocalMap
严重: The web application [/pentaho] created a ThreadLocal with key of type [java.lang.InheritableThreadLocal] (value [java.lang.InheritableThreadLocal@1d0f7bcf]) and a value of type [org.pentaho.platform.web.http.session.PentahoHttpSession] (value [org.pentaho.platform.web.http.session.PentahoHttpSession@37f66563]) but failed to remove it when the web application was stopped. This is very likely to create a memory leak.
七月 22, 2017 8:27:49 上午 org.apache.catalina.loader.WebappClassLoader clearThreadLocalMap
严重: The web application [/pentaho] created a ThreadLocal with key of type [java.lang.InheritableThreadLocal] (value [java.lang.InheritableThreadLocal@332fa1c]) and a value of type [org.pentaho.platform.engine.core.system.BasePentahoRequestContext] (value [org.pentaho.platform.engine.core.system.BasePentahoRequestContext@7c200e57]) but failed to remove it when the web application was stopped. This is very likely to create a memory leak.
七月 22, 2017 8:27:49 上午 org.apache.catalina.loader.WebappClassLoader clearThreadLocalMap
严重: The web application [/pentaho] created a ThreadLocal with key of type [java.lang.InheritableThreadLocal] (value [java.lang.InheritableThreadLocal@1d0f7bcf]) and a value of type [org.pentaho.platform.web.http.session.PentahoHttpSession] (value [org.pentaho.platform.web.http.session.PentahoHttpSession@37f66563]) but failed to remove it when the web application was stopped. This is very likely to create a memory leak.
七月 22, 2017 8:27:49 上午 org.apache.catalina.loader.WebappClassLoader clearThreadLocalMap
严重: The web application [/pentaho] created a ThreadLocal with key of type [java.lang.InheritableThreadLocal] (value [java.lang.InheritableThreadLocal@332fa1c]) and a value of type [org.pentaho.platform.engine.core.system.BasePentahoRequestContext] (value [org.pentaho.platform.engine.core.system.BasePentahoRequestContext@7c200e57]) but failed to remove it when the web application was stopped. This is very likely to create a memory leak.
七月 22, 2017 8:27:49 上午 org.apache.catalina.loader.WebappClassLoader clearThreadLocalMap
严重: The web application [/pentaho] created a ThreadLocal with key of type [java.lang.InheritableThreadLocal] (value [java.lang.InheritableThreadLocal@1d0f7bcf]) and a value of type [org.pentaho.platform.web.http.session.PentahoHttpSession] (value [org.pentaho.platform.web.http.session.PentahoHttpSession@37f66563]) but failed to remove it when the web application was stopped. This is very likely to create a memory leak.
七月 22, 2017 8:27:49 上午 org.apache.catalina.loader.WebappClassLoader clearThreadLocalMap
严重: The web application [/pentaho] created a ThreadLocal with key of type [java.lang.InheritableThreadLocal] (value [java.lang.InheritableThreadLocal@332fa1c]) and a value of type [org.pentaho.platform.engine.core.system.BasePentahoRequestContext] (value [org.pentaho.platform.engine.core.system.BasePentahoRequestContext@7c200e57]) but failed to remove it when the web application was stopped. This is very likely to create a memory leak.
七月 22, 2017 8:27:49 上午 org.apache.catalina.loader.WebappClassLoader clearThreadLocalMap
严重: The web application [/pentaho] created a ThreadLocal with key of type [java.lang.InheritableThreadLocal] (value [java.lang.InheritableThreadLocal@1d0f7bcf]) and a value of type [org.pentaho.platform.web.http.session.PentahoHttpSession] (value [org.pentaho.platform.web.http.session.PentahoHttpSession@37f66563]) but failed to remove it when the web application was stopped. This is very likely to create a memory leak.
七月 22, 2017 8:27:49 上午 org.apache.catalina.loader.WebappClassLoader clearThreadLocalMap
严重: The web application [/pentaho] created a ThreadLocal with key of type [java.lang.InheritableThreadLocal] (value [java.lang.InheritableThreadLocal@332fa1c]) and a value of type [org.pentaho.platform.engine.core.system.BasePentahoRequestContext] (value [org.pentaho.platform.engine.core.system.BasePentahoRequestContext@7c200e57]) but failed to remove it when the web application was stopped. This is very likely to create a memory leak.
七月 22, 2017 8:27:49 上午 org.apache.catalina.loader.WebappClassLoader clearThreadLocalMap
严重: The web application [/pentaho] created a ThreadLocal with key of type [java.lang.InheritableThreadLocal] (value [java.lang.InheritableThreadLocal@1d0f7bcf]) and a value of type [org.pentaho.platform.web.http.session.PentahoHttpSession] (value [org.pentaho.platform.web.http.session.PentahoHttpSession@37f66563]) but failed to remove it when the web application was stopped. This is very likely to create a memory leak.
七月 22, 2017 8:27:49 上午 org.apache.catalina.loader.WebappClassLoader clearThreadLocalMap
严重: The web application [/pentaho] created a ThreadLocal with key of type [java.lang.InheritableThreadLocal] (value [java.lang.InheritableThreadLocal@332fa1c]) and a value of type [org.pentaho.platform.engine.core.system.BasePentahoRequestContext] (value [org.pentaho.platform.engine.core.system.BasePentahoRequestContext@7c200e57]) but failed to remove it when the web application was stopped. This is very likely to create a memory leak.
七月 22, 2017 8:27:49 上午 org.apache.catalina.loader.WebappClassLoader clearThreadLocalMap
严重: The web application [/pentaho] created a ThreadLocal with key of type [java.lang.InheritableThreadLocal] (value [java.lang.InheritableThreadLocal@1d0f7bcf]) and a value of type [org.pentaho.platform.web.http.session.PentahoHttpSession] (value [org.pentaho.platform.web.http.session.PentahoHttpSession@37f66563]) but failed to remove it when the web application was stopped. This is very likely to create a memory leak.
七月 22, 2017 8:27:49 上午 org.apache.catalina.loader.WebappClassLoader clearThreadLocalMap
严重: The web application [/pentaho] created a ThreadLocal with key of type [java.lang.InheritableThreadLocal] (value [java.lang.InheritableThreadLocal@332fa1c]) and a value of type [org.pentaho.platform.engine.core.system.BasePentahoRequestContext] (value [org.pentaho.platform.engine.core.system.BasePentahoRequestContext@7c200e57]) but failed to remove it when the web application was stopped. This is very likely to create a memory leak.
七月 22, 2017 8:27:49 上午 org.apache.catalina.loader.WebappClassLoader clearThreadLocalMap
严重: The web application [/pentaho] created a ThreadLocal with key of type [java.lang.InheritableThreadLocal] (value [java.lang.InheritableThreadLocal@1d0f7bcf]) and a value of type [org.pentaho.platform.web.http.session.PentahoHttpSession] (value [org.pentaho.platform.web.http.session.PentahoHttpSession@37f66563]) but failed to remove it when the web application was stopped. This is very likely to create a memory leak.
七月 22, 2017 8:27:49 上午 org.apache.catalina.loader.WebappClassLoader clearThreadLocalMap
严重: The web application [/pentaho] created a ThreadLocal with key of type [java.lang.InheritableThreadLocal] (value [java.lang.InheritableThreadLocal@332fa1c]) and a value of type [org.pentaho.platform.engine.core.system.BasePentahoRequestContext] (value [org.pentaho.platform.engine.core.system.BasePentahoRequestContext@7c200e57]) but failed to remove it when the web application was stopped. This is very likely to create a memory leak.
七月 22, 2017 8:27:49 上午 org.apache.catalina.loader.WebappClassLoader clearThreadLocalMap
严重: The web application [/pentaho] created a ThreadLocal with key of type [java.lang.InheritableThreadLocal] (value [java.lang.InheritableThreadLocal@1d0f7bcf]) and a value of type [org.pentaho.platform.web.http.session.PentahoHttpSession] (value [org.pentaho.platform.web.http.session.PentahoHttpSession@37f66563]) but failed to remove it when the web application was stopped. This is very likely to create a memory leak.
七月 22, 2017 8:27:51 上午 org.apache.coyote.http11.Http11Protocol destroy
信息: Stopping Coyote HTTP/1.1 on http-8080
七月 22, 2017 8:27:54 上午 org.apache.catalina.core.AprLifecycleListener init
信息: The APR based Apache Tomcat Native library which allows optimal performance in production environments was not found on the java.library.path: C:\Java\jdk1.8.0_121\bin;C:\Windows\Sun\Java\bin;C:\Windows\system32;C:\Windows;C:\ProgramData\Oracle\Java\javapath;C:\Windows\system32;C:\Windows;C:\Windows\System32\Wbem;C:\Windows\System32\WindowsPowerShell\v1.0\;C:\Java\jdk1.8.0_121\bin;C:\Java\jdk1.8.0_121\jre\bin;%MySQL_HOME%\bin;;.
七月 22, 2017 8:27:55 上午 org.apache.coyote.http11.Http11Protocol init
信息: Initializing Coyote HTTP/1.1 on http-8080
七月 22, 2017 8:27:55 上午 org.apache.catalina.startup.Catalina load
信息: Initialization processed in 1223 ms
七月 22, 2017 8:27:55 上午 org.apache.catalina.core.StandardService start
信息: Starting service Catalina
七月 22, 2017 8:27:55 上午 org.apache.catalina.core.StandardEngine start
信息: Starting Servlet Engine: Apache Tomcat/6.0.29
七月 22, 2017 8:27:55 上午 org.apache.catalina.startup.HostConfig deployDescriptor
信息: Deploying configuration descriptor pentaho.xml
七月 22, 2017 8:27:56 上午 org.apache.catalina.startup.ContextConfig validateSecurityRoles
信息: WARNING: Security role name PENTAHO_ADMIN used in an <auth-constraint> without being defined in a <security-role>
七月 22, 2017 8:28:18 上午 org.apache.catalina.startup.HostConfig deployDirectory
信息: Deploying web application directory pentaho-style
七月 22, 2017 8:28:18 上午 org.apache.catalina.startup.HostConfig deployDirectory
信息: Deploying web application directory ROOT
七月 22, 2017 8:28:18 上午 org.apache.catalina.startup.HostConfig deployDirectory
信息: Deploying web application directory sw-style
七月 22, 2017 8:28:18 上午 org.apache.coyote.http11.Http11Protocol start
信息: Starting Coyote HTTP/1.1 on http-8080
七月 22, 2017 8:28:18 上午 org.apache.jk.common.ChannelSocket init
信息: JK: ajp13 listening on /0.0.0.0:8009
七月 22, 2017 8:28:18 上午 org.apache.jk.server.JkMain start
信息: Jk running ID=0 time=0/24  config=null
七月 22, 2017 8:28:18 上午 org.apache.catalina.startup.Catalina start
信息: Server startup in 23627 ms
七月 22, 2017 10:33:59 上午 org.apache.tomcat.util.http.Parameters processParameters
警告: Parameters: Invalid chunk '=' ignored.
七月 22, 2017 10:33:59 上午 org.apache.tomcat.util.http.Parameters processParameters
警告: Parameters: Invalid chunk '=' ignored.
七月 22, 2017 10:35:20 上午 org.apache.tomcat.util.http.Parameters processParameters
警告: Parameters: Invalid chunk '=' ignored.
七月 22, 2017 10:35:20 上午 org.apache.tomcat.util.http.Parameters processParameters
警告: Parameters: Invalid chunk '=' ignored.
