八月 14, 2017 11:32:14 上午 org.apache.coyote.http11.Http11Protocol pause
信息: Pausing Coyote HTTP/1.1 on http-8080
八月 14, 2017 11:32:15 上午 org.apache.catalina.core.StandardService stop
信息: Stopping service Catalina
八月 14, 2017 11:32:15 上午 org.apache.catalina.loader.WebappClassLoader clearReferencesJdbc
严重: The web application [/pentaho] registered the JBDC driver [mondrian.olap4j.MondrianOlap4jDriver] but failed to unregister it when the web application was stopped. To prevent a memory leak, the JDBC Driver has been forcibly unregistered.
八月 14, 2017 11:32:15 上午 org.apache.catalina.loader.WebappClassLoader clearReferencesThreads
严重: The web application [/pentaho] appears to have started a thread named [HSQLDB Timer @5710a79b] but has failed to stop it. This is very likely to create a memory leak.
八月 14, 2017 11:32:15 上午 org.apache.catalina.loader.WebappClassLoader clearReferencesThreads
严重: The web application [/pentaho] appears to have started a thread named [Timer-0] but has failed to stop it. This is very likely to create a memory leak.
八月 14, 2017 11:32:15 上午 org.apache.catalina.loader.WebappClassLoader clearReferencesThreads
严重: The web application [/pentaho] appears to have started a thread named [org.apache.commons.vfs.cache.SoftRefFilesCache$SoftRefReleaseThread] but has failed to stop it. This is very likely to create a memory leak.
八月 14, 2017 11:32:15 上午 org.apache.catalina.loader.WebappClassLoader clearReferencesThreads
严重: The web application [/pentaho] appears to have started a thread named [net.sf.ehcache.CacheManager@748d2277] but has failed to stop it. This is very likely to create a memory leak.
八月 14, 2017 11:32:15 上午 org.apache.catalina.loader.WebappClassLoader clearReferencesThreads
严重: The web application [/pentaho] appears to have started a thread named [Store pentaho-geo-countrysubdivision Spool Thread] but has failed to stop it. This is very likely to create a memory leak.
八月 14, 2017 11:32:15 上午 org.apache.catalina.loader.WebappClassLoader clearReferencesThreads
严重: The web application [/pentaho] appears to have started a thread named [Store pentaho-geo-countrysubdivisioncode Spool Thread] but has failed to stop it. This is very likely to create a memory leak.
八月 14, 2017 11:32:15 上午 org.apache.catalina.loader.WebappClassLoader clearReferencesThreads
严重: The web application [/pentaho] appears to have started a thread named [Store pentahoCache Spool Thread] but has failed to stop it. This is very likely to create a memory leak.
八月 14, 2017 11:32:15 上午 org.apache.catalina.loader.WebappClassLoader clearReferencesThreads
严重: The web application [/pentaho] appears to have started a thread named [Store pentaho-geo-countrysecondarysubdivision Spool Thread] but has failed to stop it. This is very likely to create a memory leak.
八月 14, 2017 11:32:15 上午 org.apache.catalina.loader.WebappClassLoader clearReferencesThreads
严重: The web application [/pentaho] appears to have started a thread named [Store mondrian-catalog-cache Spool Thread] but has failed to stop it. This is very likely to create a memory leak.
八月 14, 2017 11:32:15 上午 org.apache.catalina.loader.WebappClassLoader clearReferencesThreads
严重: The web application [/pentaho] appears to have started a thread named [Store pentaho-geo-postalcode Spool Thread] but has failed to stop it. This is very likely to create a memory leak.
八月 14, 2017 11:32:15 上午 org.apache.catalina.loader.WebappClassLoader clearReferencesThreads
严重: The web application [/pentaho] appears to have started a thread named [Store pentaho-geo-country Spool Thread] but has failed to stop it. This is very likely to create a memory leak.
八月 14, 2017 11:32:15 上午 org.apache.catalina.loader.WebappClassLoader clearReferencesThreads
严重: The web application [/pentaho] appears to have started a thread named [Store pentaho-geo-countrycode3 Spool Thread] but has failed to stop it. This is very likely to create a memory leak.
八月 14, 2017 11:32:15 上午 org.apache.catalina.loader.WebappClassLoader clearReferencesThreads
严重: The web application [/pentaho] appears to have started a thread named [Store libloader-data Spool Thread] but has failed to stop it. This is very likely to create a memory leak.
八月 14, 2017 11:32:15 上午 org.apache.catalina.loader.WebappClassLoader clearReferencesThreads
严重: The web application [/pentaho] appears to have started a thread named [Store org.pentaho.platform.repository.solution.dbbased.RepositoryFile Spool Thread] but has failed to stop it. This is very likely to create a memory leak.
八月 14, 2017 11:32:15 上午 org.apache.catalina.loader.WebappClassLoader clearReferencesThreads
严重: The web application [/pentaho] appears to have started a thread named [Store org.pentaho.platform.repository.solution.dbbased.RepositoryFile.accessControls Spool Thread] but has failed to stop it. This is very likely to create a memory leak.
八月 14, 2017 11:32:15 上午 org.apache.catalina.loader.WebappClassLoader clearReferencesThreads
严重: The web application [/pentaho] appears to have started a thread named [Store pentaho-geo-countrycode Spool Thread] but has failed to stop it. This is very likely to create a memory leak.
八月 14, 2017 11:32:15 上午 org.apache.catalina.loader.WebappClassLoader clearReferencesThreads
严重: The web application [/pentaho] appears to have started a thread named [Store pentaho-geo-municipality Spool Thread] but has failed to stop it. This is very likely to create a memory leak.
八月 14, 2017 11:32:15 上午 org.apache.catalina.loader.WebappClassLoader clearReferencesThreads
严重: The web application [/pentaho] appears to have started a thread named [Store org.pentaho.platform.repository.solution.dbbased.RepositoryFile.childrenFiles Spool Thread] but has failed to stop it. This is very likely to create a memory leak.
八月 14, 2017 11:32:15 上午 org.apache.catalina.loader.WebappClassLoader clearReferencesThreads
严重: The web application [/pentaho] appears to have started a thread named [net.sf.ehcache.CacheManager@32a4ecbe] but has failed to stop it. This is very likely to create a memory leak.
八月 14, 2017 11:32:15 上午 org.apache.catalina.loader.WebappClassLoader clearReferencesThreads
严重: The web application [/pentaho] appears to have started a thread named [Store pentaho-geo-countrysubdivisioncode Spool Thread] but has failed to stop it. This is very likely to create a memory leak.
八月 14, 2017 11:32:15 上午 org.apache.catalina.loader.WebappClassLoader clearReferencesThreads
严重: The web application [/pentaho] appears to have started a thread named [Store libloader-data Spool Thread] but has failed to stop it. This is very likely to create a memory leak.
八月 14, 2017 11:32:15 上午 org.apache.catalina.loader.WebappClassLoader clearReferencesThreads
严重: The web application [/pentaho] appears to have started a thread named [Store pentaho-geo-countrycode Spool Thread] but has failed to stop it. This is very likely to create a memory leak.
八月 14, 2017 11:32:15 上午 org.apache.catalina.loader.WebappClassLoader clearReferencesThreads
严重: The web application [/pentaho] appears to have started a thread named [Store pentaho-geo-countrysecondarysubdivision Spool Thread] but has failed to stop it. This is very likely to create a memory leak.
八月 14, 2017 11:32:15 上午 org.apache.catalina.loader.WebappClassLoader clearReferencesThreads
严重: The web application [/pentaho] appears to have started a thread named [Store org.pentaho.platform.repository.solution.dbbased.RepositoryFile.childrenFiles Spool Thread] but has failed to stop it. This is very likely to create a memory leak.
八月 14, 2017 11:32:15 上午 org.apache.catalina.loader.WebappClassLoader clearReferencesThreads
严重: The web application [/pentaho] appears to have started a thread named [Store pentaho-geo-countrycode3 Spool Thread] but has failed to stop it. This is very likely to create a memory leak.
八月 14, 2017 11:32:15 上午 org.apache.catalina.loader.WebappClassLoader clearReferencesThreads
严重: The web application [/pentaho] appears to have started a thread named [Store pentaho-geo-country Spool Thread] but has failed to stop it. This is very likely to create a memory leak.
八月 14, 2017 11:32:15 上午 org.apache.catalina.loader.WebappClassLoader clearReferencesThreads
严重: The web application [/pentaho] appears to have started a thread named [Store mondrian-catalog-cache Spool Thread] but has failed to stop it. This is very likely to create a memory leak.
八月 14, 2017 11:32:15 上午 org.apache.catalina.loader.WebappClassLoader clearReferencesThreads
严重: The web application [/pentaho] appears to have started a thread named [Store pentahoCache Spool Thread] but has failed to stop it. This is very likely to create a memory leak.
八月 14, 2017 11:32:15 上午 org.apache.catalina.loader.WebappClassLoader clearReferencesThreads
严重: The web application [/pentaho] appears to have started a thread named [Store pentaho-geo-postalcode Spool Thread] but has failed to stop it. This is very likely to create a memory leak.
八月 14, 2017 11:32:15 上午 org.apache.catalina.loader.WebappClassLoader clearReferencesThreads
严重: The web application [/pentaho] appears to have started a thread named [Store pentaho-geo-countrysubdivision Spool Thread] but has failed to stop it. This is very likely to create a memory leak.
八月 14, 2017 11:32:15 上午 org.apache.catalina.loader.WebappClassLoader clearReferencesThreads
严重: The web application [/pentaho] appears to have started a thread named [Store pentaho-geo-municipality Spool Thread] but has failed to stop it. This is very likely to create a memory leak.
八月 14, 2017 11:32:15 上午 org.apache.catalina.loader.WebappClassLoader clearReferencesThreads
严重: The web application [/pentaho] appears to have started a thread named [Store org.pentaho.platform.repository.solution.dbbased.RepositoryFile Spool Thread] but has failed to stop it. This is very likely to create a memory leak.
八月 14, 2017 11:32:15 上午 org.apache.catalina.loader.WebappClassLoader clearReferencesThreads
严重: The web application [/pentaho] appears to have started a thread named [Store org.pentaho.platform.repository.solution.dbbased.RepositoryFile.accessControls Spool Thread] but has failed to stop it. This is very likely to create a memory leak.
八月 14, 2017 11:32:15 上午 org.apache.catalina.loader.WebappClassLoader clearReferencesThreads
严重: The web application [/pentaho] appears to have started a thread named [Telemetry Event Sender Thread] but has failed to stop it. This is very likely to create a memory leak.
八月 14, 2017 11:32:15 上午 org.apache.catalina.loader.WebappClassLoader clearReferencesThreads
严重: The web application [/pentaho] appears to have started a thread named [Telemetry Event keeper Thread] but has failed to stop it. This is very likely to create a memory leak.
八月 14, 2017 11:32:15 上午 org.apache.catalina.loader.WebappClassLoader clearReferencesThreads
严重: The web application [/pentaho] appears to have started a thread named [net.sf.ehcache.CacheManager@40a84ea8] but has failed to stop it. This is very likely to create a memory leak.
八月 14, 2017 11:32:15 上午 org.apache.catalina.loader.WebappClassLoader clearReferencesThreads
严重: The web application [/pentaho] appears to have started a thread named [Store pentaho-geo-countrysubdivision Spool Thread] but has failed to stop it. This is very likely to create a memory leak.
八月 14, 2017 11:32:15 上午 org.apache.catalina.loader.WebappClassLoader clearReferencesThreads
严重: The web application [/pentaho] appears to have started a thread named [Store pentahoCache Spool Thread] but has failed to stop it. This is very likely to create a memory leak.
八月 14, 2017 11:32:15 上午 org.apache.catalina.loader.WebappClassLoader clearReferencesThreads
严重: The web application [/pentaho] appears to have started a thread named [Store pentaho-geo-municipality Spool Thread] but has failed to stop it. This is very likely to create a memory leak.
八月 14, 2017 11:32:15 上午 org.apache.catalina.loader.WebappClassLoader clearReferencesThreads
严重: The web application [/pentaho] appears to have started a thread named [Store mondrian-catalog-cache Spool Thread] but has failed to stop it. This is very likely to create a memory leak.
八月 14, 2017 11:32:15 上午 org.apache.catalina.loader.WebappClassLoader clearReferencesThreads
严重: The web application [/pentaho] appears to have started a thread named [Store pentaho-geo-countrysubdivisioncode Spool Thread] but has failed to stop it. This is very likely to create a memory leak.
八月 14, 2017 11:32:15 上午 org.apache.catalina.loader.WebappClassLoader clearReferencesThreads
严重: The web application [/pentaho] appears to have started a thread named [Store pentaho-geo-countrycode3 Spool Thread] but has failed to stop it. This is very likely to create a memory leak.
八月 14, 2017 11:32:15 上午 org.apache.catalina.loader.WebappClassLoader clearReferencesThreads
严重: The web application [/pentaho] appears to have started a thread named [Store pentaho-geo-countrysecondarysubdivision Spool Thread] but has failed to stop it. This is very likely to create a memory leak.
八月 14, 2017 11:32:15 上午 org.apache.catalina.loader.WebappClassLoader clearReferencesThreads
严重: The web application [/pentaho] appears to have started a thread named [Store org.pentaho.platform.repository.solution.dbbased.RepositoryFile.accessControls Spool Thread] but has failed to stop it. This is very likely to create a memory leak.
八月 14, 2017 11:32:15 上午 org.apache.catalina.loader.WebappClassLoader clearReferencesThreads
严重: The web application [/pentaho] appears to have started a thread named [Store pentaho-geo-postalcode Spool Thread] but has failed to stop it. This is very likely to create a memory leak.
八月 14, 2017 11:32:15 上午 org.apache.catalina.loader.WebappClassLoader clearReferencesThreads
严重: The web application [/pentaho] appears to have started a thread named [Store pentaho-geo-countrycode Spool Thread] but has failed to stop it. This is very likely to create a memory leak.
八月 14, 2017 11:32:15 上午 org.apache.catalina.loader.WebappClassLoader clearReferencesThreads
严重: The web application [/pentaho] appears to have started a thread named [Store libloader-data Spool Thread] but has failed to stop it. This is very likely to create a memory leak.
八月 14, 2017 11:32:15 上午 org.apache.catalina.loader.WebappClassLoader clearReferencesThreads
严重: The web application [/pentaho] appears to have started a thread named [Store org.pentaho.platform.repository.solution.dbbased.RepositoryFile Spool Thread] but has failed to stop it. This is very likely to create a memory leak.
八月 14, 2017 11:32:15 上午 org.apache.catalina.loader.WebappClassLoader clearReferencesThreads
严重: The web application [/pentaho] appears to have started a thread named [Store org.pentaho.platform.repository.solution.dbbased.RepositoryFile.childrenFiles Spool Thread] but has failed to stop it. This is very likely to create a memory leak.
八月 14, 2017 11:32:15 上午 org.apache.catalina.loader.WebappClassLoader clearReferencesThreads
严重: The web application [/pentaho] appears to have started a thread named [Store pentaho-geo-country Spool Thread] but has failed to stop it. This is very likely to create a memory leak.
八月 14, 2017 11:32:15 上午 org.apache.catalina.loader.WebappClassLoader clearThreadLocalMap
严重: The web application [/pentaho] created a ThreadLocal with key of type [java.lang.InheritableThreadLocal] (value [java.lang.InheritableThreadLocal@510bd87a]) and a value of type [org.pentaho.platform.web.http.session.PentahoHttpSession] (value [org.pentaho.platform.web.http.session.PentahoHttpSession@7dadcd72]) but failed to remove it when the web application was stopped. This is very likely to create a memory leak.
八月 14, 2017 11:32:15 上午 org.apache.catalina.loader.WebappClassLoader clearThreadLocalMap
严重: The web application [/pentaho] created a ThreadLocal with key of type [java.lang.InheritableThreadLocal] (value [java.lang.InheritableThreadLocal@3d213a2b]) and a value of type [org.pentaho.platform.engine.core.system.BasePentahoRequestContext] (value [org.pentaho.platform.engine.core.system.BasePentahoRequestContext@27691ee8]) but failed to remove it when the web application was stopped. This is very likely to create a memory leak.
八月 14, 2017 11:32:15 上午 org.apache.catalina.loader.WebappClassLoader clearThreadLocalMap
严重: The web application [/pentaho] created a ThreadLocal with key of type [java.lang.InheritableThreadLocal] (value [java.lang.InheritableThreadLocal@510bd87a]) and a value of type [org.pentaho.platform.web.http.session.PentahoHttpSession] (value [org.pentaho.platform.web.http.session.PentahoHttpSession@7dadcd72]) but failed to remove it when the web application was stopped. This is very likely to create a memory leak.
八月 14, 2017 11:32:15 上午 org.apache.catalina.loader.WebappClassLoader clearThreadLocalMap
严重: The web application [/pentaho] created a ThreadLocal with key of type [java.lang.InheritableThreadLocal] (value [java.lang.InheritableThreadLocal@3d213a2b]) and a value of type [org.pentaho.platform.engine.core.system.BasePentahoRequestContext] (value [org.pentaho.platform.engine.core.system.BasePentahoRequestContext@27691ee8]) but failed to remove it when the web application was stopped. This is very likely to create a memory leak.
八月 14, 2017 11:32:15 上午 org.apache.catalina.loader.WebappClassLoader clearThreadLocalMap
严重: The web application [/pentaho] created a ThreadLocal with key of type [java.lang.ThreadLocal] (value [java.lang.ThreadLocal@78a34c47]) and a value of type [org.pentaho.platform.repository.solution.dbbased.DbBasedSolutionRepository] (value [org.pentaho.platform.repository.solution.dbbased.DbBasedSolutionRepository@3a42145]) but failed to remove it when the web application was stopped. This is very likely to create a memory leak.
八月 14, 2017 11:32:15 上午 org.apache.catalina.loader.WebappClassLoader clearThreadLocalMap
严重: The web application [/pentaho] created a ThreadLocal with key of type [java.lang.ThreadLocal] (value [java.lang.ThreadLocal@43201f84]) and a value of type [org.hibernate.impl.SessionImpl] (value [SessionImpl(PersistenceContext[entityKeys=[EntityKey[org.pentaho.platform.repository.solution.dbbased.RepositoryFile#de2237c9-393a-11e7-804b-a7bef64dd85e], EntityKey[org.pentaho.platform.repository.solution.dbbased.RepositoryFile#de18c0dd-393a-11e7-804b-a7bef64dd85e], EntityKey[org.pentaho.platform.repository.solution.dbbased.RepositoryFile#de2237af-393a-11e7-804b-a7bef64dd85e], EntityKey[org.pentaho.platform.repository.solution.dbbased.RepositoryFile#de2237ba-393a-11e7-804b-a7bef64dd85e], EntityKey[org.pentaho.platform.repository.solution.dbbased.RepositoryFile#de2237b6-393a-11e7-804b-a7bef64dd85e], EntityKey[org.pentaho.platform.repository.solution.dbbased.RepositoryFile#de2237c1-393a-11e7-804b-a7bef64dd85e], EntityKey[org.pentaho.platform.repository.solution.dbbased.RepositoryFile#de2237b2-393a-11e7-804b-a7bef64dd85e], EntityKey[org.pentaho.platform.repository.solution.dbbased.RepositoryFile#de2237c5-393a-11e7-804b-a7bef64dd85e], EntityKey[org.pentaho.platform.repository.solution.dbbased.RepositoryFile#de2237be-393a-11e7-804b-a7bef64dd85e], EntityKey[org.pentaho.platform.repository.solution.dbbased.RepositoryFile#de2237c8-393a-11e7-804b-a7bef64dd85e], EntityKey[org.pentaho.platform.repository.solution.dbbased.RepositoryFile#de2237b9-393a-11e7-804b-a7bef64dd85e], EntityKey[org.pentaho.platform.repository.solution.dbbased.RepositoryFile#de2237ca-393a-11e7-804b-a7bef64dd85e], EntityKey[org.pentaho.platform.repository.solution.dbbased.RepositoryFile#de2237b5-393a-11e7-804b-a7bef64dd85e], EntityKey[org.pentaho.platform.repository.solution.dbbased.RepositoryFile#de2237bb-393a-11e7-804b-a7bef64dd85e], EntityKey[org.pentaho.platform.repository.solution.dbbased.RepositoryFile#de2237c0-393a-11e7-804b-a7bef64dd85e], EntityKey[org.pentaho.platform.repository.solution.dbbased.RepositoryFile#de2237b1-393a-11e7-804b-a7bef64dd85e], EntityKey[org.pentaho.platform.repository.solution.dbbased.RepositoryFile#de2237bf-393a-11e7-804b-a7bef64dd85e], EntityKey[org.pentaho.platform.repository.solution.dbbased.RepositoryFile#de2237c4-393a-11e7-804b-a7bef64dd85e], EntityKey[org.pentaho.platform.repository.solution.dbbased.RepositoryFile#de2237cb-393a-11e7-804b-a7bef64dd85e], EntityKey[org.pentaho.platform.repository.solution.dbbased.RepositoryFile#de2237b8-393a-11e7-804b-a7bef64dd85e], EntityKey[org.pentaho.platform.repository.solution.dbbased.RepositoryFile#de18c0ef-393a-11e7-804b-a7bef64dd85e], EntityKey[org.pentaho.platform.repository.solution.dbbased.RepositoryFile#de2237c3-393a-11e7-804b-a7bef64dd85e], EntityKey[org.pentaho.platform.repository.solution.dbbased.RepositoryFile#de2237b4-393a-11e7-804b-a7bef64dd85e], EntityKey[org.pentaho.platform.repository.solution.dbbased.RepositoryFile#de2237c7-393a-11e7-804b-a7bef64dd85e], EntityKey[org.pentaho.platform.repository.solution.dbbased.RepositoryFile#de2237bc-393a-11e7-804b-a7bef64dd85e], EntityKey[org.pentaho.platform.repository.solution.dbbased.RepositoryFile#de2237b0-393a-11e7-804b-a7bef64dd85e], EntityKey[org.pentaho.platform.repository.solution.dbbased.RepositoryFile#de2237cc-393a-11e7-804b-a7bef64dd85e], EntityKey[org.pentaho.platform.repository.solution.dbbased.RepositoryFile#de13ded8-393a-11e7-804b-a7bef64dd85e], EntityKey[org.pentaho.platform.repository.solution.dbbased.RepositoryFile#de2237b7-393a-11e7-804b-a7bef64dd85e], EntityKey[org.pentaho.platform.repository.solution.dbbased.RepositoryFile#de2237c2-393a-11e7-804b-a7bef64dd85e], EntityKey[org.pentaho.platform.repository.solution.dbbased.RepositoryFile#de2237b3-393a-11e7-804b-a7bef64dd85e], EntityKey[org.pentaho.platform.repository.solution.dbbased.RepositoryFile#de2237bd-393a-11e7-804b-a7bef64dd85e], EntityKey[org.pentaho.platform.repository.solution.dbbased.RepositoryFile#de2237c6-393a-11e7-804b-a7bef64dd85e]],collectionKeys=[CollectionKey[org.pentaho.platform.repository.solution.dbbased.RepositoryFile.accessControls#de2237b2-393a-11e7-804b-a7bef64dd85e], CollectionKey[org.pentaho.platform.repository.solution.dbbased.RepositoryFile.accessControls#de13ded8-393a-11e7-804b-a7bef64dd85e], CollectionKey[org.pentaho.platform.repository.solution.dbbased.RepositoryFile.childrenFiles#de2237b4-393a-11e7-804b-a7bef64dd85e], CollectionKey[org.pentaho.platform.repository.solution.dbbased.RepositoryFile.accessControls#de2237b7-393a-11e7-804b-a7bef64dd85e], CollectionKey[org.pentaho.platform.repository.solution.dbbased.RepositoryFile.childrenFiles#de2237c4-393a-11e7-804b-a7bef64dd85e], CollectionKey[org.pentaho.platform.repository.solution.dbbased.RepositoryFile.accessControls#de2237c5-393a-11e7-804b-a7bef64dd85e], CollectionKey[org.pentaho.platform.repository.solution.dbbased.RepositoryFile.childrenFiles#de2237cc-393a-11e7-804b-a7bef64dd85e], CollectionKey[org.pentaho.platform.repository.solution.dbbased.RepositoryFile.accessControls#de2237ba-393a-11e7-804b-a7bef64dd85e], CollectionKey[org.pentaho.platform.repository.solution.dbbased.RepositoryFile.accessControls#de2237b5-393a-11e7-804b-a7bef64dd85e], CollectionKey[org.pentaho.platform.repository.solution.dbbased.RepositoryFile.childrenFiles#de2237b1-393a-11e7-804b-a7bef64dd85e], CollectionKey[org.pentaho.platform.repository.solution.dbbased.RepositoryFile.childrenFiles#de2237c9-393a-11e7-804b-a7bef64dd85e], CollectionKey[org.pentaho.platform.repository.solution.dbbased.RepositoryFile.childrenFiles#de18c0dd-393a-11e7-804b-a7bef64dd85e], CollectionKey[org.pentaho.platform.repository.solution.dbbased.RepositoryFile.accessControls#de2237af-393a-11e7-804b-a7bef64dd85e], CollectionKey[org.pentaho.platform.repository.solution.dbbased.RepositoryFile.childrenFiles#de2237bc-393a-11e7-804b-a7bef64dd85e], CollectionKey[org.pentaho.platform.repository.solution.dbbased.RepositoryFile.accessControls#de2237bf-393a-11e7-804b-a7bef64dd85e], CollectionKey[org.pentaho.platform.repository.solution.dbbased.RepositoryFile.accessControls#de2237ca-393a-11e7-804b-a7bef64dd85e], CollectionKey[org.pentaho.platform.repository.solution.dbbased.RepositoryFile.childrenFiles#de2237b9-393a-11e7-804b-a7bef64dd85e], CollectionKey[org.pentaho.platform.repository.solution.dbbased.RepositoryFile.childrenFiles#de2237c1-393a-11e7-804b-a7bef64dd85e], CollectionKey[org.pentaho.platform.repository.solution.dbbased.RepositoryFile.accessControls#de2237c0-393a-11e7-804b-a7bef64dd85e], CollectionKey[org.pentaho.platform.repository.solution.dbbased.RepositoryFile.accessControls#de2237b0-393a-11e7-804b-a7bef64dd85e], CollectionKey[org.pentaho.platform.repository.solution.dbbased.RepositoryFile.accessControls#de18c0ef-393a-11e7-804b-a7bef64dd85e], CollectionKey[org.pentaho.platform.repository.solution.dbbased.RepositoryFile.childrenFiles#de2237b2-393a-11e7-804b-a7bef64dd85e], CollectionKey[org.pentaho.platform.repository.solution.dbbased.RepositoryFile.childrenFiles#de2237c6-393a-11e7-804b-a7bef64dd85e], CollectionKey[org.pentaho.platform.repository.solution.dbbased.RepositoryFile.accessControls#de2237c8-393a-11e7-804b-a7bef64dd85e], CollectionKey[org.pentaho.platform.repository.solution.dbbased.RepositoryFile.childrenFiles#de2237bb-393a-11e7-804b-a7bef64dd85e], CollectionKey[org.pentaho.platform.repository.solution.dbbased.RepositoryFile.accessControls#de2237c7-393a-11e7-804b-a7bef64dd85e], CollectionKey[org.pentaho.platform.repository.solution.dbbased.RepositoryFile.childrenFiles#de13ded8-393a-11e7-804b-a7bef64dd85e], CollectionKey[org.pentaho.platform.repository.solution.dbbased.RepositoryFile.childrenFiles#de2237ca-393a-11e7-804b-a7bef64dd85e], CollectionKey[org.pentaho.platform.repository.solution.dbbased.RepositoryFile.accessControls#de2237b9-393a-11e7-804b-a7bef64dd85e], CollectionKey[org.pentaho.platform.repository.solution.dbbased.RepositoryFile.childrenFiles#de2237be-393a-11e7-804b-a7bef64dd85e], CollectionKey[org.pentaho.platform.repository.solution.dbbased.RepositoryFile.childrenFiles#de2237af-393a-11e7-804b-a7bef64dd85e], CollectionKey[org.pentaho.platform.repository.solution.dbbased.RepositoryFile.accessControls#de2237b3-393a-11e7-804b-a7bef64dd85e], CollectionKey[org.pentaho.platform.repository.solution.dbbased.RepositoryFile.accessControls#de2237bd-393a-11e7-804b-a7bef64dd85e], CollectionKey[org.pentaho.platform.repository.solution.dbbased.RepositoryFile.childrenFiles#de2237b7-393a-11e7-804b-a7bef64dd85e], CollectionKey[org.pentaho.platform.repository.solution.dbbased.RepositoryFile.accessControls#de2237cc-393a-11e7-804b-a7bef64dd85e], CollectionKey[org.pentaho.platform.repository.solution.dbbased.RepositoryFile.childrenFiles#de2237c3-393a-11e7-804b-a7bef64dd85e], CollectionKey[org.pentaho.platform.repository.solution.dbbased.RepositoryFile.accessControls#de2237c2-393a-11e7-804b-a7bef64dd85e], CollectionKey[org.pentaho.platform.repository.solution.dbbased.RepositoryFile.childrenFiles#de2237b0-393a-11e7-804b-a7bef64dd85e], CollectionKey[org.pentaho.platform.repository.solution.dbbased.RepositoryFile.accessControls#de2237b6-393a-11e7-804b-a7bef64dd85e], CollectionKey[org.pentaho.platform.repository.solution.dbbased.RepositoryFile.childrenFiles#de2237c8-393a-11e7-804b-a7bef64dd85e], CollectionKey[org.pentaho.platform.repository.solution.dbbased.RepositoryFile.accessControls#de2237be-393a-11e7-804b-a7bef64dd85e], CollectionKey[org.pentaho.platform.repository.solution.dbbased.RepositoryFile.childrenFiles#de2237b8-393a-11e7-804b-a7bef64dd85e], CollectionKey[org.pentaho.platform.repository.solution.dbbased.RepositoryFile.childrenFiles#de2237bd-393a-11e7-804b-a7bef64dd85e], CollectionKey[org.pentaho.platform.repository.solution.dbbased.RepositoryFile.childrenFiles#de2237c0-393a-11e7-804b-a7bef64dd85e], CollectionKey[org.pentaho.platform.repository.solution.dbbased.RepositoryFile.accessControls#de2237c1-393a-11e7-804b-a7bef64dd85e], CollectionKey[org.pentaho.platform.repository.solution.dbbased.RepositoryFile.accessControls#de18c0dd-393a-11e7-804b-a7bef64dd85e], CollectionKey[org.pentaho.platform.repository.solution.dbbased.RepositoryFile.accessControls#de2237b1-393a-11e7-804b-a7bef64dd85e], CollectionKey[org.pentaho.platform.repository.solution.dbbased.RepositoryFile.accessControls#de2237b8-393a-11e7-804b-a7bef64dd85e], CollectionKey[org.pentaho.platform.repository.solution.dbbased.RepositoryFile.childrenFiles#de2237b5-393a-11e7-804b-a7bef64dd85e], CollectionKey[org.pentaho.platform.repository.solution.dbbased.RepositoryFile.accessControls#de2237c4-393a-11e7-804b-a7bef64dd85e], CollectionKey[org.pentaho.platform.repository.solution.dbbased.RepositoryFile.childrenFiles#de2237c5-393a-11e7-804b-a7bef64dd85e], CollectionKey[org.pentaho.platform.repository.solution.dbbased.RepositoryFile.childrenFiles#de2237cb-393a-11e7-804b-a7bef64dd85e], CollectionKey[org.pentaho.platform.repository.solution.dbbased.RepositoryFile.accessControls#de2237bb-393a-11e7-804b-a7bef64dd85e], CollectionKey[org.pentaho.platform.repository.solution.dbbased.RepositoryFile.childrenFiles#de2237bf-393a-11e7-804b-a7bef64dd85e], CollectionKey[org.pentaho.platform.repository.solution.dbbased.RepositoryFile.accessControls#de2237b4-393a-11e7-804b-a7bef64dd85e], CollectionKey[org.pentaho.platform.repository.solution.dbbased.RepositoryFile.childrenFiles#de2237b6-393a-11e7-804b-a7bef64dd85e], CollectionKey[org.pentaho.platform.repository.solution.dbbased.RepositoryFile.accessControls#de2237bc-393a-11e7-804b-a7bef64dd85e], CollectionKey[org.pentaho.platform.repository.solution.dbbased.RepositoryFile.childrenFiles#de2237c2-393a-11e7-804b-a7bef64dd85e], CollectionKey[org.pentaho.platform.repository.solution.dbbased.RepositoryFile.accessControls#de2237cb-393a-11e7-804b-a7bef64dd85e], CollectionKey[org.pentaho.platform.repository.solution.dbbased.RepositoryFile.accessControls#de2237c3-393a-11e7-804b-a7bef64dd85e], CollectionKey[org.pentaho.platform.repository.solution.dbbased.RepositoryFile.childrenFiles#de2237c7-393a-11e7-804b-a7bef64dd85e], CollectionKey[org.pentaho.platform.repository.solution.dbbased.RepositoryFile.childrenFiles#de2237b3-393a-11e7-804b-a7bef64dd85e], CollectionKey[org.pentaho.platform.repository.solution.dbbased.RepositoryFile.accessControls#de2237c9-393a-11e7-804b-a7bef64dd85e], CollectionKey[org.pentaho.platform.repository.solution.dbbased.RepositoryFile.childrenFiles#de2237ba-393a-11e7-804b-a7bef64dd85e], CollectionKey[org.pentaho.platform.repository.solution.dbbased.RepositoryFile.accessControls#de2237c6-393a-11e7-804b-a7bef64dd85e], CollectionKey[org.pentaho.platform.repository.solution.dbbased.RepositoryFile.childrenFiles#de18c0ef-393a-11e7-804b-a7bef64dd85e]]];ActionQueue[insertions=[] updates=[] deletions=[] collectionCreations=[] collectionRemovals=[] collectionUpdates=[]])]) but failed to remove it when the web application was stopped. This is very likely to create a memory leak.
八月 14, 2017 11:32:15 上午 org.apache.catalina.loader.WebappClassLoader clearThreadLocalMap
严重: The web application [/pentaho] created a ThreadLocal with key of type [java.lang.ThreadLocal] (value [java.lang.ThreadLocal@58fbfefb]) and a value of type [org.pentaho.platform.engine.core.system.StandaloneSession] (value [org.pentaho.platform.engine.core.system.StandaloneSession@2ee5c08d]) but failed to remove it when the web application was stopped. This is very likely to create a memory leak.
八月 14, 2017 11:32:15 上午 org.apache.catalina.loader.WebappClassLoader clearThreadLocalMap
严重: The web application [/pentaho] created a ThreadLocal with key of type [null] (value [org.pentaho.platform.plugin.services.pluginmgr.PluginMessageLogger$1@1db9c2cf]) and a value of type [java.util.ArrayList] (value [[Discovered plugin cgg in cgg, This plugin provides: 0 menu customizations, 0 content types, 1 content generators, 0 overlays, and 0 lifecycle listeners, Discovered plugin common-ui in common-ui, This plugin provides: 0 menu customizations, 0 content types, 2 content generators, 0 overlays, and 0 lifecycle listeners, Discovered plugin data-access in data-access, This plugin provides: 0 menu customizations, 0 content types, 0 content generators, 0 overlays, and 0 lifecycle listeners, Discovered plugin BI Server default plugin in default-plugin, This plugin provides: 0 menu customizations, 0 content types, 3 content generators, 0 overlays, and 0 lifecycle listeners, Discovered plugin marketplace in marketplace, Menu addition: cda_refresh - Marketplace, This plugin provides: 1 menu customizations, 0 content types, 1 content generators, 1 overlays, and 1 lifecycle listeners, Discovered plugin pentaho-cdf in pentaho-cdf, Content type registered: xcdf - Dashboard, This plugin provides: 0 menu customizations, 1 content types, 1 content generators, 0 overlays, and 1 lifecycle listeners, Discovered plugin reporting in reporting, Content type registered: prpt - Pentaho Report, This plugin provides: 0 menu customizations, 1 content types, 1 content generators, 0 overlays, and 1 lifecycle listeners, Content generator registered: cgg for plugin cgg, Plugin cgg has registered successfully, Content generator registered: reposvc for plugin common-ui, Content generator registered: MetadataModelsSvc for plugin common-ui, Plugin common-ui has registered successfully, Plugin data-access has registered successfully, Content generator registered: ws-services for plugin BI Server default plugin, Content generator registered: ws-run for plugin BI Server default plugin, Content generator registered: ws-wsdl for plugin BI Server default plugin, Plugin BI Server default plugin has registered successfully, Content generator registered: marketplace for plugin marketplace, Plugin marketplace has registered successfully, Content generator registered: pentaho-cdf for plugin pentaho-cdf, Plugin pentaho-cdf has registered successfully, Content generator registered: reporting for plugin reporting, Plugin reporting has registered successfully]]) but failed to remove it when the web application was stopped. This is very likely to create a memory leak.
八月 14, 2017 11:32:15 上午 org.apache.catalina.loader.WebappClassLoader clearThreadLocalMap
严重: The web application [/pentaho] created a ThreadLocal with key of type [java.lang.ThreadLocal] (value [java.lang.ThreadLocal@32e7df65]) and a value of type [org.pentaho.platform.engine.security.session.TrustedSystemStartupSession] (value [org.pentaho.platform.engine.security.session.TrustedSystemStartupSession@162e29a1]) but failed to remove it when the web application was stopped. This is very likely to create a memory leak.
八月 14, 2017 11:32:15 上午 org.apache.catalina.loader.WebappClassLoader clearThreadLocalMap
严重: The web application [/pentaho] created a ThreadLocal with key of type [java.lang.InheritableThreadLocal] (value [java.lang.InheritableThreadLocal@510bd87a]) and a value of type [org.pentaho.platform.engine.security.session.TrustedSystemStartupSession] (value [org.pentaho.platform.engine.security.session.TrustedSystemStartupSession@6826c41e]) but failed to remove it when the web application was stopped. This is very likely to create a memory leak.
八月 14, 2017 11:32:15 上午 org.apache.catalina.loader.WebappClassLoader clearThreadLocalMap
严重: The web application [/pentaho] created a ThreadLocal with key of type [java.lang.InheritableThreadLocal] (value [java.lang.InheritableThreadLocal@510bd87a]) and a value of type [org.pentaho.platform.engine.security.session.TrustedSystemStartupSession] (value [org.pentaho.platform.engine.security.session.TrustedSystemStartupSession@6826c41e]) but failed to remove it when the web application was stopped. This is very likely to create a memory leak.
八月 14, 2017 11:32:15 上午 org.apache.catalina.loader.WebappClassLoader clearThreadLocalMap
严重: The web application [/pentaho] created a ThreadLocal with key of type [java.lang.InheritableThreadLocal] (value [java.lang.InheritableThreadLocal@510bd87a]) and a value of type [org.pentaho.platform.engine.security.session.TrustedSystemStartupSession] (value [org.pentaho.platform.engine.security.session.TrustedSystemStartupSession@6826c41e]) but failed to remove it when the web application was stopped. This is very likely to create a memory leak.
八月 14, 2017 11:32:15 上午 org.apache.catalina.loader.WebappClassLoader clearThreadLocalMap
严重: The web application [/pentaho] created a ThreadLocal with key of type [java.lang.InheritableThreadLocal] (value [java.lang.InheritableThreadLocal@510bd87a]) and a value of type [org.pentaho.platform.engine.security.session.TrustedSystemStartupSession] (value [org.pentaho.platform.engine.security.session.TrustedSystemStartupSession@6826c41e]) but failed to remove it when the web application was stopped. This is very likely to create a memory leak.
八月 14, 2017 11:32:15 上午 org.apache.catalina.loader.WebappClassLoader clearThreadLocalMap
严重: The web application [/pentaho] created a ThreadLocal with key of type [java.lang.InheritableThreadLocal] (value [java.lang.InheritableThreadLocal@510bd87a]) and a value of type [org.pentaho.platform.engine.security.session.TrustedSystemStartupSession] (value [org.pentaho.platform.engine.security.session.TrustedSystemStartupSession@6826c41e]) but failed to remove it when the web application was stopped. This is very likely to create a memory leak.
八月 14, 2017 11:32:15 上午 org.apache.catalina.loader.WebappClassLoader clearThreadLocalMap
严重: The web application [/pentaho] created a ThreadLocal with key of type [java.lang.InheritableThreadLocal] (value [java.lang.InheritableThreadLocal@510bd87a]) and a value of type [org.pentaho.platform.engine.security.session.TrustedSystemStartupSession] (value [org.pentaho.platform.engine.security.session.TrustedSystemStartupSession@6826c41e]) but failed to remove it when the web application was stopped. This is very likely to create a memory leak.
八月 14, 2017 11:32:15 上午 org.apache.catalina.loader.WebappClassLoader clearThreadLocalMap
严重: The web application [/pentaho] created a ThreadLocal with key of type [java.lang.InheritableThreadLocal] (value [java.lang.InheritableThreadLocal@510bd87a]) and a value of type [org.pentaho.platform.engine.security.session.TrustedSystemStartupSession] (value [org.pentaho.platform.engine.security.session.TrustedSystemStartupSession@6826c41e]) but failed to remove it when the web application was stopped. This is very likely to create a memory leak.
八月 14, 2017 11:32:15 上午 org.apache.catalina.loader.WebappClassLoader clearThreadLocalMap
严重: The web application [/pentaho] created a ThreadLocal with key of type [java.lang.InheritableThreadLocal] (value [java.lang.InheritableThreadLocal@510bd87a]) and a value of type [org.pentaho.platform.engine.security.session.TrustedSystemStartupSession] (value [org.pentaho.platform.engine.security.session.TrustedSystemStartupSession@6826c41e]) but failed to remove it when the web application was stopped. This is very likely to create a memory leak.
八月 14, 2017 11:32:15 上午 org.apache.catalina.loader.WebappClassLoader clearThreadLocalMap
严重: The web application [/pentaho] created a ThreadLocal with key of type [java.lang.InheritableThreadLocal] (value [java.lang.InheritableThreadLocal@510bd87a]) and a value of type [org.pentaho.platform.engine.security.session.TrustedSystemStartupSession] (value [org.pentaho.platform.engine.security.session.TrustedSystemStartupSession@6826c41e]) but failed to remove it when the web application was stopped. This is very likely to create a memory leak.
八月 14, 2017 11:32:15 上午 org.apache.catalina.loader.WebappClassLoader clearThreadLocalMap
严重: The web application [/pentaho] created a ThreadLocal with key of type [java.lang.InheritableThreadLocal] (value [java.lang.InheritableThreadLocal@510bd87a]) and a value of type [org.pentaho.platform.engine.security.session.TrustedSystemStartupSession] (value [org.pentaho.platform.engine.security.session.TrustedSystemStartupSession@6826c41e]) but failed to remove it when the web application was stopped. This is very likely to create a memory leak.
八月 14, 2017 11:32:15 上午 org.apache.catalina.loader.WebappClassLoader clearThreadLocalMap
严重: The web application [/pentaho] created a ThreadLocal with key of type [java.lang.InheritableThreadLocal] (value [java.lang.InheritableThreadLocal@510bd87a]) and a value of type [org.pentaho.platform.engine.security.session.TrustedSystemStartupSession] (value [org.pentaho.platform.engine.security.session.TrustedSystemStartupSession@6826c41e]) but failed to remove it when the web application was stopped. This is very likely to create a memory leak.
八月 14, 2017 11:32:15 上午 org.apache.catalina.loader.WebappClassLoader clearThreadLocalMap
严重: The web application [/pentaho] created a ThreadLocal with key of type [java.lang.InheritableThreadLocal] (value [java.lang.InheritableThreadLocal@510bd87a]) and a value of type [org.pentaho.platform.engine.security.session.TrustedSystemStartupSession] (value [org.pentaho.platform.engine.security.session.TrustedSystemStartupSession@6826c41e]) but failed to remove it when the web application was stopped. This is very likely to create a memory leak.
八月 14, 2017 11:32:15 上午 org.apache.catalina.loader.WebappClassLoader clearThreadLocalMap
严重: The web application [/pentaho] created a ThreadLocal with key of type [java.lang.InheritableThreadLocal] (value [java.lang.InheritableThreadLocal@510bd87a]) and a value of type [org.pentaho.platform.engine.security.session.TrustedSystemStartupSession] (value [org.pentaho.platform.engine.security.session.TrustedSystemStartupSession@6826c41e]) but failed to remove it when the web application was stopped. This is very likely to create a memory leak.
八月 14, 2017 11:32:15 上午 org.apache.catalina.loader.WebappClassLoader clearThreadLocalMap
严重: The web application [/pentaho] created a ThreadLocal with key of type [java.lang.InheritableThreadLocal] (value [java.lang.InheritableThreadLocal@510bd87a]) and a value of type [org.pentaho.platform.engine.security.session.TrustedSystemStartupSession] (value [org.pentaho.platform.engine.security.session.TrustedSystemStartupSession@6826c41e]) but failed to remove it when the web application was stopped. This is very likely to create a memory leak.
八月 14, 2017 11:32:15 上午 org.apache.catalina.loader.WebappClassLoader clearThreadLocalMap
严重: The web application [/pentaho] created a ThreadLocal with key of type [java.lang.InheritableThreadLocal] (value [java.lang.InheritableThreadLocal@510bd87a]) and a value of type [org.pentaho.platform.engine.security.session.TrustedSystemStartupSession] (value [org.pentaho.platform.engine.security.session.TrustedSystemStartupSession@6826c41e]) but failed to remove it when the web application was stopped. This is very likely to create a memory leak.
八月 14, 2017 11:32:15 上午 org.apache.catalina.loader.WebappClassLoader clearThreadLocalMap
严重: The web application [/pentaho] created a ThreadLocal with key of type [java.lang.InheritableThreadLocal] (value [java.lang.InheritableThreadLocal@510bd87a]) and a value of type [org.pentaho.platform.engine.security.session.TrustedSystemStartupSession] (value [org.pentaho.platform.engine.security.session.TrustedSystemStartupSession@6826c41e]) but failed to remove it when the web application was stopped. This is very likely to create a memory leak.
八月 14, 2017 11:32:15 上午 org.apache.catalina.loader.WebappClassLoader clearThreadLocalMap
严重: The web application [/pentaho] created a ThreadLocal with key of type [java.lang.InheritableThreadLocal] (value [java.lang.InheritableThreadLocal@510bd87a]) and a value of type [org.pentaho.platform.engine.security.session.TrustedSystemStartupSession] (value [org.pentaho.platform.engine.security.session.TrustedSystemStartupSession@6826c41e]) but failed to remove it when the web application was stopped. This is very likely to create a memory leak.
八月 14, 2017 11:32:15 上午 org.apache.catalina.loader.WebappClassLoader clearThreadLocalMap
严重: The web application [/pentaho] created a ThreadLocal with key of type [java.lang.InheritableThreadLocal] (value [java.lang.InheritableThreadLocal@510bd87a]) and a value of type [org.pentaho.platform.engine.security.session.TrustedSystemStartupSession] (value [org.pentaho.platform.engine.security.session.TrustedSystemStartupSession@6826c41e]) but failed to remove it when the web application was stopped. This is very likely to create a memory leak.
八月 14, 2017 11:32:15 上午 org.apache.catalina.loader.WebappClassLoader clearThreadLocalMap
严重: The web application [/pentaho] created a ThreadLocal with key of type [java.lang.InheritableThreadLocal] (value [java.lang.InheritableThreadLocal@510bd87a]) and a value of type [org.pentaho.platform.engine.security.session.TrustedSystemStartupSession] (value [org.pentaho.platform.engine.security.session.TrustedSystemStartupSession@6826c41e]) but failed to remove it when the web application was stopped. This is very likely to create a memory leak.
八月 14, 2017 11:32:15 上午 org.apache.catalina.loader.WebappClassLoader clearThreadLocalMap
严重: The web application [/pentaho] created a ThreadLocal with key of type [java.lang.InheritableThreadLocal] (value [java.lang.InheritableThreadLocal@510bd87a]) and a value of type [org.pentaho.platform.engine.security.session.TrustedSystemStartupSession] (value [org.pentaho.platform.engine.security.session.TrustedSystemStartupSession@6826c41e]) but failed to remove it when the web application was stopped. This is very likely to create a memory leak.
八月 14, 2017 11:32:15 上午 org.apache.catalina.loader.WebappClassLoader clearThreadLocalMap
严重: The web application [/pentaho] created a ThreadLocal with key of type [java.lang.InheritableThreadLocal] (value [java.lang.InheritableThreadLocal@510bd87a]) and a value of type [org.pentaho.platform.engine.security.session.TrustedSystemStartupSession] (value [org.pentaho.platform.engine.security.session.TrustedSystemStartupSession@6826c41e]) but failed to remove it when the web application was stopped. This is very likely to create a memory leak.
八月 14, 2017 11:32:15 上午 org.apache.catalina.loader.WebappClassLoader clearThreadLocalMap
严重: The web application [/pentaho] created a ThreadLocal with key of type [java.lang.InheritableThreadLocal] (value [java.lang.InheritableThreadLocal@510bd87a]) and a value of type [org.pentaho.platform.engine.security.session.TrustedSystemStartupSession] (value [org.pentaho.platform.engine.security.session.TrustedSystemStartupSession@6826c41e]) but failed to remove it when the web application was stopped. This is very likely to create a memory leak.
八月 14, 2017 11:32:15 上午 org.apache.catalina.loader.WebappClassLoader clearThreadLocalMap
严重: The web application [/pentaho] created a ThreadLocal with key of type [java.lang.InheritableThreadLocal] (value [java.lang.InheritableThreadLocal@510bd87a]) and a value of type [org.pentaho.platform.engine.security.session.TrustedSystemStartupSession] (value [org.pentaho.platform.engine.security.session.TrustedSystemStartupSession@6826c41e]) but failed to remove it when the web application was stopped. This is very likely to create a memory leak.
八月 14, 2017 11:32:15 上午 org.apache.catalina.loader.WebappClassLoader clearThreadLocalMap
严重: The web application [/pentaho] created a ThreadLocal with key of type [java.lang.InheritableThreadLocal] (value [java.lang.InheritableThreadLocal@510bd87a]) and a value of type [org.pentaho.platform.engine.security.session.TrustedSystemStartupSession] (value [org.pentaho.platform.engine.security.session.TrustedSystemStartupSession@6826c41e]) but failed to remove it when the web application was stopped. This is very likely to create a memory leak.
八月 14, 2017 11:32:15 上午 org.apache.catalina.loader.WebappClassLoader clearThreadLocalMap
严重: The web application [/pentaho] created a ThreadLocal with key of type [java.lang.InheritableThreadLocal] (value [java.lang.InheritableThreadLocal@510bd87a]) and a value of type [org.pentaho.platform.engine.security.session.TrustedSystemStartupSession] (value [org.pentaho.platform.engine.security.session.TrustedSystemStartupSession@6826c41e]) but failed to remove it when the web application was stopped. This is very likely to create a memory leak.
八月 14, 2017 11:32:15 上午 org.apache.catalina.loader.WebappClassLoader clearThreadLocalMap
严重: The web application [/pentaho] created a ThreadLocal with key of type [java.lang.InheritableThreadLocal] (value [java.lang.InheritableThreadLocal@510bd87a]) and a value of type [org.pentaho.platform.engine.security.session.TrustedSystemStartupSession] (value [org.pentaho.platform.engine.security.session.TrustedSystemStartupSession@6826c41e]) but failed to remove it when the web application was stopped. This is very likely to create a memory leak.
八月 14, 2017 11:32:15 上午 org.apache.catalina.loader.WebappClassLoader clearThreadLocalMap
严重: The web application [/pentaho] created a ThreadLocal with key of type [java.lang.InheritableThreadLocal] (value [java.lang.InheritableThreadLocal@510bd87a]) and a value of type [org.pentaho.platform.engine.security.session.TrustedSystemStartupSession] (value [org.pentaho.platform.engine.security.session.TrustedSystemStartupSession@6826c41e]) but failed to remove it when the web application was stopped. This is very likely to create a memory leak.
八月 14, 2017 11:32:15 上午 org.apache.catalina.loader.WebappClassLoader clearThreadLocalMap
严重: The web application [/pentaho] created a ThreadLocal with key of type [java.lang.InheritableThreadLocal] (value [java.lang.InheritableThreadLocal@510bd87a]) and a value of type [org.pentaho.platform.engine.security.session.TrustedSystemStartupSession] (value [org.pentaho.platform.engine.security.session.TrustedSystemStartupSession@6826c41e]) but failed to remove it when the web application was stopped. This is very likely to create a memory leak.
八月 14, 2017 11:32:15 上午 org.apache.catalina.loader.WebappClassLoader clearThreadLocalMap
严重: The web application [/pentaho] created a ThreadLocal with key of type [java.lang.InheritableThreadLocal] (value [java.lang.InheritableThreadLocal@510bd87a]) and a value of type [org.pentaho.platform.engine.security.session.TrustedSystemStartupSession] (value [org.pentaho.platform.engine.security.session.TrustedSystemStartupSession@6826c41e]) but failed to remove it when the web application was stopped. This is very likely to create a memory leak.
八月 14, 2017 11:32:15 上午 org.apache.catalina.loader.WebappClassLoader clearThreadLocalMap
严重: The web application [/pentaho] created a ThreadLocal with key of type [java.lang.InheritableThreadLocal] (value [java.lang.InheritableThreadLocal@510bd87a]) and a value of type [org.pentaho.platform.engine.security.session.TrustedSystemStartupSession] (value [org.pentaho.platform.engine.security.session.TrustedSystemStartupSession@6826c41e]) but failed to remove it when the web application was stopped. This is very likely to create a memory leak.
八月 14, 2017 11:32:15 上午 org.apache.catalina.loader.WebappClassLoader clearThreadLocalMap
严重: The web application [/pentaho] created a ThreadLocal with key of type [java.lang.InheritableThreadLocal] (value [java.lang.InheritableThreadLocal@510bd87a]) and a value of type [org.pentaho.platform.engine.security.session.TrustedSystemStartupSession] (value [org.pentaho.platform.engine.security.session.TrustedSystemStartupSession@6826c41e]) but failed to remove it when the web application was stopped. This is very likely to create a memory leak.
八月 14, 2017 11:32:15 上午 org.apache.catalina.loader.WebappClassLoader clearThreadLocalMap
严重: The web application [/pentaho] created a ThreadLocal with key of type [java.lang.InheritableThreadLocal] (value [java.lang.InheritableThreadLocal@510bd87a]) and a value of type [org.pentaho.platform.engine.security.session.TrustedSystemStartupSession] (value [org.pentaho.platform.engine.security.session.TrustedSystemStartupSession@6826c41e]) but failed to remove it when the web application was stopped. This is very likely to create a memory leak.
八月 14, 2017 11:32:15 上午 org.apache.catalina.loader.WebappClassLoader clearThreadLocalMap
严重: The web application [/pentaho] created a ThreadLocal with key of type [java.lang.InheritableThreadLocal] (value [java.lang.InheritableThreadLocal@510bd87a]) and a value of type [org.pentaho.platform.engine.security.session.TrustedSystemStartupSession] (value [org.pentaho.platform.engine.security.session.TrustedSystemStartupSession@6826c41e]) but failed to remove it when the web application was stopped. This is very likely to create a memory leak.
八月 14, 2017 11:32:15 上午 org.apache.catalina.loader.WebappClassLoader clearThreadLocalMap
严重: The web application [/pentaho] created a ThreadLocal with key of type [java.lang.InheritableThreadLocal] (value [java.lang.InheritableThreadLocal@510bd87a]) and a value of type [org.pentaho.platform.engine.security.session.TrustedSystemStartupSession] (value [org.pentaho.platform.engine.security.session.TrustedSystemStartupSession@6826c41e]) but failed to remove it when the web application was stopped. This is very likely to create a memory leak.
八月 14, 2017 11:32:15 上午 org.apache.catalina.loader.WebappClassLoader clearThreadLocalMap
严重: The web application [/pentaho] created a ThreadLocal with key of type [java.lang.InheritableThreadLocal] (value [java.lang.InheritableThreadLocal@510bd87a]) and a value of type [org.pentaho.platform.engine.security.session.TrustedSystemStartupSession] (value [org.pentaho.platform.engine.security.session.TrustedSystemStartupSession@6826c41e]) but failed to remove it when the web application was stopped. This is very likely to create a memory leak.
八月 14, 2017 11:32:15 上午 org.apache.catalina.loader.WebappClassLoader clearThreadLocalMap
严重: The web application [/pentaho] created a ThreadLocal with key of type [java.lang.InheritableThreadLocal] (value [java.lang.InheritableThreadLocal@510bd87a]) and a value of type [org.pentaho.platform.engine.security.session.TrustedSystemStartupSession] (value [org.pentaho.platform.engine.security.session.TrustedSystemStartupSession@6826c41e]) but failed to remove it when the web application was stopped. This is very likely to create a memory leak.
八月 14, 2017 11:32:15 上午 org.apache.catalina.loader.WebappClassLoader clearThreadLocalMap
严重: The web application [/pentaho] created a ThreadLocal with key of type [java.lang.InheritableThreadLocal] (value [java.lang.InheritableThreadLocal@510bd87a]) and a value of type [org.pentaho.platform.engine.security.session.TrustedSystemStartupSession] (value [org.pentaho.platform.engine.security.session.TrustedSystemStartupSession@6826c41e]) but failed to remove it when the web application was stopped. This is very likely to create a memory leak.
八月 14, 2017 11:32:15 上午 org.apache.catalina.loader.WebappClassLoader clearThreadLocalMap
严重: The web application [/pentaho] created a ThreadLocal with key of type [java.lang.InheritableThreadLocal] (value [java.lang.InheritableThreadLocal@510bd87a]) and a value of type [org.pentaho.platform.engine.security.session.TrustedSystemStartupSession] (value [org.pentaho.platform.engine.security.session.TrustedSystemStartupSession@6826c41e]) but failed to remove it when the web application was stopped. This is very likely to create a memory leak.
八月 14, 2017 11:32:15 上午 org.apache.catalina.loader.WebappClassLoader clearThreadLocalMap
严重: The web application [/pentaho] created a ThreadLocal with key of type [java.lang.InheritableThreadLocal] (value [java.lang.InheritableThreadLocal@510bd87a]) and a value of type [org.pentaho.platform.engine.security.session.TrustedSystemStartupSession] (value [org.pentaho.platform.engine.security.session.TrustedSystemStartupSession@6826c41e]) but failed to remove it when the web application was stopped. This is very likely to create a memory leak.
八月 14, 2017 11:32:15 上午 org.apache.catalina.loader.WebappClassLoader clearThreadLocalMap
严重: The web application [/pentaho] created a ThreadLocal with key of type [java.lang.InheritableThreadLocal] (value [java.lang.InheritableThreadLocal@510bd87a]) and a value of type [org.pentaho.platform.engine.security.session.TrustedSystemStartupSession] (value [org.pentaho.platform.engine.security.session.TrustedSystemStartupSession@6826c41e]) but failed to remove it when the web application was stopped. This is very likely to create a memory leak.
八月 14, 2017 11:32:15 上午 org.apache.catalina.loader.WebappClassLoader clearThreadLocalMap
严重: The web application [/pentaho] created a ThreadLocal with key of type [java.lang.InheritableThreadLocal] (value [java.lang.InheritableThreadLocal@510bd87a]) and a value of type [org.pentaho.platform.engine.security.session.TrustedSystemStartupSession] (value [org.pentaho.platform.engine.security.session.TrustedSystemStartupSession@6826c41e]) but failed to remove it when the web application was stopped. This is very likely to create a memory leak.
八月 14, 2017 11:32:15 上午 org.apache.catalina.loader.WebappClassLoader clearThreadLocalMap
严重: The web application [/pentaho] created a ThreadLocal with key of type [java.lang.InheritableThreadLocal] (value [java.lang.InheritableThreadLocal@510bd87a]) and a value of type [org.pentaho.platform.engine.security.session.TrustedSystemStartupSession] (value [org.pentaho.platform.engine.security.session.TrustedSystemStartupSession@6826c41e]) but failed to remove it when the web application was stopped. This is very likely to create a memory leak.
八月 14, 2017 11:32:15 上午 org.apache.catalina.loader.WebappClassLoader clearThreadLocalMap
严重: The web application [/pentaho] created a ThreadLocal with key of type [java.lang.InheritableThreadLocal] (value [java.lang.InheritableThreadLocal@510bd87a]) and a value of type [org.pentaho.platform.engine.security.session.TrustedSystemStartupSession] (value [org.pentaho.platform.engine.security.session.TrustedSystemStartupSession@6826c41e]) but failed to remove it when the web application was stopped. This is very likely to create a memory leak.
八月 14, 2017 11:32:15 上午 org.apache.catalina.loader.WebappClassLoader clearThreadLocalMap
严重: The web application [/pentaho] created a ThreadLocal with key of type [java.lang.InheritableThreadLocal] (value [java.lang.InheritableThreadLocal@510bd87a]) and a value of type [org.pentaho.platform.engine.security.session.TrustedSystemStartupSession] (value [org.pentaho.platform.engine.security.session.TrustedSystemStartupSession@6826c41e]) but failed to remove it when the web application was stopped. This is very likely to create a memory leak.
八月 14, 2017 11:32:15 上午 org.apache.catalina.loader.WebappClassLoader clearThreadLocalMap
严重: The web application [/pentaho] created a ThreadLocal with key of type [java.lang.InheritableThreadLocal] (value [java.lang.InheritableThreadLocal@510bd87a]) and a value of type [org.pentaho.platform.engine.security.session.TrustedSystemStartupSession] (value [org.pentaho.platform.engine.security.session.TrustedSystemStartupSession@6826c41e]) but failed to remove it when the web application was stopped. This is very likely to create a memory leak.
八月 14, 2017 11:32:15 上午 org.apache.catalina.loader.WebappClassLoader clearThreadLocalMap
严重: The web application [/pentaho] created a ThreadLocal with key of type [java.lang.InheritableThreadLocal] (value [java.lang.InheritableThreadLocal@510bd87a]) and a value of type [org.pentaho.platform.engine.security.session.TrustedSystemStartupSession] (value [org.pentaho.platform.engine.security.session.TrustedSystemStartupSession@6826c41e]) but failed to remove it when the web application was stopped. This is very likely to create a memory leak.
八月 14, 2017 11:32:15 上午 org.apache.catalina.loader.WebappClassLoader clearThreadLocalMap
严重: The web application [/pentaho] created a ThreadLocal with key of type [java.lang.InheritableThreadLocal] (value [java.lang.InheritableThreadLocal@510bd87a]) and a value of type [org.pentaho.platform.engine.security.session.TrustedSystemStartupSession] (value [org.pentaho.platform.engine.security.session.TrustedSystemStartupSession@6826c41e]) but failed to remove it when the web application was stopped. This is very likely to create a memory leak.
八月 14, 2017 11:32:15 上午 org.apache.catalina.loader.WebappClassLoader clearThreadLocalMap
严重: The web application [/pentaho] created a ThreadLocal with key of type [java.lang.InheritableThreadLocal] (value [java.lang.InheritableThreadLocal@510bd87a]) and a value of type [org.pentaho.platform.engine.security.session.TrustedSystemStartupSession] (value [org.pentaho.platform.engine.security.session.TrustedSystemStartupSession@6826c41e]) but failed to remove it when the web application was stopped. This is very likely to create a memory leak.
八月 14, 2017 11:32:15 上午 org.apache.catalina.loader.WebappClassLoader clearThreadLocalMap
严重: The web application [/pentaho] created a ThreadLocal with key of type [java.lang.InheritableThreadLocal] (value [java.lang.InheritableThreadLocal@510bd87a]) and a value of type [org.pentaho.platform.engine.security.session.TrustedSystemStartupSession] (value [org.pentaho.platform.engine.security.session.TrustedSystemStartupSession@6826c41e]) but failed to remove it when the web application was stopped. This is very likely to create a memory leak.
八月 14, 2017 11:32:15 上午 org.apache.catalina.loader.WebappClassLoader clearThreadLocalMap
严重: The web application [/pentaho] created a ThreadLocal with key of type [java.lang.ThreadLocal] (value [java.lang.ThreadLocal@78a34c47]) and a value of type [org.pentaho.platform.repository.solution.dbbased.DbBasedSolutionRepository] (value [org.pentaho.platform.repository.solution.dbbased.DbBasedSolutionRepository@1446612f]) but failed to remove it when the web application was stopped. This is very likely to create a memory leak.
八月 14, 2017 11:32:15 上午 org.apache.catalina.loader.WebappClassLoader clearThreadLocalMap
严重: The web application [/pentaho] created a ThreadLocal with key of type [null] (value [null]) and a value of type [org.pentaho.platform.web.http.session.PentahoHttpSession] (value [org.pentaho.platform.web.http.session.PentahoHttpSession@bac2b20]) but failed to remove it when the web application was stopped. This is very likely to create a memory leak.
八月 14, 2017 11:32:15 上午 org.apache.catalina.loader.WebappClassLoader clearThreadLocalMap
严重: The web application [/pentaho] created a ThreadLocal with key of type [java.lang.ThreadLocal] (value [java.lang.ThreadLocal@421d7900]) and a value of type [org.pentaho.platform.web.http.session.PentahoHttpSession] (value [org.pentaho.platform.web.http.session.PentahoHttpSession@687609b6]) but failed to remove it when the web application was stopped. This is very likely to create a memory leak.
八月 14, 2017 11:32:15 上午 org.apache.catalina.loader.WebappClassLoader clearThreadLocalMap
严重: The web application [/pentaho] created a ThreadLocal with key of type [null] (value [null]) and a value of type [org.pentaho.platform.web.http.session.PentahoHttpSession] (value [org.pentaho.platform.web.http.session.PentahoHttpSession@7dadcd72]) but failed to remove it when the web application was stopped. This is very likely to create a memory leak.
八月 14, 2017 11:32:15 上午 org.apache.catalina.loader.WebappClassLoader clearThreadLocalMap
严重: The web application [/pentaho] created a ThreadLocal with key of type [java.lang.ThreadLocal] (value [java.lang.ThreadLocal@78a34c47]) and a value of type [org.pentaho.platform.repository.solution.dbbased.DbBasedSolutionRepository] (value [org.pentaho.platform.repository.solution.dbbased.DbBasedSolutionRepository@2f7597d]) but failed to remove it when the web application was stopped. This is very likely to create a memory leak.
八月 14, 2017 11:32:15 上午 org.apache.catalina.loader.WebappClassLoader clearThreadLocalMap
严重: The web application [/pentaho] created a ThreadLocal with key of type [java.lang.ThreadLocal] (value [java.lang.ThreadLocal@45964b9e]) and a value of type [org.pentaho.platform.web.http.session.PentahoHttpSession] (value [org.pentaho.platform.web.http.session.PentahoHttpSession@da31c10]) but failed to remove it when the web application was stopped. This is very likely to create a memory leak.
八月 14, 2017 11:32:15 上午 org.apache.catalina.loader.WebappClassLoader clearThreadLocalMap
严重: The web application [/pentaho] created a ThreadLocal with key of type [null] (value [null]) and a value of type [org.pentaho.platform.web.http.session.PentahoHttpSession] (value [org.pentaho.platform.web.http.session.PentahoHttpSession@623607d2]) but failed to remove it when the web application was stopped. This is very likely to create a memory leak.
八月 14, 2017 11:32:15 上午 org.apache.catalina.loader.WebappClassLoader clearThreadLocalMap
严重: The web application [/pentaho] created a ThreadLocal with key of type [null] (value [null]) and a value of type [org.pentaho.platform.web.http.session.PentahoHttpSession] (value [org.pentaho.platform.web.http.session.PentahoHttpSession@7dadcd72]) but failed to remove it when the web application was stopped. This is very likely to create a memory leak.
八月 14, 2017 11:32:15 上午 org.apache.catalina.loader.WebappClassLoader clearThreadLocalMap
严重: The web application [/pentaho] created a ThreadLocal with key of type [java.lang.ThreadLocal] (value [java.lang.ThreadLocal@78a34c47]) and a value of type [org.pentaho.platform.repository.solution.dbbased.DbBasedSolutionRepository] (value [org.pentaho.platform.repository.solution.dbbased.DbBasedSolutionRepository@34934412]) but failed to remove it when the web application was stopped. This is very likely to create a memory leak.
八月 14, 2017 11:32:15 上午 org.apache.catalina.loader.WebappClassLoader clearThreadLocalMap
严重: The web application [/pentaho] created a ThreadLocal with key of type [java.lang.ThreadLocal] (value [java.lang.ThreadLocal@166a5659]) and a value of type [org.pentaho.platform.web.http.session.PentahoHttpSession] (value [org.pentaho.platform.web.http.session.PentahoHttpSession@21a3868f]) but failed to remove it when the web application was stopped. This is very likely to create a memory leak.
八月 14, 2017 11:32:15 上午 org.apache.catalina.loader.WebappClassLoader clearThreadLocalMap
严重: The web application [/pentaho] created a ThreadLocal with key of type [null] (value [null]) and a value of type [org.pentaho.platform.web.http.session.PentahoHttpSession] (value [org.pentaho.platform.web.http.session.PentahoHttpSession@7dadcd72]) but failed to remove it when the web application was stopped. This is very likely to create a memory leak.
八月 14, 2017 11:32:15 上午 org.apache.catalina.loader.WebappClassLoader clearThreadLocalMap
严重: The web application [/pentaho] created a ThreadLocal with key of type [java.lang.ThreadLocal] (value [java.lang.ThreadLocal@78a34c47]) and a value of type [org.pentaho.platform.repository.solution.dbbased.DbBasedSolutionRepository] (value [org.pentaho.platform.repository.solution.dbbased.DbBasedSolutionRepository@66567847]) but failed to remove it when the web application was stopped. This is very likely to create a memory leak.
八月 14, 2017 11:32:15 上午 org.apache.catalina.loader.WebappClassLoader clearThreadLocalMap
严重: The web application [/pentaho] created a ThreadLocal with key of type [null] (value [null]) and a value of type [org.pentaho.platform.web.http.session.PentahoHttpSession] (value [org.pentaho.platform.web.http.session.PentahoHttpSession@679de1d5]) but failed to remove it when the web application was stopped. This is very likely to create a memory leak.
八月 14, 2017 11:32:15 上午 org.apache.catalina.loader.WebappClassLoader clearThreadLocalMap
严重: The web application [/pentaho] created a ThreadLocal with key of type [java.lang.ThreadLocal] (value [java.lang.ThreadLocal@1afabf06]) and a value of type [org.pentaho.platform.web.http.session.PentahoHttpSession] (value [org.pentaho.platform.web.http.session.PentahoHttpSession@3e2f538d]) but failed to remove it when the web application was stopped. This is very likely to create a memory leak.
八月 14, 2017 11:32:15 上午 org.apache.catalina.loader.WebappClassLoader clearThreadLocalMap
严重: The web application [/pentaho] created a ThreadLocal with key of type [null] (value [null]) and a value of type [org.pentaho.platform.web.http.session.PentahoHttpSession] (value [org.pentaho.platform.web.http.session.PentahoHttpSession@7dadcd72]) but failed to remove it when the web application was stopped. This is very likely to create a memory leak.
八月 14, 2017 11:32:15 上午 org.apache.catalina.loader.WebappClassLoader clearThreadLocalMap
严重: The web application [/pentaho] created a ThreadLocal with key of type [java.lang.ThreadLocal] (value [java.lang.ThreadLocal@33060020]) and a value of type [org.hibernate.impl.SessionImpl] (value [SessionImpl(<closed>)]) but failed to remove it when the web application was stopped. This is very likely to create a memory leak.
八月 14, 2017 11:32:15 上午 org.apache.catalina.loader.WebappClassLoader clearThreadLocalMap
严重: The web application [/pentaho] created a ThreadLocal with key of type [java.lang.ThreadLocal] (value [java.lang.ThreadLocal@78a34c47]) and a value of type [org.pentaho.platform.repository.solution.dbbased.DbBasedSolutionRepository] (value [org.pentaho.platform.repository.solution.dbbased.DbBasedSolutionRepository@7423fbb4]) but failed to remove it when the web application was stopped. This is very likely to create a memory leak.
八月 14, 2017 11:32:15 上午 org.apache.catalina.loader.WebappClassLoader clearThreadLocalMap
严重: The web application [/pentaho] created a ThreadLocal with key of type [java.lang.ThreadLocal] (value [java.lang.ThreadLocal@443b6765]) and a value of type [org.pentaho.platform.web.http.session.PentahoHttpSession] (value [org.pentaho.platform.web.http.session.PentahoHttpSession@398e407d]) but failed to remove it when the web application was stopped. This is very likely to create a memory leak.
八月 14, 2017 11:32:15 上午 org.apache.catalina.loader.WebappClassLoader clearThreadLocalMap
严重: The web application [/pentaho] created a ThreadLocal with key of type [null] (value [null]) and a value of type [org.pentaho.platform.web.http.session.PentahoHttpSession] (value [org.pentaho.platform.web.http.session.PentahoHttpSession@7dadcd72]) but failed to remove it when the web application was stopped. This is very likely to create a memory leak.
八月 14, 2017 11:32:15 上午 org.apache.catalina.loader.WebappClassLoader clearThreadLocalMap
严重: The web application [/pentaho] created a ThreadLocal with key of type [java.lang.ThreadLocal] (value [java.lang.ThreadLocal@33060020]) and a value of type [org.hibernate.impl.SessionImpl] (value [SessionImpl(<closed>)]) but failed to remove it when the web application was stopped. This is very likely to create a memory leak.
八月 14, 2017 11:32:15 上午 org.apache.catalina.loader.WebappClassLoader clearThreadLocalMap
严重: The web application [/pentaho] created a ThreadLocal with key of type [java.lang.ThreadLocal] (value [java.lang.ThreadLocal@78a34c47]) and a value of type [org.pentaho.platform.repository.solution.dbbased.DbBasedSolutionRepository] (value [org.pentaho.platform.repository.solution.dbbased.DbBasedSolutionRepository@62340fd6]) but failed to remove it when the web application was stopped. This is very likely to create a memory leak.
八月 14, 2017 11:32:15 上午 org.apache.catalina.loader.WebappClassLoader clearThreadLocalMap
严重: The web application [/pentaho] created a ThreadLocal with key of type [null] (value [null]) and a value of type [org.pentaho.platform.web.http.session.PentahoHttpSession] (value [org.pentaho.platform.web.http.session.PentahoHttpSession@3fd8e3ea]) but failed to remove it when the web application was stopped. This is very likely to create a memory leak.
八月 14, 2017 11:32:15 上午 org.apache.catalina.loader.WebappClassLoader clearThreadLocalMap
严重: The web application [/pentaho] created a ThreadLocal with key of type [java.lang.ThreadLocal] (value [java.lang.ThreadLocal@a72925]) and a value of type [org.pentaho.platform.web.http.session.PentahoHttpSession] (value [org.pentaho.platform.web.http.session.PentahoHttpSession@76ebdbb2]) but failed to remove it when the web application was stopped. This is very likely to create a memory leak.
八月 14, 2017 11:32:15 上午 org.apache.catalina.loader.WebappClassLoader clearThreadLocalMap
严重: The web application [/pentaho] created a ThreadLocal with key of type [null] (value [null]) and a value of type [org.pentaho.platform.web.http.session.PentahoHttpSession] (value [org.pentaho.platform.web.http.session.PentahoHttpSession@7dadcd72]) but failed to remove it when the web application was stopped. This is very likely to create a memory leak.
八月 14, 2017 11:32:15 上午 org.apache.catalina.loader.WebappClassLoader clearThreadLocalMap
严重: The web application [/pentaho] created a ThreadLocal with key of type [java.lang.InheritableThreadLocal] (value [java.lang.InheritableThreadLocal@510bd87a]) and a value of type [org.pentaho.platform.web.http.session.PentahoHttpSession] (value [org.pentaho.platform.web.http.session.PentahoHttpSession@7dadcd72]) but failed to remove it when the web application was stopped. This is very likely to create a memory leak.
八月 14, 2017 11:32:15 上午 org.apache.catalina.loader.WebappClassLoader clearThreadLocalMap
严重: The web application [/pentaho] created a ThreadLocal with key of type [java.lang.InheritableThreadLocal] (value [java.lang.InheritableThreadLocal@3d213a2b]) and a value of type [org.pentaho.platform.engine.core.system.BasePentahoRequestContext] (value [org.pentaho.platform.engine.core.system.BasePentahoRequestContext@27691ee8]) but failed to remove it when the web application was stopped. This is very likely to create a memory leak.
八月 14, 2017 11:32:15 上午 org.apache.catalina.loader.WebappClassLoader clearThreadLocalMap
严重: The web application [/pentaho] created a ThreadLocal with key of type [java.lang.InheritableThreadLocal] (value [java.lang.InheritableThreadLocal@510bd87a]) and a value of type [org.pentaho.platform.web.http.session.PentahoHttpSession] (value [org.pentaho.platform.web.http.session.PentahoHttpSession@7dadcd72]) but failed to remove it when the web application was stopped. This is very likely to create a memory leak.
八月 14, 2017 11:32:15 上午 org.apache.catalina.loader.WebappClassLoader clearThreadLocalMap
严重: The web application [/pentaho] created a ThreadLocal with key of type [java.lang.InheritableThreadLocal] (value [java.lang.InheritableThreadLocal@3d213a2b]) and a value of type [org.pentaho.platform.engine.core.system.BasePentahoRequestContext] (value [org.pentaho.platform.engine.core.system.BasePentahoRequestContext@27691ee8]) but failed to remove it when the web application was stopped. This is very likely to create a memory leak.
八月 14, 2017 11:32:15 上午 org.apache.catalina.loader.WebappClassLoader clearThreadLocalMap
严重: The web application [/pentaho] created a ThreadLocal with key of type [java.lang.InheritableThreadLocal] (value [java.lang.InheritableThreadLocal@510bd87a]) and a value of type [org.pentaho.platform.web.http.session.PentahoHttpSession] (value [org.pentaho.platform.web.http.session.PentahoHttpSession@7dadcd72]) but failed to remove it when the web application was stopped. This is very likely to create a memory leak.
八月 14, 2017 11:32:15 上午 org.apache.catalina.loader.WebappClassLoader clearThreadLocalMap
严重: The web application [/pentaho] created a ThreadLocal with key of type [java.lang.InheritableThreadLocal] (value [java.lang.InheritableThreadLocal@3d213a2b]) and a value of type [org.pentaho.platform.engine.core.system.BasePentahoRequestContext] (value [org.pentaho.platform.engine.core.system.BasePentahoRequestContext@27691ee8]) but failed to remove it when the web application was stopped. This is very likely to create a memory leak.
八月 14, 2017 11:32:15 上午 org.apache.catalina.loader.WebappClassLoader clearThreadLocalMap
严重: The web application [/pentaho] created a ThreadLocal with key of type [java.lang.InheritableThreadLocal] (value [java.lang.InheritableThreadLocal@510bd87a]) and a value of type [org.pentaho.platform.web.http.session.PentahoHttpSession] (value [org.pentaho.platform.web.http.session.PentahoHttpSession@7dadcd72]) but failed to remove it when the web application was stopped. This is very likely to create a memory leak.
八月 14, 2017 11:32:15 上午 org.apache.catalina.loader.WebappClassLoader clearThreadLocalMap
严重: The web application [/pentaho] created a ThreadLocal with key of type [java.lang.InheritableThreadLocal] (value [java.lang.InheritableThreadLocal@3d213a2b]) and a value of type [org.pentaho.platform.engine.core.system.BasePentahoRequestContext] (value [org.pentaho.platform.engine.core.system.BasePentahoRequestContext@27691ee8]) but failed to remove it when the web application was stopped. This is very likely to create a memory leak.
八月 14, 2017 11:32:15 上午 org.apache.catalina.loader.WebappClassLoader clearThreadLocalMap
严重: The web application [/pentaho] created a ThreadLocal with key of type [java.lang.InheritableThreadLocal] (value [java.lang.InheritableThreadLocal@510bd87a]) and a value of type [org.pentaho.platform.web.http.session.PentahoHttpSession] (value [org.pentaho.platform.web.http.session.PentahoHttpSession@7dadcd72]) but failed to remove it when the web application was stopped. This is very likely to create a memory leak.
八月 14, 2017 11:32:15 上午 org.apache.catalina.loader.WebappClassLoader clearThreadLocalMap
严重: The web application [/pentaho] created a ThreadLocal with key of type [java.lang.InheritableThreadLocal] (value [java.lang.InheritableThreadLocal@3d213a2b]) and a value of type [org.pentaho.platform.engine.core.system.BasePentahoRequestContext] (value [org.pentaho.platform.engine.core.system.BasePentahoRequestContext@27691ee8]) but failed to remove it when the web application was stopped. This is very likely to create a memory leak.
八月 14, 2017 11:32:15 上午 org.apache.catalina.loader.WebappClassLoader clearThreadLocalMap
严重: The web application [/pentaho] created a ThreadLocal with key of type [java.lang.InheritableThreadLocal] (value [java.lang.InheritableThreadLocal@510bd87a]) and a value of type [org.pentaho.platform.web.http.session.PentahoHttpSession] (value [org.pentaho.platform.web.http.session.PentahoHttpSession@7dadcd72]) but failed to remove it when the web application was stopped. This is very likely to create a memory leak.
八月 14, 2017 11:32:15 上午 org.apache.catalina.loader.WebappClassLoader clearThreadLocalMap
严重: The web application [/pentaho] created a ThreadLocal with key of type [java.lang.InheritableThreadLocal] (value [java.lang.InheritableThreadLocal@3d213a2b]) and a value of type [org.pentaho.platform.engine.core.system.BasePentahoRequestContext] (value [org.pentaho.platform.engine.core.system.BasePentahoRequestContext@27691ee8]) but failed to remove it when the web application was stopped. This is very likely to create a memory leak.
八月 14, 2017 11:32:15 上午 org.apache.catalina.loader.WebappClassLoader clearThreadLocalMap
严重: The web application [/pentaho] created a ThreadLocal with key of type [java.lang.InheritableThreadLocal] (value [java.lang.InheritableThreadLocal@510bd87a]) and a value of type [org.pentaho.platform.web.http.session.PentahoHttpSession] (value [org.pentaho.platform.web.http.session.PentahoHttpSession@7dadcd72]) but failed to remove it when the web application was stopped. This is very likely to create a memory leak.
八月 14, 2017 11:32:15 上午 org.apache.catalina.loader.WebappClassLoader clearThreadLocalMap
严重: The web application [/pentaho] created a ThreadLocal with key of type [java.lang.InheritableThreadLocal] (value [java.lang.InheritableThreadLocal@3d213a2b]) and a value of type [org.pentaho.platform.engine.core.system.BasePentahoRequestContext] (value [org.pentaho.platform.engine.core.system.BasePentahoRequestContext@27691ee8]) but failed to remove it when the web application was stopped. This is very likely to create a memory leak.
八月 14, 2017 11:32:15 上午 org.apache.catalina.loader.WebappClassLoader clearThreadLocalMap
严重: The web application [/pentaho] created a ThreadLocal with key of type [java.lang.InheritableThreadLocal] (value [java.lang.InheritableThreadLocal@510bd87a]) and a value of type [org.pentaho.platform.web.http.session.PentahoHttpSession] (value [org.pentaho.platform.web.http.session.PentahoHttpSession@7dadcd72]) but failed to remove it when the web application was stopped. This is very likely to create a memory leak.
八月 14, 2017 11:32:15 上午 org.apache.catalina.loader.WebappClassLoader clearThreadLocalMap
严重: The web application [/pentaho] created a ThreadLocal with key of type [java.lang.InheritableThreadLocal] (value [java.lang.InheritableThreadLocal@3d213a2b]) and a value of type [org.pentaho.platform.engine.core.system.BasePentahoRequestContext] (value [org.pentaho.platform.engine.core.system.BasePentahoRequestContext@27691ee8]) but failed to remove it when the web application was stopped. This is very likely to create a memory leak.
八月 14, 2017 11:32:15 上午 org.apache.catalina.loader.WebappClassLoader clearThreadLocalMap
严重: The web application [/pentaho] created a ThreadLocal with key of type [java.lang.InheritableThreadLocal] (value [java.lang.InheritableThreadLocal@510bd87a]) and a value of type [org.pentaho.platform.web.http.session.PentahoHttpSession] (value [org.pentaho.platform.web.http.session.PentahoHttpSession@7dadcd72]) but failed to remove it when the web application was stopped. This is very likely to create a memory leak.
八月 14, 2017 11:32:15 上午 org.apache.catalina.loader.WebappClassLoader clearThreadLocalMap
严重: The web application [/pentaho] created a ThreadLocal with key of type [java.lang.InheritableThreadLocal] (value [java.lang.InheritableThreadLocal@3d213a2b]) and a value of type [org.pentaho.platform.engine.core.system.BasePentahoRequestContext] (value [org.pentaho.platform.engine.core.system.BasePentahoRequestContext@27691ee8]) but failed to remove it when the web application was stopped. This is very likely to create a memory leak.
八月 14, 2017 11:32:15 上午 org.apache.catalina.loader.WebappClassLoader clearThreadLocalMap
严重: The web application [/pentaho] created a ThreadLocal with key of type [java.lang.InheritableThreadLocal] (value [java.lang.InheritableThreadLocal@510bd87a]) and a value of type [org.pentaho.platform.web.http.session.PentahoHttpSession] (value [org.pentaho.platform.web.http.session.PentahoHttpSession@7dadcd72]) but failed to remove it when the web application was stopped. This is very likely to create a memory leak.
八月 14, 2017 11:32:15 上午 org.apache.catalina.loader.WebappClassLoader clearThreadLocalMap
严重: The web application [/pentaho] created a ThreadLocal with key of type [java.lang.InheritableThreadLocal] (value [java.lang.InheritableThreadLocal@3d213a2b]) and a value of type [org.pentaho.platform.engine.core.system.BasePentahoRequestContext] (value [org.pentaho.platform.engine.core.system.BasePentahoRequestContext@27691ee8]) but failed to remove it when the web application was stopped. This is very likely to create a memory leak.
八月 14, 2017 11:32:15 上午 org.apache.catalina.loader.WebappClassLoader clearThreadLocalMap
严重: The web application [/pentaho] created a ThreadLocal with key of type [java.lang.InheritableThreadLocal] (value [java.lang.InheritableThreadLocal@510bd87a]) and a value of type [org.pentaho.platform.web.http.session.PentahoHttpSession] (value [org.pentaho.platform.web.http.session.PentahoHttpSession@7dadcd72]) but failed to remove it when the web application was stopped. This is very likely to create a memory leak.
八月 14, 2017 11:32:15 上午 org.apache.catalina.loader.WebappClassLoader clearThreadLocalMap
严重: The web application [/pentaho] created a ThreadLocal with key of type [java.lang.InheritableThreadLocal] (value [java.lang.InheritableThreadLocal@3d213a2b]) and a value of type [org.pentaho.platform.engine.core.system.BasePentahoRequestContext] (value [org.pentaho.platform.engine.core.system.BasePentahoRequestContext@27691ee8]) but failed to remove it when the web application was stopped. This is very likely to create a memory leak.
八月 14, 2017 11:32:15 上午 org.apache.catalina.loader.WebappClassLoader clearThreadLocalMap
严重: The web application [/pentaho] created a ThreadLocal with key of type [java.lang.InheritableThreadLocal] (value [java.lang.InheritableThreadLocal@510bd87a]) and a value of type [org.pentaho.platform.web.http.session.PentahoHttpSession] (value [org.pentaho.platform.web.http.session.PentahoHttpSession@7dadcd72]) but failed to remove it when the web application was stopped. This is very likely to create a memory leak.
八月 14, 2017 11:32:15 上午 org.apache.catalina.loader.WebappClassLoader clearThreadLocalMap
严重: The web application [/pentaho] created a ThreadLocal with key of type [java.lang.InheritableThreadLocal] (value [java.lang.InheritableThreadLocal@3d213a2b]) and a value of type [org.pentaho.platform.engine.core.system.BasePentahoRequestContext] (value [org.pentaho.platform.engine.core.system.BasePentahoRequestContext@27691ee8]) but failed to remove it when the web application was stopped. This is very likely to create a memory leak.
八月 14, 2017 11:32:15 上午 org.apache.catalina.loader.WebappClassLoader clearThreadLocalMap
严重: The web application [/pentaho] created a ThreadLocal with key of type [java.lang.InheritableThreadLocal] (value [java.lang.InheritableThreadLocal@510bd87a]) and a value of type [org.pentaho.platform.web.http.session.PentahoHttpSession] (value [org.pentaho.platform.web.http.session.PentahoHttpSession@7dadcd72]) but failed to remove it when the web application was stopped. This is very likely to create a memory leak.
八月 14, 2017 11:32:15 上午 org.apache.catalina.loader.WebappClassLoader clearThreadLocalMap
严重: The web application [/pentaho] created a ThreadLocal with key of type [java.lang.InheritableThreadLocal] (value [java.lang.InheritableThreadLocal@3d213a2b]) and a value of type [org.pentaho.platform.engine.core.system.BasePentahoRequestContext] (value [org.pentaho.platform.engine.core.system.BasePentahoRequestContext@27691ee8]) but failed to remove it when the web application was stopped. This is very likely to create a memory leak.
八月 14, 2017 11:32:15 上午 org.apache.catalina.loader.WebappClassLoader clearThreadLocalMap
严重: The web application [/pentaho] created a ThreadLocal with key of type [java.lang.InheritableThreadLocal] (value [java.lang.InheritableThreadLocal@510bd87a]) and a value of type [org.pentaho.platform.web.http.session.PentahoHttpSession] (value [org.pentaho.platform.web.http.session.PentahoHttpSession@7dadcd72]) but failed to remove it when the web application was stopped. This is very likely to create a memory leak.
八月 14, 2017 11:32:15 上午 org.apache.catalina.loader.WebappClassLoader clearThreadLocalMap
严重: The web application [/pentaho] created a ThreadLocal with key of type [java.lang.InheritableThreadLocal] (value [java.lang.InheritableThreadLocal@3d213a2b]) and a value of type [org.pentaho.platform.engine.core.system.BasePentahoRequestContext] (value [org.pentaho.platform.engine.core.system.BasePentahoRequestContext@27691ee8]) but failed to remove it when the web application was stopped. This is very likely to create a memory leak.
八月 14, 2017 11:32:15 上午 org.apache.catalina.loader.WebappClassLoader clearThreadLocalMap
严重: The web application [/pentaho] created a ThreadLocal with key of type [java.lang.InheritableThreadLocal] (value [java.lang.InheritableThreadLocal@510bd87a]) and a value of type [org.pentaho.platform.web.http.session.PentahoHttpSession] (value [org.pentaho.platform.web.http.session.PentahoHttpSession@7dadcd72]) but failed to remove it when the web application was stopped. This is very likely to create a memory leak.
八月 14, 2017 11:32:15 上午 org.apache.catalina.loader.WebappClassLoader clearThreadLocalMap
严重: The web application [/pentaho] created a ThreadLocal with key of type [java.lang.InheritableThreadLocal] (value [java.lang.InheritableThreadLocal@3d213a2b]) and a value of type [org.pentaho.platform.engine.core.system.BasePentahoRequestContext] (value [org.pentaho.platform.engine.core.system.BasePentahoRequestContext@27691ee8]) but failed to remove it when the web application was stopped. This is very likely to create a memory leak.
八月 14, 2017 11:32:15 上午 org.apache.catalina.loader.WebappClassLoader clearThreadLocalMap
严重: The web application [/pentaho] created a ThreadLocal with key of type [java.lang.ThreadLocal] (value [java.lang.ThreadLocal@a72925]) and a value of type [org.pentaho.platform.web.http.session.PentahoHttpSession] (value [org.pentaho.platform.web.http.session.PentahoHttpSession@76ebdbb2]) but failed to remove it when the web application was stopped. This is very likely to create a memory leak.
八月 14, 2017 11:32:15 上午 org.apache.catalina.loader.WebappClassLoader clearThreadLocalMap
严重: The web application [/pentaho] created a ThreadLocal with key of type [java.lang.ThreadLocal] (value [java.lang.ThreadLocal@33060020]) and a value of type [org.hibernate.impl.SessionImpl] (value [SessionImpl(<closed>)]) but failed to remove it when the web application was stopped. This is very likely to create a memory leak.
八月 14, 2017 11:32:16 上午 org.apache.coyote.http11.Http11Protocol destroy
信息: Stopping Coyote HTTP/1.1 on http-8080
八月 14, 2017 11:32:18 上午 org.apache.catalina.core.AprLifecycleListener init
信息: The APR based Apache Tomcat Native library which allows optimal performance in production environments was not found on the java.library.path: C:\Program Files\Java\jdk1.8.0_144\bin;C:\WINDOWS\Sun\Java\bin;C:\WINDOWS\system32;C:\WINDOWS;C:\ProgramData\Oracle\Java\javapath;C:\Program Files (x86)\Intel\iCLS Client\;C:\Program Files\Intel\iCLS Client\;C:\Windows\system32;C:\Windows;C:\Windows\System32\Wbem;C:\Windows\System32\WindowsPowerShell\v1.0\;C:\Program Files (x86)\Intel\Intel(R) Management Engine Components\DAL;C:\Program Files\Intel\Intel(R) Management Engine Components\DAL;C:\Program Files (x86)\Intel\Intel(R) Management Engine Components\IPT;C:\Program Files\Intel\Intel(R) Management Engine Components\IPT;C:\Program Files\Intel\WiFi\bin\;C:\Program Files\Common Files\Intel\WirelessCommon\;C:\Program Files (x86)\NVIDIA Corporation\PhysX\Common;C:\Program Files\Acer ProShield\;C:\Program Files\Acer ProShield\x86;C:\WINDOWS\system32;C:\WINDOWS;C:\WINDOWS\System32\Wbem;C:\WINDOWS\System32\WindowsPowerShell\v1.0\;C:\Program Files\Java\jdk1.8.0_144\bin;C:\Program Files\Java\jdk1.8.0_144\jre\bin;C:\Program Files\MySQL\MySQL Server 5.7\bin;C:\Program Files\Git\cmd;C:\Program Files\Git LFS;C:\Users\zll\AppData\Local\Microsoft\WindowsApps;.
八月 14, 2017 11:32:19 上午 org.apache.coyote.http11.Http11Protocol init
信息: Initializing Coyote HTTP/1.1 on http-8080
八月 14, 2017 11:32:19 上午 org.apache.catalina.startup.Catalina load
信息: Initialization processed in 424 ms
八月 14, 2017 11:32:19 上午 org.apache.catalina.core.StandardService start
信息: Starting service Catalina
八月 14, 2017 11:32:19 上午 org.apache.catalina.core.StandardEngine start
信息: Starting Servlet Engine: Apache Tomcat/6.0.29
八月 14, 2017 11:32:19 上午 org.apache.catalina.startup.HostConfig deployDescriptor
信息: Deploying configuration descriptor pentaho.xml
八月 14, 2017 11:32:19 上午 org.apache.catalina.startup.ContextConfig validateSecurityRoles
信息: WARNING: Security role name PENTAHO_ADMIN used in an <auth-constraint> without being defined in a <security-role>
八月 14, 2017 11:32:25 上午 org.apache.catalina.core.StandardContext start
严重: Error listenerStart
八月 14, 2017 11:32:25 上午 org.apache.catalina.core.StandardContext start
严重: Context [/pentaho] startup failed due to previous errors
八月 14, 2017 11:32:25 上午 org.apache.catalina.loader.WebappClassLoader clearReferencesJdbc
严重: The web application [/pentaho] registered the JBDC driver [mondrian.olap4j.MondrianOlap4jDriver] but failed to unregister it when the web application was stopped. To prevent a memory leak, the JDBC Driver has been forcibly unregistered.
八月 14, 2017 11:32:25 上午 org.apache.catalina.startup.HostConfig deployDirectory
信息: Deploying web application directory pentaho-style
八月 14, 2017 11:32:26 上午 org.apache.catalina.startup.HostConfig deployDirectory
信息: Deploying web application directory ROOT
八月 14, 2017 11:32:26 上午 org.apache.catalina.startup.HostConfig deployDirectory
信息: Deploying web application directory sw-style
八月 14, 2017 11:32:26 上午 org.apache.coyote.http11.Http11Protocol start
信息: Starting Coyote HTTP/1.1 on http-8080
八月 14, 2017 11:32:26 上午 org.apache.jk.common.ChannelSocket init
信息: JK: ajp13 listening on /0.0.0.0:8009
八月 14, 2017 11:32:26 上午 org.apache.jk.server.JkMain start
信息: Jk running ID=0 time=0/17  config=null
八月 14, 2017 11:32:26 上午 org.apache.catalina.startup.Catalina start
信息: Server startup in 7006 ms
八月 14, 2017 11:32:30 上午 org.apache.coyote.http11.Http11Protocol pause
信息: Pausing Coyote HTTP/1.1 on http-8080
八月 14, 2017 11:32:31 上午 org.apache.catalina.core.StandardService stop
信息: Stopping service Catalina
八月 14, 2017 11:32:31 上午 org.apache.coyote.http11.Http11Protocol destroy
信息: Stopping Coyote HTTP/1.1 on http-8080
八月 14, 2017 11:32:33 上午 org.apache.catalina.core.AprLifecycleListener init
信息: The APR based Apache Tomcat Native library which allows optimal performance in production environments was not found on the java.library.path: C:\Program Files\Java\jdk1.8.0_144\bin;C:\WINDOWS\Sun\Java\bin;C:\WINDOWS\system32;C:\WINDOWS;C:\ProgramData\Oracle\Java\javapath;C:\Program Files (x86)\Intel\iCLS Client\;C:\Program Files\Intel\iCLS Client\;C:\Windows\system32;C:\Windows;C:\Windows\System32\Wbem;C:\Windows\System32\WindowsPowerShell\v1.0\;C:\Program Files (x86)\Intel\Intel(R) Management Engine Components\DAL;C:\Program Files\Intel\Intel(R) Management Engine Components\DAL;C:\Program Files (x86)\Intel\Intel(R) Management Engine Components\IPT;C:\Program Files\Intel\Intel(R) Management Engine Components\IPT;C:\Program Files\Intel\WiFi\bin\;C:\Program Files\Common Files\Intel\WirelessCommon\;C:\Program Files (x86)\NVIDIA Corporation\PhysX\Common;C:\Program Files\Acer ProShield\;C:\Program Files\Acer ProShield\x86;C:\WINDOWS\system32;C:\WINDOWS;C:\WINDOWS\System32\Wbem;C:\WINDOWS\System32\WindowsPowerShell\v1.0\;C:\Program Files\Java\jdk1.8.0_144\bin;C:\Program Files\Java\jdk1.8.0_144\jre\bin;C:\Program Files\MySQL\MySQL Server 5.7\bin;C:\Program Files\Git\cmd;C:\Program Files\Git LFS;C:\Users\zll\AppData\Local\Microsoft\WindowsApps;.
八月 14, 2017 11:32:33 上午 org.apache.coyote.http11.Http11Protocol init
信息: Initializing Coyote HTTP/1.1 on http-8080
八月 14, 2017 11:32:33 上午 org.apache.catalina.startup.Catalina load
信息: Initialization processed in 379 ms
八月 14, 2017 11:32:33 上午 org.apache.catalina.core.StandardService start
信息: Starting service Catalina
八月 14, 2017 11:32:33 上午 org.apache.catalina.core.StandardEngine start
信息: Starting Servlet Engine: Apache Tomcat/6.0.29
八月 14, 2017 11:32:33 上午 org.apache.catalina.startup.HostConfig deployDescriptor
信息: Deploying configuration descriptor pentaho.xml
八月 14, 2017 11:32:34 上午 org.apache.catalina.startup.ContextConfig validateSecurityRoles
信息: WARNING: Security role name PENTAHO_ADMIN used in an <auth-constraint> without being defined in a <security-role>
八月 14, 2017 11:32:47 上午 org.apache.catalina.startup.HostConfig deployDirectory
信息: Deploying web application directory pentaho-style
八月 14, 2017 11:32:47 上午 org.apache.catalina.startup.HostConfig deployDirectory
信息: Deploying web application directory ROOT
八月 14, 2017 11:32:47 上午 org.apache.catalina.startup.HostConfig deployDirectory
信息: Deploying web application directory sw-style
八月 14, 2017 11:32:47 上午 org.apache.coyote.http11.Http11Protocol start
信息: Starting Coyote HTTP/1.1 on http-8080
八月 14, 2017 11:32:47 上午 org.apache.jk.common.ChannelSocket init
信息: JK: ajp13 listening on /0.0.0.0:8009
八月 14, 2017 11:32:47 上午 org.apache.jk.server.JkMain start
信息: Jk running ID=0 time=0/29  config=null
八月 14, 2017 11:32:47 上午 org.apache.catalina.startup.Catalina start
信息: Server startup in 14039 ms
八月 14, 2017 2:38:46 下午 org.apache.catalina.core.AprLifecycleListener init
信息: The APR based Apache Tomcat Native library which allows optimal performance in production environments was not found on the java.library.path: C:\Program Files\Java\jdk1.8.0_144\bin;C:\WINDOWS\Sun\Java\bin;C:\WINDOWS\system32;C:\WINDOWS;C:\ProgramData\Oracle\Java\javapath;C:\Program Files (x86)\Intel\iCLS Client\;C:\Program Files\Intel\iCLS Client\;C:\Windows\system32;C:\Windows;C:\Windows\System32\Wbem;C:\Windows\System32\WindowsPowerShell\v1.0\;C:\Program Files (x86)\Intel\Intel(R) Management Engine Components\DAL;C:\Program Files\Intel\Intel(R) Management Engine Components\DAL;C:\Program Files (x86)\Intel\Intel(R) Management Engine Components\IPT;C:\Program Files\Intel\Intel(R) Management Engine Components\IPT;C:\Program Files\Intel\WiFi\bin\;C:\Program Files\Common Files\Intel\WirelessCommon\;C:\Program Files (x86)\NVIDIA Corporation\PhysX\Common;C:\Program Files\Acer ProShield\;C:\Program Files\Acer ProShield\x86;C:\WINDOWS\system32;C:\WINDOWS;C:\WINDOWS\System32\Wbem;C:\WINDOWS\System32\WindowsPowerShell\v1.0\;C:\Program Files\Java\jdk1.8.0_144\bin;C:\Program Files\Java\jdk1.8.0_144\jre\bin;C:\Program Files\MySQL\MySQL Server 5.7\bin;C:\Program Files\Git\cmd;C:\Program Files\Git LFS;C:\Users\zll\AppData\Local\Microsoft\WindowsApps;.
八月 14, 2017 2:38:46 下午 org.apache.coyote.http11.Http11Protocol init
信息: Initializing Coyote HTTP/1.1 on http-8080
八月 14, 2017 2:38:46 下午 org.apache.catalina.startup.Catalina load
信息: Initialization processed in 588 ms
八月 14, 2017 2:38:46 下午 org.apache.catalina.core.StandardService start
信息: Starting service Catalina
八月 14, 2017 2:38:46 下午 org.apache.catalina.core.StandardEngine start
信息: Starting Servlet Engine: Apache Tomcat/6.0.29
八月 14, 2017 2:38:46 下午 org.apache.catalina.startup.HostConfig deployDescriptor
信息: Deploying configuration descriptor pentaho.xml
八月 14, 2017 2:38:53 下午 org.apache.catalina.startup.ContextConfig validateSecurityRoles
信息: WARNING: Security role name PENTAHO_ADMIN used in an <auth-constraint> without being defined in a <security-role>
八月 14, 2017 2:39:11 下午 org.apache.catalina.startup.HostConfig deployDirectory
信息: Deploying web application directory pentaho-style
八月 14, 2017 2:39:11 下午 org.apache.catalina.startup.HostConfig deployDirectory
信息: Deploying web application directory ROOT
八月 14, 2017 2:39:11 下午 org.apache.catalina.startup.HostConfig deployDirectory
信息: Deploying web application directory sw-style
八月 14, 2017 2:39:11 下午 org.apache.coyote.http11.Http11Protocol start
信息: Starting Coyote HTTP/1.1 on http-8080
八月 14, 2017 2:39:11 下午 org.apache.jk.common.ChannelSocket init
信息: JK: ajp13 listening on /0.0.0.0:8009
八月 14, 2017 2:39:11 下午 org.apache.jk.server.JkMain start
信息: Jk running ID=0 time=0/17  config=null
八月 14, 2017 2:39:11 下午 org.apache.catalina.startup.Catalina start
信息: Server startup in 25155 ms
