六月 06, 2017 6:16:53 下午 org.apache.catalina.core.AprLifecycleListener init
信息: The APR based Apache Tomcat Native library which allows optimal performance in production environments was not found on the java.library.path: D:\JAVA\JDK\bin;C:\Windows\Sun\Java\bin;C:\Windows\system32;C:\Windows;D:\JAVA\JDK\bin;D:\JAVA\JDK\jre\bin;;C:\Windows\system32;C:\Windows;C:\Windows\system32\wbem;C:\Program Files (x86)\StormII\Codec;C:\Program Files (x86)\StormII;.
六月 06, 2017 6:16:55 下午 org.apache.coyote.http11.Http11Protocol init
信息: Initializing Coyote HTTP/1.1 on http-8080
六月 06, 2017 6:16:55 下午 org.apache.catalina.startup.Catalina load
信息: Initialization processed in 5656 ms
六月 06, 2017 6:16:55 下午 org.apache.catalina.core.StandardService start
信息: Starting service Catalina
六月 06, 2017 6:16:55 下午 org.apache.catalina.core.StandardEngine start
信息: Starting Servlet Engine: Apache Tomcat/6.0.29
六月 06, 2017 6:16:55 下午 org.apache.catalina.startup.HostConfig deployDescriptor
信息: Deploying configuration descriptor pentaho.xml
六月 06, 2017 6:17:01 下午 org.apache.catalina.startup.ContextConfig validateSecurityRoles
信息: WARNING: Security role name PENTAHO_ADMIN used in an <auth-constraint> without being defined in a <security-role>
六月 06, 2017 6:17:24 下午 com.sun.jersey.api.core.PackagesResourceConfig init
信息: Scanning for root resource and provider classes in the packages:
  org.saiku.web
六月 06, 2017 6:17:24 下午 com.sun.jersey.api.core.ScanningResourceConfig logClasses
信息: Root resource classes found:
  class org.saiku.web.rest.resources.FilterRepositoryResource
  class org.saiku.web.rest.resources.DataSourceResource
  class org.saiku.web.rest.resources.StatisticsResource
  class org.saiku.web.rest.resources.InfoResource
  class org.saiku.web.rest.resources.BasicRepositoryResource
  class org.saiku.web.rest.resources.SessionResource
  class org.saiku.web.rest.resources.BasicTagRepositoryResource
  class org.saiku.web.rest.resources.QueryResource
  class org.saiku.web.rest.resources.BasicRepositoryResource2
  class org.saiku.web.rest.resources.ExporterResource
  class org.saiku.web.rest.resources.OlapDiscoverResource
六月 06, 2017 6:17:24 下午 com.sun.jersey.api.core.ScanningResourceConfig init
信息: No provider classes found.
六月 06, 2017 6:17:24 下午 org.codehaus.enunciate.modules.jersey.EnunciateJerseyServletContainer configure
信息: org.codehaus.enunciate.modules.amf.JAXRSProvider not found.
六月 06, 2017 6:17:24 下午 com.sun.jersey.spi.spring.container.SpringComponentProviderFactory registerSpringBeans
信息: Registering Spring bean, datasourceResourceBean, of type org.saiku.web.rest.resources.DataSourceResource as a root resource class
六月 06, 2017 6:17:24 下午 com.sun.jersey.spi.spring.container.SpringComponentProviderFactory registerSpringBeans
信息: Registering Spring bean, olapDiscoverBean, of type org.saiku.web.rest.resources.OlapDiscoverResource as a root resource class
六月 06, 2017 6:17:24 下午 com.sun.jersey.spi.spring.container.SpringComponentProviderFactory registerSpringBeans
信息: Registering Spring bean, queryResource, of type org.saiku.web.rest.resources.QueryResource as a root resource class
六月 06, 2017 6:17:24 下午 com.sun.jersey.spi.spring.container.SpringComponentProviderFactory registerSpringBeans
信息: Registering Spring bean, sessionResource, of type org.saiku.web.rest.resources.SessionResource as a root resource class
六月 06, 2017 6:17:24 下午 com.sun.jersey.spi.spring.container.SpringComponentProviderFactory registerSpringBeans
信息: Registering Spring bean, repositoryBean, of type org.saiku.plugin.resources.PentahoRepositoryResource as a root resource class
六月 06, 2017 6:17:24 下午 com.sun.jersey.spi.spring.container.SpringComponentProviderFactory registerSpringBeans
信息: Registering Spring bean, repositoryBean2, of type org.saiku.plugin.resources.PentahoRepositoryResource2 as a root resource class
六月 06, 2017 6:17:24 下午 com.sun.jersey.spi.spring.container.SpringComponentProviderFactory registerSpringBeans
信息: Registering Spring bean, pluginResource, of type org.saiku.plugin.resources.PluginResource as a root resource class
六月 06, 2017 6:17:24 下午 com.sun.jersey.spi.spring.container.SpringComponentProviderFactory registerSpringBeans
信息: Registering Spring bean, exporterBean, of type org.saiku.web.rest.resources.ExporterResource as a root resource class
六月 06, 2017 6:17:24 下午 com.sun.jersey.server.impl.application.WebApplicationImpl _initiate
信息: Initiating Jersey application, version 'Jersey: 1.11 12/09/2011 10:27 AM'
六月 06, 2017 6:17:27 下午 org.apache.catalina.startup.HostConfig deployDirectory
信息: Deploying web application directory ChartBase
六月 06, 2017 6:17:28 下午 org.apache.catalina.startup.HostConfig deployDirectory
信息: Deploying web application directory pentaho-style
六月 06, 2017 6:17:28 下午 org.apache.catalina.startup.HostConfig deployDirectory
信息: Deploying web application directory ROOT
六月 06, 2017 6:17:28 下午 org.apache.catalina.startup.HostConfig deployDirectory
信息: Deploying web application directory sw-style
六月 06, 2017 6:17:28 下午 org.apache.coyote.http11.Http11Protocol start
信息: Starting Coyote HTTP/1.1 on http-8080
六月 06, 2017 6:17:28 下午 org.apache.jk.common.ChannelSocket init
信息: JK: ajp13 listening on /0.0.0.0:8009
六月 06, 2017 6:17:28 下午 org.apache.jk.server.JkMain start
信息: Jk running ID=0 time=0/55  config=null
六月 06, 2017 6:17:28 下午 org.apache.catalina.startup.Catalina start
信息: Server startup in 33810 ms
六月 06, 2017 6:27:38 下午 org.apache.coyote.http11.Http11Protocol pause
信息: Pausing Coyote HTTP/1.1 on http-8080
六月 06, 2017 6:27:39 下午 org.apache.catalina.core.StandardService stop
信息: Stopping service Catalina
六月 06, 2017 6:27:39 下午 org.apache.catalina.loader.WebappClassLoader clearReferencesJdbc
严重: The web application [/pentaho] registered the JBDC driver [com.mysql.jdbc.Driver] but failed to unregister it when the web application was stopped. To prevent a memory leak, the JDBC Driver has been forcibly unregistered.
六月 06, 2017 6:27:39 下午 org.apache.catalina.loader.WebappClassLoader clearReferencesJdbc
严重: The web application [/pentaho] registered the JBDC driver [mondrian.olap4j.MondrianOlap4jDriver] but failed to unregister it when the web application was stopped. To prevent a memory leak, the JDBC Driver has been forcibly unregistered.
六月 06, 2017 6:27:39 下午 org.apache.catalina.loader.WebappClassLoader clearReferencesThreads
严重: The web application [/pentaho] appears to have started a thread named [Timer-0] but has failed to stop it. This is very likely to create a memory leak.
六月 06, 2017 6:27:39 下午 org.apache.catalina.loader.WebappClassLoader clearReferencesThreads
严重: The web application [/pentaho] appears to have started a thread named [net.sf.ehcache.CacheManager@a2bc760] but has failed to stop it. This is very likely to create a memory leak.
六月 06, 2017 6:27:39 下午 org.apache.catalina.loader.WebappClassLoader clearReferencesThreads
严重: The web application [/pentaho] appears to have started a thread named [Store pentahoCache Spool Thread] but has failed to stop it. This is very likely to create a memory leak.
六月 06, 2017 6:27:39 下午 org.apache.catalina.loader.WebappClassLoader clearReferencesThreads
严重: The web application [/pentaho] appears to have started a thread named [Store pentaho-geo-countrycode3 Spool Thread] but has failed to stop it. This is very likely to create a memory leak.
六月 06, 2017 6:27:39 下午 org.apache.catalina.loader.WebappClassLoader clearReferencesThreads
严重: The web application [/pentaho] appears to have started a thread named [Store pentaho-geo-postalcode Spool Thread] but has failed to stop it. This is very likely to create a memory leak.
六月 06, 2017 6:27:39 下午 org.apache.catalina.loader.WebappClassLoader clearReferencesThreads
严重: The web application [/pentaho] appears to have started a thread named [Store pentaho-geo-countrysecondarysubdivision Spool Thread] but has failed to stop it. This is very likely to create a memory leak.
六月 06, 2017 6:27:39 下午 org.apache.catalina.loader.WebappClassLoader clearReferencesThreads
严重: The web application [/pentaho] appears to have started a thread named [Store pentaho-geo-country Spool Thread] but has failed to stop it. This is very likely to create a memory leak.
六月 06, 2017 6:27:39 下午 org.apache.catalina.loader.WebappClassLoader clearReferencesThreads
严重: The web application [/pentaho] appears to have started a thread named [Store libloader-data Spool Thread] but has failed to stop it. This is very likely to create a memory leak.
六月 06, 2017 6:27:39 下午 org.apache.catalina.loader.WebappClassLoader clearReferencesThreads
严重: The web application [/pentaho] appears to have started a thread named [Store org.pentaho.platform.repository.solution.dbbased.RepositoryFile.childrenFiles Spool Thread] but has failed to stop it. This is very likely to create a memory leak.
六月 06, 2017 6:27:39 下午 org.apache.catalina.loader.WebappClassLoader clearReferencesThreads
严重: The web application [/pentaho] appears to have started a thread named [Store pentaho-geo-countrycode Spool Thread] but has failed to stop it. This is very likely to create a memory leak.
六月 06, 2017 6:27:39 下午 org.apache.catalina.loader.WebappClassLoader clearReferencesThreads
严重: The web application [/pentaho] appears to have started a thread named [Store org.pentaho.platform.repository.solution.dbbased.RepositoryFile Spool Thread] but has failed to stop it. This is very likely to create a memory leak.
六月 06, 2017 6:27:39 下午 org.apache.catalina.loader.WebappClassLoader clearReferencesThreads
严重: The web application [/pentaho] appears to have started a thread named [Store mondrian-catalog-cache Spool Thread] but has failed to stop it. This is very likely to create a memory leak.
六月 06, 2017 6:27:39 下午 org.apache.catalina.loader.WebappClassLoader clearReferencesThreads
严重: The web application [/pentaho] appears to have started a thread named [Store pentaho-geo-countrysubdivisioncode Spool Thread] but has failed to stop it. This is very likely to create a memory leak.
六月 06, 2017 6:27:39 下午 org.apache.catalina.loader.WebappClassLoader clearReferencesThreads
严重: The web application [/pentaho] appears to have started a thread named [Store pentaho-geo-countrysubdivision Spool Thread] but has failed to stop it. This is very likely to create a memory leak.
六月 06, 2017 6:27:39 下午 org.apache.catalina.loader.WebappClassLoader clearReferencesThreads
严重: The web application [/pentaho] appears to have started a thread named [Store pentaho-geo-municipality Spool Thread] but has failed to stop it. This is very likely to create a memory leak.
六月 06, 2017 6:27:39 下午 org.apache.catalina.loader.WebappClassLoader clearReferencesThreads
严重: The web application [/pentaho] appears to have started a thread named [Store org.pentaho.platform.repository.solution.dbbased.RepositoryFile.accessControls Spool Thread] but has failed to stop it. This is very likely to create a memory leak.
六月 06, 2017 6:27:39 下午 org.apache.catalina.loader.WebappClassLoader clearReferencesThreads
严重: The web application [/pentaho] appears to have started a thread named [net.sf.ehcache.CacheManager@71c81285] but has failed to stop it. This is very likely to create a memory leak.
六月 06, 2017 6:27:39 下午 org.apache.catalina.loader.WebappClassLoader clearReferencesThreads
严重: The web application [/pentaho] appears to have started a thread named [Store pentahoCache Spool Thread] but has failed to stop it. This is very likely to create a memory leak.
六月 06, 2017 6:27:39 下午 org.apache.catalina.loader.WebappClassLoader clearReferencesThreads
严重: The web application [/pentaho] appears to have started a thread named [Store org.pentaho.platform.repository.solution.dbbased.RepositoryFile.accessControls Spool Thread] but has failed to stop it. This is very likely to create a memory leak.
六月 06, 2017 6:27:39 下午 org.apache.catalina.loader.WebappClassLoader clearReferencesThreads
严重: The web application [/pentaho] appears to have started a thread named [Store org.pentaho.platform.repository.solution.dbbased.RepositoryFile.childrenFiles Spool Thread] but has failed to stop it. This is very likely to create a memory leak.
六月 06, 2017 6:27:39 下午 org.apache.catalina.loader.WebappClassLoader clearReferencesThreads
严重: The web application [/pentaho] appears to have started a thread named [Store pentaho-geo-postalcode Spool Thread] but has failed to stop it. This is very likely to create a memory leak.
六月 06, 2017 6:27:39 下午 org.apache.catalina.loader.WebappClassLoader clearReferencesThreads
严重: The web application [/pentaho] appears to have started a thread named [Store org.pentaho.platform.repository.solution.dbbased.RepositoryFile Spool Thread] but has failed to stop it. This is very likely to create a memory leak.
六月 06, 2017 6:27:39 下午 org.apache.catalina.loader.WebappClassLoader clearReferencesThreads
严重: The web application [/pentaho] appears to have started a thread named [Store pentaho-geo-countrysubdivision Spool Thread] but has failed to stop it. This is very likely to create a memory leak.
六月 06, 2017 6:27:39 下午 org.apache.catalina.loader.WebappClassLoader clearReferencesThreads
严重: The web application [/pentaho] appears to have started a thread named [Store mondrian-catalog-cache Spool Thread] but has failed to stop it. This is very likely to create a memory leak.
六月 06, 2017 6:27:40 下午 org.apache.catalina.loader.WebappClassLoader clearReferencesThreads
严重: The web application [/pentaho] appears to have started a thread named [Store pentaho-geo-country Spool Thread] but has failed to stop it. This is very likely to create a memory leak.
六月 06, 2017 6:27:40 下午 org.apache.catalina.loader.WebappClassLoader clearReferencesThreads
严重: The web application [/pentaho] appears to have started a thread named [Store pentaho-geo-municipality Spool Thread] but has failed to stop it. This is very likely to create a memory leak.
六月 06, 2017 6:27:40 下午 org.apache.catalina.loader.WebappClassLoader clearReferencesThreads
严重: The web application [/pentaho] appears to have started a thread named [Store pentaho-geo-countrysecondarysubdivision Spool Thread] but has failed to stop it. This is very likely to create a memory leak.
六月 06, 2017 6:27:40 下午 org.apache.catalina.loader.WebappClassLoader clearReferencesThreads
严重: The web application [/pentaho] appears to have started a thread named [Store pentaho-geo-countrysubdivisioncode Spool Thread] but has failed to stop it. This is very likely to create a memory leak.
六月 06, 2017 6:27:40 下午 org.apache.catalina.loader.WebappClassLoader clearReferencesThreads
严重: The web application [/pentaho] appears to have started a thread named [Store libloader-data Spool Thread] but has failed to stop it. This is very likely to create a memory leak.
六月 06, 2017 6:27:40 下午 org.apache.catalina.loader.WebappClassLoader clearReferencesThreads
严重: The web application [/pentaho] appears to have started a thread named [Store pentaho-geo-countrycode3 Spool Thread] but has failed to stop it. This is very likely to create a memory leak.
六月 06, 2017 6:27:40 下午 org.apache.catalina.loader.WebappClassLoader clearReferencesThreads
严重: The web application [/pentaho] appears to have started a thread named [Store pentaho-geo-countrycode Spool Thread] but has failed to stop it. This is very likely to create a memory leak.
六月 06, 2017 6:27:40 下午 org.apache.catalina.loader.WebappClassLoader clearReferencesThreads
严重: The web application [/pentaho] appears to have started a thread named [net.sf.ehcache.CacheManager@35fe55e8] but has failed to stop it. This is very likely to create a memory leak.
六月 06, 2017 6:27:40 下午 org.apache.catalina.loader.WebappClassLoader clearReferencesThreads
严重: The web application [/pentaho] appears to have started a thread named [Store pentaho-geo-countrysubdivision Spool Thread] but has failed to stop it. This is very likely to create a memory leak.
六月 06, 2017 6:27:40 下午 org.apache.catalina.loader.WebappClassLoader clearReferencesThreads
严重: The web application [/pentaho] appears to have started a thread named [Store pentaho-geo-countrycode3 Spool Thread] but has failed to stop it. This is very likely to create a memory leak.
六月 06, 2017 6:27:40 下午 org.apache.catalina.loader.WebappClassLoader clearReferencesThreads
严重: The web application [/pentaho] appears to have started a thread named [Store pentaho-geo-countrysecondarysubdivision Spool Thread] but has failed to stop it. This is very likely to create a memory leak.
六月 06, 2017 6:27:40 下午 org.apache.catalina.loader.WebappClassLoader clearReferencesThreads
严重: The web application [/pentaho] appears to have started a thread named [Store pentahoCache Spool Thread] but has failed to stop it. This is very likely to create a memory leak.
六月 06, 2017 6:27:40 下午 org.apache.catalina.loader.WebappClassLoader clearReferencesThreads
严重: The web application [/pentaho] appears to have started a thread named [Store pentaho-geo-country Spool Thread] but has failed to stop it. This is very likely to create a memory leak.
六月 06, 2017 6:27:40 下午 org.apache.catalina.loader.WebappClassLoader clearReferencesThreads
严重: The web application [/pentaho] appears to have started a thread named [Store pentaho-geo-postalcode Spool Thread] but has failed to stop it. This is very likely to create a memory leak.
六月 06, 2017 6:27:40 下午 org.apache.catalina.loader.WebappClassLoader clearReferencesThreads
严重: The web application [/pentaho] appears to have started a thread named [Store pentaho-geo-municipality Spool Thread] but has failed to stop it. This is very likely to create a memory leak.
六月 06, 2017 6:27:40 下午 org.apache.catalina.loader.WebappClassLoader clearReferencesThreads
严重: The web application [/pentaho] appears to have started a thread named [Store org.pentaho.platform.repository.solution.dbbased.RepositoryFile.accessControls Spool Thread] but has failed to stop it. This is very likely to create a memory leak.
六月 06, 2017 6:27:40 下午 org.apache.catalina.loader.WebappClassLoader clearReferencesThreads
严重: The web application [/pentaho] appears to have started a thread named [Store pentaho-geo-countrysubdivisioncode Spool Thread] but has failed to stop it. This is very likely to create a memory leak.
六月 06, 2017 6:27:40 下午 org.apache.catalina.loader.WebappClassLoader clearReferencesThreads
严重: The web application [/pentaho] appears to have started a thread named [Store mondrian-catalog-cache Spool Thread] but has failed to stop it. This is very likely to create a memory leak.
六月 06, 2017 6:27:40 下午 org.apache.catalina.loader.WebappClassLoader clearReferencesThreads
严重: The web application [/pentaho] appears to have started a thread named [Store pentaho-geo-countrycode Spool Thread] but has failed to stop it. This is very likely to create a memory leak.
六月 06, 2017 6:27:40 下午 org.apache.catalina.loader.WebappClassLoader clearReferencesThreads
严重: The web application [/pentaho] appears to have started a thread named [Store libloader-data Spool Thread] but has failed to stop it. This is very likely to create a memory leak.
六月 06, 2017 6:27:40 下午 org.apache.catalina.loader.WebappClassLoader clearReferencesThreads
严重: The web application [/pentaho] appears to have started a thread named [Store org.pentaho.platform.repository.solution.dbbased.RepositoryFile Spool Thread] but has failed to stop it. This is very likely to create a memory leak.
六月 06, 2017 6:27:40 下午 org.apache.catalina.loader.WebappClassLoader clearReferencesThreads
严重: The web application [/pentaho] appears to have started a thread named [Store org.pentaho.platform.repository.solution.dbbased.RepositoryFile.childrenFiles Spool Thread] but has failed to stop it. This is very likely to create a memory leak.
六月 06, 2017 6:27:40 下午 org.apache.catalina.loader.WebappClassLoader clearReferencesThreads
严重: The web application [/pentaho] appears to have started a thread named [Telemetry Event Sender Thread] but has failed to stop it. This is very likely to create a memory leak.
六月 06, 2017 6:27:40 下午 org.apache.catalina.loader.WebappClassLoader clearReferencesThreads
严重: The web application [/pentaho] appears to have started a thread named [Telemetry Event keeper Thread] but has failed to stop it. This is very likely to create a memory leak.
六月 06, 2017 6:27:40 下午 org.apache.catalina.loader.WebappClassLoader clearReferencesThreads
严重: The web application [/pentaho] appears to have started a thread named [net.sf.ehcache.CacheManager@5f1de9d0] but has failed to stop it. This is very likely to create a memory leak.
六月 06, 2017 6:27:40 下午 org.apache.catalina.loader.WebappClassLoader clearReferencesThreads
严重: The web application [/pentaho] appears to have started a thread named [Store org.pentaho.platform.repository.solution.dbbased.RepositoryFile.childrenFiles Spool Thread] but has failed to stop it. This is very likely to create a memory leak.
六月 06, 2017 6:27:40 下午 org.apache.catalina.loader.WebappClassLoader clearReferencesThreads
严重: The web application [/pentaho] appears to have started a thread named [Store libloader-data Spool Thread] but has failed to stop it. This is very likely to create a memory leak.
六月 06, 2017 6:27:40 下午 org.apache.catalina.loader.WebappClassLoader clearReferencesThreads
严重: The web application [/pentaho] appears to have started a thread named [Store pentaho-geo-countrycode Spool Thread] but has failed to stop it. This is very likely to create a memory leak.
六月 06, 2017 6:27:40 下午 org.apache.catalina.loader.WebappClassLoader clearReferencesThreads
严重: The web application [/pentaho] appears to have started a thread named [Store pentaho-geo-country Spool Thread] but has failed to stop it. This is very likely to create a memory leak.
六月 06, 2017 6:27:40 下午 org.apache.catalina.loader.WebappClassLoader clearReferencesThreads
严重: The web application [/pentaho] appears to have started a thread named [Store org.pentaho.platform.repository.solution.dbbased.RepositoryFile.accessControls Spool Thread] but has failed to stop it. This is very likely to create a memory leak.
六月 06, 2017 6:27:40 下午 org.apache.catalina.loader.WebappClassLoader clearReferencesThreads
严重: The web application [/pentaho] appears to have started a thread named [Store pentahoCache Spool Thread] but has failed to stop it. This is very likely to create a memory leak.
六月 06, 2017 6:27:40 下午 org.apache.catalina.loader.WebappClassLoader clearReferencesThreads
严重: The web application [/pentaho] appears to have started a thread named [Store mondrian-catalog-cache Spool Thread] but has failed to stop it. This is very likely to create a memory leak.
六月 06, 2017 6:27:40 下午 org.apache.catalina.loader.WebappClassLoader clearReferencesThreads
严重: The web application [/pentaho] appears to have started a thread named [Store pentaho-geo-countrysecondarysubdivision Spool Thread] but has failed to stop it. This is very likely to create a memory leak.
六月 06, 2017 6:27:40 下午 org.apache.catalina.loader.WebappClassLoader clearReferencesThreads
严重: The web application [/pentaho] appears to have started a thread named [Store pentaho-geo-municipality Spool Thread] but has failed to stop it. This is very likely to create a memory leak.
六月 06, 2017 6:27:40 下午 org.apache.catalina.loader.WebappClassLoader clearReferencesThreads
严重: The web application [/pentaho] appears to have started a thread named [Store org.pentaho.platform.repository.solution.dbbased.RepositoryFile Spool Thread] but has failed to stop it. This is very likely to create a memory leak.
六月 06, 2017 6:27:40 下午 org.apache.catalina.loader.WebappClassLoader clearReferencesThreads
严重: The web application [/pentaho] appears to have started a thread named [Store pentaho-geo-countrysubdivision Spool Thread] but has failed to stop it. This is very likely to create a memory leak.
六月 06, 2017 6:27:40 下午 org.apache.catalina.loader.WebappClassLoader clearReferencesThreads
严重: The web application [/pentaho] appears to have started a thread named [Store pentaho-geo-countrycode3 Spool Thread] but has failed to stop it. This is very likely to create a memory leak.
六月 06, 2017 6:27:40 下午 org.apache.catalina.loader.WebappClassLoader clearReferencesThreads
严重: The web application [/pentaho] appears to have started a thread named [Store pentaho-geo-postalcode Spool Thread] but has failed to stop it. This is very likely to create a memory leak.
六月 06, 2017 6:27:40 下午 org.apache.catalina.loader.WebappClassLoader clearReferencesThreads
严重: The web application [/pentaho] appears to have started a thread named [Store pentaho-geo-countrysubdivisioncode Spool Thread] but has failed to stop it. This is very likely to create a memory leak.
六月 06, 2017 6:27:40 下午 org.apache.catalina.loader.WebappClassLoader clearThreadLocalMap
严重: The web application [/pentaho] created a ThreadLocal with key of type [null] (value [org.pentaho.platform.plugin.services.pluginmgr.PluginMessageLogger$1@18598e65]) and a value of type [java.util.ArrayList] (value [[Discovered plugin anychart analytics in anychart, Menu addition: new-anychart - New Dashboard, This plugin provides: 1 menu customizations, 0 content types, 0 content generators, 2 overlays, and 0 lifecycle listeners, Discovered plugin cda in cda, Menu addition: cda_refresh - CDA Cache, Menu addition: cda_cacheman - CDA Cache Manager, Content type registered: cda - Data Access, This plugin provides: 2 menu customizations, 1 content types, 1 content generators, 0 overlays, and 1 lifecycle listeners, Discovered plugin cgg in cgg, This plugin provides: 0 menu customizations, 0 content types, 1 content generators, 0 overlays, and 0 lifecycle listeners, Discovered plugin common-ui in common-ui, This plugin provides: 0 menu customizations, 0 content types, 2 content generators, 0 overlays, and 0 lifecycle listeners, Discovered plugin data-access in data-access, This plugin provides: 0 menu customizations, 0 content types, 0 content generators, 0 overlays, and 0 lifecycle listeners, Discovered plugin BI Server default plugin in default-plugin, This plugin provides: 0 menu customizations, 0 content types, 3 content generators, 0 overlays, and 0 lifecycle listeners, Discovered plugin marketplace in marketplace, Menu addition: cda_refresh - Marketplace, This plugin provides: 1 menu customizations, 0 content types, 1 content generators, 1 overlays, and 1 lifecycle listeners, Discovered plugin pentaho-cdf in pentaho-cdf, Content type registered: xcdf - Dashboard, This plugin provides: 0 menu customizations, 1 content types, 1 content generators, 0 overlays, and 1 lifecycle listeners, Discovered plugin pentaho-cdf-dd in pentaho-cdf-dd, Menu addition: wcdf - CDE Dashboard, Content type registered: wcdf - Dashboard Designer, This plugin provides: 1 menu customizations, 1 content types, 1 content generators, 2 overlays, and 1 lifecycle listeners, Discovered plugin reporting in reporting, Content type registered: prpt - Pentaho Report, This plugin provides: 0 menu customizations, 1 content types, 1 content generators, 0 overlays, and 1 lifecycle listeners, Discovered plugin saiku in saiku, Menu addition: new-saiku - Saiku Analytics, Content type registered: saiku - Saiku Analytics, This plugin provides: 1 menu customizations, 1 content types, 1 content generators, 2 overlays, and 1 lifecycle listeners, Plugin anychart analytics has registered successfully, Content generator registered: cda for plugin cda, Plugin cda has registered successfully, Content generator registered: cgg for plugin cgg, Plugin cgg has registered successfully, Content generator registered: reposvc for plugin common-ui, Content generator registered: MetadataModelsSvc for plugin common-ui, Plugin common-ui has registered successfully, Plugin data-access has registered successfully, Content generator registered: ws-services for plugin BI Server default plugin, Content generator registered: ws-run for plugin BI Server default plugin, Content generator registered: ws-wsdl for plugin BI Server default plugin, Plugin BI Server default plugin has registered successfully, Content generator registered: marketplace for plugin marketplace, Plugin marketplace has registered successfully, Content generator registered: pentaho-cdf for plugin pentaho-cdf, Plugin pentaho-cdf has registered successfully, Content generator registered: pentaho-cdf-dd for plugin pentaho-cdf-dd, Plugin pentaho-cdf-dd has registered successfully, Content generator registered: reporting for plugin reporting, Plugin reporting has registered successfully, Content generator registered: saiku for plugin saiku, Plugin saiku has registered successfully]]) but failed to remove it when the web application was stopped. This is very likely to create a memory leak.
六月 06, 2017 6:27:40 下午 org.apache.catalina.loader.WebappClassLoader clearThreadLocalMap
严重: The web application [/pentaho] created a ThreadLocal with key of type [java.lang.ThreadLocal] (value [java.lang.ThreadLocal@1f939560]) and a value of type [org.pentaho.platform.engine.core.system.StandaloneSession] (value [org.pentaho.platform.engine.core.system.StandaloneSession@7569290b]) but failed to remove it when the web application was stopped. This is very likely to create a memory leak.
六月 06, 2017 6:27:40 下午 org.apache.catalina.loader.WebappClassLoader clearThreadLocalMap
严重: The web application [/pentaho] created a ThreadLocal with key of type [java.lang.ThreadLocal] (value [java.lang.ThreadLocal@1233e1d2]) and a value of type [org.hibernate.impl.SessionImpl] (value [SessionImpl(<closed>)]) but failed to remove it when the web application was stopped. This is very likely to create a memory leak.
六月 06, 2017 6:27:40 下午 org.apache.catalina.loader.WebappClassLoader clearThreadLocalMap
严重: The web application [/pentaho] created a ThreadLocal with key of type [java.lang.ThreadLocal] (value [java.lang.ThreadLocal@c2eab54]) and a value of type [org.pentaho.platform.engine.security.session.TrustedSystemStartupSession] (value [org.pentaho.platform.engine.security.session.TrustedSystemStartupSession@77cfe8fe]) but failed to remove it when the web application was stopped. This is very likely to create a memory leak.
六月 06, 2017 6:27:40 下午 org.apache.catalina.loader.WebappClassLoader clearThreadLocalMap
严重: The web application [/pentaho] created a ThreadLocal with key of type [java.lang.ThreadLocal] (value [java.lang.ThreadLocal@4928b21]) and a value of type [org.hibernate.impl.SessionImpl] (value [SessionImpl(PersistenceContext[entityKeys=[EntityKey[org.pentaho.platform.repository.solution.dbbased.RepositoryFile#41408d86-3878-11e7-8631-69f5473a2c38]],collectionKeys=[CollectionKey[org.pentaho.platform.repository.solution.dbbased.RepositoryFile.accessControls#41408d86-3878-11e7-8631-69f5473a2c38], CollectionKey[org.pentaho.platform.repository.solution.dbbased.RepositoryFile.childrenFiles#41408d86-3878-11e7-8631-69f5473a2c38]]];ActionQueue[insertions=[] updates=[] deletions=[] collectionCreations=[] collectionRemovals=[] collectionUpdates=[]])]) but failed to remove it when the web application was stopped. This is very likely to create a memory leak.
六月 06, 2017 6:27:40 下午 org.apache.catalina.loader.WebappClassLoader clearThreadLocalMap
严重: The web application [/pentaho] created a ThreadLocal with key of type [java.lang.ThreadLocal] (value [java.lang.ThreadLocal@1351b7e]) and a value of type [org.pentaho.platform.repository.solution.dbbased.DbBasedSolutionRepository] (value [org.pentaho.platform.repository.solution.dbbased.DbBasedSolutionRepository@33d0286]) but failed to remove it when the web application was stopped. This is very likely to create a memory leak.
六月 06, 2017 6:27:40 下午 org.apache.catalina.loader.WebappClassLoader clearThreadLocalMap
严重: The web application [/pentaho] created a ThreadLocal with key of type [java.lang.InheritableThreadLocal] (value [java.lang.InheritableThreadLocal@459fedd0]) and a value of type [org.pentaho.platform.engine.security.session.TrustedSystemStartupSession] (value [org.pentaho.platform.engine.security.session.TrustedSystemStartupSession@24f87069]) but failed to remove it when the web application was stopped. This is very likely to create a memory leak.
六月 06, 2017 6:27:40 下午 org.apache.catalina.loader.WebappClassLoader clearThreadLocalMap
严重: The web application [/pentaho] created a ThreadLocal with key of type [java.lang.InheritableThreadLocal] (value [java.lang.InheritableThreadLocal@459fedd0]) and a value of type [org.pentaho.platform.engine.security.session.TrustedSystemStartupSession] (value [org.pentaho.platform.engine.security.session.TrustedSystemStartupSession@24f87069]) but failed to remove it when the web application was stopped. This is very likely to create a memory leak.
六月 06, 2017 6:27:40 下午 org.apache.catalina.loader.WebappClassLoader clearThreadLocalMap
严重: The web application [/pentaho] created a ThreadLocal with key of type [java.lang.InheritableThreadLocal] (value [java.lang.InheritableThreadLocal@459fedd0]) and a value of type [org.pentaho.platform.engine.security.session.TrustedSystemStartupSession] (value [org.pentaho.platform.engine.security.session.TrustedSystemStartupSession@24f87069]) but failed to remove it when the web application was stopped. This is very likely to create a memory leak.
六月 06, 2017 6:27:40 下午 org.apache.catalina.loader.WebappClassLoader clearThreadLocalMap
严重: The web application [/pentaho] created a ThreadLocal with key of type [java.lang.InheritableThreadLocal] (value [java.lang.InheritableThreadLocal@459fedd0]) and a value of type [org.pentaho.platform.engine.security.session.TrustedSystemStartupSession] (value [org.pentaho.platform.engine.security.session.TrustedSystemStartupSession@24f87069]) but failed to remove it when the web application was stopped. This is very likely to create a memory leak.
六月 06, 2017 6:27:40 下午 org.apache.catalina.loader.WebappClassLoader clearThreadLocalMap
严重: The web application [/pentaho] created a ThreadLocal with key of type [java.lang.InheritableThreadLocal] (value [java.lang.InheritableThreadLocal@459fedd0]) and a value of type [org.pentaho.platform.engine.security.session.TrustedSystemStartupSession] (value [org.pentaho.platform.engine.security.session.TrustedSystemStartupSession@24f87069]) but failed to remove it when the web application was stopped. This is very likely to create a memory leak.
六月 06, 2017 6:27:40 下午 org.apache.catalina.loader.WebappClassLoader clearThreadLocalMap
严重: The web application [/pentaho] created a ThreadLocal with key of type [java.lang.InheritableThreadLocal] (value [java.lang.InheritableThreadLocal@459fedd0]) and a value of type [org.pentaho.platform.engine.security.session.TrustedSystemStartupSession] (value [org.pentaho.platform.engine.security.session.TrustedSystemStartupSession@24f87069]) but failed to remove it when the web application was stopped. This is very likely to create a memory leak.
六月 06, 2017 6:27:40 下午 org.apache.catalina.loader.WebappClassLoader clearThreadLocalMap
严重: The web application [/pentaho] created a ThreadLocal with key of type [java.lang.InheritableThreadLocal] (value [java.lang.InheritableThreadLocal@459fedd0]) and a value of type [org.pentaho.platform.engine.security.session.TrustedSystemStartupSession] (value [org.pentaho.platform.engine.security.session.TrustedSystemStartupSession@24f87069]) but failed to remove it when the web application was stopped. This is very likely to create a memory leak.
六月 06, 2017 6:27:40 下午 org.apache.catalina.loader.WebappClassLoader clearThreadLocalMap
严重: The web application [/pentaho] created a ThreadLocal with key of type [java.lang.InheritableThreadLocal] (value [java.lang.InheritableThreadLocal@459fedd0]) and a value of type [org.pentaho.platform.engine.security.session.TrustedSystemStartupSession] (value [org.pentaho.platform.engine.security.session.TrustedSystemStartupSession@24f87069]) but failed to remove it when the web application was stopped. This is very likely to create a memory leak.
六月 06, 2017 6:27:40 下午 org.apache.catalina.loader.WebappClassLoader clearThreadLocalMap
严重: The web application [/pentaho] created a ThreadLocal with key of type [java.lang.InheritableThreadLocal] (value [java.lang.InheritableThreadLocal@459fedd0]) and a value of type [org.pentaho.platform.engine.security.session.TrustedSystemStartupSession] (value [org.pentaho.platform.engine.security.session.TrustedSystemStartupSession@24f87069]) but failed to remove it when the web application was stopped. This is very likely to create a memory leak.
六月 06, 2017 6:27:40 下午 org.apache.catalina.loader.WebappClassLoader clearThreadLocalMap
严重: The web application [/pentaho] created a ThreadLocal with key of type [java.lang.InheritableThreadLocal] (value [java.lang.InheritableThreadLocal@459fedd0]) and a value of type [org.pentaho.platform.engine.security.session.TrustedSystemStartupSession] (value [org.pentaho.platform.engine.security.session.TrustedSystemStartupSession@24f87069]) but failed to remove it when the web application was stopped. This is very likely to create a memory leak.
六月 06, 2017 6:27:40 下午 org.apache.catalina.loader.WebappClassLoader clearThreadLocalMap
严重: The web application [/pentaho] created a ThreadLocal with key of type [java.lang.InheritableThreadLocal] (value [java.lang.InheritableThreadLocal@459fedd0]) and a value of type [org.pentaho.platform.engine.security.session.TrustedSystemStartupSession] (value [org.pentaho.platform.engine.security.session.TrustedSystemStartupSession@24f87069]) but failed to remove it when the web application was stopped. This is very likely to create a memory leak.
六月 06, 2017 6:27:40 下午 org.apache.catalina.loader.WebappClassLoader clearThreadLocalMap
严重: The web application [/pentaho] created a ThreadLocal with key of type [java.lang.InheritableThreadLocal] (value [java.lang.InheritableThreadLocal@459fedd0]) and a value of type [org.pentaho.platform.engine.security.session.TrustedSystemStartupSession] (value [org.pentaho.platform.engine.security.session.TrustedSystemStartupSession@24f87069]) but failed to remove it when the web application was stopped. This is very likely to create a memory leak.
六月 06, 2017 6:27:40 下午 org.apache.catalina.loader.WebappClassLoader clearThreadLocalMap
严重: The web application [/pentaho] created a ThreadLocal with key of type [java.lang.InheritableThreadLocal] (value [java.lang.InheritableThreadLocal@459fedd0]) and a value of type [org.pentaho.platform.engine.security.session.TrustedSystemStartupSession] (value [org.pentaho.platform.engine.security.session.TrustedSystemStartupSession@24f87069]) but failed to remove it when the web application was stopped. This is very likely to create a memory leak.
六月 06, 2017 6:27:40 下午 org.apache.catalina.loader.WebappClassLoader clearThreadLocalMap
严重: The web application [/pentaho] created a ThreadLocal with key of type [java.lang.InheritableThreadLocal] (value [java.lang.InheritableThreadLocal@459fedd0]) and a value of type [org.pentaho.platform.engine.security.session.TrustedSystemStartupSession] (value [org.pentaho.platform.engine.security.session.TrustedSystemStartupSession@24f87069]) but failed to remove it when the web application was stopped. This is very likely to create a memory leak.
六月 06, 2017 6:27:40 下午 org.apache.catalina.loader.WebappClassLoader clearThreadLocalMap
严重: The web application [/pentaho] created a ThreadLocal with key of type [java.lang.InheritableThreadLocal] (value [java.lang.InheritableThreadLocal@459fedd0]) and a value of type [org.pentaho.platform.engine.security.session.TrustedSystemStartupSession] (value [org.pentaho.platform.engine.security.session.TrustedSystemStartupSession@24f87069]) but failed to remove it when the web application was stopped. This is very likely to create a memory leak.
六月 06, 2017 6:27:40 下午 org.apache.catalina.loader.WebappClassLoader clearThreadLocalMap
严重: The web application [/pentaho] created a ThreadLocal with key of type [java.lang.InheritableThreadLocal] (value [java.lang.InheritableThreadLocal@459fedd0]) and a value of type [org.pentaho.platform.engine.security.session.TrustedSystemStartupSession] (value [org.pentaho.platform.engine.security.session.TrustedSystemStartupSession@24f87069]) but failed to remove it when the web application was stopped. This is very likely to create a memory leak.
六月 06, 2017 6:27:40 下午 org.apache.catalina.loader.WebappClassLoader clearThreadLocalMap
严重: The web application [/pentaho] created a ThreadLocal with key of type [java.lang.InheritableThreadLocal] (value [java.lang.InheritableThreadLocal@459fedd0]) and a value of type [org.pentaho.platform.engine.security.session.TrustedSystemStartupSession] (value [org.pentaho.platform.engine.security.session.TrustedSystemStartupSession@24f87069]) but failed to remove it when the web application was stopped. This is very likely to create a memory leak.
六月 06, 2017 6:27:40 下午 org.apache.catalina.loader.WebappClassLoader clearThreadLocalMap
严重: The web application [/pentaho] created a ThreadLocal with key of type [java.lang.InheritableThreadLocal] (value [java.lang.InheritableThreadLocal@459fedd0]) and a value of type [org.pentaho.platform.engine.security.session.TrustedSystemStartupSession] (value [org.pentaho.platform.engine.security.session.TrustedSystemStartupSession@24f87069]) but failed to remove it when the web application was stopped. This is very likely to create a memory leak.
六月 06, 2017 6:27:40 下午 org.apache.catalina.loader.WebappClassLoader clearThreadLocalMap
严重: The web application [/pentaho] created a ThreadLocal with key of type [java.lang.InheritableThreadLocal] (value [java.lang.InheritableThreadLocal@459fedd0]) and a value of type [org.pentaho.platform.engine.security.session.TrustedSystemStartupSession] (value [org.pentaho.platform.engine.security.session.TrustedSystemStartupSession@24f87069]) but failed to remove it when the web application was stopped. This is very likely to create a memory leak.
六月 06, 2017 6:27:40 下午 org.apache.catalina.loader.WebappClassLoader clearThreadLocalMap
严重: The web application [/pentaho] created a ThreadLocal with key of type [java.lang.InheritableThreadLocal] (value [java.lang.InheritableThreadLocal@459fedd0]) and a value of type [org.pentaho.platform.engine.security.session.TrustedSystemStartupSession] (value [org.pentaho.platform.engine.security.session.TrustedSystemStartupSession@24f87069]) but failed to remove it when the web application was stopped. This is very likely to create a memory leak.
六月 06, 2017 6:27:40 下午 org.apache.catalina.loader.WebappClassLoader clearThreadLocalMap
严重: The web application [/pentaho] created a ThreadLocal with key of type [java.lang.InheritableThreadLocal] (value [java.lang.InheritableThreadLocal@459fedd0]) and a value of type [org.pentaho.platform.engine.security.session.TrustedSystemStartupSession] (value [org.pentaho.platform.engine.security.session.TrustedSystemStartupSession@24f87069]) but failed to remove it when the web application was stopped. This is very likely to create a memory leak.
六月 06, 2017 6:27:40 下午 org.apache.catalina.loader.WebappClassLoader clearThreadLocalMap
严重: The web application [/pentaho] created a ThreadLocal with key of type [java.lang.InheritableThreadLocal] (value [java.lang.InheritableThreadLocal@459fedd0]) and a value of type [org.pentaho.platform.engine.security.session.TrustedSystemStartupSession] (value [org.pentaho.platform.engine.security.session.TrustedSystemStartupSession@24f87069]) but failed to remove it when the web application was stopped. This is very likely to create a memory leak.
六月 06, 2017 6:27:40 下午 org.apache.catalina.loader.WebappClassLoader clearThreadLocalMap
严重: The web application [/pentaho] created a ThreadLocal with key of type [java.lang.InheritableThreadLocal] (value [java.lang.InheritableThreadLocal@459fedd0]) and a value of type [org.pentaho.platform.engine.security.session.TrustedSystemStartupSession] (value [org.pentaho.platform.engine.security.session.TrustedSystemStartupSession@24f87069]) but failed to remove it when the web application was stopped. This is very likely to create a memory leak.
六月 06, 2017 6:27:40 下午 org.apache.catalina.loader.WebappClassLoader clearThreadLocalMap
严重: The web application [/pentaho] created a ThreadLocal with key of type [java.lang.InheritableThreadLocal] (value [java.lang.InheritableThreadLocal@459fedd0]) and a value of type [org.pentaho.platform.engine.security.session.TrustedSystemStartupSession] (value [org.pentaho.platform.engine.security.session.TrustedSystemStartupSession@24f87069]) but failed to remove it when the web application was stopped. This is very likely to create a memory leak.
六月 06, 2017 6:27:40 下午 org.apache.catalina.loader.WebappClassLoader clearThreadLocalMap
严重: The web application [/pentaho] created a ThreadLocal with key of type [java.lang.InheritableThreadLocal] (value [java.lang.InheritableThreadLocal@459fedd0]) and a value of type [org.pentaho.platform.engine.security.session.TrustedSystemStartupSession] (value [org.pentaho.platform.engine.security.session.TrustedSystemStartupSession@24f87069]) but failed to remove it when the web application was stopped. This is very likely to create a memory leak.
六月 06, 2017 6:27:40 下午 org.apache.catalina.loader.WebappClassLoader clearThreadLocalMap
严重: The web application [/pentaho] created a ThreadLocal with key of type [java.lang.InheritableThreadLocal] (value [java.lang.InheritableThreadLocal@459fedd0]) and a value of type [org.pentaho.platform.engine.security.session.TrustedSystemStartupSession] (value [org.pentaho.platform.engine.security.session.TrustedSystemStartupSession@24f87069]) but failed to remove it when the web application was stopped. This is very likely to create a memory leak.
六月 06, 2017 6:27:40 下午 org.apache.catalina.loader.WebappClassLoader clearThreadLocalMap
严重: The web application [/pentaho] created a ThreadLocal with key of type [java.lang.InheritableThreadLocal] (value [java.lang.InheritableThreadLocal@459fedd0]) and a value of type [org.pentaho.platform.engine.security.session.TrustedSystemStartupSession] (value [org.pentaho.platform.engine.security.session.TrustedSystemStartupSession@24f87069]) but failed to remove it when the web application was stopped. This is very likely to create a memory leak.
六月 06, 2017 6:27:40 下午 org.apache.catalina.loader.WebappClassLoader clearThreadLocalMap
严重: The web application [/pentaho] created a ThreadLocal with key of type [java.lang.InheritableThreadLocal] (value [java.lang.InheritableThreadLocal@459fedd0]) and a value of type [org.pentaho.platform.engine.security.session.TrustedSystemStartupSession] (value [org.pentaho.platform.engine.security.session.TrustedSystemStartupSession@24f87069]) but failed to remove it when the web application was stopped. This is very likely to create a memory leak.
六月 06, 2017 6:27:40 下午 org.apache.catalina.loader.WebappClassLoader clearThreadLocalMap
严重: The web application [/pentaho] created a ThreadLocal with key of type [java.lang.InheritableThreadLocal] (value [java.lang.InheritableThreadLocal@459fedd0]) and a value of type [org.pentaho.platform.engine.security.session.TrustedSystemStartupSession] (value [org.pentaho.platform.engine.security.session.TrustedSystemStartupSession@24f87069]) but failed to remove it when the web application was stopped. This is very likely to create a memory leak.
六月 06, 2017 6:27:40 下午 org.apache.catalina.loader.WebappClassLoader clearThreadLocalMap
严重: The web application [/pentaho] created a ThreadLocal with key of type [java.lang.InheritableThreadLocal] (value [java.lang.InheritableThreadLocal@459fedd0]) and a value of type [org.pentaho.platform.engine.security.session.TrustedSystemStartupSession] (value [org.pentaho.platform.engine.security.session.TrustedSystemStartupSession@24f87069]) but failed to remove it when the web application was stopped. This is very likely to create a memory leak.
六月 06, 2017 6:27:40 下午 org.apache.catalina.loader.WebappClassLoader clearThreadLocalMap
严重: The web application [/pentaho] created a ThreadLocal with key of type [java.lang.InheritableThreadLocal] (value [java.lang.InheritableThreadLocal@459fedd0]) and a value of type [org.pentaho.platform.engine.security.session.TrustedSystemStartupSession] (value [org.pentaho.platform.engine.security.session.TrustedSystemStartupSession@24f87069]) but failed to remove it when the web application was stopped. This is very likely to create a memory leak.
六月 06, 2017 6:27:40 下午 org.apache.catalina.loader.WebappClassLoader clearThreadLocalMap
严重: The web application [/pentaho] created a ThreadLocal with key of type [java.lang.InheritableThreadLocal] (value [java.lang.InheritableThreadLocal@459fedd0]) and a value of type [org.pentaho.platform.engine.security.session.TrustedSystemStartupSession] (value [org.pentaho.platform.engine.security.session.TrustedSystemStartupSession@24f87069]) but failed to remove it when the web application was stopped. This is very likely to create a memory leak.
六月 06, 2017 6:27:40 下午 org.apache.catalina.loader.WebappClassLoader clearThreadLocalMap
严重: The web application [/pentaho] created a ThreadLocal with key of type [java.lang.InheritableThreadLocal] (value [java.lang.InheritableThreadLocal@459fedd0]) and a value of type [org.pentaho.platform.engine.security.session.TrustedSystemStartupSession] (value [org.pentaho.platform.engine.security.session.TrustedSystemStartupSession@24f87069]) but failed to remove it when the web application was stopped. This is very likely to create a memory leak.
六月 06, 2017 6:27:40 下午 org.apache.catalina.loader.WebappClassLoader clearThreadLocalMap
严重: The web application [/pentaho] created a ThreadLocal with key of type [java.lang.InheritableThreadLocal] (value [java.lang.InheritableThreadLocal@459fedd0]) and a value of type [org.pentaho.platform.engine.security.session.TrustedSystemStartupSession] (value [org.pentaho.platform.engine.security.session.TrustedSystemStartupSession@24f87069]) but failed to remove it when the web application was stopped. This is very likely to create a memory leak.
六月 06, 2017 6:27:40 下午 org.apache.catalina.loader.WebappClassLoader clearThreadLocalMap
严重: The web application [/pentaho] created a ThreadLocal with key of type [java.lang.InheritableThreadLocal] (value [java.lang.InheritableThreadLocal@459fedd0]) and a value of type [org.pentaho.platform.engine.security.session.TrustedSystemStartupSession] (value [org.pentaho.platform.engine.security.session.TrustedSystemStartupSession@24f87069]) but failed to remove it when the web application was stopped. This is very likely to create a memory leak.
六月 06, 2017 6:27:40 下午 org.apache.catalina.loader.WebappClassLoader clearThreadLocalMap
严重: The web application [/pentaho] created a ThreadLocal with key of type [java.lang.InheritableThreadLocal] (value [java.lang.InheritableThreadLocal@459fedd0]) and a value of type [org.pentaho.platform.engine.security.session.TrustedSystemStartupSession] (value [org.pentaho.platform.engine.security.session.TrustedSystemStartupSession@24f87069]) but failed to remove it when the web application was stopped. This is very likely to create a memory leak.
六月 06, 2017 6:27:40 下午 org.apache.catalina.loader.WebappClassLoader clearThreadLocalMap
严重: The web application [/pentaho] created a ThreadLocal with key of type [java.lang.InheritableThreadLocal] (value [java.lang.InheritableThreadLocal@459fedd0]) and a value of type [org.pentaho.platform.engine.security.session.TrustedSystemStartupSession] (value [org.pentaho.platform.engine.security.session.TrustedSystemStartupSession@24f87069]) but failed to remove it when the web application was stopped. This is very likely to create a memory leak.
六月 06, 2017 6:27:40 下午 org.apache.catalina.loader.WebappClassLoader clearThreadLocalMap
严重: The web application [/pentaho] created a ThreadLocal with key of type [java.lang.InheritableThreadLocal] (value [java.lang.InheritableThreadLocal@459fedd0]) and a value of type [org.pentaho.platform.engine.security.session.TrustedSystemStartupSession] (value [org.pentaho.platform.engine.security.session.TrustedSystemStartupSession@24f87069]) but failed to remove it when the web application was stopped. This is very likely to create a memory leak.
六月 06, 2017 6:27:40 下午 org.apache.catalina.loader.WebappClassLoader clearThreadLocalMap
严重: The web application [/pentaho] created a ThreadLocal with key of type [java.lang.InheritableThreadLocal] (value [java.lang.InheritableThreadLocal@459fedd0]) and a value of type [org.pentaho.platform.engine.security.session.TrustedSystemStartupSession] (value [org.pentaho.platform.engine.security.session.TrustedSystemStartupSession@24f87069]) but failed to remove it when the web application was stopped. This is very likely to create a memory leak.
六月 06, 2017 6:27:40 下午 org.apache.catalina.loader.WebappClassLoader clearThreadLocalMap
严重: The web application [/pentaho] created a ThreadLocal with key of type [java.lang.InheritableThreadLocal] (value [java.lang.InheritableThreadLocal@459fedd0]) and a value of type [org.pentaho.platform.engine.security.session.TrustedSystemStartupSession] (value [org.pentaho.platform.engine.security.session.TrustedSystemStartupSession@24f87069]) but failed to remove it when the web application was stopped. This is very likely to create a memory leak.
六月 06, 2017 6:27:40 下午 org.apache.catalina.loader.WebappClassLoader clearThreadLocalMap
严重: The web application [/pentaho] created a ThreadLocal with key of type [java.lang.InheritableThreadLocal] (value [java.lang.InheritableThreadLocal@459fedd0]) and a value of type [org.pentaho.platform.engine.security.session.TrustedSystemStartupSession] (value [org.pentaho.platform.engine.security.session.TrustedSystemStartupSession@24f87069]) but failed to remove it when the web application was stopped. This is very likely to create a memory leak.
六月 06, 2017 6:27:40 下午 org.apache.catalina.loader.WebappClassLoader clearThreadLocalMap
严重: The web application [/pentaho] created a ThreadLocal with key of type [java.lang.InheritableThreadLocal] (value [java.lang.InheritableThreadLocal@459fedd0]) and a value of type [org.pentaho.platform.engine.security.session.TrustedSystemStartupSession] (value [org.pentaho.platform.engine.security.session.TrustedSystemStartupSession@24f87069]) but failed to remove it when the web application was stopped. This is very likely to create a memory leak.
六月 06, 2017 6:27:40 下午 org.apache.catalina.loader.WebappClassLoader clearThreadLocalMap
严重: The web application [/pentaho] created a ThreadLocal with key of type [java.lang.InheritableThreadLocal] (value [java.lang.InheritableThreadLocal@459fedd0]) and a value of type [org.pentaho.platform.engine.security.session.TrustedSystemStartupSession] (value [org.pentaho.platform.engine.security.session.TrustedSystemStartupSession@24f87069]) but failed to remove it when the web application was stopped. This is very likely to create a memory leak.
六月 06, 2017 6:27:40 下午 org.apache.catalina.loader.WebappClassLoader clearThreadLocalMap
严重: The web application [/pentaho] created a ThreadLocal with key of type [java.lang.InheritableThreadLocal] (value [java.lang.InheritableThreadLocal@459fedd0]) and a value of type [org.pentaho.platform.engine.security.session.TrustedSystemStartupSession] (value [org.pentaho.platform.engine.security.session.TrustedSystemStartupSession@24f87069]) but failed to remove it when the web application was stopped. This is very likely to create a memory leak.
六月 06, 2017 6:27:40 下午 org.apache.catalina.loader.WebappClassLoader clearThreadLocalMap
严重: The web application [/pentaho] created a ThreadLocal with key of type [java.lang.InheritableThreadLocal] (value [java.lang.InheritableThreadLocal@459fedd0]) and a value of type [org.pentaho.platform.engine.security.session.TrustedSystemStartupSession] (value [org.pentaho.platform.engine.security.session.TrustedSystemStartupSession@24f87069]) but failed to remove it when the web application was stopped. This is very likely to create a memory leak.
六月 06, 2017 6:27:40 下午 org.apache.catalina.loader.WebappClassLoader clearThreadLocalMap
严重: The web application [/pentaho] created a ThreadLocal with key of type [java.lang.InheritableThreadLocal] (value [java.lang.InheritableThreadLocal@459fedd0]) and a value of type [org.pentaho.platform.engine.security.session.TrustedSystemStartupSession] (value [org.pentaho.platform.engine.security.session.TrustedSystemStartupSession@24f87069]) but failed to remove it when the web application was stopped. This is very likely to create a memory leak.
六月 06, 2017 6:27:40 下午 org.apache.catalina.loader.WebappClassLoader clearThreadLocalMap
严重: The web application [/pentaho] created a ThreadLocal with key of type [java.lang.InheritableThreadLocal] (value [java.lang.InheritableThreadLocal@459fedd0]) and a value of type [org.pentaho.platform.engine.security.session.TrustedSystemStartupSession] (value [org.pentaho.platform.engine.security.session.TrustedSystemStartupSession@24f87069]) but failed to remove it when the web application was stopped. This is very likely to create a memory leak.
六月 06, 2017 6:27:40 下午 org.apache.catalina.loader.WebappClassLoader clearThreadLocalMap
严重: The web application [/pentaho] created a ThreadLocal with key of type [java.lang.InheritableThreadLocal] (value [java.lang.InheritableThreadLocal@459fedd0]) and a value of type [org.pentaho.platform.engine.security.session.TrustedSystemStartupSession] (value [org.pentaho.platform.engine.security.session.TrustedSystemStartupSession@24f87069]) but failed to remove it when the web application was stopped. This is very likely to create a memory leak.
六月 06, 2017 6:27:40 下午 org.apache.catalina.loader.WebappClassLoader clearThreadLocalMap
严重: The web application [/pentaho] created a ThreadLocal with key of type [java.lang.InheritableThreadLocal] (value [java.lang.InheritableThreadLocal@459fedd0]) and a value of type [org.pentaho.platform.engine.security.session.TrustedSystemStartupSession] (value [org.pentaho.platform.engine.security.session.TrustedSystemStartupSession@24f87069]) but failed to remove it when the web application was stopped. This is very likely to create a memory leak.
六月 06, 2017 6:27:40 下午 org.apache.catalina.loader.WebappClassLoader clearThreadLocalMap
严重: The web application [/pentaho] created a ThreadLocal with key of type [java.lang.InheritableThreadLocal] (value [java.lang.InheritableThreadLocal@459fedd0]) and a value of type [org.pentaho.platform.engine.security.session.TrustedSystemStartupSession] (value [org.pentaho.platform.engine.security.session.TrustedSystemStartupSession@24f87069]) but failed to remove it when the web application was stopped. This is very likely to create a memory leak.
六月 06, 2017 6:27:41 下午 org.apache.catalina.loader.WebappClassLoader clearThreadLocalMap
严重: The web application [/pentaho] created a ThreadLocal with key of type [java.lang.InheritableThreadLocal] (value [java.lang.InheritableThreadLocal@459fedd0]) and a value of type [org.pentaho.platform.engine.security.session.TrustedSystemStartupSession] (value [org.pentaho.platform.engine.security.session.TrustedSystemStartupSession@24f87069]) but failed to remove it when the web application was stopped. This is very likely to create a memory leak.
六月 06, 2017 6:27:41 下午 org.apache.catalina.loader.WebappClassLoader clearThreadLocalMap
严重: The web application [/pentaho] created a ThreadLocal with key of type [java.lang.InheritableThreadLocal] (value [java.lang.InheritableThreadLocal@459fedd0]) and a value of type [org.pentaho.platform.engine.security.session.TrustedSystemStartupSession] (value [org.pentaho.platform.engine.security.session.TrustedSystemStartupSession@24f87069]) but failed to remove it when the web application was stopped. This is very likely to create a memory leak.
六月 06, 2017 6:27:41 下午 org.apache.catalina.loader.WebappClassLoader clearThreadLocalMap
严重: The web application [/pentaho] created a ThreadLocal with key of type [java.lang.InheritableThreadLocal] (value [java.lang.InheritableThreadLocal@459fedd0]) and a value of type [org.pentaho.platform.engine.security.session.TrustedSystemStartupSession] (value [org.pentaho.platform.engine.security.session.TrustedSystemStartupSession@24f87069]) but failed to remove it when the web application was stopped. This is very likely to create a memory leak.
六月 06, 2017 6:27:41 下午 org.apache.catalina.loader.WebappClassLoader clearThreadLocalMap
严重: The web application [/pentaho] created a ThreadLocal with key of type [java.lang.InheritableThreadLocal] (value [java.lang.InheritableThreadLocal@459fedd0]) and a value of type [org.pentaho.platform.engine.security.session.TrustedSystemStartupSession] (value [org.pentaho.platform.engine.security.session.TrustedSystemStartupSession@24f87069]) but failed to remove it when the web application was stopped. This is very likely to create a memory leak.
六月 06, 2017 6:27:41 下午 org.apache.catalina.loader.WebappClassLoader clearThreadLocalMap
严重: The web application [/pentaho] created a ThreadLocal with key of type [java.lang.InheritableThreadLocal] (value [java.lang.InheritableThreadLocal@459fedd0]) and a value of type [org.pentaho.platform.engine.security.session.TrustedSystemStartupSession] (value [org.pentaho.platform.engine.security.session.TrustedSystemStartupSession@24f87069]) but failed to remove it when the web application was stopped. This is very likely to create a memory leak.
六月 06, 2017 6:27:41 下午 org.apache.catalina.loader.WebappClassLoader clearThreadLocalMap
严重: The web application [/pentaho] created a ThreadLocal with key of type [java.lang.InheritableThreadLocal] (value [java.lang.InheritableThreadLocal@459fedd0]) and a value of type [org.pentaho.platform.engine.security.session.TrustedSystemStartupSession] (value [org.pentaho.platform.engine.security.session.TrustedSystemStartupSession@24f87069]) but failed to remove it when the web application was stopped. This is very likely to create a memory leak.
六月 06, 2017 6:27:41 下午 org.apache.catalina.loader.WebappClassLoader clearThreadLocalMap
严重: The web application [/pentaho] created a ThreadLocal with key of type [java.lang.InheritableThreadLocal] (value [java.lang.InheritableThreadLocal@459fedd0]) and a value of type [org.pentaho.platform.engine.security.session.TrustedSystemStartupSession] (value [org.pentaho.platform.engine.security.session.TrustedSystemStartupSession@24f87069]) but failed to remove it when the web application was stopped. This is very likely to create a memory leak.
六月 06, 2017 6:27:41 下午 org.apache.catalina.loader.WebappClassLoader clearThreadLocalMap
严重: The web application [/pentaho] created a ThreadLocal with key of type [java.lang.InheritableThreadLocal] (value [java.lang.InheritableThreadLocal@459fedd0]) and a value of type [org.pentaho.platform.engine.security.session.TrustedSystemStartupSession] (value [org.pentaho.platform.engine.security.session.TrustedSystemStartupSession@24f87069]) but failed to remove it when the web application was stopped. This is very likely to create a memory leak.
六月 06, 2017 6:27:41 下午 org.apache.catalina.loader.WebappClassLoader clearThreadLocalMap
严重: The web application [/pentaho] created a ThreadLocal with key of type [java.lang.InheritableThreadLocal] (value [java.lang.InheritableThreadLocal@459fedd0]) and a value of type [org.pentaho.platform.engine.security.session.TrustedSystemStartupSession] (value [org.pentaho.platform.engine.security.session.TrustedSystemStartupSession@24f87069]) but failed to remove it when the web application was stopped. This is very likely to create a memory leak.
六月 06, 2017 6:27:41 下午 org.apache.catalina.loader.WebappClassLoader clearThreadLocalMap
严重: The web application [/pentaho] created a ThreadLocal with key of type [java.lang.InheritableThreadLocal] (value [java.lang.InheritableThreadLocal@459fedd0]) and a value of type [org.pentaho.platform.engine.security.session.TrustedSystemStartupSession] (value [org.pentaho.platform.engine.security.session.TrustedSystemStartupSession@24f87069]) but failed to remove it when the web application was stopped. This is very likely to create a memory leak.
六月 06, 2017 6:27:41 下午 org.apache.catalina.loader.WebappClassLoader clearThreadLocalMap
严重: The web application [/pentaho] created a ThreadLocal with key of type [java.lang.InheritableThreadLocal] (value [java.lang.InheritableThreadLocal@459fedd0]) and a value of type [org.pentaho.platform.engine.security.session.TrustedSystemStartupSession] (value [org.pentaho.platform.engine.security.session.TrustedSystemStartupSession@24f87069]) but failed to remove it when the web application was stopped. This is very likely to create a memory leak.
六月 06, 2017 6:27:41 下午 org.apache.catalina.loader.WebappClassLoader clearThreadLocalMap
严重: The web application [/pentaho] created a ThreadLocal with key of type [java.lang.InheritableThreadLocal] (value [java.lang.InheritableThreadLocal@459fedd0]) and a value of type [org.pentaho.platform.engine.security.session.TrustedSystemStartupSession] (value [org.pentaho.platform.engine.security.session.TrustedSystemStartupSession@24f87069]) but failed to remove it when the web application was stopped. This is very likely to create a memory leak.
六月 06, 2017 6:27:41 下午 org.apache.catalina.loader.WebappClassLoader clearThreadLocalMap
严重: The web application [/pentaho] created a ThreadLocal with key of type [java.lang.InheritableThreadLocal] (value [java.lang.InheritableThreadLocal@459fedd0]) and a value of type [org.pentaho.platform.engine.security.session.TrustedSystemStartupSession] (value [org.pentaho.platform.engine.security.session.TrustedSystemStartupSession@24f87069]) but failed to remove it when the web application was stopped. This is very likely to create a memory leak.
六月 06, 2017 6:27:41 下午 org.apache.catalina.loader.WebappClassLoader clearThreadLocalMap
严重: The web application [/pentaho] created a ThreadLocal with key of type [java.lang.InheritableThreadLocal] (value [java.lang.InheritableThreadLocal@459fedd0]) and a value of type [org.pentaho.platform.engine.security.session.TrustedSystemStartupSession] (value [org.pentaho.platform.engine.security.session.TrustedSystemStartupSession@24f87069]) but failed to remove it when the web application was stopped. This is very likely to create a memory leak.
六月 06, 2017 6:27:41 下午 org.apache.catalina.loader.WebappClassLoader clearThreadLocalMap
严重: The web application [/pentaho] created a ThreadLocal with key of type [java.lang.InheritableThreadLocal] (value [java.lang.InheritableThreadLocal@459fedd0]) and a value of type [org.pentaho.platform.engine.security.session.TrustedSystemStartupSession] (value [org.pentaho.platform.engine.security.session.TrustedSystemStartupSession@24f87069]) but failed to remove it when the web application was stopped. This is very likely to create a memory leak.
六月 06, 2017 6:27:41 下午 org.apache.catalina.loader.WebappClassLoader clearThreadLocalMap
严重: The web application [/pentaho] created a ThreadLocal with key of type [java.lang.InheritableThreadLocal] (value [java.lang.InheritableThreadLocal@459fedd0]) and a value of type [org.pentaho.platform.engine.security.session.TrustedSystemStartupSession] (value [org.pentaho.platform.engine.security.session.TrustedSystemStartupSession@24f87069]) but failed to remove it when the web application was stopped. This is very likely to create a memory leak.
六月 06, 2017 6:27:41 下午 org.apache.catalina.loader.WebappClassLoader clearThreadLocalMap
严重: The web application [/pentaho] created a ThreadLocal with key of type [java.lang.InheritableThreadLocal] (value [java.lang.InheritableThreadLocal@459fedd0]) and a value of type [org.pentaho.platform.engine.security.session.TrustedSystemStartupSession] (value [org.pentaho.platform.engine.security.session.TrustedSystemStartupSession@24f87069]) but failed to remove it when the web application was stopped. This is very likely to create a memory leak.
六月 06, 2017 6:27:41 下午 org.apache.catalina.loader.WebappClassLoader clearThreadLocalMap
严重: The web application [/pentaho] created a ThreadLocal with key of type [java.lang.InheritableThreadLocal] (value [java.lang.InheritableThreadLocal@459fedd0]) and a value of type [org.pentaho.platform.engine.security.session.TrustedSystemStartupSession] (value [org.pentaho.platform.engine.security.session.TrustedSystemStartupSession@24f87069]) but failed to remove it when the web application was stopped. This is very likely to create a memory leak.
六月 06, 2017 6:27:41 下午 org.apache.catalina.loader.WebappClassLoader clearThreadLocalMap
严重: The web application [/pentaho] created a ThreadLocal with key of type [java.lang.InheritableThreadLocal] (value [java.lang.InheritableThreadLocal@459fedd0]) and a value of type [org.pentaho.platform.engine.security.session.TrustedSystemStartupSession] (value [org.pentaho.platform.engine.security.session.TrustedSystemStartupSession@24f87069]) but failed to remove it when the web application was stopped. This is very likely to create a memory leak.
六月 06, 2017 6:27:41 下午 org.apache.catalina.loader.WebappClassLoader clearThreadLocalMap
严重: The web application [/pentaho] created a ThreadLocal with key of type [java.lang.InheritableThreadLocal] (value [java.lang.InheritableThreadLocal@459fedd0]) and a value of type [org.pentaho.platform.engine.security.session.TrustedSystemStartupSession] (value [org.pentaho.platform.engine.security.session.TrustedSystemStartupSession@24f87069]) but failed to remove it when the web application was stopped. This is very likely to create a memory leak.
六月 06, 2017 6:27:41 下午 org.apache.catalina.loader.WebappClassLoader clearThreadLocalMap
严重: The web application [/pentaho] created a ThreadLocal with key of type [java.lang.InheritableThreadLocal] (value [java.lang.InheritableThreadLocal@459fedd0]) and a value of type [org.pentaho.platform.engine.security.session.TrustedSystemStartupSession] (value [org.pentaho.platform.engine.security.session.TrustedSystemStartupSession@24f87069]) but failed to remove it when the web application was stopped. This is very likely to create a memory leak.
六月 06, 2017 6:27:41 下午 org.apache.catalina.loader.WebappClassLoader clearThreadLocalMap
严重: The web application [/pentaho] created a ThreadLocal with key of type [java.lang.InheritableThreadLocal] (value [java.lang.InheritableThreadLocal@459fedd0]) and a value of type [org.pentaho.platform.engine.security.session.TrustedSystemStartupSession] (value [org.pentaho.platform.engine.security.session.TrustedSystemStartupSession@24f87069]) but failed to remove it when the web application was stopped. This is very likely to create a memory leak.
六月 06, 2017 6:27:41 下午 org.apache.catalina.loader.WebappClassLoader clearThreadLocalMap
严重: The web application [/pentaho] created a ThreadLocal with key of type [java.lang.InheritableThreadLocal] (value [java.lang.InheritableThreadLocal@459fedd0]) and a value of type [org.pentaho.platform.engine.security.session.TrustedSystemStartupSession] (value [org.pentaho.platform.engine.security.session.TrustedSystemStartupSession@24f87069]) but failed to remove it when the web application was stopped. This is very likely to create a memory leak.
六月 06, 2017 6:27:41 下午 org.apache.catalina.loader.WebappClassLoader clearThreadLocalMap
严重: The web application [/pentaho] created a ThreadLocal with key of type [java.lang.InheritableThreadLocal] (value [java.lang.InheritableThreadLocal@459fedd0]) and a value of type [org.pentaho.platform.engine.security.session.TrustedSystemStartupSession] (value [org.pentaho.platform.engine.security.session.TrustedSystemStartupSession@24f87069]) but failed to remove it when the web application was stopped. This is very likely to create a memory leak.
六月 06, 2017 6:27:41 下午 org.apache.catalina.loader.WebappClassLoader clearThreadLocalMap
严重: The web application [/pentaho] created a ThreadLocal with key of type [java.lang.InheritableThreadLocal] (value [java.lang.InheritableThreadLocal@459fedd0]) and a value of type [org.pentaho.platform.engine.security.session.TrustedSystemStartupSession] (value [org.pentaho.platform.engine.security.session.TrustedSystemStartupSession@24f87069]) but failed to remove it when the web application was stopped. This is very likely to create a memory leak.
六月 06, 2017 6:27:41 下午 org.apache.catalina.loader.WebappClassLoader clearThreadLocalMap
严重: The web application [/pentaho] created a ThreadLocal with key of type [java.lang.InheritableThreadLocal] (value [java.lang.InheritableThreadLocal@459fedd0]) and a value of type [org.pentaho.platform.engine.security.session.TrustedSystemStartupSession] (value [org.pentaho.platform.engine.security.session.TrustedSystemStartupSession@24f87069]) but failed to remove it when the web application was stopped. This is very likely to create a memory leak.
六月 06, 2017 6:27:41 下午 org.apache.catalina.loader.WebappClassLoader clearThreadLocalMap
严重: The web application [/pentaho] created a ThreadLocal with key of type [java.lang.InheritableThreadLocal] (value [java.lang.InheritableThreadLocal@459fedd0]) and a value of type [org.pentaho.platform.engine.security.session.TrustedSystemStartupSession] (value [org.pentaho.platform.engine.security.session.TrustedSystemStartupSession@24f87069]) but failed to remove it when the web application was stopped. This is very likely to create a memory leak.
六月 06, 2017 6:27:41 下午 org.apache.catalina.loader.WebappClassLoader clearThreadLocalMap
严重: The web application [/pentaho] created a ThreadLocal with key of type [java.lang.InheritableThreadLocal] (value [java.lang.InheritableThreadLocal@459fedd0]) and a value of type [org.pentaho.platform.engine.security.session.TrustedSystemStartupSession] (value [org.pentaho.platform.engine.security.session.TrustedSystemStartupSession@24f87069]) but failed to remove it when the web application was stopped. This is very likely to create a memory leak.
六月 06, 2017 6:27:41 下午 org.apache.catalina.loader.WebappClassLoader clearThreadLocalMap
严重: The web application [/pentaho] created a ThreadLocal with key of type [java.lang.InheritableThreadLocal] (value [java.lang.InheritableThreadLocal@459fedd0]) and a value of type [org.pentaho.platform.engine.security.session.TrustedSystemStartupSession] (value [org.pentaho.platform.engine.security.session.TrustedSystemStartupSession@24f87069]) but failed to remove it when the web application was stopped. This is very likely to create a memory leak.
六月 06, 2017 6:27:41 下午 org.apache.catalina.loader.WebappClassLoader clearThreadLocalMap
严重: The web application [/pentaho] created a ThreadLocal with key of type [java.lang.InheritableThreadLocal] (value [java.lang.InheritableThreadLocal@459fedd0]) and a value of type [org.pentaho.platform.engine.security.session.TrustedSystemStartupSession] (value [org.pentaho.platform.engine.security.session.TrustedSystemStartupSession@24f87069]) but failed to remove it when the web application was stopped. This is very likely to create a memory leak.
六月 06, 2017 6:27:41 下午 org.apache.catalina.loader.WebappClassLoader clearThreadLocalMap
严重: The web application [/pentaho] created a ThreadLocal with key of type [java.lang.InheritableThreadLocal] (value [java.lang.InheritableThreadLocal@459fedd0]) and a value of type [org.pentaho.platform.engine.security.session.TrustedSystemStartupSession] (value [org.pentaho.platform.engine.security.session.TrustedSystemStartupSession@24f87069]) but failed to remove it when the web application was stopped. This is very likely to create a memory leak.
六月 06, 2017 6:27:41 下午 org.apache.catalina.loader.WebappClassLoader clearThreadLocalMap
严重: The web application [/pentaho] created a ThreadLocal with key of type [java.lang.InheritableThreadLocal] (value [java.lang.InheritableThreadLocal@459fedd0]) and a value of type [org.pentaho.platform.engine.security.session.TrustedSystemStartupSession] (value [org.pentaho.platform.engine.security.session.TrustedSystemStartupSession@24f87069]) but failed to remove it when the web application was stopped. This is very likely to create a memory leak.
六月 06, 2017 6:27:41 下午 org.apache.catalina.loader.WebappClassLoader clearThreadLocalMap
严重: The web application [/pentaho] created a ThreadLocal with key of type [null] (value [null]) and a value of type [org.pentaho.platform.web.http.session.PentahoHttpSession] (value [org.pentaho.platform.web.http.session.PentahoHttpSession@337cf0e8]) but failed to remove it when the web application was stopped. This is very likely to create a memory leak.
六月 06, 2017 6:27:41 下午 org.apache.catalina.loader.WebappClassLoader clearThreadLocalMap
严重: The web application [/pentaho] created a ThreadLocal with key of type [java.lang.ThreadLocal] (value [java.lang.ThreadLocal@6b61666]) and a value of type [org.pentaho.platform.web.http.session.PentahoHttpSession] (value [org.pentaho.platform.web.http.session.PentahoHttpSession@66e893a6]) but failed to remove it when the web application was stopped. This is very likely to create a memory leak.
六月 06, 2017 6:27:41 下午 org.apache.catalina.loader.WebappClassLoader clearThreadLocalMap
严重: The web application [/pentaho] created a ThreadLocal with key of type [java.lang.ThreadLocal] (value [java.lang.ThreadLocal@6b61666]) and a value of type [org.pentaho.platform.web.http.session.PentahoHttpSession] (value [org.pentaho.platform.web.http.session.PentahoHttpSession@66e893a6]) but failed to remove it when the web application was stopped. This is very likely to create a memory leak.
六月 06, 2017 6:27:41 下午 org.apache.catalina.loader.WebappClassLoader clearThreadLocalMap
严重: The web application [/pentaho] created a ThreadLocal with key of type [null] (value [null]) and a value of type [org.pentaho.platform.engine.core.system.StandaloneSession] (value [org.pentaho.platform.engine.core.system.StandaloneSession@2056c454]) but failed to remove it when the web application was stopped. This is very likely to create a memory leak.
六月 06, 2017 6:27:42 下午 org.apache.catalina.core.AprLifecycleListener init
信息: The APR based Apache Tomcat Native library which allows optimal performance in production environments was not found on the java.library.path: D:\JAVA\JDK\bin;C:\Windows\Sun\Java\bin;C:\Windows\system32;C:\Windows;D:\JAVA\JDK\bin;D:\JAVA\JDK\jre\bin;;C:\Windows\system32;C:\Windows;C:\Windows\system32\wbem;C:\Program Files (x86)\StormII\Codec;C:\Program Files (x86)\StormII;.
六月 06, 2017 6:27:43 下午 org.apache.coyote.http11.Http11Protocol init
严重: Error initializing endpoint
java.net.BindException: Address already in use: JVM_Bind <null>:8080
	at org.apache.tomcat.util.net.JIoEndpoint.init(JIoEndpoint.java:549)
	at org.apache.coyote.http11.Http11Protocol.init(Http11Protocol.java:176)
	at org.apache.catalina.connector.Connector.initialize(Connector.java:1014)
	at org.apache.catalina.core.StandardService.initialize(StandardService.java:680)
	at org.apache.catalina.core.StandardServer.initialize(StandardServer.java:795)
	at org.apache.catalina.startup.Catalina.load(Catalina.java:524)
	at org.apache.catalina.startup.Catalina.load(Catalina.java:548)
	at sun.reflect.NativeMethodAccessorImpl.invoke0(Native Method)
	at sun.reflect.NativeMethodAccessorImpl.invoke(NativeMethodAccessorImpl.java:57)
	at sun.reflect.DelegatingMethodAccessorImpl.invoke(DelegatingMethodAccessorImpl.java:43)
	at java.lang.reflect.Method.invoke(Method.java:606)
	at org.apache.catalina.startup.Bootstrap.load(Bootstrap.java:261)
	at org.apache.catalina.startup.Bootstrap.main(Bootstrap.java:413)
Caused by: java.net.BindException: Address already in use: JVM_Bind
	at java.net.DualStackPlainSocketImpl.bind0(Native Method)
	at java.net.DualStackPlainSocketImpl.socketBind(DualStackPlainSocketImpl.java:106)
	at java.net.AbstractPlainSocketImpl.bind(AbstractPlainSocketImpl.java:376)
	at java.net.PlainSocketImpl.bind(PlainSocketImpl.java:190)
	at java.net.ServerSocket.bind(ServerSocket.java:376)
	at java.net.ServerSocket.<init>(ServerSocket.java:237)
	at java.net.ServerSocket.<init>(ServerSocket.java:181)
	at org.apache.tomcat.util.net.DefaultServerSocketFactory.createSocket(DefaultServerSocketFactory.java:50)
	at org.apache.tomcat.util.net.JIoEndpoint.init(JIoEndpoint.java:538)
	... 12 more

六月 06, 2017 6:27:43 下午 org.apache.catalina.startup.Catalina load
严重: Catalina.start
LifecycleException:  Protocol handler initialization failed: java.net.BindException: Address already in use: JVM_Bind <null>:8080
	at org.apache.catalina.connector.Connector.initialize(Connector.java:1016)
	at org.apache.catalina.core.StandardService.initialize(StandardService.java:680)
	at org.apache.catalina.core.StandardServer.initialize(StandardServer.java:795)
	at org.apache.catalina.startup.Catalina.load(Catalina.java:524)
	at org.apache.catalina.startup.Catalina.load(Catalina.java:548)
	at sun.reflect.NativeMethodAccessorImpl.invoke0(Native Method)
	at sun.reflect.NativeMethodAccessorImpl.invoke(NativeMethodAccessorImpl.java:57)
	at sun.reflect.DelegatingMethodAccessorImpl.invoke(DelegatingMethodAccessorImpl.java:43)
	at java.lang.reflect.Method.invoke(Method.java:606)
	at org.apache.catalina.startup.Bootstrap.load(Bootstrap.java:261)
	at org.apache.catalina.startup.Bootstrap.main(Bootstrap.java:413)

六月 06, 2017 6:27:43 下午 org.apache.catalina.startup.Catalina load
信息: Initialization processed in 886 ms
六月 06, 2017 6:27:43 下午 org.apache.catalina.core.StandardService start
信息: Starting service Catalina
六月 06, 2017 6:27:43 下午 org.apache.catalina.core.StandardEngine start
信息: Starting Servlet Engine: Apache Tomcat/6.0.29
六月 06, 2017 6:27:43 下午 org.apache.catalina.startup.HostConfig deployDescriptor
信息: Deploying configuration descriptor pentaho.xml
六月 06, 2017 6:27:43 下午 org.apache.coyote.http11.Http11Protocol destroy
信息: Stopping Coyote HTTP/1.1 on http-8080
六月 06, 2017 6:27:44 下午 org.apache.catalina.startup.ContextConfig validateSecurityRoles
信息: WARNING: Security role name PENTAHO_ADMIN used in an <auth-constraint> without being defined in a <security-role>
六月 06, 2017 6:28:01 下午 com.sun.jersey.api.core.PackagesResourceConfig init
信息: Scanning for root resource and provider classes in the packages:
  org.saiku.web
六月 06, 2017 6:28:01 下午 com.sun.jersey.api.core.ScanningResourceConfig logClasses
信息: Root resource classes found:
  class org.saiku.web.rest.resources.StatisticsResource
  class org.saiku.web.rest.resources.OlapDiscoverResource
  class org.saiku.web.rest.resources.SessionResource
  class org.saiku.web.rest.resources.QueryResource
  class org.saiku.web.rest.resources.BasicRepositoryResource
  class org.saiku.web.rest.resources.FilterRepositoryResource
  class org.saiku.web.rest.resources.ExporterResource
  class org.saiku.web.rest.resources.BasicRepositoryResource2
  class org.saiku.web.rest.resources.InfoResource
  class org.saiku.web.rest.resources.BasicTagRepositoryResource
  class org.saiku.web.rest.resources.DataSourceResource
六月 06, 2017 6:28:01 下午 com.sun.jersey.api.core.ScanningResourceConfig init
信息: No provider classes found.
六月 06, 2017 6:28:01 下午 org.codehaus.enunciate.modules.jersey.EnunciateJerseyServletContainer configure
信息: org.codehaus.enunciate.modules.amf.JAXRSProvider not found.
六月 06, 2017 6:28:01 下午 com.sun.jersey.spi.spring.container.SpringComponentProviderFactory registerSpringBeans
信息: Registering Spring bean, datasourceResourceBean, of type org.saiku.web.rest.resources.DataSourceResource as a root resource class
六月 06, 2017 6:28:01 下午 com.sun.jersey.spi.spring.container.SpringComponentProviderFactory registerSpringBeans
信息: Registering Spring bean, olapDiscoverBean, of type org.saiku.web.rest.resources.OlapDiscoverResource as a root resource class
六月 06, 2017 6:28:01 下午 com.sun.jersey.spi.spring.container.SpringComponentProviderFactory registerSpringBeans
信息: Registering Spring bean, queryResource, of type org.saiku.web.rest.resources.QueryResource as a root resource class
六月 06, 2017 6:28:01 下午 com.sun.jersey.spi.spring.container.SpringComponentProviderFactory registerSpringBeans
信息: Registering Spring bean, sessionResource, of type org.saiku.web.rest.resources.SessionResource as a root resource class
六月 06, 2017 6:28:01 下午 com.sun.jersey.spi.spring.container.SpringComponentProviderFactory registerSpringBeans
信息: Registering Spring bean, repositoryBean, of type org.saiku.plugin.resources.PentahoRepositoryResource as a root resource class
六月 06, 2017 6:28:01 下午 com.sun.jersey.spi.spring.container.SpringComponentProviderFactory registerSpringBeans
信息: Registering Spring bean, repositoryBean2, of type org.saiku.plugin.resources.PentahoRepositoryResource2 as a root resource class
六月 06, 2017 6:28:01 下午 com.sun.jersey.spi.spring.container.SpringComponentProviderFactory registerSpringBeans
信息: Registering Spring bean, pluginResource, of type org.saiku.plugin.resources.PluginResource as a root resource class
六月 06, 2017 6:28:01 下午 com.sun.jersey.spi.spring.container.SpringComponentProviderFactory registerSpringBeans
信息: Registering Spring bean, exporterBean, of type org.saiku.web.rest.resources.ExporterResource as a root resource class
六月 06, 2017 6:28:01 下午 com.sun.jersey.server.impl.application.WebApplicationImpl _initiate
信息: Initiating Jersey application, version 'Jersey: 1.11 12/09/2011 10:27 AM'
六月 06, 2017 6:28:04 下午 org.apache.catalina.startup.HostConfig deployDirectory
信息: Deploying web application directory ChartBase
六月 06, 2017 6:28:04 下午 org.apache.catalina.startup.HostConfig deployDirectory
信息: Deploying web application directory pentaho-style
六月 06, 2017 6:28:04 下午 org.apache.catalina.startup.HostConfig deployDirectory
信息: Deploying web application directory ROOT
六月 06, 2017 6:28:04 下午 org.apache.catalina.startup.HostConfig deployDirectory
信息: Deploying web application directory sw-style
六月 06, 2017 6:28:04 下午 org.apache.coyote.http11.Http11Protocol start
信息: Starting Coyote HTTP/1.1 on http-8080
六月 06, 2017 6:28:04 下午 org.apache.jk.common.ChannelSocket init
信息: JK: ajp13 listening on /0.0.0.0:8009
六月 06, 2017 6:28:04 下午 org.apache.jk.server.JkMain start
信息: Jk running ID=0 time=0/21  config=null
六月 06, 2017 6:28:04 下午 org.apache.catalina.startup.Catalina start
信息: Server startup in 21650 ms
