五月 31, 2017 1:15:04 下午 org.apache.catalina.core.ApplicationContext log
信息: Initializing Spring root WebApplicationContext
五月 31, 2017 3:57:35 下午 org.apache.catalina.core.ApplicationContext log
信息: Initializing Spring root WebApplicationContext
五月 31, 2017 4:09:53 下午 org.apache.catalina.core.ApplicationContext log
信息: Initializing Spring root WebApplicationContext
五月 31, 2017 11:36:30 下午 org.apache.catalina.core.StandardWrapperValve invoke
严重: Servlet.service() for servlet RepositoryFilePublisher threw exception
org.hibernate.exception.GenericJDBCException: could not execute query
	at org.hibernate.exception.SQLStateConverter.handledNonSpecificException(SQLStateConverter.java:103)
	at org.hibernate.exception.SQLStateConverter.convert(SQLStateConverter.java:91)
	at org.hibernate.exception.JDBCExceptionHelper.convert(JDBCExceptionHelper.java:43)
	at org.hibernate.loader.Loader.doList(Loader.java:2216)
	at org.hibernate.loader.Loader.listUsingQueryCache(Loader.java:2136)
	at org.hibernate.loader.Loader.list(Loader.java:2096)
	at org.hibernate.loader.hql.QueryLoader.list(QueryLoader.java:378)
	at org.hibernate.hql.ast.QueryTranslatorImpl.list(QueryTranslatorImpl.java:338)
	at org.hibernate.engine.query.HQLQueryPlan.performList(HQLQueryPlan.java:172)
	at org.hibernate.impl.SessionImpl.list(SessionImpl.java:1121)
	at org.hibernate.impl.QueryImpl.list(QueryImpl.java:79)
	at org.pentaho.platform.repository.solution.dbbased.DbBasedSolutionRepository.internalGetFileByPath(DbBasedSolutionRepository.java:1063)
	at org.pentaho.platform.repository.solution.dbbased.DbBasedSolutionRepository.internalResourceExists(DbBasedSolutionRepository.java:1097)
	at org.pentaho.platform.repository.solution.dbbased.DbBasedSolutionRepository.publish(DbBasedSolutionRepository.java:1366)
	at org.pentaho.platform.web.servlet.RepositoryFilePublisher.doPublish(RepositoryFilePublisher.java:186)
	at org.pentaho.platform.web.servlet.RepositoryFilePublisher.doGet(RepositoryFilePublisher.java:109)
	at org.pentaho.platform.web.servlet.RepositoryFilePublisher.doPost(RepositoryFilePublisher.java:78)
	at javax.servlet.http.HttpServlet.service(HttpServlet.java:637)
	at javax.servlet.http.HttpServlet.service(HttpServlet.java:717)
	at org.apache.catalina.core.ApplicationFilterChain.internalDoFilter(ApplicationFilterChain.java:290)
	at org.apache.catalina.core.ApplicationFilterChain.doFilter(ApplicationFilterChain.java:206)
	at org.pentaho.platform.web.http.filters.PentahoWebContextFilter.doFilter(PentahoWebContextFilter.java:142)
	at org.apache.catalina.core.ApplicationFilterChain.internalDoFilter(ApplicationFilterChain.java:235)
	at org.apache.catalina.core.ApplicationFilterChain.doFilter(ApplicationFilterChain.java:206)
	at org.pentaho.platform.web.http.filters.PentahoRequestContextFilter.doFilter(PentahoRequestContextFilter.java:84)
	at org.apache.catalina.core.ApplicationFilterChain.internalDoFilter(ApplicationFilterChain.java:235)
	at org.apache.catalina.core.ApplicationFilterChain.doFilter(ApplicationFilterChain.java:206)
	at org.springframework.security.util.FilterChainProxy$VirtualFilterChain.doFilter(FilterChainProxy.java:378)
	at org.springframework.security.intercept.web.FilterSecurityInterceptor.invoke(FilterSecurityInterceptor.java:109)
	at org.springframework.security.intercept.web.FilterSecurityInterceptor.doFilter(FilterSecurityInterceptor.java:83)
	at org.springframework.security.util.FilterChainProxy$VirtualFilterChain.doFilter(FilterChainProxy.java:390)
	at org.springframework.security.ui.ExceptionTranslationFilter.doFilterHttp(ExceptionTranslationFilter.java:101)
	at org.springframework.security.ui.SpringSecurityFilter.doFilter(SpringSecurityFilter.java:53)
	at org.springframework.security.util.FilterChainProxy$VirtualFilterChain.doFilter(FilterChainProxy.java:390)
	at org.pentaho.platform.web.http.security.SecurityStartupFilter.doFilter(SecurityStartupFilter.java:103)
	at org.springframework.security.util.FilterChainProxy$VirtualFilterChain.doFilter(FilterChainProxy.java:390)
	at org.springframework.security.providers.anonymous.AnonymousProcessingFilter.doFilterHttp(AnonymousProcessingFilter.java:105)
	at org.springframework.security.ui.SpringSecurityFilter.doFilter(SpringSecurityFilter.java:53)
	at org.springframework.security.util.FilterChainProxy$VirtualFilterChain.doFilter(FilterChainProxy.java:390)
	at org.pentaho.platform.web.http.security.RequestParameterAuthenticationFilter.doFilter(RequestParameterAuthenticationFilter.java:169)
	at org.springframework.security.util.FilterChainProxy$VirtualFilterChain.doFilter(FilterChainProxy.java:390)
	at org.springframework.security.ui.basicauth.BasicProcessingFilter.doFilterHttp(BasicProcessingFilter.java:174)
	at org.springframework.security.ui.SpringSecurityFilter.doFilter(SpringSecurityFilter.java:53)
	at org.springframework.security.util.FilterChainProxy$VirtualFilterChain.doFilter(FilterChainProxy.java:390)
	at org.springframework.security.ui.AbstractProcessingFilter.doFilterHttp(AbstractProcessingFilter.java:278)
	at org.springframework.security.ui.SpringSecurityFilter.doFilter(SpringSecurityFilter.java:53)
	at org.springframework.security.util.FilterChainProxy$VirtualFilterChain.doFilter(FilterChainProxy.java:390)
	at org.springframework.security.ui.logout.LogoutFilter.doFilterHttp(LogoutFilter.java:89)
	at org.springframework.security.ui.SpringSecurityFilter.doFilter(SpringSecurityFilter.java:53)
	at org.springframework.security.util.FilterChainProxy$VirtualFilterChain.doFilter(FilterChainProxy.java:390)
	at org.pentaho.platform.web.http.security.HttpSessionReuseDetectionFilter.doFilter(HttpSessionReuseDetectionFilter.java:134)
	at org.springframework.security.util.FilterChainProxy$VirtualFilterChain.doFilter(FilterChainProxy.java:390)
	at org.springframework.security.context.HttpSessionContextIntegrationFilter.doFilterHttp(HttpSessionContextIntegrationFilter.java:235)
	at org.springframework.security.ui.SpringSecurityFilter.doFilter(SpringSecurityFilter.java:53)
	at org.springframework.security.util.FilterChainProxy$VirtualFilterChain.doFilter(FilterChainProxy.java:390)
	at org.springframework.security.wrapper.SecurityContextHolderAwareRequestFilter.doFilterHttp(SecurityContextHolderAwareRequestFilter.java:91)
	at org.springframework.security.ui.SpringSecurityFilter.doFilter(SpringSecurityFilter.java:53)
	at org.springframework.security.util.FilterChainProxy$VirtualFilterChain.doFilter(FilterChainProxy.java:390)
	at org.springframework.security.util.FilterChainProxy.doFilter(FilterChainProxy.java:175)
	at org.springframework.security.util.FilterToBeanProxy.doFilter(FilterToBeanProxy.java:99)
	at org.apache.catalina.core.ApplicationFilterChain.internalDoFilter(ApplicationFilterChain.java:235)
	at org.apache.catalina.core.ApplicationFilterChain.doFilter(ApplicationFilterChain.java:206)
	at org.pentaho.platform.web.http.filters.SystemStatusFilter.doFilter(SystemStatusFilter.java:60)
	at org.apache.catalina.core.ApplicationFilterChain.internalDoFilter(ApplicationFilterChain.java:235)
	at org.apache.catalina.core.ApplicationFilterChain.doFilter(ApplicationFilterChain.java:206)
	at org.pentaho.platform.web.http.filters.SetCharacterEncodingFilter.doFilter(SetCharacterEncodingFilter.java:113)
	at org.apache.catalina.core.ApplicationFilterChain.internalDoFilter(ApplicationFilterChain.java:235)
	at org.apache.catalina.core.ApplicationFilterChain.doFilter(ApplicationFilterChain.java:206)
	at org.apache.catalina.core.StandardWrapperValve.invoke(StandardWrapperValve.java:233)
	at org.apache.catalina.core.StandardContextValve.invoke(StandardContextValve.java:191)
	at org.apache.catalina.authenticator.AuthenticatorBase.invoke(AuthenticatorBase.java:470)
	at org.apache.catalina.core.StandardHostValve.invoke(StandardHostValve.java:127)
	at org.apache.catalina.valves.ErrorReportValve.invoke(ErrorReportValve.java:102)
	at org.apache.catalina.core.StandardEngineValve.invoke(StandardEngineValve.java:109)
	at org.apache.catalina.connector.CoyoteAdapter.service(CoyoteAdapter.java:298)
	at org.apache.coyote.http11.Http11Processor.process(Http11Processor.java:857)
	at org.apache.coyote.http11.Http11Protocol$Http11ConnectionHandler.process(Http11Protocol.java:588)
	at org.apache.tomcat.util.net.JIoEndpoint$Worker.run(JIoEndpoint.java:489)
	at java.lang.Thread.run(Thread.java:745)
Caused by: java.sql.SQLException: Illegal mix of collations (latin1_swedish_ci,IMPLICIT) and (utf8mb4_general_ci,COERCIBLE) for operation '='
	at com.mysql.jdbc.SQLError.createSQLException(SQLError.java:1073)
	at com.mysql.jdbc.MysqlIO.checkErrorPacket(MysqlIO.java:3597)
	at com.mysql.jdbc.MysqlIO.checkErrorPacket(MysqlIO.java:3529)
	at com.mysql.jdbc.MysqlIO.sendCommand(MysqlIO.java:1990)
	at com.mysql.jdbc.MysqlIO.sqlQueryDirect(MysqlIO.java:2151)
	at com.mysql.jdbc.ConnectionImpl.execSQL(ConnectionImpl.java:2625)
	at com.mysql.jdbc.PreparedStatement.executeInternal(PreparedStatement.java:2119)
	at com.mysql.jdbc.PreparedStatement.executeQuery(PreparedStatement.java:2281)
	at org.hibernate.jdbc.AbstractBatcher.getResultSet(AbstractBatcher.java:186)
	at org.hibernate.loader.Loader.getResultSet(Loader.java:1787)
	at org.hibernate.loader.Loader.doQuery(Loader.java:674)
	at org.hibernate.loader.Loader.doQueryAndInitializeNonLazyCollections(Loader.java:236)
	at org.hibernate.loader.Loader.doList(Loader.java:2213)
	... 75 more

五月 31, 2017 11:37:05 下午 org.apache.catalina.core.StandardWrapperValve invoke
严重: Servlet.service() for servlet RepositoryFilePublisher threw exception
org.hibernate.exception.GenericJDBCException: could not execute query
	at org.hibernate.exception.SQLStateConverter.handledNonSpecificException(SQLStateConverter.java:103)
	at org.hibernate.exception.SQLStateConverter.convert(SQLStateConverter.java:91)
	at org.hibernate.exception.JDBCExceptionHelper.convert(JDBCExceptionHelper.java:43)
	at org.hibernate.loader.Loader.doList(Loader.java:2216)
	at org.hibernate.loader.Loader.listUsingQueryCache(Loader.java:2136)
	at org.hibernate.loader.Loader.list(Loader.java:2096)
	at org.hibernate.loader.hql.QueryLoader.list(QueryLoader.java:378)
	at org.hibernate.hql.ast.QueryTranslatorImpl.list(QueryTranslatorImpl.java:338)
	at org.hibernate.engine.query.HQLQueryPlan.performList(HQLQueryPlan.java:172)
	at org.hibernate.impl.SessionImpl.list(SessionImpl.java:1121)
	at org.hibernate.impl.QueryImpl.list(QueryImpl.java:79)
	at org.pentaho.platform.repository.solution.dbbased.DbBasedSolutionRepository.internalGetFileByPath(DbBasedSolutionRepository.java:1063)
	at org.pentaho.platform.repository.solution.dbbased.DbBasedSolutionRepository.internalResourceExists(DbBasedSolutionRepository.java:1097)
	at org.pentaho.platform.repository.solution.dbbased.DbBasedSolutionRepository.publish(DbBasedSolutionRepository.java:1366)
	at org.pentaho.platform.web.servlet.RepositoryFilePublisher.doPublish(RepositoryFilePublisher.java:186)
	at org.pentaho.platform.web.servlet.RepositoryFilePublisher.doGet(RepositoryFilePublisher.java:109)
	at org.pentaho.platform.web.servlet.RepositoryFilePublisher.doPost(RepositoryFilePublisher.java:78)
	at javax.servlet.http.HttpServlet.service(HttpServlet.java:637)
	at javax.servlet.http.HttpServlet.service(HttpServlet.java:717)
	at org.apache.catalina.core.ApplicationFilterChain.internalDoFilter(ApplicationFilterChain.java:290)
	at org.apache.catalina.core.ApplicationFilterChain.doFilter(ApplicationFilterChain.java:206)
	at org.pentaho.platform.web.http.filters.PentahoWebContextFilter.doFilter(PentahoWebContextFilter.java:142)
	at org.apache.catalina.core.ApplicationFilterChain.internalDoFilter(ApplicationFilterChain.java:235)
	at org.apache.catalina.core.ApplicationFilterChain.doFilter(ApplicationFilterChain.java:206)
	at org.pentaho.platform.web.http.filters.PentahoRequestContextFilter.doFilter(PentahoRequestContextFilter.java:84)
	at org.apache.catalina.core.ApplicationFilterChain.internalDoFilter(ApplicationFilterChain.java:235)
	at org.apache.catalina.core.ApplicationFilterChain.doFilter(ApplicationFilterChain.java:206)
	at org.springframework.security.util.FilterChainProxy$VirtualFilterChain.doFilter(FilterChainProxy.java:378)
	at org.springframework.security.intercept.web.FilterSecurityInterceptor.invoke(FilterSecurityInterceptor.java:109)
	at org.springframework.security.intercept.web.FilterSecurityInterceptor.doFilter(FilterSecurityInterceptor.java:83)
	at org.springframework.security.util.FilterChainProxy$VirtualFilterChain.doFilter(FilterChainProxy.java:390)
	at org.springframework.security.ui.ExceptionTranslationFilter.doFilterHttp(ExceptionTranslationFilter.java:101)
	at org.springframework.security.ui.SpringSecurityFilter.doFilter(SpringSecurityFilter.java:53)
	at org.springframework.security.util.FilterChainProxy$VirtualFilterChain.doFilter(FilterChainProxy.java:390)
	at org.pentaho.platform.web.http.security.SecurityStartupFilter.doFilter(SecurityStartupFilter.java:103)
	at org.springframework.security.util.FilterChainProxy$VirtualFilterChain.doFilter(FilterChainProxy.java:390)
	at org.springframework.security.providers.anonymous.AnonymousProcessingFilter.doFilterHttp(AnonymousProcessingFilter.java:105)
	at org.springframework.security.ui.SpringSecurityFilter.doFilter(SpringSecurityFilter.java:53)
	at org.springframework.security.util.FilterChainProxy$VirtualFilterChain.doFilter(FilterChainProxy.java:390)
	at org.pentaho.platform.web.http.security.RequestParameterAuthenticationFilter.doFilter(RequestParameterAuthenticationFilter.java:169)
	at org.springframework.security.util.FilterChainProxy$VirtualFilterChain.doFilter(FilterChainProxy.java:390)
	at org.springframework.security.ui.basicauth.BasicProcessingFilter.doFilterHttp(BasicProcessingFilter.java:174)
	at org.springframework.security.ui.SpringSecurityFilter.doFilter(SpringSecurityFilter.java:53)
	at org.springframework.security.util.FilterChainProxy$VirtualFilterChain.doFilter(FilterChainProxy.java:390)
	at org.springframework.security.ui.AbstractProcessingFilter.doFilterHttp(AbstractProcessingFilter.java:278)
	at org.springframework.security.ui.SpringSecurityFilter.doFilter(SpringSecurityFilter.java:53)
	at org.springframework.security.util.FilterChainProxy$VirtualFilterChain.doFilter(FilterChainProxy.java:390)
	at org.springframework.security.ui.logout.LogoutFilter.doFilterHttp(LogoutFilter.java:89)
	at org.springframework.security.ui.SpringSecurityFilter.doFilter(SpringSecurityFilter.java:53)
	at org.springframework.security.util.FilterChainProxy$VirtualFilterChain.doFilter(FilterChainProxy.java:390)
	at org.pentaho.platform.web.http.security.HttpSessionReuseDetectionFilter.doFilter(HttpSessionReuseDetectionFilter.java:134)
	at org.springframework.security.util.FilterChainProxy$VirtualFilterChain.doFilter(FilterChainProxy.java:390)
	at org.springframework.security.context.HttpSessionContextIntegrationFilter.doFilterHttp(HttpSessionContextIntegrationFilter.java:235)
	at org.springframework.security.ui.SpringSecurityFilter.doFilter(SpringSecurityFilter.java:53)
	at org.springframework.security.util.FilterChainProxy$VirtualFilterChain.doFilter(FilterChainProxy.java:390)
	at org.springframework.security.wrapper.SecurityContextHolderAwareRequestFilter.doFilterHttp(SecurityContextHolderAwareRequestFilter.java:91)
	at org.springframework.security.ui.SpringSecurityFilter.doFilter(SpringSecurityFilter.java:53)
	at org.springframework.security.util.FilterChainProxy$VirtualFilterChain.doFilter(FilterChainProxy.java:390)
	at org.springframework.security.util.FilterChainProxy.doFilter(FilterChainProxy.java:175)
	at org.springframework.security.util.FilterToBeanProxy.doFilter(FilterToBeanProxy.java:99)
	at org.apache.catalina.core.ApplicationFilterChain.internalDoFilter(ApplicationFilterChain.java:235)
	at org.apache.catalina.core.ApplicationFilterChain.doFilter(ApplicationFilterChain.java:206)
	at org.pentaho.platform.web.http.filters.SystemStatusFilter.doFilter(SystemStatusFilter.java:60)
	at org.apache.catalina.core.ApplicationFilterChain.internalDoFilter(ApplicationFilterChain.java:235)
	at org.apache.catalina.core.ApplicationFilterChain.doFilter(ApplicationFilterChain.java:206)
	at org.pentaho.platform.web.http.filters.SetCharacterEncodingFilter.doFilter(SetCharacterEncodingFilter.java:113)
	at org.apache.catalina.core.ApplicationFilterChain.internalDoFilter(ApplicationFilterChain.java:235)
	at org.apache.catalina.core.ApplicationFilterChain.doFilter(ApplicationFilterChain.java:206)
	at org.apache.catalina.core.StandardWrapperValve.invoke(StandardWrapperValve.java:233)
	at org.apache.catalina.core.StandardContextValve.invoke(StandardContextValve.java:191)
	at org.apache.catalina.authenticator.AuthenticatorBase.invoke(AuthenticatorBase.java:470)
	at org.apache.catalina.core.StandardHostValve.invoke(StandardHostValve.java:127)
	at org.apache.catalina.valves.ErrorReportValve.invoke(ErrorReportValve.java:102)
	at org.apache.catalina.core.StandardEngineValve.invoke(StandardEngineValve.java:109)
	at org.apache.catalina.connector.CoyoteAdapter.service(CoyoteAdapter.java:298)
	at org.apache.coyote.http11.Http11Processor.process(Http11Processor.java:857)
	at org.apache.coyote.http11.Http11Protocol$Http11ConnectionHandler.process(Http11Protocol.java:588)
	at org.apache.tomcat.util.net.JIoEndpoint$Worker.run(JIoEndpoint.java:489)
	at java.lang.Thread.run(Thread.java:745)
Caused by: java.sql.SQLException: Illegal mix of collations (latin1_swedish_ci,IMPLICIT) and (utf8mb4_general_ci,COERCIBLE) for operation '='
	at com.mysql.jdbc.SQLError.createSQLException(SQLError.java:1073)
	at com.mysql.jdbc.MysqlIO.checkErrorPacket(MysqlIO.java:3597)
	at com.mysql.jdbc.MysqlIO.checkErrorPacket(MysqlIO.java:3529)
	at com.mysql.jdbc.MysqlIO.sendCommand(MysqlIO.java:1990)
	at com.mysql.jdbc.MysqlIO.sqlQueryDirect(MysqlIO.java:2151)
	at com.mysql.jdbc.ConnectionImpl.execSQL(ConnectionImpl.java:2625)
	at com.mysql.jdbc.PreparedStatement.executeInternal(PreparedStatement.java:2119)
	at com.mysql.jdbc.PreparedStatement.executeQuery(PreparedStatement.java:2281)
	at org.hibernate.jdbc.AbstractBatcher.getResultSet(AbstractBatcher.java:186)
	at org.hibernate.loader.Loader.getResultSet(Loader.java:1787)
	at org.hibernate.loader.Loader.doQuery(Loader.java:674)
	at org.hibernate.loader.Loader.doQueryAndInitializeNonLazyCollections(Loader.java:236)
	at org.hibernate.loader.Loader.doList(Loader.java:2213)
	... 75 more

