七月 12, 2017 10:06:09 上午 org.apache.catalina.core.ApplicationContext log
信息: Closing Spring root WebApplicationContext
七月 12, 2017 10:06:18 上午 org.apache.catalina.core.ApplicationContext log
信息: Initializing Spring root WebApplicationContext
七月 12, 2017 10:53:31 上午 org.apache.catalina.core.ApplicationContext log
信息: Initializing Spring root WebApplicationContext
七月 12, 2017 2:56:57 下午 org.apache.catalina.core.ApplicationContext log
信息: Closing Spring root WebApplicationContext
七月 12, 2017 2:57:03 下午 org.apache.catalina.core.ApplicationContext log
信息: Initializing Spring root WebApplicationContext
七月 12, 2017 3:00:17 下午 org.apache.catalina.core.ApplicationContext log
信息: Closing Spring root WebApplicationContext
七月 12, 2017 3:00:26 下午 org.apache.catalina.core.ApplicationContext log
信息: Initializing Spring root WebApplicationContext
七月 12, 2017 3:03:24 下午 org.apache.catalina.core.ApplicationContext log
信息: Closing Spring root WebApplicationContext
七月 12, 2017 3:03:31 下午 org.apache.catalina.core.ApplicationContext log
信息: Initializing Spring root WebApplicationContext
七月 12, 2017 3:13:28 下午 org.apache.catalina.core.ApplicationContext log
信息: Closing Spring root WebApplicationContext
七月 12, 2017 3:13:36 下午 org.apache.catalina.core.ApplicationContext log
信息: Initializing Spring root WebApplicationContext
七月 12, 2017 3:13:56 下午 org.apache.catalina.core.StandardWrapperValve invoke
严重: Servlet.service() for servlet Login threw exception
org.apache.jasper.JasperException: Unable to compile class for JSP: 

An error occurred at line: 314 in the jsp file: /jsp/PUCLogin.jsp
北京林业大学 cannot be resolved
311:       </div></td>
312:   </tr>
313:   <tr height="100%">
314:     <td bgcolor="#FFFFFF" valign="top"><div id="container_footer" style="padding: 4px 20px 0 80px; height:200px;"><%=Messages.getString(浜涓澶у, String.valueOf(year))%></div></td>
315:   </tr>
316: </table>
317: 


Stacktrace:
	at org.apache.jasper.compiler.DefaultErrorHandler.javacError(DefaultErrorHandler.java:92)
	at org.apache.jasper.compiler.ErrorDispatcher.javacError(ErrorDispatcher.java:330)
	at org.apache.jasper.compiler.JDTCompiler.generateClass(JDTCompiler.java:439)
	at org.apache.jasper.compiler.Compiler.compile(Compiler.java:349)
	at org.apache.jasper.compiler.Compiler.compile(Compiler.java:327)
	at org.apache.jasper.compiler.Compiler.compile(Compiler.java:314)
	at org.apache.jasper.JspCompilationContext.compile(JspCompilationContext.java:592)
	at org.apache.jasper.servlet.JspServletWrapper.service(JspServletWrapper.java:317)
	at org.apache.jasper.servlet.JspServlet.serviceJspFile(JspServlet.java:313)
	at org.apache.jasper.servlet.JspServlet.service(JspServlet.java:260)
	at javax.servlet.http.HttpServlet.service(HttpServlet.java:717)
	at org.apache.catalina.core.ApplicationFilterChain.internalDoFilter(ApplicationFilterChain.java:290)
	at org.apache.catalina.core.ApplicationFilterChain.doFilter(ApplicationFilterChain.java:206)
	at org.pentaho.platform.web.http.filters.PentahoWebContextFilter.doFilter(PentahoWebContextFilter.java:142)
	at org.apache.catalina.core.ApplicationFilterChain.internalDoFilter(ApplicationFilterChain.java:235)
	at org.apache.catalina.core.ApplicationFilterChain.doFilter(ApplicationFilterChain.java:206)
	at org.pentaho.platform.web.http.filters.PentahoRequestContextFilter.doFilter(PentahoRequestContextFilter.java:84)
	at org.apache.catalina.core.ApplicationFilterChain.internalDoFilter(ApplicationFilterChain.java:235)
	at org.apache.catalina.core.ApplicationFilterChain.doFilter(ApplicationFilterChain.java:206)
	at org.springframework.security.util.FilterChainProxy$VirtualFilterChain.doFilter(FilterChainProxy.java:378)
	at org.springframework.security.intercept.web.FilterSecurityInterceptor.invoke(FilterSecurityInterceptor.java:109)
	at org.springframework.security.intercept.web.FilterSecurityInterceptor.doFilter(FilterSecurityInterceptor.java:83)
	at org.springframework.security.util.FilterChainProxy$VirtualFilterChain.doFilter(FilterChainProxy.java:390)
	at org.springframework.security.ui.ExceptionTranslationFilter.doFilterHttp(ExceptionTranslationFilter.java:101)
	at org.springframework.security.ui.SpringSecurityFilter.doFilter(SpringSecurityFilter.java:53)
	at org.springframework.security.util.FilterChainProxy$VirtualFilterChain.doFilter(FilterChainProxy.java:390)
	at org.pentaho.platform.web.http.security.SecurityStartupFilter.doFilter(SecurityStartupFilter.java:108)
	at org.springframework.security.util.FilterChainProxy$VirtualFilterChain.doFilter(FilterChainProxy.java:390)
	at org.springframework.security.providers.anonymous.AnonymousProcessingFilter.doFilterHttp(AnonymousProcessingFilter.java:105)
	at org.springframework.security.ui.SpringSecurityFilter.doFilter(SpringSecurityFilter.java:53)
	at org.springframework.security.util.FilterChainProxy$VirtualFilterChain.doFilter(FilterChainProxy.java:390)
	at org.pentaho.platform.web.http.security.RequestParameterAuthenticationFilter.doFilter(RequestParameterAuthenticationFilter.java:169)
	at org.springframework.security.util.FilterChainProxy$VirtualFilterChain.doFilter(FilterChainProxy.java:390)
	at org.springframework.security.ui.basicauth.BasicProcessingFilter.doFilterHttp(BasicProcessingFilter.java:174)
	at org.springframework.security.ui.SpringSecurityFilter.doFilter(SpringSecurityFilter.java:53)
	at org.springframework.security.util.FilterChainProxy$VirtualFilterChain.doFilter(FilterChainProxy.java:390)
	at org.springframework.security.ui.AbstractProcessingFilter.doFilterHttp(AbstractProcessingFilter.java:278)
	at org.springframework.security.ui.SpringSecurityFilter.doFilter(SpringSecurityFilter.java:53)
	at org.springframework.security.util.FilterChainProxy$VirtualFilterChain.doFilter(FilterChainProxy.java:390)
	at org.springframework.security.ui.logout.LogoutFilter.doFilterHttp(LogoutFilter.java:89)
	at org.springframework.security.ui.SpringSecurityFilter.doFilter(SpringSecurityFilter.java:53)
	at org.springframework.security.util.FilterChainProxy$VirtualFilterChain.doFilter(FilterChainProxy.java:390)
	at org.pentaho.platform.web.http.security.HttpSessionReuseDetectionFilter.doFilter(HttpSessionReuseDetectionFilter.java:134)
	at org.springframework.security.util.FilterChainProxy$VirtualFilterChain.doFilter(FilterChainProxy.java:390)
	at org.springframework.security.context.HttpSessionContextIntegrationFilter.doFilterHttp(HttpSessionContextIntegrationFilter.java:235)
	at org.springframework.security.ui.SpringSecurityFilter.doFilter(SpringSecurityFilter.java:53)
	at org.springframework.security.util.FilterChainProxy$VirtualFilterChain.doFilter(FilterChainProxy.java:390)
	at org.springframework.security.wrapper.SecurityContextHolderAwareRequestFilter.doFilterHttp(SecurityContextHolderAwareRequestFilter.java:91)
	at org.springframework.security.ui.SpringSecurityFilter.doFilter(SpringSecurityFilter.java:53)
	at org.springframework.security.util.FilterChainProxy$VirtualFilterChain.doFilter(FilterChainProxy.java:390)
	at org.springframework.security.util.FilterChainProxy.doFilter(FilterChainProxy.java:175)
	at org.springframework.security.util.FilterToBeanProxy.doFilter(FilterToBeanProxy.java:99)
	at org.apache.catalina.core.ApplicationFilterChain.internalDoFilter(ApplicationFilterChain.java:235)
	at org.apache.catalina.core.ApplicationFilterChain.doFilter(ApplicationFilterChain.java:206)
	at org.pentaho.platform.web.http.filters.SystemStatusFilter.doFilter(SystemStatusFilter.java:60)
	at org.apache.catalina.core.ApplicationFilterChain.internalDoFilter(ApplicationFilterChain.java:235)
	at org.apache.catalina.core.ApplicationFilterChain.doFilter(ApplicationFilterChain.java:206)
	at org.pentaho.platform.web.http.filters.SetCharacterEncodingFilter.doFilter(SetCharacterEncodingFilter.java:113)
	at org.apache.catalina.core.ApplicationFilterChain.internalDoFilter(ApplicationFilterChain.java:235)
	at org.apache.catalina.core.ApplicationFilterChain.doFilter(ApplicationFilterChain.java:206)
	at org.apache.catalina.core.StandardWrapperValve.invoke(StandardWrapperValve.java:233)
	at org.apache.catalina.core.StandardContextValve.invoke(StandardContextValve.java:191)
	at org.apache.catalina.authenticator.AuthenticatorBase.invoke(AuthenticatorBase.java:470)
	at org.apache.catalina.core.StandardHostValve.invoke(StandardHostValve.java:127)
	at org.apache.catalina.valves.ErrorReportValve.invoke(ErrorReportValve.java:102)
	at org.apache.catalina.core.StandardEngineValve.invoke(StandardEngineValve.java:109)
	at org.apache.catalina.connector.CoyoteAdapter.service(CoyoteAdapter.java:298)
	at org.apache.coyote.http11.Http11Processor.process(Http11Processor.java:857)
	at org.apache.coyote.http11.Http11Protocol$Http11ConnectionHandler.process(Http11Protocol.java:588)
	at org.apache.tomcat.util.net.JIoEndpoint$Worker.run(JIoEndpoint.java:489)
	at java.lang.Thread.run(Thread.java:745)

七月 12, 2017 3:14:40 下午 org.apache.catalina.core.ApplicationContext log
信息: Closing Spring root WebApplicationContext
七月 12, 2017 3:14:49 下午 org.apache.catalina.core.ApplicationContext log
信息: Initializing Spring root WebApplicationContext
七月 12, 2017 3:31:30 下午 org.apache.catalina.core.ApplicationContext log
信息: Closing Spring root WebApplicationContext
七月 12, 2017 3:31:37 下午 org.apache.catalina.core.ApplicationContext log
信息: Initializing Spring root WebApplicationContext
七月 12, 2017 3:39:26 下午 org.apache.catalina.core.ApplicationContext log
信息: Closing Spring root WebApplicationContext
七月 12, 2017 3:39:32 下午 org.apache.catalina.core.ApplicationContext log
信息: Initializing Spring root WebApplicationContext
七月 12, 2017 3:42:47 下午 org.apache.catalina.core.ApplicationContext log
信息: Closing Spring root WebApplicationContext
七月 12, 2017 3:43:13 下午 org.apache.catalina.core.ApplicationContext log
信息: Initializing Spring root WebApplicationContext
七月 12, 2017 3:50:11 下午 org.apache.catalina.core.ApplicationContext log
信息: Closing Spring root WebApplicationContext
七月 12, 2017 3:50:18 下午 org.apache.catalina.core.ApplicationContext log
信息: Initializing Spring root WebApplicationContext
七月 12, 2017 3:53:03 下午 org.apache.catalina.core.ApplicationContext log
信息: Closing Spring root WebApplicationContext
七月 12, 2017 3:53:11 下午 org.apache.catalina.core.ApplicationContext log
信息: Initializing Spring root WebApplicationContext
七月 12, 2017 3:56:20 下午 org.apache.catalina.core.ApplicationContext log
信息: Closing Spring root WebApplicationContext
七月 12, 2017 3:56:27 下午 org.apache.catalina.core.ApplicationContext log
信息: Initializing Spring root WebApplicationContext
